ARM GAS  /tmp/cclqELKO.s 			page 1


   1              		.syntax unified
   2              		.cpu cortex-m4
   3              		.fpu softvfp
   4              		.eabi_attribute 20, 1
   5              		.eabi_attribute 21, 1
   6              		.eabi_attribute 23, 3
   7              		.eabi_attribute 24, 1
   8              		.eabi_attribute 25, 1
   9              		.eabi_attribute 26, 1
  10              		.eabi_attribute 30, 2
  11              		.eabi_attribute 34, 1
  12              		.eabi_attribute 18, 4
  13              		.thumb
  14              		.file	"chcore.c"
  15              		.text
  16              	.Ltext0:
  17              		.cfi_sections	.debug_frame
  18              		.section	.text.port_halt,"ax",%progbits
  19              		.align	2
  20              		.p2align 4,,15
  21              		.weak	port_halt
  22              		.thumb
  23              		.thumb_func
  24              		.type	port_halt, %function
  25              	port_halt:
  26              	.LFB7:
  27              		.file 1 "../../os/ports/GCC/ARMCMx/chcore.c"
  28              		.loc 1 46 0
  29              		.cfi_startproc
  30              		@ args = 0, pretend = 0, frame = 0
  31              		@ frame_needed = 0, uses_anonymous_args = 0
  32              		@ link register save eliminated.
  33              		.loc 1 48 0
  34              	@ 48 "../../os/ports/GCC/ARMCMx/chcore.c" 1
  35 0000 72B6     		cpsid   i
  36              	@ 0 "" 2
  37              		.thumb
  38              	.L2:
  39              		.loc 1 50 0 discriminator 1
  40 0002 FEE7     		b	.L2
  41              		.cfi_endproc
  42              	.LFE7:
  43              		.size	port_halt, .-port_halt
  44 0004 AFF30080 		.text
  44      AFF30080 
  44      AFF30080 
  45              	.Letext0:
  46              		.section	.debug_info,"",%progbits
  47              	.Ldebug_info0:
  48 0000 8E000000 		.4byte	0x8e
  49 0004 0400     		.2byte	0x4
  50 0006 00000000 		.4byte	.Ldebug_abbrev0
  51 000a 04       		.byte	0x4
  52 000b 01       		.uleb128 0x1
  53 000c 67000000 		.4byte	.LASF12
  54 0010 01       		.byte	0x1
  55 0011 1B000000 		.4byte	.LASF13
ARM GAS  /tmp/cclqELKO.s 			page 2


  56 0015 41010000 		.4byte	.LASF14
  57 0019 00000000 		.4byte	.Ldebug_ranges0+0
  58 001d 00000000 		.4byte	0
  59 0021 00000000 		.4byte	.Ldebug_line0
  60 0025 02       		.uleb128 0x2
  61 0026 04       		.byte	0x4
  62 0027 05       		.byte	0x5
  63 0028 696E7400 		.ascii	"int\000"
  64 002c 03       		.uleb128 0x3
  65 002d 04       		.byte	0x4
  66 002e 07       		.byte	0x7
  67 002f 0E000000 		.4byte	.LASF0
  68 0033 03       		.uleb128 0x3
  69 0034 01       		.byte	0x1
  70 0035 06       		.byte	0x6
  71 0036 CE010000 		.4byte	.LASF1
  72 003a 03       		.uleb128 0x3
  73 003b 01       		.byte	0x1
  74 003c 08       		.byte	0x8
  75 003d 99010000 		.4byte	.LASF2
  76 0041 03       		.uleb128 0x3
  77 0042 02       		.byte	0x2
  78 0043 05       		.byte	0x5
  79 0044 E4010000 		.4byte	.LASF3
  80 0048 03       		.uleb128 0x3
  81 0049 02       		.byte	0x2
  82 004a 07       		.byte	0x7
  83 004b BB010000 		.4byte	.LASF4
  84 004f 03       		.uleb128 0x3
  85 0050 04       		.byte	0x4
  86 0051 05       		.byte	0x5
  87 0052 AC010000 		.4byte	.LASF5
  88 0056 03       		.uleb128 0x3
  89 0057 04       		.byte	0x4
  90 0058 07       		.byte	0x7
  91 0059 3E000000 		.4byte	.LASF6
  92 005d 03       		.uleb128 0x3
  93 005e 08       		.byte	0x8
  94 005f 05       		.byte	0x5
  95 0060 00000000 		.4byte	.LASF7
  96 0064 03       		.uleb128 0x3
  97 0065 08       		.byte	0x8
  98 0066 07       		.byte	0x7
  99 0067 50000000 		.4byte	.LASF8
 100 006b 03       		.uleb128 0x3
 101 006c 01       		.byte	0x1
 102 006d 02       		.byte	0x2
 103 006e B5010000 		.4byte	.LASF9
 104 0072 03       		.uleb128 0x3
 105 0073 04       		.byte	0x4
 106 0074 07       		.byte	0x7
 107 0075 EE010000 		.4byte	.LASF10
 108 0079 03       		.uleb128 0x3
 109 007a 01       		.byte	0x1
 110 007b 08       		.byte	0x8
 111 007c A7010000 		.4byte	.LASF11
 112 0080 04       		.uleb128 0x4
ARM GAS  /tmp/cclqELKO.s 			page 3


 113 0081 DA010000 		.4byte	.LASF15
 114 0085 01       		.byte	0x1
 115 0086 2E       		.byte	0x2e
 116 0087 00000000 		.4byte	.LFB7
 117 008b 04000000 		.4byte	.LFE7-.LFB7
 118 008f 01       		.uleb128 0x1
 119 0090 9C       		.byte	0x9c
 120 0091 00       		.byte	0
 121              		.section	.debug_abbrev,"",%progbits
 122              	.Ldebug_abbrev0:
 123 0000 01       		.uleb128 0x1
 124 0001 11       		.uleb128 0x11
 125 0002 01       		.byte	0x1
 126 0003 25       		.uleb128 0x25
 127 0004 0E       		.uleb128 0xe
 128 0005 13       		.uleb128 0x13
 129 0006 0B       		.uleb128 0xb
 130 0007 03       		.uleb128 0x3
 131 0008 0E       		.uleb128 0xe
 132 0009 1B       		.uleb128 0x1b
 133 000a 0E       		.uleb128 0xe
 134 000b 55       		.uleb128 0x55
 135 000c 17       		.uleb128 0x17
 136 000d 11       		.uleb128 0x11
 137 000e 01       		.uleb128 0x1
 138 000f 10       		.uleb128 0x10
 139 0010 17       		.uleb128 0x17
 140 0011 00       		.byte	0
 141 0012 00       		.byte	0
 142 0013 02       		.uleb128 0x2
 143 0014 24       		.uleb128 0x24
 144 0015 00       		.byte	0
 145 0016 0B       		.uleb128 0xb
 146 0017 0B       		.uleb128 0xb
 147 0018 3E       		.uleb128 0x3e
 148 0019 0B       		.uleb128 0xb
 149 001a 03       		.uleb128 0x3
 150 001b 08       		.uleb128 0x8
 151 001c 00       		.byte	0
 152 001d 00       		.byte	0
 153 001e 03       		.uleb128 0x3
 154 001f 24       		.uleb128 0x24
 155 0020 00       		.byte	0
 156 0021 0B       		.uleb128 0xb
 157 0022 0B       		.uleb128 0xb
 158 0023 3E       		.uleb128 0x3e
 159 0024 0B       		.uleb128 0xb
 160 0025 03       		.uleb128 0x3
 161 0026 0E       		.uleb128 0xe
 162 0027 00       		.byte	0
 163 0028 00       		.byte	0
 164 0029 04       		.uleb128 0x4
 165 002a 2E       		.uleb128 0x2e
 166 002b 00       		.byte	0
 167 002c 3F       		.uleb128 0x3f
 168 002d 19       		.uleb128 0x19
 169 002e 03       		.uleb128 0x3
ARM GAS  /tmp/cclqELKO.s 			page 4


 170 002f 0E       		.uleb128 0xe
 171 0030 3A       		.uleb128 0x3a
 172 0031 0B       		.uleb128 0xb
 173 0032 3B       		.uleb128 0x3b
 174 0033 0B       		.uleb128 0xb
 175 0034 27       		.uleb128 0x27
 176 0035 19       		.uleb128 0x19
 177 0036 11       		.uleb128 0x11
 178 0037 01       		.uleb128 0x1
 179 0038 12       		.uleb128 0x12
 180 0039 06       		.uleb128 0x6
 181 003a 40       		.uleb128 0x40
 182 003b 18       		.uleb128 0x18
 183 003c 9742     		.uleb128 0x2117
 184 003e 19       		.uleb128 0x19
 185 003f 00       		.byte	0
 186 0040 00       		.byte	0
 187 0041 00       		.byte	0
 188              		.section	.debug_aranges,"",%progbits
 189 0000 1C000000 		.4byte	0x1c
 190 0004 0200     		.2byte	0x2
 191 0006 00000000 		.4byte	.Ldebug_info0
 192 000a 04       		.byte	0x4
 193 000b 00       		.byte	0
 194 000c 0000     		.2byte	0
 195 000e 0000     		.2byte	0
 196 0010 00000000 		.4byte	.LFB7
 197 0014 04000000 		.4byte	.LFE7-.LFB7
 198 0018 00000000 		.4byte	0
 199 001c 00000000 		.4byte	0
 200              		.section	.debug_ranges,"",%progbits
 201              	.Ldebug_ranges0:
 202 0000 00000000 		.4byte	.LFB7
 203 0004 04000000 		.4byte	.LFE7
 204 0008 00000000 		.4byte	0
 205 000c 00000000 		.4byte	0
 206              		.section	.debug_line,"",%progbits
 207              	.Ldebug_line0:
 208 0000 54000000 		.section	.debug_str,"MS",%progbits,1
 208      02003900 
 208      00000201 
 208      FB0E0D00 
 208      01010101 
 209              	.LASF7:
 210 0000 6C6F6E67 		.ascii	"long long int\000"
 210      206C6F6E 
 210      6720696E 
 210      7400
 211              	.LASF0:
 212 000e 756E7369 		.ascii	"unsigned int\000"
 212      676E6564 
 212      20696E74 
 212      00
 213              	.LASF13:
 214 001b 2E2E2F2E 		.ascii	"../../os/ports/GCC/ARMCMx/chcore.c\000"
 214      2E2F6F73 
 214      2F706F72 
ARM GAS  /tmp/cclqELKO.s 			page 5


 214      74732F47 
 214      43432F41 
 215              	.LASF6:
 216 003e 6C6F6E67 		.ascii	"long unsigned int\000"
 216      20756E73 
 216      69676E65 
 216      6420696E 
 216      7400
 217              	.LASF8:
 218 0050 6C6F6E67 		.ascii	"long long unsigned int\000"
 218      206C6F6E 
 218      6720756E 
 218      7369676E 
 218      65642069 
 219              	.LASF12:
 220 0067 474E5520 		.ascii	"GNU C 4.9.3 20141119 (release) [ARM/embedded-4_9-br"
 220      4320342E 
 220      392E3320 
 220      32303134 
 220      31313139 
 221 009a 616E6368 		.ascii	"anch revision 218278] -mcpu=cortex-m4 -mno-thumb-in"
 221      20726576 
 221      6973696F 
 221      6E203231 
 221      38323738 
 222 00cd 74657277 		.ascii	"terwork -mthumb -ggdb -O2 -fomit-frame-pointer -fal"
 222      6F726B20 
 222      2D6D7468 
 222      756D6220 
 222      2D676764 
 223 0100 69676E2D 		.ascii	"ign-functions=16 -ffunction-sections -fdata-section"
 223      66756E63 
 223      74696F6E 
 223      733D3136 
 223      202D6666 
 224 0133 73202D66 		.ascii	"s -fno-common\000"
 224      6E6F2D63 
 224      6F6D6D6F 
 224      6E00
 225              	.LASF14:
 226 0141 2F686F6D 		.ascii	"/home/austin/git/personal/school/motor_control/chib"
 226      652F6175 
 226      7374696E 
 226      2F676974 
 226      2F706572 
 227 0174 696F732F 		.ascii	"ios/demos/ARMCM4-STM32F303-DISCOVERY\000"
 227      64656D6F 
 227      732F4152 
 227      4D434D34 
 227      2D53544D 
 228              	.LASF2:
 229 0199 756E7369 		.ascii	"unsigned char\000"
 229      676E6564 
 229      20636861 
 229      7200
 230              	.LASF11:
 231 01a7 63686172 		.ascii	"char\000"
ARM GAS  /tmp/cclqELKO.s 			page 6


 231      00
 232              	.LASF5:
 233 01ac 6C6F6E67 		.ascii	"long int\000"
 233      20696E74 
 233      00
 234              	.LASF9:
 235 01b5 5F426F6F 		.ascii	"_Bool\000"
 235      6C00
 236              	.LASF4:
 237 01bb 73686F72 		.ascii	"short unsigned int\000"
 237      7420756E 
 237      7369676E 
 237      65642069 
 237      6E7400
 238              	.LASF1:
 239 01ce 7369676E 		.ascii	"signed char\000"
 239      65642063 
 239      68617200 
 240              	.LASF15:
 241 01da 706F7274 		.ascii	"port_halt\000"
 241      5F68616C 
 241      7400
 242              	.LASF3:
 243 01e4 73686F72 		.ascii	"short int\000"
 243      7420696E 
 243      7400
 244              	.LASF10:
 245 01ee 73697A65 		.ascii	"sizetype\000"
 245      74797065 
 245      00
 246              		.ident	"GCC: (GNU Tools for ARM Embedded Processors) 4.9.3 20141119 (release) [ARM/embedded-4_9-br
ARM GAS  /tmp/cclqELKO.s 			page 7


DEFINED SYMBOLS
                            *ABS*:0000000000000000 chcore.c
     /tmp/cclqELKO.s:19     .text.port_halt:0000000000000000 $t
     /tmp/cclqELKO.s:25     .text.port_halt:0000000000000000 port_halt
                     .debug_frame:0000000000000010 $d

NO UNDEFINED SYMBOLS
