ARM GAS  /tmp/ccoqrlKO.s 			page 1


   1              		.syntax unified
   2              		.cpu cortex-m4
   3              		.fpu softvfp
   4              		.eabi_attribute 20, 1
   5              		.eabi_attribute 21, 1
   6              		.eabi_attribute 23, 3
   7              		.eabi_attribute 24, 1
   8              		.eabi_attribute 25, 1
   9              		.eabi_attribute 26, 1
  10              		.eabi_attribute 30, 2
  11              		.eabi_attribute 34, 1
  12              		.eabi_attribute 18, 4
  13              		.thumb
  14              		.file	"vectors.c"
  15              		.text
  16              	.Ltext0:
  17              		.cfi_sections	.debug_frame
  18              		.section	.text._unhandled_exception,"ax",%progbits
  19              		.align	2
  20              		.p2align 4,,15
  21              		.global	_unhandled_exception
  22              		.thumb
  23              		.thumb_func
  24              		.type	_unhandled_exception, %function
  25              	_unhandled_exception:
  26              	.LFB7:
  27              		.file 1 "../../os/ports/GCC/ARMCMx/STM32F3xx/vectors.c"
  28              		.loc 1 215 0
  29              		.cfi_startproc
  30              		@ Naked Function: prologue and epilogue provided by programmer.
  31              		@ Volatile: function does not return.
  32              		@ args = 0, pretend = 0, frame = 0
  33              		@ frame_needed = 0, uses_anonymous_args = 0
  34              	.L2:
  35              		.loc 1 218 0 discriminator 1
  36 0000 FEE7     		b	.L2
  37              		.cfi_endproc
  38              	.LFE7:
  39              		.size	_unhandled_exception, .-_unhandled_exception
  40              		.weak	NMIVector
  41              		.thumb_set NMIVector,_unhandled_exception
  42              		.weak	HardFaultVector
  43              		.thumb_set HardFaultVector,_unhandled_exception
  44              		.weak	MemManageVector
  45              		.thumb_set MemManageVector,_unhandled_exception
  46              		.weak	BusFaultVector
  47              		.thumb_set BusFaultVector,_unhandled_exception
  48              		.weak	UsageFaultVector
  49              		.thumb_set UsageFaultVector,_unhandled_exception
  50              		.weak	Vector1C
  51              		.thumb_set Vector1C,_unhandled_exception
  52              		.weak	Vector20
  53              		.thumb_set Vector20,_unhandled_exception
  54              		.weak	Vector24
  55              		.thumb_set Vector24,_unhandled_exception
  56              		.weak	Vector28
  57              		.thumb_set Vector28,_unhandled_exception
ARM GAS  /tmp/ccoqrlKO.s 			page 2


  58              		.weak	SVCallVector
  59              		.thumb_set SVCallVector,_unhandled_exception
  60              		.weak	DebugMonitorVector
  61              		.thumb_set DebugMonitorVector,_unhandled_exception
  62              		.weak	Vector34
  63              		.thumb_set Vector34,_unhandled_exception
  64              		.weak	PendSVVector
  65              		.thumb_set PendSVVector,_unhandled_exception
  66              		.weak	SysTickVector
  67              		.thumb_set SysTickVector,_unhandled_exception
  68              		.weak	Vector40
  69              		.thumb_set Vector40,_unhandled_exception
  70              		.weak	Vector44
  71              		.thumb_set Vector44,_unhandled_exception
  72              		.weak	Vector48
  73              		.thumb_set Vector48,_unhandled_exception
  74              		.weak	Vector4C
  75              		.thumb_set Vector4C,_unhandled_exception
  76              		.weak	Vector50
  77              		.thumb_set Vector50,_unhandled_exception
  78              		.weak	Vector54
  79              		.thumb_set Vector54,_unhandled_exception
  80              		.weak	Vector58
  81              		.thumb_set Vector58,_unhandled_exception
  82              		.weak	Vector5C
  83              		.thumb_set Vector5C,_unhandled_exception
  84              		.weak	Vector60
  85              		.thumb_set Vector60,_unhandled_exception
  86              		.weak	Vector64
  87              		.thumb_set Vector64,_unhandled_exception
  88              		.weak	Vector68
  89              		.thumb_set Vector68,_unhandled_exception
  90              		.weak	Vector6C
  91              		.thumb_set Vector6C,_unhandled_exception
  92              		.weak	Vector70
  93              		.thumb_set Vector70,_unhandled_exception
  94              		.weak	Vector74
  95              		.thumb_set Vector74,_unhandled_exception
  96              		.weak	Vector78
  97              		.thumb_set Vector78,_unhandled_exception
  98              		.weak	Vector7C
  99              		.thumb_set Vector7C,_unhandled_exception
 100              		.weak	Vector80
 101              		.thumb_set Vector80,_unhandled_exception
 102              		.weak	Vector84
 103              		.thumb_set Vector84,_unhandled_exception
 104              		.weak	Vector88
 105              		.thumb_set Vector88,_unhandled_exception
 106              		.weak	Vector8C
 107              		.thumb_set Vector8C,_unhandled_exception
 108              		.weak	Vector90
 109              		.thumb_set Vector90,_unhandled_exception
 110              		.weak	Vector94
 111              		.thumb_set Vector94,_unhandled_exception
 112              		.weak	Vector98
 113              		.thumb_set Vector98,_unhandled_exception
 114              		.weak	Vector9C
ARM GAS  /tmp/ccoqrlKO.s 			page 3


 115              		.thumb_set Vector9C,_unhandled_exception
 116              		.weak	VectorA0
 117              		.thumb_set VectorA0,_unhandled_exception
 118              		.weak	VectorA4
 119              		.thumb_set VectorA4,_unhandled_exception
 120              		.weak	VectorA8
 121              		.thumb_set VectorA8,_unhandled_exception
 122              		.weak	VectorAC
 123              		.thumb_set VectorAC,_unhandled_exception
 124              		.weak	VectorB0
 125              		.thumb_set VectorB0,_unhandled_exception
 126              		.weak	VectorB4
 127              		.thumb_set VectorB4,_unhandled_exception
 128              		.weak	VectorB8
 129              		.thumb_set VectorB8,_unhandled_exception
 130              		.weak	VectorBC
 131              		.thumb_set VectorBC,_unhandled_exception
 132              		.weak	VectorC0
 133              		.thumb_set VectorC0,_unhandled_exception
 134              		.weak	VectorC4
 135              		.thumb_set VectorC4,_unhandled_exception
 136              		.weak	VectorC8
 137              		.thumb_set VectorC8,_unhandled_exception
 138              		.weak	VectorCC
 139              		.thumb_set VectorCC,_unhandled_exception
 140              		.weak	VectorD0
 141              		.thumb_set VectorD0,_unhandled_exception
 142              		.weak	VectorD4
 143              		.thumb_set VectorD4,_unhandled_exception
 144              		.weak	VectorD8
 145              		.thumb_set VectorD8,_unhandled_exception
 146              		.weak	VectorDC
 147              		.thumb_set VectorDC,_unhandled_exception
 148              		.weak	VectorE0
 149              		.thumb_set VectorE0,_unhandled_exception
 150              		.weak	VectorE4
 151              		.thumb_set VectorE4,_unhandled_exception
 152              		.weak	VectorE8
 153              		.thumb_set VectorE8,_unhandled_exception
 154              		.weak	VectorEC
 155              		.thumb_set VectorEC,_unhandled_exception
 156              		.weak	VectorF0
 157              		.thumb_set VectorF0,_unhandled_exception
 158              		.weak	VectorF4
 159              		.thumb_set VectorF4,_unhandled_exception
 160              		.weak	VectorF8
 161              		.thumb_set VectorF8,_unhandled_exception
 162              		.weak	VectorFC
 163              		.thumb_set VectorFC,_unhandled_exception
 164              		.weak	Vector100
 165              		.thumb_set Vector100,_unhandled_exception
 166              		.weak	Vector104
 167              		.thumb_set Vector104,_unhandled_exception
 168              		.weak	Vector108
 169              		.thumb_set Vector108,_unhandled_exception
 170              		.weak	Vector10C
 171              		.thumb_set Vector10C,_unhandled_exception
ARM GAS  /tmp/ccoqrlKO.s 			page 4


 172              		.weak	Vector110
 173              		.thumb_set Vector110,_unhandled_exception
 174              		.weak	Vector114
 175              		.thumb_set Vector114,_unhandled_exception
 176              		.weak	Vector118
 177              		.thumb_set Vector118,_unhandled_exception
 178              		.weak	Vector11C
 179              		.thumb_set Vector11C,_unhandled_exception
 180              		.weak	Vector120
 181              		.thumb_set Vector120,_unhandled_exception
 182              		.weak	Vector124
 183              		.thumb_set Vector124,_unhandled_exception
 184              		.weak	Vector128
 185              		.thumb_set Vector128,_unhandled_exception
 186              		.weak	Vector12C
 187              		.thumb_set Vector12C,_unhandled_exception
 188              		.weak	Vector130
 189              		.thumb_set Vector130,_unhandled_exception
 190              		.weak	Vector134
 191              		.thumb_set Vector134,_unhandled_exception
 192              		.weak	Vector138
 193              		.thumb_set Vector138,_unhandled_exception
 194              		.weak	Vector13C
 195              		.thumb_set Vector13C,_unhandled_exception
 196              		.weak	Vector140
 197              		.thumb_set Vector140,_unhandled_exception
 198              		.weak	Vector144
 199              		.thumb_set Vector144,_unhandled_exception
 200              		.weak	Vector148
 201              		.thumb_set Vector148,_unhandled_exception
 202              		.weak	Vector14C
 203              		.thumb_set Vector14C,_unhandled_exception
 204              		.weak	Vector150
 205              		.thumb_set Vector150,_unhandled_exception
 206              		.weak	Vector154
 207              		.thumb_set Vector154,_unhandled_exception
 208              		.weak	Vector158
 209              		.thumb_set Vector158,_unhandled_exception
 210              		.weak	Vector15C
 211              		.thumb_set Vector15C,_unhandled_exception
 212              		.weak	Vector160
 213              		.thumb_set Vector160,_unhandled_exception
 214              		.weak	Vector164
 215              		.thumb_set Vector164,_unhandled_exception
 216              		.weak	Vector168
 217              		.thumb_set Vector168,_unhandled_exception
 218              		.weak	Vector16C
 219              		.thumb_set Vector16C,_unhandled_exception
 220              		.weak	Vector170
 221              		.thumb_set Vector170,_unhandled_exception
 222              		.weak	Vector174
 223              		.thumb_set Vector174,_unhandled_exception
 224              		.weak	Vector178
 225              		.thumb_set Vector178,_unhandled_exception
 226              		.weak	Vector17C
 227              		.thumb_set Vector17C,_unhandled_exception
 228              		.weak	Vector180
ARM GAS  /tmp/ccoqrlKO.s 			page 5


 229              		.thumb_set Vector180,_unhandled_exception
 230              		.weak	Vector184
 231              		.thumb_set Vector184,_unhandled_exception
 232              		.global	_vectors
 233 0002 00BFAFF3 		.section	vectors,"aw",%progbits
 233      0080AFF3 
 233      0080AFF3 
 233      0080
 234              		.align	2
 235              		.type	_vectors, %object
 236              		.size	_vectors, 392
 237              	_vectors:
 238 0000 00000000 		.word	__main_stack_end__
 239 0004 00000000 		.word	ResetHandler
 240 0008 00000000 		.word	NMIVector
 241 000c 00000000 		.word	HardFaultVector
 242 0010 00000000 		.word	MemManageVector
 243 0014 00000000 		.word	BusFaultVector
 244 0018 00000000 		.word	UsageFaultVector
 245 001c 00000000 		.word	Vector1C
 246 0020 00000000 		.word	Vector20
 247 0024 00000000 		.word	Vector24
 248 0028 00000000 		.word	Vector28
 249 002c 00000000 		.word	SVCallVector
 250 0030 00000000 		.word	DebugMonitorVector
 251 0034 00000000 		.word	Vector34
 252 0038 00000000 		.word	PendSVVector
 253 003c 00000000 		.word	SysTickVector
 254 0040 00000000 		.word	Vector40
 255 0044 00000000 		.word	Vector44
 256 0048 00000000 		.word	Vector48
 257 004c 00000000 		.word	Vector4C
 258 0050 00000000 		.word	Vector50
 259 0054 00000000 		.word	Vector54
 260 0058 00000000 		.word	Vector58
 261 005c 00000000 		.word	Vector5C
 262 0060 00000000 		.word	Vector60
 263 0064 00000000 		.word	Vector64
 264 0068 00000000 		.word	Vector68
 265 006c 00000000 		.word	Vector6C
 266 0070 00000000 		.word	Vector70
 267 0074 00000000 		.word	Vector74
 268 0078 00000000 		.word	Vector78
 269 007c 00000000 		.word	Vector7C
 270 0080 00000000 		.word	Vector80
 271 0084 00000000 		.word	Vector84
 272 0088 00000000 		.word	Vector88
 273 008c 00000000 		.word	Vector8C
 274 0090 00000000 		.word	Vector90
 275 0094 00000000 		.word	Vector94
 276 0098 00000000 		.word	Vector98
 277 009c 00000000 		.word	Vector9C
 278 00a0 00000000 		.word	VectorA0
 279 00a4 00000000 		.word	VectorA4
 280 00a8 00000000 		.word	VectorA8
 281 00ac 00000000 		.word	VectorAC
 282 00b0 00000000 		.word	VectorB0
ARM GAS  /tmp/ccoqrlKO.s 			page 6


 283 00b4 00000000 		.word	VectorB4
 284 00b8 00000000 		.word	VectorB8
 285 00bc 00000000 		.word	VectorBC
 286 00c0 00000000 		.word	VectorC0
 287 00c4 00000000 		.word	VectorC4
 288 00c8 00000000 		.word	VectorC8
 289 00cc 00000000 		.word	VectorCC
 290 00d0 00000000 		.word	VectorD0
 291 00d4 00000000 		.word	VectorD4
 292 00d8 00000000 		.word	VectorD8
 293 00dc 00000000 		.word	VectorDC
 294 00e0 00000000 		.word	VectorE0
 295 00e4 00000000 		.word	VectorE4
 296 00e8 00000000 		.word	VectorE8
 297 00ec 00000000 		.word	VectorEC
 298 00f0 00000000 		.word	VectorF0
 299 00f4 00000000 		.word	VectorF4
 300 00f8 00000000 		.word	VectorF8
 301 00fc 00000000 		.word	VectorFC
 302 0100 00000000 		.word	Vector100
 303 0104 00000000 		.word	Vector104
 304 0108 00000000 		.word	Vector108
 305 010c 00000000 		.word	Vector10C
 306 0110 00000000 		.word	Vector110
 307 0114 00000000 		.word	Vector114
 308 0118 00000000 		.word	Vector118
 309 011c 00000000 		.word	Vector11C
 310 0120 00000000 		.word	Vector120
 311 0124 00000000 		.word	Vector124
 312 0128 00000000 		.word	Vector128
 313 012c 00000000 		.word	Vector12C
 314 0130 00000000 		.word	Vector130
 315 0134 00000000 		.word	Vector134
 316 0138 00000000 		.word	Vector138
 317 013c 00000000 		.word	Vector13C
 318 0140 00000000 		.word	Vector140
 319 0144 00000000 		.word	Vector144
 320 0148 00000000 		.word	Vector148
 321 014c 00000000 		.word	Vector14C
 322 0150 00000000 		.word	Vector150
 323 0154 00000000 		.word	Vector154
 324 0158 00000000 		.word	Vector158
 325 015c 00000000 		.word	Vector15C
 326 0160 00000000 		.word	Vector160
 327 0164 00000000 		.word	Vector164
 328 0168 00000000 		.word	Vector168
 329 016c 00000000 		.word	Vector16C
 330 0170 00000000 		.word	Vector170
 331 0174 00000000 		.word	Vector174
 332 0178 00000000 		.word	Vector178
 333 017c 00000000 		.word	Vector17C
 334 0180 00000000 		.word	Vector180
 335 0184 00000000 		.word	Vector184
 336              		.text
 337              	.Letext0:
 338              		.file 2 "/usr/arm-none-eabi/include/machine/_default_types.h"
 339              		.file 3 "/usr/arm-none-eabi/include/stdint.h"
ARM GAS  /tmp/ccoqrlKO.s 			page 7


 340              		.section	.debug_info,"",%progbits
 341              	.Ldebug_info0:
 342 0000 C9010000 		.4byte	0x1c9
 343 0004 0400     		.2byte	0x4
 344 0006 00000000 		.4byte	.Ldebug_abbrev0
 345 000a 04       		.byte	0x4
 346 000b 01       		.uleb128 0x1
 347 000c 09000000 		.4byte	.LASF35
 348 0010 01       		.byte	0x1
 349 0011 F0000000 		.4byte	.LASF36
 350 0015 30010000 		.4byte	.LASF37
 351 0019 00000000 		.4byte	.Ldebug_ranges0+0
 352 001d 00000000 		.4byte	0
 353 0021 00000000 		.4byte	.Ldebug_line0
 354 0025 02       		.uleb128 0x2
 355 0026 04       		.byte	0x4
 356 0027 05       		.byte	0x5
 357 0028 696E7400 		.ascii	"int\000"
 358 002c 03       		.uleb128 0x3
 359 002d 04       		.byte	0x4
 360 002e 07       		.byte	0x7
 361 002f F7010000 		.4byte	.LASF0
 362 0033 03       		.uleb128 0x3
 363 0034 01       		.byte	0x1
 364 0035 06       		.byte	0x6
 365 0036 ED020000 		.4byte	.LASF1
 366 003a 03       		.uleb128 0x3
 367 003b 01       		.byte	0x1
 368 003c 08       		.byte	0x8
 369 003d A1010000 		.4byte	.LASF2
 370 0041 03       		.uleb128 0x3
 371 0042 02       		.byte	0x2
 372 0043 05       		.byte	0x5
 373 0044 C4020000 		.4byte	.LASF3
 374 0048 03       		.uleb128 0x3
 375 0049 02       		.byte	0x2
 376 004a 07       		.byte	0x7
 377 004b C1010000 		.4byte	.LASF4
 378 004f 03       		.uleb128 0x3
 379 0050 04       		.byte	0x4
 380 0051 05       		.byte	0x5
 381 0052 E4020000 		.4byte	.LASF5
 382 0056 04       		.uleb128 0x4
 383 0057 EC010000 		.4byte	.LASF9
 384 005b 02       		.byte	0x2
 385 005c 41       		.byte	0x41
 386 005d 61000000 		.4byte	0x61
 387 0061 03       		.uleb128 0x3
 388 0062 04       		.byte	0x4
 389 0063 07       		.byte	0x7
 390 0064 AF010000 		.4byte	.LASF6
 391 0068 03       		.uleb128 0x3
 392 0069 08       		.byte	0x8
 393 006a 05       		.byte	0x5
 394 006b 83020000 		.4byte	.LASF7
 395 006f 03       		.uleb128 0x3
 396 0070 08       		.byte	0x8
ARM GAS  /tmp/ccoqrlKO.s 			page 8


 397 0071 07       		.byte	0x7
 398 0072 0F020000 		.4byte	.LASF8
 399 0076 04       		.uleb128 0x4
 400 0077 DB020000 		.4byte	.LASF10
 401 007b 03       		.byte	0x3
 402 007c 2D       		.byte	0x2d
 403 007d 56000000 		.4byte	0x56
 404 0081 03       		.uleb128 0x3
 405 0082 01       		.byte	0x1
 406 0083 02       		.byte	0x2
 407 0084 16030000 		.4byte	.LASF11
 408 0088 03       		.uleb128 0x3
 409 0089 04       		.byte	0x4
 410 008a 07       		.byte	0x7
 411 008b 5B020000 		.4byte	.LASF12
 412 008f 03       		.uleb128 0x3
 413 0090 01       		.byte	0x1
 414 0091 08       		.byte	0x8
 415 0092 91020000 		.4byte	.LASF13
 416 0096 04       		.uleb128 0x4
 417 0097 E3000000 		.4byte	.LASF14
 418 009b 01       		.byte	0x1
 419 009c 2B       		.byte	0x2b
 420 009d A1000000 		.4byte	0xa1
 421 00a1 05       		.uleb128 0x5
 422 00a2 04       		.byte	0x4
 423 00a3 A7000000 		.4byte	0xa7
 424 00a7 06       		.uleb128 0x6
 425 00a8 07       		.uleb128 0x7
 426 00a9 8801     		.2byte	0x188
 427 00ab 01       		.byte	0x1
 428 00ac 30       		.byte	0x30
 429 00ad 7E010000 		.4byte	0x17e
 430 00b1 08       		.uleb128 0x8
 431 00b2 88010000 		.4byte	.LASF15
 432 00b6 01       		.byte	0x1
 433 00b7 31       		.byte	0x31
 434 00b8 7E010000 		.4byte	0x17e
 435 00bc 00       		.byte	0
 436 00bd 08       		.uleb128 0x8
 437 00be CE020000 		.4byte	.LASF16
 438 00c2 01       		.byte	0x1
 439 00c3 32       		.byte	0x32
 440 00c4 96000000 		.4byte	0x96
 441 00c8 04       		.byte	0x4
 442 00c9 08       		.uleb128 0x8
 443 00ca 04020000 		.4byte	.LASF17
 444 00ce 01       		.byte	0x1
 445 00cf 33       		.byte	0x33
 446 00d0 96000000 		.4byte	0x96
 447 00d4 08       		.byte	0x8
 448 00d5 08       		.uleb128 0x8
 449 00d6 72020000 		.4byte	.LASF18
 450 00da 01       		.byte	0x1
 451 00db 34       		.byte	0x34
 452 00dc 96000000 		.4byte	0x96
 453 00e0 0C       		.byte	0xc
ARM GAS  /tmp/ccoqrlKO.s 			page 9


 454 00e1 08       		.uleb128 0x8
 455 00e2 96020000 		.4byte	.LASF19
 456 00e6 01       		.byte	0x1
 457 00e7 35       		.byte	0x35
 458 00e8 96000000 		.4byte	0x96
 459 00ec 10       		.byte	0x10
 460 00ed 08       		.uleb128 0x8
 461 00ee 26020000 		.4byte	.LASF20
 462 00f2 01       		.byte	0x1
 463 00f3 36       		.byte	0x36
 464 00f4 96000000 		.4byte	0x96
 465 00f8 14       		.byte	0x14
 466 00f9 08       		.uleb128 0x8
 467 00fa 3F020000 		.4byte	.LASF21
 468 00fe 01       		.byte	0x1
 469 00ff 37       		.byte	0x37
 470 0100 96000000 		.4byte	0x96
 471 0104 18       		.byte	0x18
 472 0105 08       		.uleb128 0x8
 473 0106 D4010000 		.4byte	.LASF22
 474 010a 01       		.byte	0x1
 475 010b 38       		.byte	0x38
 476 010c 96000000 		.4byte	0x96
 477 0110 1C       		.byte	0x1c
 478 0111 08       		.uleb128 0x8
 479 0112 0D030000 		.4byte	.LASF23
 480 0116 01       		.byte	0x1
 481 0117 39       		.byte	0x39
 482 0118 96000000 		.4byte	0x96
 483 011c 20       		.byte	0x20
 484 011d 08       		.uleb128 0x8
 485 011e 00000000 		.4byte	.LASF24
 486 0122 01       		.byte	0x1
 487 0123 3A       		.byte	0x3a
 488 0124 96000000 		.4byte	0x96
 489 0128 24       		.byte	0x24
 490 0129 08       		.uleb128 0x8
 491 012a 36020000 		.4byte	.LASF25
 492 012e 01       		.byte	0x1
 493 012f 3B       		.byte	0x3b
 494 0130 96000000 		.4byte	0x96
 495 0134 28       		.byte	0x28
 496 0135 08       		.uleb128 0x8
 497 0136 93010000 		.4byte	.LASF26
 498 013a 01       		.byte	0x1
 499 013b 3C       		.byte	0x3c
 500 013c 96000000 		.4byte	0x96
 501 0140 2C       		.byte	0x2c
 502 0141 08       		.uleb128 0x8
 503 0142 F9020000 		.4byte	.LASF27
 504 0146 01       		.byte	0x1
 505 0147 3D       		.byte	0x3d
 506 0148 96000000 		.4byte	0x96
 507 014c 30       		.byte	0x30
 508 014d 08       		.uleb128 0x8
 509 014e 1E010000 		.4byte	.LASF28
 510 0152 01       		.byte	0x1
ARM GAS  /tmp/ccoqrlKO.s 			page 10


 511 0153 3E       		.byte	0x3e
 512 0154 96000000 		.4byte	0x96
 513 0158 34       		.byte	0x34
 514 0159 08       		.uleb128 0x8
 515 015a 64020000 		.4byte	.LASF29
 516 015e 01       		.byte	0x1
 517 015f 3F       		.byte	0x3f
 518 0160 96000000 		.4byte	0x96
 519 0164 38       		.byte	0x38
 520 0165 08       		.uleb128 0x8
 521 0166 DD010000 		.4byte	.LASF30
 522 016a 01       		.byte	0x1
 523 016b 40       		.byte	0x40
 524 016c 96000000 		.4byte	0x96
 525 0170 3C       		.byte	0x3c
 526 0171 08       		.uleb128 0x8
 527 0172 BC020000 		.4byte	.LASF31
 528 0176 01       		.byte	0x1
 529 0177 41       		.byte	0x41
 530 0178 84010000 		.4byte	0x184
 531 017c 40       		.byte	0x40
 532 017d 00       		.byte	0
 533 017e 05       		.uleb128 0x5
 534 017f 04       		.byte	0x4
 535 0180 76000000 		.4byte	0x76
 536 0184 09       		.uleb128 0x9
 537 0185 96000000 		.4byte	0x96
 538 0189 94010000 		.4byte	0x194
 539 018d 0A       		.uleb128 0xa
 540 018e 88000000 		.4byte	0x88
 541 0192 51       		.byte	0x51
 542 0193 00       		.byte	0
 543 0194 04       		.uleb128 0x4
 544 0195 51020000 		.4byte	.LASF32
 545 0199 01       		.byte	0x1
 546 019a 42       		.byte	0x42
 547 019b A8000000 		.4byte	0xa8
 548 019f 0B       		.uleb128 0xb
 549 01a0 A7020000 		.4byte	.LASF38
 550 01a4 01       		.byte	0x1
 551 01a5 D7       		.byte	0xd7
 552 01a6 00000000 		.4byte	.LFB7
 553 01aa 02000000 		.4byte	.LFE7-.LFB7
 554 01ae 01       		.uleb128 0x1
 555 01af 9C       		.byte	0x9c
 556 01b0 0C       		.uleb128 0xc
 557 01b1 1C030000 		.4byte	.LASF33
 558 01b5 01       		.byte	0x1
 559 01b6 45       		.byte	0x45
 560 01b7 76000000 		.4byte	0x76
 561 01bb 0D       		.uleb128 0xd
 562 01bc 27010000 		.4byte	.LASF34
 563 01c0 01       		.byte	0x1
 564 01c1 AF       		.byte	0xaf
 565 01c2 94010000 		.4byte	0x194
 566 01c6 05       		.uleb128 0x5
 567 01c7 03       		.byte	0x3
ARM GAS  /tmp/ccoqrlKO.s 			page 11


 568 01c8 00000000 		.4byte	_vectors
 569 01cc 00       		.byte	0
 570              		.section	.debug_abbrev,"",%progbits
 571              	.Ldebug_abbrev0:
 572 0000 01       		.uleb128 0x1
 573 0001 11       		.uleb128 0x11
 574 0002 01       		.byte	0x1
 575 0003 25       		.uleb128 0x25
 576 0004 0E       		.uleb128 0xe
 577 0005 13       		.uleb128 0x13
 578 0006 0B       		.uleb128 0xb
 579 0007 03       		.uleb128 0x3
 580 0008 0E       		.uleb128 0xe
 581 0009 1B       		.uleb128 0x1b
 582 000a 0E       		.uleb128 0xe
 583 000b 55       		.uleb128 0x55
 584 000c 17       		.uleb128 0x17
 585 000d 11       		.uleb128 0x11
 586 000e 01       		.uleb128 0x1
 587 000f 10       		.uleb128 0x10
 588 0010 17       		.uleb128 0x17
 589 0011 00       		.byte	0
 590 0012 00       		.byte	0
 591 0013 02       		.uleb128 0x2
 592 0014 24       		.uleb128 0x24
 593 0015 00       		.byte	0
 594 0016 0B       		.uleb128 0xb
 595 0017 0B       		.uleb128 0xb
 596 0018 3E       		.uleb128 0x3e
 597 0019 0B       		.uleb128 0xb
 598 001a 03       		.uleb128 0x3
 599 001b 08       		.uleb128 0x8
 600 001c 00       		.byte	0
 601 001d 00       		.byte	0
 602 001e 03       		.uleb128 0x3
 603 001f 24       		.uleb128 0x24
 604 0020 00       		.byte	0
 605 0021 0B       		.uleb128 0xb
 606 0022 0B       		.uleb128 0xb
 607 0023 3E       		.uleb128 0x3e
 608 0024 0B       		.uleb128 0xb
 609 0025 03       		.uleb128 0x3
 610 0026 0E       		.uleb128 0xe
 611 0027 00       		.byte	0
 612 0028 00       		.byte	0
 613 0029 04       		.uleb128 0x4
 614 002a 16       		.uleb128 0x16
 615 002b 00       		.byte	0
 616 002c 03       		.uleb128 0x3
 617 002d 0E       		.uleb128 0xe
 618 002e 3A       		.uleb128 0x3a
 619 002f 0B       		.uleb128 0xb
 620 0030 3B       		.uleb128 0x3b
 621 0031 0B       		.uleb128 0xb
 622 0032 49       		.uleb128 0x49
 623 0033 13       		.uleb128 0x13
 624 0034 00       		.byte	0
ARM GAS  /tmp/ccoqrlKO.s 			page 12


 625 0035 00       		.byte	0
 626 0036 05       		.uleb128 0x5
 627 0037 0F       		.uleb128 0xf
 628 0038 00       		.byte	0
 629 0039 0B       		.uleb128 0xb
 630 003a 0B       		.uleb128 0xb
 631 003b 49       		.uleb128 0x49
 632 003c 13       		.uleb128 0x13
 633 003d 00       		.byte	0
 634 003e 00       		.byte	0
 635 003f 06       		.uleb128 0x6
 636 0040 15       		.uleb128 0x15
 637 0041 00       		.byte	0
 638 0042 27       		.uleb128 0x27
 639 0043 19       		.uleb128 0x19
 640 0044 00       		.byte	0
 641 0045 00       		.byte	0
 642 0046 07       		.uleb128 0x7
 643 0047 13       		.uleb128 0x13
 644 0048 01       		.byte	0x1
 645 0049 0B       		.uleb128 0xb
 646 004a 05       		.uleb128 0x5
 647 004b 3A       		.uleb128 0x3a
 648 004c 0B       		.uleb128 0xb
 649 004d 3B       		.uleb128 0x3b
 650 004e 0B       		.uleb128 0xb
 651 004f 01       		.uleb128 0x1
 652 0050 13       		.uleb128 0x13
 653 0051 00       		.byte	0
 654 0052 00       		.byte	0
 655 0053 08       		.uleb128 0x8
 656 0054 0D       		.uleb128 0xd
 657 0055 00       		.byte	0
 658 0056 03       		.uleb128 0x3
 659 0057 0E       		.uleb128 0xe
 660 0058 3A       		.uleb128 0x3a
 661 0059 0B       		.uleb128 0xb
 662 005a 3B       		.uleb128 0x3b
 663 005b 0B       		.uleb128 0xb
 664 005c 49       		.uleb128 0x49
 665 005d 13       		.uleb128 0x13
 666 005e 38       		.uleb128 0x38
 667 005f 0B       		.uleb128 0xb
 668 0060 00       		.byte	0
 669 0061 00       		.byte	0
 670 0062 09       		.uleb128 0x9
 671 0063 01       		.uleb128 0x1
 672 0064 01       		.byte	0x1
 673 0065 49       		.uleb128 0x49
 674 0066 13       		.uleb128 0x13
 675 0067 01       		.uleb128 0x1
 676 0068 13       		.uleb128 0x13
 677 0069 00       		.byte	0
 678 006a 00       		.byte	0
 679 006b 0A       		.uleb128 0xa
 680 006c 21       		.uleb128 0x21
 681 006d 00       		.byte	0
ARM GAS  /tmp/ccoqrlKO.s 			page 13


 682 006e 49       		.uleb128 0x49
 683 006f 13       		.uleb128 0x13
 684 0070 2F       		.uleb128 0x2f
 685 0071 0B       		.uleb128 0xb
 686 0072 00       		.byte	0
 687 0073 00       		.byte	0
 688 0074 0B       		.uleb128 0xb
 689 0075 2E       		.uleb128 0x2e
 690 0076 00       		.byte	0
 691 0077 3F       		.uleb128 0x3f
 692 0078 19       		.uleb128 0x19
 693 0079 03       		.uleb128 0x3
 694 007a 0E       		.uleb128 0xe
 695 007b 3A       		.uleb128 0x3a
 696 007c 0B       		.uleb128 0xb
 697 007d 3B       		.uleb128 0x3b
 698 007e 0B       		.uleb128 0xb
 699 007f 27       		.uleb128 0x27
 700 0080 19       		.uleb128 0x19
 701 0081 11       		.uleb128 0x11
 702 0082 01       		.uleb128 0x1
 703 0083 12       		.uleb128 0x12
 704 0084 06       		.uleb128 0x6
 705 0085 40       		.uleb128 0x40
 706 0086 18       		.uleb128 0x18
 707 0087 9742     		.uleb128 0x2117
 708 0089 19       		.uleb128 0x19
 709 008a 00       		.byte	0
 710 008b 00       		.byte	0
 711 008c 0C       		.uleb128 0xc
 712 008d 34       		.uleb128 0x34
 713 008e 00       		.byte	0
 714 008f 03       		.uleb128 0x3
 715 0090 0E       		.uleb128 0xe
 716 0091 3A       		.uleb128 0x3a
 717 0092 0B       		.uleb128 0xb
 718 0093 3B       		.uleb128 0x3b
 719 0094 0B       		.uleb128 0xb
 720 0095 49       		.uleb128 0x49
 721 0096 13       		.uleb128 0x13
 722 0097 3F       		.uleb128 0x3f
 723 0098 19       		.uleb128 0x19
 724 0099 3C       		.uleb128 0x3c
 725 009a 19       		.uleb128 0x19
 726 009b 00       		.byte	0
 727 009c 00       		.byte	0
 728 009d 0D       		.uleb128 0xd
 729 009e 34       		.uleb128 0x34
 730 009f 00       		.byte	0
 731 00a0 03       		.uleb128 0x3
 732 00a1 0E       		.uleb128 0xe
 733 00a2 3A       		.uleb128 0x3a
 734 00a3 0B       		.uleb128 0xb
 735 00a4 3B       		.uleb128 0x3b
 736 00a5 0B       		.uleb128 0xb
 737 00a6 49       		.uleb128 0x49
 738 00a7 13       		.uleb128 0x13
ARM GAS  /tmp/ccoqrlKO.s 			page 14


 739 00a8 3F       		.uleb128 0x3f
 740 00a9 19       		.uleb128 0x19
 741 00aa 02       		.uleb128 0x2
 742 00ab 18       		.uleb128 0x18
 743 00ac 00       		.byte	0
 744 00ad 00       		.byte	0
 745 00ae 00       		.byte	0
 746              		.section	.debug_aranges,"",%progbits
 747 0000 1C000000 		.4byte	0x1c
 748 0004 0200     		.2byte	0x2
 749 0006 00000000 		.4byte	.Ldebug_info0
 750 000a 04       		.byte	0x4
 751 000b 00       		.byte	0
 752 000c 0000     		.2byte	0
 753 000e 0000     		.2byte	0
 754 0010 00000000 		.4byte	.LFB7
 755 0014 02000000 		.4byte	.LFE7-.LFB7
 756 0018 00000000 		.4byte	0
 757 001c 00000000 		.4byte	0
 758              		.section	.debug_ranges,"",%progbits
 759              	.Ldebug_ranges0:
 760 0000 00000000 		.4byte	.LFB7
 761 0004 02000000 		.4byte	.LFE7
 762 0008 00000000 		.4byte	0
 763 000c 00000000 		.4byte	0
 764              		.section	.debug_line,"",%progbits
 765              	.Ldebug_line0:
 766 0000 BD000000 		.section	.debug_str,"MS",%progbits,1
 766      0200A200 
 766      00000201 
 766      FB0E0D00 
 766      01010101 
 767              	.LASF24:
 768 0000 76656374 		.ascii	"vector24\000"
 768      6F723234 
 768      00
 769              	.LASF35:
 770 0009 474E5520 		.ascii	"GNU C 4.9.3 20141119 (release) [ARM/embedded-4_9-br"
 770      4320342E 
 770      392E3320 
 770      32303134 
 770      31313139 
 771 003c 616E6368 		.ascii	"anch revision 218278] -mcpu=cortex-m4 -mno-thumb-in"
 771      20726576 
 771      6973696F 
 771      6E203231 
 771      38323738 
 772 006f 74657277 		.ascii	"terwork -mthumb -ggdb -O2 -fomit-frame-pointer -fal"
 772      6F726B20 
 772      2D6D7468 
 772      756D6220 
 772      2D676764 
 773 00a2 69676E2D 		.ascii	"ign-functions=16 -ffunction-sections -fdata-section"
 773      66756E63 
 773      74696F6E 
 773      733D3136 
 773      202D6666 
ARM GAS  /tmp/ccoqrlKO.s 			page 15


 774 00d5 73202D66 		.ascii	"s -fno-common\000"
 774      6E6F2D63 
 774      6F6D6D6F 
 774      6E00
 775              	.LASF14:
 776 00e3 6972715F 		.ascii	"irq_vector_t\000"
 776      76656374 
 776      6F725F74 
 776      00
 777              	.LASF36:
 778 00f0 2E2E2F2E 		.ascii	"../../os/ports/GCC/ARMCMx/STM32F3xx/vectors.c\000"
 778      2E2F6F73 
 778      2F706F72 
 778      74732F47 
 778      43432F41 
 779              	.LASF28:
 780 011e 76656374 		.ascii	"vector34\000"
 780      6F723334 
 780      00
 781              	.LASF34:
 782 0127 5F766563 		.ascii	"_vectors\000"
 782      746F7273 
 782      00
 783              	.LASF37:
 784 0130 2F686F6D 		.ascii	"/home/austin/git/personal/school/motor_control/chib"
 784      652F6175 
 784      7374696E 
 784      2F676974 
 784      2F706572 
 785 0163 696F732F 		.ascii	"ios/demos/ARMCM4-STM32F303-DISCOVERY\000"
 785      64656D6F 
 785      732F4152 
 785      4D434D34 
 785      2D53544D 
 786              	.LASF15:
 787 0188 696E6974 		.ascii	"init_stack\000"
 787      5F737461 
 787      636B00
 788              	.LASF26:
 789 0193 73766361 		.ascii	"svcall_vector\000"
 789      6C6C5F76 
 789      6563746F 
 789      7200
 790              	.LASF2:
 791 01a1 756E7369 		.ascii	"unsigned char\000"
 791      676E6564 
 791      20636861 
 791      7200
 792              	.LASF6:
 793 01af 6C6F6E67 		.ascii	"long unsigned int\000"
 793      20756E73 
 793      69676E65 
 793      6420696E 
 793      7400
 794              	.LASF4:
 795 01c1 73686F72 		.ascii	"short unsigned int\000"
 795      7420756E 
ARM GAS  /tmp/ccoqrlKO.s 			page 16


 795      7369676E 
 795      65642069 
 795      6E7400
 796              	.LASF22:
 797 01d4 76656374 		.ascii	"vector1c\000"
 797      6F723163 
 797      00
 798              	.LASF30:
 799 01dd 73797374 		.ascii	"systick_vector\000"
 799      69636B5F 
 799      76656374 
 799      6F7200
 800              	.LASF9:
 801 01ec 5F5F7569 		.ascii	"__uint32_t\000"
 801      6E743332 
 801      5F7400
 802              	.LASF0:
 803 01f7 756E7369 		.ascii	"unsigned int\000"
 803      676E6564 
 803      20696E74 
 803      00
 804              	.LASF17:
 805 0204 6E6D695F 		.ascii	"nmi_vector\000"
 805      76656374 
 805      6F7200
 806              	.LASF8:
 807 020f 6C6F6E67 		.ascii	"long long unsigned int\000"
 807      206C6F6E 
 807      6720756E 
 807      7369676E 
 807      65642069 
 808              	.LASF20:
 809 0226 62757366 		.ascii	"busfault_vector\000"
 809      61756C74 
 809      5F766563 
 809      746F7200 
 810              	.LASF25:
 811 0236 76656374 		.ascii	"vector28\000"
 811      6F723238 
 811      00
 812              	.LASF21:
 813 023f 75736167 		.ascii	"usagefault_vector\000"
 813      65666175 
 813      6C745F76 
 813      6563746F 
 813      7200
 814              	.LASF32:
 815 0251 76656374 		.ascii	"vectors_t\000"
 815      6F72735F 
 815      7400
 816              	.LASF12:
 817 025b 73697A65 		.ascii	"sizetype\000"
 817      74797065 
 817      00
 818              	.LASF29:
 819 0264 70656E64 		.ascii	"pendsv_vector\000"
 819      73765F76 
ARM GAS  /tmp/ccoqrlKO.s 			page 17


 819      6563746F 
 819      7200
 820              	.LASF18:
 821 0272 68617264 		.ascii	"hardfault_vector\000"
 821      6661756C 
 821      745F7665 
 821      63746F72 
 821      00
 822              	.LASF7:
 823 0283 6C6F6E67 		.ascii	"long long int\000"
 823      206C6F6E 
 823      6720696E 
 823      7400
 824              	.LASF13:
 825 0291 63686172 		.ascii	"char\000"
 825      00
 826              	.LASF19:
 827 0296 6D656D6D 		.ascii	"memmanage_vector\000"
 827      616E6167 
 827      655F7665 
 827      63746F72 
 827      00
 828              	.LASF38:
 829 02a7 5F756E68 		.ascii	"_unhandled_exception\000"
 829      616E646C 
 829      65645F65 
 829      78636570 
 829      74696F6E 
 830              	.LASF31:
 831 02bc 76656374 		.ascii	"vectors\000"
 831      6F727300 
 832              	.LASF3:
 833 02c4 73686F72 		.ascii	"short int\000"
 833      7420696E 
 833      7400
 834              	.LASF16:
 835 02ce 72657365 		.ascii	"reset_vector\000"
 835      745F7665 
 835      63746F72 
 835      00
 836              	.LASF10:
 837 02db 75696E74 		.ascii	"uint32_t\000"
 837      33325F74 
 837      00
 838              	.LASF5:
 839 02e4 6C6F6E67 		.ascii	"long int\000"
 839      20696E74 
 839      00
 840              	.LASF1:
 841 02ed 7369676E 		.ascii	"signed char\000"
 841      65642063 
 841      68617200 
 842              	.LASF27:
 843 02f9 64656275 		.ascii	"debugmonitor_vector\000"
 843      676D6F6E 
 843      69746F72 
 843      5F766563 
ARM GAS  /tmp/ccoqrlKO.s 			page 18


 843      746F7200 
 844              	.LASF23:
 845 030d 76656374 		.ascii	"vector20\000"
 845      6F723230 
 845      00
 846              	.LASF11:
 847 0316 5F426F6F 		.ascii	"_Bool\000"
 847      6C00
 848              	.LASF33:
 849 031c 5F5F6D61 		.ascii	"__main_stack_end__\000"
 849      696E5F73 
 849      7461636B 
 849      5F656E64 
 849      5F5F00
 850              		.ident	"GCC: (GNU Tools for ARM Embedded Processors) 4.9.3 20141119 (release) [ARM/embedded-4_9-br
ARM GAS  /tmp/ccoqrlKO.s 			page 19


DEFINED SYMBOLS
                            *ABS*:0000000000000000 vectors.c
     /tmp/ccoqrlKO.s:19     .text._unhandled_exception:0000000000000000 $t
     /tmp/ccoqrlKO.s:25     .text._unhandled_exception:0000000000000000 _unhandled_exception
     /tmp/ccoqrlKO.s:25     .text._unhandled_exception:0000000000000000 NMIVector
     /tmp/ccoqrlKO.s:25     .text._unhandled_exception:0000000000000000 HardFaultVector
     /tmp/ccoqrlKO.s:25     .text._unhandled_exception:0000000000000000 MemManageVector
     /tmp/ccoqrlKO.s:25     .text._unhandled_exception:0000000000000000 BusFaultVector
     /tmp/ccoqrlKO.s:25     .text._unhandled_exception:0000000000000000 UsageFaultVector
     /tmp/ccoqrlKO.s:25     .text._unhandled_exception:0000000000000000 Vector1C
     /tmp/ccoqrlKO.s:25     .text._unhandled_exception:0000000000000000 Vector20
     /tmp/ccoqrlKO.s:25     .text._unhandled_exception:0000000000000000 Vector24
     /tmp/ccoqrlKO.s:25     .text._unhandled_exception:0000000000000000 Vector28
     /tmp/ccoqrlKO.s:25     .text._unhandled_exception:0000000000000000 SVCallVector
     /tmp/ccoqrlKO.s:25     .text._unhandled_exception:0000000000000000 DebugMonitorVector
     /tmp/ccoqrlKO.s:25     .text._unhandled_exception:0000000000000000 Vector34
     /tmp/ccoqrlKO.s:25     .text._unhandled_exception:0000000000000000 PendSVVector
     /tmp/ccoqrlKO.s:25     .text._unhandled_exception:0000000000000000 SysTickVector
     /tmp/ccoqrlKO.s:25     .text._unhandled_exception:0000000000000000 Vector40
     /tmp/ccoqrlKO.s:25     .text._unhandled_exception:0000000000000000 Vector44
     /tmp/ccoqrlKO.s:25     .text._unhandled_exception:0000000000000000 Vector48
     /tmp/ccoqrlKO.s:25     .text._unhandled_exception:0000000000000000 Vector4C
     /tmp/ccoqrlKO.s:25     .text._unhandled_exception:0000000000000000 Vector50
     /tmp/ccoqrlKO.s:25     .text._unhandled_exception:0000000000000000 Vector54
     /tmp/ccoqrlKO.s:25     .text._unhandled_exception:0000000000000000 Vector58
     /tmp/ccoqrlKO.s:25     .text._unhandled_exception:0000000000000000 Vector5C
     /tmp/ccoqrlKO.s:25     .text._unhandled_exception:0000000000000000 Vector60
     /tmp/ccoqrlKO.s:25     .text._unhandled_exception:0000000000000000 Vector64
     /tmp/ccoqrlKO.s:25     .text._unhandled_exception:0000000000000000 Vector68
     /tmp/ccoqrlKO.s:25     .text._unhandled_exception:0000000000000000 Vector6C
     /tmp/ccoqrlKO.s:25     .text._unhandled_exception:0000000000000000 Vector70
     /tmp/ccoqrlKO.s:25     .text._unhandled_exception:0000000000000000 Vector74
     /tmp/ccoqrlKO.s:25     .text._unhandled_exception:0000000000000000 Vector78
     /tmp/ccoqrlKO.s:25     .text._unhandled_exception:0000000000000000 Vector7C
     /tmp/ccoqrlKO.s:25     .text._unhandled_exception:0000000000000000 Vector80
     /tmp/ccoqrlKO.s:25     .text._unhandled_exception:0000000000000000 Vector84
     /tmp/ccoqrlKO.s:25     .text._unhandled_exception:0000000000000000 Vector88
     /tmp/ccoqrlKO.s:25     .text._unhandled_exception:0000000000000000 Vector8C
     /tmp/ccoqrlKO.s:25     .text._unhandled_exception:0000000000000000 Vector90
     /tmp/ccoqrlKO.s:25     .text._unhandled_exception:0000000000000000 Vector94
     /tmp/ccoqrlKO.s:25     .text._unhandled_exception:0000000000000000 Vector98
     /tmp/ccoqrlKO.s:25     .text._unhandled_exception:0000000000000000 Vector9C
     /tmp/ccoqrlKO.s:25     .text._unhandled_exception:0000000000000000 VectorA0
     /tmp/ccoqrlKO.s:25     .text._unhandled_exception:0000000000000000 VectorA4
     /tmp/ccoqrlKO.s:25     .text._unhandled_exception:0000000000000000 VectorA8
     /tmp/ccoqrlKO.s:25     .text._unhandled_exception:0000000000000000 VectorAC
     /tmp/ccoqrlKO.s:25     .text._unhandled_exception:0000000000000000 VectorB0
     /tmp/ccoqrlKO.s:25     .text._unhandled_exception:0000000000000000 VectorB4
     /tmp/ccoqrlKO.s:25     .text._unhandled_exception:0000000000000000 VectorB8
     /tmp/ccoqrlKO.s:25     .text._unhandled_exception:0000000000000000 VectorBC
     /tmp/ccoqrlKO.s:25     .text._unhandled_exception:0000000000000000 VectorC0
     /tmp/ccoqrlKO.s:25     .text._unhandled_exception:0000000000000000 VectorC4
     /tmp/ccoqrlKO.s:25     .text._unhandled_exception:0000000000000000 VectorC8
     /tmp/ccoqrlKO.s:25     .text._unhandled_exception:0000000000000000 VectorCC
     /tmp/ccoqrlKO.s:25     .text._unhandled_exception:0000000000000000 VectorD0
     /tmp/ccoqrlKO.s:25     .text._unhandled_exception:0000000000000000 VectorD4
     /tmp/ccoqrlKO.s:25     .text._unhandled_exception:0000000000000000 VectorD8
ARM GAS  /tmp/ccoqrlKO.s 			page 20


     /tmp/ccoqrlKO.s:25     .text._unhandled_exception:0000000000000000 VectorDC
     /tmp/ccoqrlKO.s:25     .text._unhandled_exception:0000000000000000 VectorE0
     /tmp/ccoqrlKO.s:25     .text._unhandled_exception:0000000000000000 VectorE4
     /tmp/ccoqrlKO.s:25     .text._unhandled_exception:0000000000000000 VectorE8
     /tmp/ccoqrlKO.s:25     .text._unhandled_exception:0000000000000000 VectorEC
     /tmp/ccoqrlKO.s:25     .text._unhandled_exception:0000000000000000 VectorF0
     /tmp/ccoqrlKO.s:25     .text._unhandled_exception:0000000000000000 VectorF4
     /tmp/ccoqrlKO.s:25     .text._unhandled_exception:0000000000000000 VectorF8
     /tmp/ccoqrlKO.s:25     .text._unhandled_exception:0000000000000000 VectorFC
     /tmp/ccoqrlKO.s:25     .text._unhandled_exception:0000000000000000 Vector100
     /tmp/ccoqrlKO.s:25     .text._unhandled_exception:0000000000000000 Vector104
     /tmp/ccoqrlKO.s:25     .text._unhandled_exception:0000000000000000 Vector108
     /tmp/ccoqrlKO.s:25     .text._unhandled_exception:0000000000000000 Vector10C
     /tmp/ccoqrlKO.s:25     .text._unhandled_exception:0000000000000000 Vector110
     /tmp/ccoqrlKO.s:25     .text._unhandled_exception:0000000000000000 Vector114
     /tmp/ccoqrlKO.s:25     .text._unhandled_exception:0000000000000000 Vector118
     /tmp/ccoqrlKO.s:25     .text._unhandled_exception:0000000000000000 Vector11C
     /tmp/ccoqrlKO.s:25     .text._unhandled_exception:0000000000000000 Vector120
     /tmp/ccoqrlKO.s:25     .text._unhandled_exception:0000000000000000 Vector124
     /tmp/ccoqrlKO.s:25     .text._unhandled_exception:0000000000000000 Vector128
     /tmp/ccoqrlKO.s:25     .text._unhandled_exception:0000000000000000 Vector12C
     /tmp/ccoqrlKO.s:25     .text._unhandled_exception:0000000000000000 Vector130
     /tmp/ccoqrlKO.s:25     .text._unhandled_exception:0000000000000000 Vector134
     /tmp/ccoqrlKO.s:25     .text._unhandled_exception:0000000000000000 Vector138
     /tmp/ccoqrlKO.s:25     .text._unhandled_exception:0000000000000000 Vector13C
     /tmp/ccoqrlKO.s:25     .text._unhandled_exception:0000000000000000 Vector140
     /tmp/ccoqrlKO.s:25     .text._unhandled_exception:0000000000000000 Vector144
     /tmp/ccoqrlKO.s:25     .text._unhandled_exception:0000000000000000 Vector148
     /tmp/ccoqrlKO.s:25     .text._unhandled_exception:0000000000000000 Vector14C
     /tmp/ccoqrlKO.s:25     .text._unhandled_exception:0000000000000000 Vector150
     /tmp/ccoqrlKO.s:25     .text._unhandled_exception:0000000000000000 Vector154
     /tmp/ccoqrlKO.s:25     .text._unhandled_exception:0000000000000000 Vector158
     /tmp/ccoqrlKO.s:25     .text._unhandled_exception:0000000000000000 Vector15C
     /tmp/ccoqrlKO.s:25     .text._unhandled_exception:0000000000000000 Vector160
     /tmp/ccoqrlKO.s:25     .text._unhandled_exception:0000000000000000 Vector164
     /tmp/ccoqrlKO.s:25     .text._unhandled_exception:0000000000000000 Vector168
     /tmp/ccoqrlKO.s:25     .text._unhandled_exception:0000000000000000 Vector16C
     /tmp/ccoqrlKO.s:25     .text._unhandled_exception:0000000000000000 Vector170
     /tmp/ccoqrlKO.s:25     .text._unhandled_exception:0000000000000000 Vector174
     /tmp/ccoqrlKO.s:25     .text._unhandled_exception:0000000000000000 Vector178
     /tmp/ccoqrlKO.s:25     .text._unhandled_exception:0000000000000000 Vector17C
     /tmp/ccoqrlKO.s:25     .text._unhandled_exception:0000000000000000 Vector180
     /tmp/ccoqrlKO.s:25     .text._unhandled_exception:0000000000000000 Vector184
     /tmp/ccoqrlKO.s:237    vectors:0000000000000000 _vectors
     /tmp/ccoqrlKO.s:234    vectors:0000000000000000 $d
                     .debug_frame:0000000000000010 $d

UNDEFINED SYMBOLS
__main_stack_end__
ResetHandler
