ARM GAS  /tmp/cccZxGJn.s 			page 1


   1              		.syntax unified
   2              		.cpu cortex-m4
   3              		.fpu softvfp
   4              		.eabi_attribute 20, 1
   5              		.eabi_attribute 21, 1
   6              		.eabi_attribute 23, 3
   7              		.eabi_attribute 24, 1
   8              		.eabi_attribute 25, 1
   9              		.eabi_attribute 26, 1
  10              		.eabi_attribute 30, 2
  11              		.eabi_attribute 34, 1
  12              		.eabi_attribute 18, 4
  13              		.thumb
  14              		.file	"adc.c"
  15              		.text
  16              	.Ltext0:
  17              		.cfi_sections	.debug_frame
  18              	.Letext0:
  19              		.file 1 "/usr/arm-none-eabi/include/machine/_default_types.h"
  20              		.file 2 "/usr/arm-none-eabi/include/stdint.h"
  21              		.file 3 "/home/austin/git/personal/school/motor_control/chibios/os/ports/common/ARMCMx/CMSIS/inclu
  22              		.section	.debug_info,"",%progbits
  23              	.Ldebug_info0:
  24 0000 98000000 		.4byte	0x98
  25 0004 0400     		.2byte	0x4
  26 0006 00000000 		.4byte	.Ldebug_abbrev0
  27 000a 04       		.byte	0x4
  28 000b 01       		.uleb128 0x1
  29 000c 57000000 		.4byte	.LASF14
  30 0010 01       		.byte	0x1
  31 0011 5D010000 		.4byte	.LASF15
  32 0015 00000000 		.4byte	.Ldebug_line0
  33 0019 02       		.uleb128 0x2
  34 001a 04       		.byte	0x4
  35 001b 05       		.byte	0x5
  36 001c 696E7400 		.ascii	"int\000"
  37 0020 03       		.uleb128 0x3
  38 0021 04       		.byte	0x4
  39 0022 07       		.byte	0x7
  40 0023 21000000 		.4byte	.LASF0
  41 0027 03       		.uleb128 0x3
  42 0028 01       		.byte	0x1
  43 0029 06       		.byte	0x6
  44 002a A5010000 		.4byte	.LASF1
  45 002e 03       		.uleb128 0x3
  46 002f 01       		.byte	0x1
  47 0030 08       		.byte	0x8
  48 0031 31010000 		.4byte	.LASF2
  49 0035 03       		.uleb128 0x3
  50 0036 02       		.byte	0x2
  51 0037 05       		.byte	0x5
  52 0038 4D010000 		.4byte	.LASF3
  53 003c 03       		.uleb128 0x3
  54 003d 02       		.byte	0x2
  55 003e 07       		.byte	0x7
  56 003f 0E000000 		.4byte	.LASF4
  57 0043 04       		.uleb128 0x4
ARM GAS  /tmp/cccZxGJn.s 			page 2


  58 0044 B1010000 		.4byte	.LASF9
  59 0048 01       		.byte	0x1
  60 0049 3F       		.byte	0x3f
  61 004a 4E000000 		.4byte	0x4e
  62 004e 03       		.uleb128 0x3
  63 004f 04       		.byte	0x4
  64 0050 05       		.byte	0x5
  65 0051 44010000 		.4byte	.LASF5
  66 0055 03       		.uleb128 0x3
  67 0056 04       		.byte	0x4
  68 0057 07       		.byte	0x7
  69 0058 2E000000 		.4byte	.LASF6
  70 005c 03       		.uleb128 0x3
  71 005d 08       		.byte	0x8
  72 005e 05       		.byte	0x5
  73 005f 00000000 		.4byte	.LASF7
  74 0063 03       		.uleb128 0x3
  75 0064 08       		.byte	0x8
  76 0065 07       		.byte	0x7
  77 0066 40000000 		.4byte	.LASF8
  78 006a 04       		.uleb128 0x4
  79 006b C8010000 		.4byte	.LASF10
  80 006f 02       		.byte	0x2
  81 0070 2C       		.byte	0x2c
  82 0071 43000000 		.4byte	0x43
  83 0075 03       		.uleb128 0x3
  84 0076 01       		.byte	0x1
  85 0077 02       		.byte	0x2
  86 0078 57010000 		.4byte	.LASF11
  87 007c 03       		.uleb128 0x3
  88 007d 04       		.byte	0x4
  89 007e 07       		.byte	0x7
  90 007f D0010000 		.4byte	.LASF12
  91 0083 03       		.uleb128 0x3
  92 0084 01       		.byte	0x1
  93 0085 08       		.byte	0x8
  94 0086 3F010000 		.4byte	.LASF13
  95 008a 05       		.uleb128 0x5
  96 008b 6A000000 		.4byte	0x6a
  97 008f 06       		.uleb128 0x6
  98 0090 BB010000 		.4byte	.LASF16
  99 0094 03       		.byte	0x3
 100 0095 9806     		.2byte	0x698
 101 0097 8A000000 		.4byte	0x8a
 102 009b 00       		.byte	0
 103              		.section	.debug_abbrev,"",%progbits
 104              	.Ldebug_abbrev0:
 105 0000 01       		.uleb128 0x1
 106 0001 11       		.uleb128 0x11
 107 0002 01       		.byte	0x1
 108 0003 25       		.uleb128 0x25
 109 0004 0E       		.uleb128 0xe
 110 0005 13       		.uleb128 0x13
 111 0006 0B       		.uleb128 0xb
 112 0007 03       		.uleb128 0x3
 113 0008 0E       		.uleb128 0xe
 114 0009 10       		.uleb128 0x10
ARM GAS  /tmp/cccZxGJn.s 			page 3


 115 000a 17       		.uleb128 0x17
 116 000b 00       		.byte	0
 117 000c 00       		.byte	0
 118 000d 02       		.uleb128 0x2
 119 000e 24       		.uleb128 0x24
 120 000f 00       		.byte	0
 121 0010 0B       		.uleb128 0xb
 122 0011 0B       		.uleb128 0xb
 123 0012 3E       		.uleb128 0x3e
 124 0013 0B       		.uleb128 0xb
 125 0014 03       		.uleb128 0x3
 126 0015 08       		.uleb128 0x8
 127 0016 00       		.byte	0
 128 0017 00       		.byte	0
 129 0018 03       		.uleb128 0x3
 130 0019 24       		.uleb128 0x24
 131 001a 00       		.byte	0
 132 001b 0B       		.uleb128 0xb
 133 001c 0B       		.uleb128 0xb
 134 001d 3E       		.uleb128 0x3e
 135 001e 0B       		.uleb128 0xb
 136 001f 03       		.uleb128 0x3
 137 0020 0E       		.uleb128 0xe
 138 0021 00       		.byte	0
 139 0022 00       		.byte	0
 140 0023 04       		.uleb128 0x4
 141 0024 16       		.uleb128 0x16
 142 0025 00       		.byte	0
 143 0026 03       		.uleb128 0x3
 144 0027 0E       		.uleb128 0xe
 145 0028 3A       		.uleb128 0x3a
 146 0029 0B       		.uleb128 0xb
 147 002a 3B       		.uleb128 0x3b
 148 002b 0B       		.uleb128 0xb
 149 002c 49       		.uleb128 0x49
 150 002d 13       		.uleb128 0x13
 151 002e 00       		.byte	0
 152 002f 00       		.byte	0
 153 0030 05       		.uleb128 0x5
 154 0031 35       		.uleb128 0x35
 155 0032 00       		.byte	0
 156 0033 49       		.uleb128 0x49
 157 0034 13       		.uleb128 0x13
 158 0035 00       		.byte	0
 159 0036 00       		.byte	0
 160 0037 06       		.uleb128 0x6
 161 0038 34       		.uleb128 0x34
 162 0039 00       		.byte	0
 163 003a 03       		.uleb128 0x3
 164 003b 0E       		.uleb128 0xe
 165 003c 3A       		.uleb128 0x3a
 166 003d 0B       		.uleb128 0xb
 167 003e 3B       		.uleb128 0x3b
 168 003f 05       		.uleb128 0x5
 169 0040 49       		.uleb128 0x49
 170 0041 13       		.uleb128 0x13
 171 0042 3F       		.uleb128 0x3f
ARM GAS  /tmp/cccZxGJn.s 			page 4


 172 0043 19       		.uleb128 0x19
 173 0044 3C       		.uleb128 0x3c
 174 0045 19       		.uleb128 0x19
 175 0046 00       		.byte	0
 176 0047 00       		.byte	0
 177 0048 00       		.byte	0
 178              		.section	.debug_aranges,"",%progbits
 179 0000 14000000 		.4byte	0x14
 180 0004 0200     		.2byte	0x2
 181 0006 00000000 		.4byte	.Ldebug_info0
 182 000a 04       		.byte	0x4
 183 000b 00       		.byte	0
 184 000c 0000     		.2byte	0
 185 000e 0000     		.2byte	0
 186 0010 00000000 		.4byte	0
 187 0014 00000000 		.4byte	0
 188              		.section	.debug_line,"",%progbits
 189              	.Ldebug_line0:
 190 0000 E1000000 		.section	.debug_str,"MS",%progbits,1
 190      0200DB00 
 190      00000201 
 190      FB0E0D00 
 190      01010101 
 191              	.LASF7:
 192 0000 6C6F6E67 		.ascii	"long long int\000"
 192      206C6F6E 
 192      6720696E 
 192      7400
 193              	.LASF4:
 194 000e 73686F72 		.ascii	"short unsigned int\000"
 194      7420756E 
 194      7369676E 
 194      65642069 
 194      6E7400
 195              	.LASF0:
 196 0021 756E7369 		.ascii	"unsigned int\000"
 196      676E6564 
 196      20696E74 
 196      00
 197              	.LASF6:
 198 002e 6C6F6E67 		.ascii	"long unsigned int\000"
 198      20756E73 
 198      69676E65 
 198      6420696E 
 198      7400
 199              	.LASF8:
 200 0040 6C6F6E67 		.ascii	"long long unsigned int\000"
 200      206C6F6E 
 200      6720756E 
 200      7369676E 
 200      65642069 
 201              	.LASF14:
 202 0057 474E5520 		.ascii	"GNU C 4.9.3 20141119 (release) [ARM/embedded-4_9-br"
 202      4320342E 
 202      392E3320 
 202      32303134 
 202      31313139 
ARM GAS  /tmp/cccZxGJn.s 			page 5


 203 008a 616E6368 		.ascii	"anch revision 218278] -mcpu=cortex-m4 -mno-thumb-in"
 203      20726576 
 203      6973696F 
 203      6E203231 
 203      38323738 
 204 00bd 74657277 		.ascii	"terwork -mthumb -ggdb -O2 -fomit-frame-pointer -fal"
 204      6F726B20 
 204      2D6D7468 
 204      756D6220 
 204      2D676764 
 205 00f0 69676E2D 		.ascii	"ign-functions=16 -ffunction-sections -fdata-section"
 205      66756E63 
 205      74696F6E 
 205      733D3136 
 205      202D6666 
 206 0123 73202D66 		.ascii	"s -fno-common\000"
 206      6E6F2D63 
 206      6F6D6D6F 
 206      6E00
 207              	.LASF2:
 208 0131 756E7369 		.ascii	"unsigned char\000"
 208      676E6564 
 208      20636861 
 208      7200
 209              	.LASF13:
 210 013f 63686172 		.ascii	"char\000"
 210      00
 211              	.LASF5:
 212 0144 6C6F6E67 		.ascii	"long int\000"
 212      20696E74 
 212      00
 213              	.LASF3:
 214 014d 73686F72 		.ascii	"short int\000"
 214      7420696E 
 214      7400
 215              	.LASF11:
 216 0157 5F426F6F 		.ascii	"_Bool\000"
 216      6C00
 217              	.LASF15:
 218 015d 2F686F6D 		.ascii	"/home/austin/git/personal/school/motor_control/chib"
 218      652F6175 
 218      7374696E 
 218      2F676974 
 218      2F706572 
 219 0190 696F732F 		.ascii	"ios/os/hal/src/adc.c\000"
 219      6F732F68 
 219      616C2F73 
 219      72632F61 
 219      64632E63 
 220              	.LASF1:
 221 01a5 7369676E 		.ascii	"signed char\000"
 221      65642063 
 221      68617200 
 222              	.LASF9:
 223 01b1 5F5F696E 		.ascii	"__int32_t\000"
 223      7433325F 
 223      7400
ARM GAS  /tmp/cccZxGJn.s 			page 6


 224              	.LASF16:
 225 01bb 49544D5F 		.ascii	"ITM_RxBuffer\000"
 225      52784275 
 225      66666572 
 225      00
 226              	.LASF10:
 227 01c8 696E7433 		.ascii	"int32_t\000"
 227      325F7400 
 228              	.LASF12:
 229 01d0 73697A65 		.ascii	"sizetype\000"
 229      74797065 
 229      00
 230              		.ident	"GCC: (GNU Tools for ARM Embedded Processors) 4.9.3 20141119 (release) [ARM/embedded-4_9-br
ARM GAS  /tmp/cccZxGJn.s 			page 7


DEFINED SYMBOLS
                            *ABS*:0000000000000000 adc.c

NO UNDEFINED SYMBOLS
