ARM GAS  /tmp/ccdZx2fD.s 			page 1


   1              		.syntax unified
   2              		.cpu cortex-m4
   3              		.fpu softvfp
   4              		.eabi_attribute 20, 1
   5              		.eabi_attribute 21, 1
   6              		.eabi_attribute 23, 3
   7              		.eabi_attribute 24, 1
   8              		.eabi_attribute 25, 1
   9              		.eabi_attribute 26, 1
  10              		.eabi_attribute 30, 2
  11              		.eabi_attribute 34, 1
  12              		.eabi_attribute 18, 4
  13              		.thumb
  14              		.file	"chcore_v7m.c"
  15              		.text
  16              	.Ltext0:
  17              		.cfi_sections	.debug_frame
  18              		.section	.text._port_switch_from_isr,"ax",%progbits
  19              		.align	2
  20              		.p2align 4,,15
  21              		.global	_port_switch_from_isr
  22              		.thumb
  23              		.thumb_func
  24              		.type	_port_switch_from_isr, %function
  25              	_port_switch_from_isr:
  26              	.LFB11:
  27              		.file 1 "/home/austin/git/personal/school/motor_control/chibios/os/ports/GCC/ARMCMx/chcore_v7m.c"
  28              		.loc 1 200 0
  29              		.cfi_startproc
  30              		@ Naked Function: prologue and epilogue provided by programmer.
  31              		@ args = 0, pretend = 0, frame = 0
  32              		@ frame_needed = 0, uses_anonymous_args = 0
  33              		.loc 1 203 0
  34 0000 FFF7FEFF 		bl	chSchDoReschedule
  35              	.LVL0:
  36              		.loc 1 205 0
  37              	@ 205 "/home/austin/git/personal/school/motor_control/chibios/os/ports/GCC/ARMCMx/chcore_v7m.c" 1
  38              		_port_exit_from_isr:
  39              	@ 0 "" 2
  40              		.loc 1 207 0
  41              	@ 207 "/home/austin/git/personal/school/motor_control/chibios/os/ports/GCC/ARMCMx/chcore_v7m.c" 1
  42 0004 00DF     		svc     #0
  43              	@ 0 "" 2
  44              		.loc 1 214 0
  45              		.thumb
  46              		.cfi_endproc
  47              	.LFE11:
  48              		.size	_port_switch_from_isr, .-_port_switch_from_isr
  49 0006 00BFAFF3 		.section	.text.SVCallVector,"ax",%progbits
  49      0080AFF3 
  49      0080
  50              		.align	2
  51              		.p2align 4,,15
  52              		.global	SVCallVector
  53              		.thumb
  54              		.thumb_func
  55              		.type	SVCallVector, %function
ARM GAS  /tmp/ccdZx2fD.s 			page 2


  56              	SVCallVector:
  57              	.LFB8:
  58              		.loc 1 65 0
  59              		.cfi_startproc
  60              		@ args = 0, pretend = 0, frame = 0
  61              		@ frame_needed = 0, uses_anonymous_args = 0
  62              		@ link register save eliminated.
  63              		.loc 1 74 0
  64              	@ 74 "/home/austin/git/personal/school/motor_control/chibios/os/ports/GCC/ARMCMx/chcore_v7m.c" 1
  65 0000 EFF30983 		mrs     r3, PSP
  66              	@ 0 "" 2
  67              	.LVL1:
  68              		.loc 1 78 0
  69              		.thumb
  70 0004 2033     		adds	r3, r3, #32
  71              	.LVL2:
  72              		.loc 1 81 0
  73              	@ 81 "/home/austin/git/personal/school/motor_control/chibios/os/ports/GCC/ARMCMx/chcore_v7m.c" 1
  74 0006 83F30988 		msr     PSP, r3
  75              	@ 0 "" 2
  76              		.thumb
  77              	.LBB5:
  78              		.loc 1 82 0
  79 000a 0023     		movs	r3, #0
  80              	.LVL3:
  81              	@ 82 "/home/austin/git/personal/school/motor_control/chibios/os/ports/GCC/ARMCMx/chcore_v7m.c" 1
  82 000c 83F31188 		msr     BASEPRI, r3
  83              	@ 0 "" 2
  84              		.thumb
  85 0010 7047     		bx	lr
  86              	.LBE5:
  87              		.cfi_endproc
  88              	.LFE8:
  89              		.size	SVCallVector, .-SVCallVector
  90 0012 00BFAFF3 		.section	.text._port_init,"ax",%progbits
  90      0080AFF3 
  90      0080AFF3 
  90      0080
  91              		.align	2
  92              		.p2align 4,,15
  93              		.global	_port_init
  94              		.thumb
  95              		.thumb_func
  96              		.type	_port_init, %function
  97              	_port_init:
  98              	.LFB9:
  99              		.loc 1 120 0
 100              		.cfi_startproc
 101              		@ args = 0, pretend = 0, frame = 0
 102              		@ frame_needed = 0, uses_anonymous_args = 0
 103 0000 08B5     		push	{r3, lr}
 104              		.cfi_def_cfa_offset 8
 105              		.cfi_offset 3, -8
 106              		.cfi_offset 14, -4
 107              		.loc 1 123 0
 108 0002 094B     		ldr	r3, .L5
 109              		.loc 1 124 0
ARM GAS  /tmp/ccdZx2fD.s 			page 3


 110 0004 094A     		ldr	r2, .L5+4
 111              		.loc 1 123 0
 112 0006 0021     		movs	r1, #0
 113 0008 9960     		str	r1, [r3, #8]
 114              		.loc 1 127 0
 115 000a 0720     		movs	r0, #7
 116              		.loc 1 124 0
 117 000c DA60     		str	r2, [r3, #12]
 118              		.loc 1 127 0
 119 000e 1021     		movs	r1, #16
 120 0010 FFF7FEFF 		bl	nvicSetSystemHandlerPriority
 121              	.LVL4:
 122              		.loc 1 129 0
 123 0014 0A20     		movs	r0, #10
 124 0016 2021     		movs	r1, #32
 125 0018 FFF7FEFF 		bl	nvicSetSystemHandlerPriority
 126              	.LVL5:
 127              		.loc 1 131 0
 128 001c 0B20     		movs	r0, #11
 129 001e 8021     		movs	r1, #128
 130              		.loc 1 133 0
 131 0020 BDE80840 		pop	{r3, lr}
 132              		.cfi_restore 14
 133              		.cfi_restore 3
 134              		.cfi_def_cfa_offset 0
 135              		.loc 1 131 0
 136 0024 FFF7FEBF 		b	nvicSetSystemHandlerPriority
 137              	.LVL6:
 138              	.L6:
 139              		.align	2
 140              	.L5:
 141 0028 00ED00E0 		.word	-536810240
 142 002c 0003FA05 		.word	100270848
 143              		.cfi_endproc
 144              	.LFE9:
 145              		.size	_port_init, .-_port_init
 146              		.section	.text._port_irq_epilogue,"ax",%progbits
 147              		.align	2
 148              		.p2align 4,,15
 149              		.global	_port_irq_epilogue
 150              		.thumb
 151              		.thumb_func
 152              		.type	_port_irq_epilogue, %function
 153              	_port_irq_epilogue:
 154              	.LFB10:
 155              		.loc 1 150 0
 156              		.cfi_startproc
 157              		@ args = 0, pretend = 0, frame = 0
 158              		@ frame_needed = 0, uses_anonymous_args = 0
 159              		@ link register save eliminated.
 160              	.LBB14:
 161              		.loc 1 152 0
 162 0000 2023     		movs	r3, #32
 163              	@ 152 "/home/austin/git/personal/school/motor_control/chibios/os/ports/GCC/ARMCMx/chcore_v7m.c" 1
 164 0002 83F31188 		msr     BASEPRI, r3
 165              	@ 0 "" 2
 166              		.thumb
ARM GAS  /tmp/ccdZx2fD.s 			page 4


 167              	.LBE14:
 168              		.loc 1 153 0
 169 0006 174B     		ldr	r3, .L15
 170 0008 5B68     		ldr	r3, [r3, #4]
 171 000a 13F40063 		ands	r3, r3, #2048
 172 000e 19D0     		beq	.L8
 173              	.LBB15:
 174              	.LBB16:
 175              		.loc 1 163 0
 176              	@ 163 "/home/austin/git/personal/school/motor_control/chibios/os/ports/GCC/ARMCMx/chcore_v7m.c" 1
 177 0010 EFF30983 		mrs     r3, PSP
 178              	@ 0 "" 2
 179              	.LVL7:
 180              		.loc 1 168 0
 181              		.thumb
 182 0014 4FF08072 		mov	r2, #16777216
 183 0018 43F8042C 		str	r2, [r3, #-4]
 184              		.loc 1 167 0
 185 001c A3F12002 		sub	r2, r3, #32
 186              	.LVL8:
 187              		.loc 1 172 0
 188              	@ 172 "/home/austin/git/personal/school/motor_control/chibios/os/ports/GCC/ARMCMx/chcore_v7m.c" 1
 189 0020 82F30988 		msr     PSP, r2
 190              	@ 0 "" 2
 191              		.loc 1 176 0
 192              		.thumb
 193 0024 1049     		ldr	r1, .L15+4
 194 0026 8A69     		ldr	r2, [r1, #24]
 195              	.LVL9:
 196 0028 D07F     		ldrb	r0, [r2, #31]	@ zero_extendqisi2
 197 002a 70B1     		cbz	r0, .L9
 198 002c 0868     		ldr	r0, [r1]
 199 002e 9168     		ldr	r1, [r2, #8]
 200 0030 8268     		ldr	r2, [r0, #8]
 201 0032 8A42     		cmp	r2, r1
 202 0034 94BF     		ite	ls
 203 0036 0022     		movls	r2, #0
 204 0038 0122     		movhi	r2, #1
 205 003a 7AB1     		cbz	r2, .L11
 206              	.L14:
 207              		.loc 1 178 0
 208 003c 0B4A     		ldr	r2, .L15+8
 209 003e 43F8082C 		str	r2, [r3, #-8]
 210 0042 7047     		bx	lr
 211              	.LVL10:
 212              	.L8:
 213              	.LBE16:
 214              	.LBE15:
 215              	.LBB18:
 216              		.loc 1 190 0
 217              	@ 190 "/home/austin/git/personal/school/motor_control/chibios/os/ports/GCC/ARMCMx/chcore_v7m.c" 1
 218 0044 83F31188 		msr     BASEPRI, r3
 219              	@ 0 "" 2
 220              		.thumb
 221 0048 7047     		bx	lr
 222              	.LVL11:
 223              	.L9:
ARM GAS  /tmp/ccdZx2fD.s 			page 5


 224              	.LBE18:
 225              	.LBB19:
 226              	.LBB17:
 227              		.loc 1 176 0
 228 004a 0868     		ldr	r0, [r1]
 229 004c 9168     		ldr	r1, [r2, #8]
 230 004e 8268     		ldr	r2, [r0, #8]
 231 0050 8A42     		cmp	r2, r1
 232 0052 34BF     		ite	cc
 233 0054 0022     		movcc	r2, #0
 234 0056 0122     		movcs	r2, #1
 235 0058 002A     		cmp	r2, #0
 236 005a EFD1     		bne	.L14
 237              	.L11:
 238              		.loc 1 183 0
 239 005c 044A     		ldr	r2, .L15+12
 240 005e 43F8082C 		str	r2, [r3, #-8]
 241 0062 7047     		bx	lr
 242              	.L16:
 243              		.align	2
 244              	.L15:
 245 0064 00ED00E0 		.word	-536810240
 246 0068 00000000 		.word	rlist
 247 006c 00000000 		.word	_port_switch_from_isr
 248 0070 04000000 		.word	_port_exit_from_isr
 249              	.LBE17:
 250              	.LBE19:
 251              		.cfi_endproc
 252              	.LFE10:
 253              		.size	_port_irq_epilogue, .-_port_irq_epilogue
 254 0074 AFF30080 		.section	.text.SysTickVector,"ax",%progbits
 254      AFF30080 
 254      AFF30080 
 255              		.align	2
 256              		.p2align 4,,15
 257              		.global	SysTickVector
 258              		.thumb
 259              		.thumb_func
 260              		.type	SysTickVector, %function
 261              	SysTickVector:
 262              	.LFB7:
 263              		.loc 1 47 0
 264              		.cfi_startproc
 265              		@ args = 0, pretend = 0, frame = 0
 266              		@ frame_needed = 0, uses_anonymous_args = 0
 267 0000 08B5     		push	{r3, lr}
 268              		.cfi_def_cfa_offset 8
 269              		.cfi_offset 3, -8
 270              		.cfi_offset 14, -4
 271              	.LBB20:
 272              		.loc 1 51 0
 273 0002 2023     		movs	r3, #32
 274              	@ 51 "/home/austin/git/personal/school/motor_control/chibios/os/ports/GCC/ARMCMx/chcore_v7m.c" 1
 275 0004 83F31188 		msr     BASEPRI, r3
 276              	@ 0 "" 2
 277              		.thumb
 278              	.LBE20:
ARM GAS  /tmp/ccdZx2fD.s 			page 6


 279              		.loc 1 52 0
 280 0008 FFF7FEFF 		bl	chSysTimerHandlerI
 281              	.LVL12:
 282              	.LBB21:
 283              		.loc 1 53 0
 284 000c 0023     		movs	r3, #0
 285              	@ 53 "/home/austin/git/personal/school/motor_control/chibios/os/ports/GCC/ARMCMx/chcore_v7m.c" 1
 286 000e 83F31188 		msr     BASEPRI, r3
 287              	@ 0 "" 2
 288              		.thumb
 289              	.LBE21:
 290              		.loc 1 56 0
 291 0012 BDE80840 		pop	{r3, lr}
 292              		.cfi_restore 14
 293              		.cfi_restore 3
 294              		.cfi_def_cfa_offset 0
 295              		.loc 1 55 0
 296 0016 FFF7FEBF 		b	_port_irq_epilogue
 297              	.LVL13:
 298              		.cfi_endproc
 299              	.LFE7:
 300              		.size	SysTickVector, .-SysTickVector
 301 001a 00BFAFF3 		.section	.text._port_switch,"ax",%progbits
 301      0080
 302              		.align	2
 303              		.p2align 4,,15
 304              		.global	_port_switch
 305              		.thumb
 306              		.thumb_func
 307              		.type	_port_switch, %function
 308              	_port_switch:
 309              	.LFB12:
 310              		.loc 1 229 0
 311              		.cfi_startproc
 312              		@ Naked Function: prologue and epilogue provided by programmer.
 313              		@ args = 0, pretend = 0, frame = 0
 314              		@ frame_needed = 0, uses_anonymous_args = 0
 315              	.LVL14:
 316              		.loc 1 231 0
 317              	@ 231 "/home/austin/git/personal/school/motor_control/chibios/os/ports/GCC/ARMCMx/chcore_v7m.c" 1
 318 0000 2DE9F04F 		push    {r4, r5, r6, r7, r8, r9, r10, r11, lr}
 319              	@ 0 "" 2
 320              		.loc 1 237 0
 321              	@ 237 "/home/austin/git/personal/school/motor_control/chibios/os/ports/GCC/ARMCMx/chcore_v7m.c" 1
 322 0004 C1F80CD0 		str     sp, [r1, #12]                          
 323 0008 D0F80CD0 		ldr     sp, [r0, #12]
 324              	@ 0 "" 2
 325              		.loc 1 243 0
 326              	@ 243 "/home/austin/git/personal/school/motor_control/chibios/os/ports/GCC/ARMCMx/chcore_v7m.c" 1
 327 000c BDE8F08F 		pop     {r4, r5, r6, r7, r8, r9, r10, r11, pc}
 328              	@ 0 "" 2
 329              		.loc 1 245 0
 330              		.thumb
 331              		.cfi_endproc
 332              	.LFE12:
 333              		.size	_port_switch, .-_port_switch
 334              		.section	.text._port_thread_start,"ax",%progbits
ARM GAS  /tmp/ccdZx2fD.s 			page 7


 335              		.align	2
 336              		.p2align 4,,15
 337              		.global	_port_thread_start
 338              		.thumb
 339              		.thumb_func
 340              		.type	_port_thread_start, %function
 341              	_port_thread_start:
 342              	.LFB13:
 343              		.loc 1 252 0
 344              		.cfi_startproc
 345              		@ args = 0, pretend = 0, frame = 0
 346              		@ frame_needed = 0, uses_anonymous_args = 0
 347              		@ link register save eliminated.
 348              	.LBB22:
 349              		.loc 1 254 0
 350 0000 0023     		movs	r3, #0
 351              	@ 254 "/home/austin/git/personal/school/motor_control/chibios/os/ports/GCC/ARMCMx/chcore_v7m.c" 1
 352 0002 83F31188 		msr     BASEPRI, r3
 353              	@ 0 "" 2
 354              		.thumb
 355              	.LBE22:
 356              		.loc 1 255 0
 357              	@ 255 "/home/austin/git/personal/school/motor_control/chibios/os/ports/GCC/ARMCMx/chcore_v7m.c" 1
 358 0006 2846     		mov     r0, r5                                 
 359 0008 A047     		blx     r4                                     
 360 000a FFF7FEFF 		bl      chThdExit
 361              	@ 0 "" 2
 362              		.thumb
 363 000e 7047     		bx	lr
 364              		.cfi_endproc
 365              	.LFE13:
 366              		.size	_port_thread_start, .-_port_thread_start
 367              		.text
 368              	.Letext0:
 369              		.file 2 "/usr/arm-none-eabi/include/machine/_default_types.h"
 370              		.file 3 "/usr/arm-none-eabi/include/stdint.h"
 371              		.file 4 "/home/austin/git/personal/school/motor_control/chibios/os/ports/GCC/ARMCMx/chtypes.h"
 372              		.file 5 "/home/austin/git/personal/school/motor_control/chibios/os/kernel/include/chlists.h"
 373              		.file 6 "/home/austin/git/personal/school/motor_control/chibios/os/kernel/include/chthreads.h"
 374              		.file 7 "/home/austin/git/personal/school/motor_control/chibios/os/ports/GCC/ARMCMx/chcore_v7m.h"
 375              		.file 8 "/home/austin/git/personal/school/motor_control/chibios/os/ports/common/ARMCMx/nvic.h"
 376              		.file 9 "/home/austin/git/personal/school/motor_control/chibios/os/kernel/include/chschd.h"
 377              		.file 10 "/home/austin/git/personal/school/motor_control/chibios/os/kernel/include/chmtx.h"
 378              		.file 11 "/home/austin/git/personal/school/motor_control/chibios/os/kernel/include/chsys.h"
 379              		.section	.debug_info,"",%progbits
 380              	.Ldebug_info0:
 381 0000 12080000 		.4byte	0x812
 382 0004 0400     		.2byte	0x4
 383 0006 00000000 		.4byte	.Ldebug_abbrev0
 384 000a 04       		.byte	0x4
 385 000b 01       		.uleb128 0x1
 386 000c F0010000 		.4byte	.LASF97
 387 0010 01       		.byte	0x1
 388 0011 EE030000 		.4byte	.LASF98
 389 0015 18000000 		.4byte	.Ldebug_ranges0+0x18
 390 0019 00000000 		.4byte	0
 391 001d 00000000 		.4byte	.Ldebug_line0
ARM GAS  /tmp/ccdZx2fD.s 			page 8


 392 0021 02       		.uleb128 0x2
 393 0022 04       		.byte	0x4
 394 0023 05       		.byte	0x5
 395 0024 696E7400 		.ascii	"int\000"
 396 0028 03       		.uleb128 0x3
 397 0029 04       		.byte	0x4
 398 002a 07       		.byte	0x7
 399 002b 23010000 		.4byte	.LASF0
 400 002f 03       		.uleb128 0x3
 401 0030 01       		.byte	0x1
 402 0031 06       		.byte	0x6
 403 0032 7B000000 		.4byte	.LASF1
 404 0036 04       		.uleb128 0x4
 405 0037 0D000000 		.4byte	.LASF5
 406 003b 02       		.byte	0x2
 407 003c 1D       		.byte	0x1d
 408 003d 41000000 		.4byte	0x41
 409 0041 03       		.uleb128 0x3
 410 0042 01       		.byte	0x1
 411 0043 08       		.byte	0x8
 412 0044 2F030000 		.4byte	.LASF2
 413 0048 03       		.uleb128 0x3
 414 0049 02       		.byte	0x2
 415 004a 05       		.byte	0x5
 416 004b 4D030000 		.4byte	.LASF3
 417 004f 03       		.uleb128 0x3
 418 0050 02       		.byte	0x2
 419 0051 07       		.byte	0x7
 420 0052 80010000 		.4byte	.LASF4
 421 0056 04       		.uleb128 0x4
 422 0057 E4030000 		.4byte	.LASF6
 423 005b 02       		.byte	0x2
 424 005c 3F       		.byte	0x3f
 425 005d 61000000 		.4byte	0x61
 426 0061 03       		.uleb128 0x3
 427 0062 04       		.byte	0x4
 428 0063 05       		.byte	0x5
 429 0064 A1000000 		.4byte	.LASF7
 430 0068 04       		.uleb128 0x4
 431 0069 E0000000 		.4byte	.LASF8
 432 006d 02       		.byte	0x2
 433 006e 41       		.byte	0x41
 434 006f 73000000 		.4byte	0x73
 435 0073 03       		.uleb128 0x3
 436 0074 04       		.byte	0x4
 437 0075 07       		.byte	0x7
 438 0076 4B010000 		.4byte	.LASF9
 439 007a 03       		.uleb128 0x3
 440 007b 08       		.byte	0x8
 441 007c 05       		.byte	0x5
 442 007d 6D000000 		.4byte	.LASF10
 443 0081 03       		.uleb128 0x3
 444 0082 08       		.byte	0x8
 445 0083 07       		.byte	0x7
 446 0084 40000000 		.4byte	.LASF11
 447 0088 04       		.uleb128 0x4
 448 0089 80040000 		.4byte	.LASF12
ARM GAS  /tmp/ccdZx2fD.s 			page 9


 449 008d 03       		.byte	0x3
 450 008e 15       		.byte	0x15
 451 008f 36000000 		.4byte	0x36
 452 0093 04       		.uleb128 0x4
 453 0094 27030000 		.4byte	.LASF13
 454 0098 03       		.byte	0x3
 455 0099 2C       		.byte	0x2c
 456 009a 56000000 		.4byte	0x56
 457 009e 04       		.uleb128 0x4
 458 009f 9D030000 		.4byte	.LASF14
 459 00a3 03       		.byte	0x3
 460 00a4 2D       		.byte	0x2d
 461 00a5 68000000 		.4byte	0x68
 462 00a9 03       		.uleb128 0x3
 463 00aa 01       		.byte	0x1
 464 00ab 02       		.byte	0x2
 465 00ac 21030000 		.4byte	.LASF15
 466 00b0 04       		.uleb128 0x4
 467 00b1 CA010000 		.4byte	.LASF16
 468 00b5 04       		.byte	0x4
 469 00b6 2C       		.byte	0x2c
 470 00b7 88000000 		.4byte	0x88
 471 00bb 04       		.uleb128 0x4
 472 00bc B7000000 		.4byte	.LASF17
 473 00c0 04       		.byte	0x4
 474 00c1 2D       		.byte	0x2d
 475 00c2 88000000 		.4byte	0x88
 476 00c6 04       		.uleb128 0x4
 477 00c7 05030000 		.4byte	.LASF18
 478 00cb 04       		.byte	0x4
 479 00cc 2E       		.byte	0x2e
 480 00cd 88000000 		.4byte	0x88
 481 00d1 04       		.uleb128 0x4
 482 00d2 97000000 		.4byte	.LASF19
 483 00d6 04       		.byte	0x4
 484 00d7 2F       		.byte	0x2f
 485 00d8 88000000 		.4byte	0x88
 486 00dc 04       		.uleb128 0x4
 487 00dd 19030000 		.4byte	.LASF20
 488 00e1 04       		.byte	0x4
 489 00e2 30       		.byte	0x30
 490 00e3 9E000000 		.4byte	0x9e
 491 00e7 04       		.uleb128 0x4
 492 00e8 98010000 		.4byte	.LASF21
 493 00ec 04       		.byte	0x4
 494 00ed 31       		.byte	0x31
 495 00ee 93000000 		.4byte	0x93
 496 00f2 04       		.uleb128 0x4
 497 00f3 DE010000 		.4byte	.LASF22
 498 00f7 04       		.byte	0x4
 499 00f8 33       		.byte	0x33
 500 00f9 9E000000 		.4byte	0x9e
 501 00fd 04       		.uleb128 0x4
 502 00fe CF030000 		.4byte	.LASF23
 503 0102 04       		.byte	0x4
 504 0103 35       		.byte	0x35
 505 0104 9E000000 		.4byte	0x9e
ARM GAS  /tmp/ccdZx2fD.s 			page 10


 506 0108 04       		.uleb128 0x4
 507 0109 8B030000 		.4byte	.LASF24
 508 010d 05       		.byte	0x5
 509 010e 2A       		.byte	0x2a
 510 010f 13010000 		.4byte	0x113
 511 0113 05       		.uleb128 0x5
 512 0114 8B030000 		.4byte	.LASF24
 513 0118 48       		.byte	0x48
 514 0119 06       		.byte	0x6
 515 011a 5E       		.byte	0x5e
 516 011b 10020000 		.4byte	0x210
 517 011f 06       		.uleb128 0x6
 518 0120 7C030000 		.4byte	.LASF25
 519 0124 06       		.byte	0x6
 520 0125 5F       		.byte	0x5f
 521 0126 31020000 		.4byte	0x231
 522 012a 00       		.byte	0
 523 012b 06       		.uleb128 0x6
 524 012c 12030000 		.4byte	.LASF26
 525 0130 06       		.byte	0x6
 526 0131 61       		.byte	0x61
 527 0132 31020000 		.4byte	0x231
 528 0136 04       		.byte	0x4
 529 0137 06       		.uleb128 0x6
 530 0138 66000000 		.4byte	.LASF27
 531 013c 06       		.byte	0x6
 532 013d 63       		.byte	0x63
 533 013e DC000000 		.4byte	0xdc
 534 0142 08       		.byte	0x8
 535 0143 06       		.uleb128 0x6
 536 0144 B4040000 		.4byte	.LASF28
 537 0148 06       		.byte	0x6
 538 0149 64       		.byte	0x64
 539 014a 53030000 		.4byte	0x353
 540 014e 0C       		.byte	0xc
 541 014f 06       		.uleb128 0x6
 542 0150 D3000000 		.4byte	.LASF29
 543 0154 06       		.byte	0x6
 544 0155 66       		.byte	0x66
 545 0156 31020000 		.4byte	0x231
 546 015a 10       		.byte	0x10
 547 015b 06       		.uleb128 0x6
 548 015c D8020000 		.4byte	.LASF30
 549 0160 06       		.byte	0x6
 550 0161 67       		.byte	0x67
 551 0162 31020000 		.4byte	0x231
 552 0166 14       		.byte	0x14
 553 0167 06       		.uleb128 0x6
 554 0168 9A040000 		.4byte	.LASF31
 555 016c 06       		.byte	0x6
 556 016d 6E       		.byte	0x6e
 557 016e CC050000 		.4byte	0x5cc
 558 0172 18       		.byte	0x18
 559 0173 06       		.uleb128 0x6
 560 0174 57030000 		.4byte	.LASF32
 561 0178 06       		.byte	0x6
 562 0179 79       		.byte	0x79
ARM GAS  /tmp/ccdZx2fD.s 			page 11


 563 017a BB000000 		.4byte	0xbb
 564 017e 1C       		.byte	0x1c
 565 017f 06       		.uleb128 0x6
 566 0180 83030000 		.4byte	.LASF33
 567 0184 06       		.byte	0x6
 568 0185 7D       		.byte	0x7d
 569 0186 B0000000 		.4byte	0xb0
 570 018a 1D       		.byte	0x1d
 571 018b 06       		.uleb128 0x6
 572 018c 64040000 		.4byte	.LASF34
 573 0190 06       		.byte	0x6
 574 0191 82       		.byte	0x82
 575 0192 C6000000 		.4byte	0xc6
 576 0196 1E       		.byte	0x1e
 577 0197 06       		.uleb128 0x6
 578 0198 5F030000 		.4byte	.LASF35
 579 019c 06       		.byte	0x6
 580 019d 88       		.byte	0x88
 581 019e D1000000 		.4byte	0xd1
 582 01a2 1F       		.byte	0x1f
 583 01a3 06       		.uleb128 0x6
 584 01a4 46040000 		.4byte	.LASF36
 585 01a8 06       		.byte	0x6
 586 01a9 8F       		.byte	0x8f
 587 01aa F4040000 		.4byte	0x4f4
 588 01ae 20       		.byte	0x20
 589 01af 07       		.uleb128 0x7
 590 01b0 705F7500 		.ascii	"p_u\000"
 591 01b4 06       		.byte	0x6
 592 01b5 B4       		.byte	0xb4
 593 01b6 97050000 		.4byte	0x597
 594 01ba 24       		.byte	0x24
 595 01bb 06       		.uleb128 0x6
 596 01bc BA040000 		.4byte	.LASF37
 597 01c0 06       		.byte	0x6
 598 01c1 B9       		.byte	0xb9
 599 01c2 57020000 		.4byte	0x257
 600 01c6 28       		.byte	0x28
 601 01c7 06       		.uleb128 0x6
 602 01c8 59040000 		.4byte	.LASF38
 603 01cc 06       		.byte	0x6
 604 01cd BF       		.byte	0xbf
 605 01ce 37020000 		.4byte	0x237
 606 01d2 2C       		.byte	0x2c
 607 01d3 06       		.uleb128 0x6
 608 01d4 00000000 		.4byte	.LASF39
 609 01d8 06       		.byte	0x6
 610 01d9 C3       		.byte	0xc3
 611 01da E7000000 		.4byte	0xe7
 612 01de 34       		.byte	0x34
 613 01df 06       		.uleb128 0x6
 614 01e0 92030000 		.4byte	.LASF40
 615 01e4 06       		.byte	0x6
 616 01e5 C9       		.byte	0xc9
 617 01e6 F2000000 		.4byte	0xf2
 618 01ea 38       		.byte	0x38
 619 01eb 06       		.uleb128 0x6
ARM GAS  /tmp/ccdZx2fD.s 			page 12


 620 01ec 43030000 		.4byte	.LASF41
 621 01f0 06       		.byte	0x6
 622 01f1 D0       		.byte	0xd0
 623 01f2 DE050000 		.4byte	0x5de
 624 01f6 3C       		.byte	0x3c
 625 01f7 06       		.uleb128 0x6
 626 01f8 D9030000 		.4byte	.LASF42
 627 01fc 06       		.byte	0x6
 628 01fd D4       		.byte	0xd4
 629 01fe DC000000 		.4byte	0xdc
 630 0202 40       		.byte	0x40
 631 0203 06       		.uleb128 0x6
 632 0204 87000000 		.4byte	.LASF43
 633 0208 06       		.byte	0x6
 634 0209 DA       		.byte	0xda
 635 020a 6D020000 		.4byte	0x26d
 636 020e 44       		.byte	0x44
 637 020f 00       		.byte	0
 638 0210 08       		.uleb128 0x8
 639 0211 08       		.byte	0x8
 640 0212 05       		.byte	0x5
 641 0213 61       		.byte	0x61
 642 0214 31020000 		.4byte	0x231
 643 0218 06       		.uleb128 0x6
 644 0219 7C030000 		.4byte	.LASF25
 645 021d 05       		.byte	0x5
 646 021e 62       		.byte	0x62
 647 021f 31020000 		.4byte	0x231
 648 0223 00       		.byte	0
 649 0224 06       		.uleb128 0x6
 650 0225 12030000 		.4byte	.LASF26
 651 0229 05       		.byte	0x5
 652 022a 64       		.byte	0x64
 653 022b 31020000 		.4byte	0x231
 654 022f 04       		.byte	0x4
 655 0230 00       		.byte	0
 656 0231 09       		.uleb128 0x9
 657 0232 04       		.byte	0x4
 658 0233 08010000 		.4byte	0x108
 659 0237 04       		.uleb128 0x4
 660 0238 E6020000 		.4byte	.LASF44
 661 023c 05       		.byte	0x5
 662 023d 66       		.byte	0x66
 663 023e 10020000 		.4byte	0x210
 664 0242 08       		.uleb128 0x8
 665 0243 04       		.byte	0x4
 666 0244 05       		.byte	0x5
 667 0245 6B       		.byte	0x6b
 668 0246 57020000 		.4byte	0x257
 669 024a 06       		.uleb128 0x6
 670 024b 7C030000 		.4byte	.LASF25
 671 024f 05       		.byte	0x5
 672 0250 6D       		.byte	0x6d
 673 0251 31020000 		.4byte	0x231
 674 0255 00       		.byte	0
 675 0256 00       		.byte	0
 676 0257 04       		.uleb128 0x4
ARM GAS  /tmp/ccdZx2fD.s 			page 13


 677 0258 D2010000 		.4byte	.LASF45
 678 025c 05       		.byte	0x5
 679 025d 70       		.byte	0x70
 680 025e 42020000 		.4byte	0x242
 681 0262 04       		.uleb128 0x4
 682 0263 08010000 		.4byte	.LASF46
 683 0267 07       		.byte	0x7
 684 0268 E5       		.byte	0xe5
 685 0269 6D020000 		.4byte	0x26d
 686 026d 0A       		.uleb128 0xa
 687 026e 04       		.byte	0x4
 688 026f 05       		.uleb128 0x5
 689 0270 37010000 		.4byte	.LASF47
 690 0274 20       		.byte	0x20
 691 0275 07       		.byte	0x7
 692 0276 ED       		.byte	0xed
 693 0277 D7020000 		.4byte	0x2d7
 694 027b 07       		.uleb128 0x7
 695 027c 723000   		.ascii	"r0\000"
 696 027f 07       		.byte	0x7
 697 0280 EE       		.byte	0xee
 698 0281 62020000 		.4byte	0x262
 699 0285 00       		.byte	0
 700 0286 07       		.uleb128 0x7
 701 0287 723100   		.ascii	"r1\000"
 702 028a 07       		.byte	0x7
 703 028b EF       		.byte	0xef
 704 028c 62020000 		.4byte	0x262
 705 0290 04       		.byte	0x4
 706 0291 07       		.uleb128 0x7
 707 0292 723200   		.ascii	"r2\000"
 708 0295 07       		.byte	0x7
 709 0296 F0       		.byte	0xf0
 710 0297 62020000 		.4byte	0x262
 711 029b 08       		.byte	0x8
 712 029c 07       		.uleb128 0x7
 713 029d 723300   		.ascii	"r3\000"
 714 02a0 07       		.byte	0x7
 715 02a1 F1       		.byte	0xf1
 716 02a2 62020000 		.4byte	0x262
 717 02a6 0C       		.byte	0xc
 718 02a7 07       		.uleb128 0x7
 719 02a8 72313200 		.ascii	"r12\000"
 720 02ac 07       		.byte	0x7
 721 02ad F2       		.byte	0xf2
 722 02ae 62020000 		.4byte	0x262
 723 02b2 10       		.byte	0x10
 724 02b3 06       		.uleb128 0x6
 725 02b4 30010000 		.4byte	.LASF48
 726 02b8 07       		.byte	0x7
 727 02b9 F3       		.byte	0xf3
 728 02ba 62020000 		.4byte	0x262
 729 02be 14       		.byte	0x14
 730 02bf 07       		.uleb128 0x7
 731 02c0 706300   		.ascii	"pc\000"
 732 02c3 07       		.byte	0x7
 733 02c4 F4       		.byte	0xf4
ARM GAS  /tmp/ccdZx2fD.s 			page 14


 734 02c5 62020000 		.4byte	0x262
 735 02c9 18       		.byte	0x18
 736 02ca 06       		.uleb128 0x6
 737 02cb 69030000 		.4byte	.LASF49
 738 02cf 07       		.byte	0x7
 739 02d0 F5       		.byte	0xf5
 740 02d1 62020000 		.4byte	0x262
 741 02d5 1C       		.byte	0x1c
 742 02d6 00       		.byte	0
 743 02d7 0B       		.uleb128 0xb
 744 02d8 52040000 		.4byte	.LASF50
 745 02dc 24       		.byte	0x24
 746 02dd 07       		.byte	0x7
 747 02de 0C01     		.2byte	0x10c
 748 02e0 53030000 		.4byte	0x353
 749 02e4 0C       		.uleb128 0xc
 750 02e5 723400   		.ascii	"r4\000"
 751 02e8 07       		.byte	0x7
 752 02e9 1F01     		.2byte	0x11f
 753 02eb 62020000 		.4byte	0x262
 754 02ef 00       		.byte	0
 755 02f0 0C       		.uleb128 0xc
 756 02f1 723500   		.ascii	"r5\000"
 757 02f4 07       		.byte	0x7
 758 02f5 2001     		.2byte	0x120
 759 02f7 62020000 		.4byte	0x262
 760 02fb 04       		.byte	0x4
 761 02fc 0C       		.uleb128 0xc
 762 02fd 723600   		.ascii	"r6\000"
 763 0300 07       		.byte	0x7
 764 0301 2101     		.2byte	0x121
 765 0303 62020000 		.4byte	0x262
 766 0307 08       		.byte	0x8
 767 0308 0C       		.uleb128 0xc
 768 0309 723700   		.ascii	"r7\000"
 769 030c 07       		.byte	0x7
 770 030d 2201     		.2byte	0x122
 771 030f 62020000 		.4byte	0x262
 772 0313 0C       		.byte	0xc
 773 0314 0C       		.uleb128 0xc
 774 0315 723800   		.ascii	"r8\000"
 775 0318 07       		.byte	0x7
 776 0319 2301     		.2byte	0x123
 777 031b 62020000 		.4byte	0x262
 778 031f 10       		.byte	0x10
 779 0320 0C       		.uleb128 0xc
 780 0321 723900   		.ascii	"r9\000"
 781 0324 07       		.byte	0x7
 782 0325 2401     		.2byte	0x124
 783 0327 62020000 		.4byte	0x262
 784 032b 14       		.byte	0x14
 785 032c 0C       		.uleb128 0xc
 786 032d 72313000 		.ascii	"r10\000"
 787 0331 07       		.byte	0x7
 788 0332 2501     		.2byte	0x125
 789 0334 62020000 		.4byte	0x262
 790 0338 18       		.byte	0x18
ARM GAS  /tmp/ccdZx2fD.s 			page 15


 791 0339 0C       		.uleb128 0xc
 792 033a 72313100 		.ascii	"r11\000"
 793 033e 07       		.byte	0x7
 794 033f 2601     		.2byte	0x126
 795 0341 62020000 		.4byte	0x262
 796 0345 1C       		.byte	0x1c
 797 0346 0C       		.uleb128 0xc
 798 0347 6C7200   		.ascii	"lr\000"
 799 034a 07       		.byte	0x7
 800 034b 2701     		.2byte	0x127
 801 034d 62020000 		.4byte	0x262
 802 0351 20       		.byte	0x20
 803 0352 00       		.byte	0
 804 0353 0B       		.uleb128 0xb
 805 0354 78010000 		.4byte	.LASF51
 806 0358 04       		.byte	0x4
 807 0359 07       		.byte	0x7
 808 035a 3101     		.2byte	0x131
 809 035c 6E030000 		.4byte	0x36e
 810 0360 0C       		.uleb128 0xc
 811 0361 72313300 		.ascii	"r13\000"
 812 0365 07       		.byte	0x7
 813 0366 3201     		.2byte	0x132
 814 0368 6E030000 		.4byte	0x36e
 815 036c 00       		.byte	0
 816 036d 00       		.byte	0
 817 036e 09       		.uleb128 0x9
 818 036f 04       		.byte	0x4
 819 0370 D7020000 		.4byte	0x2d7
 820 0374 04       		.uleb128 0x4
 821 0375 C0030000 		.4byte	.LASF52
 822 0379 08       		.byte	0x8
 823 037a 3A       		.byte	0x3a
 824 037b 7F030000 		.4byte	0x37f
 825 037f 0D       		.uleb128 0xd
 826 0380 9E000000 		.4byte	0x9e
 827 0384 03       		.uleb128 0x3
 828 0385 04       		.byte	0x4
 829 0386 07       		.byte	0x7
 830 0387 CA020000 		.4byte	.LASF53
 831 038b 08       		.uleb128 0x8
 832 038c 8C       		.byte	0x8c
 833 038d 08       		.byte	0x8
 834 038e 89       		.byte	0x89
 835 038f 90040000 		.4byte	0x490
 836 0393 06       		.uleb128 0x6
 837 0394 60000000 		.4byte	.LASF54
 838 0398 08       		.byte	0x8
 839 0399 8A       		.byte	0x8a
 840 039a 74030000 		.4byte	0x374
 841 039e 00       		.byte	0
 842 039f 06       		.uleb128 0x6
 843 03a0 93010000 		.4byte	.LASF55
 844 03a4 08       		.byte	0x8
 845 03a5 8B       		.byte	0x8b
 846 03a6 74030000 		.4byte	0x374
 847 03aa 04       		.byte	0x4
ARM GAS  /tmp/ccdZx2fD.s 			page 16


 848 03ab 06       		.uleb128 0x6
 849 03ac 5D010000 		.4byte	.LASF56
 850 03b0 08       		.byte	0x8
 851 03b1 8C       		.byte	0x8c
 852 03b2 74030000 		.4byte	0x374
 853 03b6 08       		.byte	0x8
 854 03b7 06       		.uleb128 0x6
 855 03b8 9E010000 		.4byte	.LASF57
 856 03bc 08       		.byte	0x8
 857 03bd 8D       		.byte	0x8d
 858 03be 74030000 		.4byte	0x374
 859 03c2 0C       		.byte	0xc
 860 03c3 07       		.uleb128 0x7
 861 03c4 53435200 		.ascii	"SCR\000"
 862 03c8 08       		.byte	0x8
 863 03c9 8E       		.byte	0x8e
 864 03ca 74030000 		.4byte	0x374
 865 03ce 10       		.byte	0x10
 866 03cf 07       		.uleb128 0x7
 867 03d0 43435200 		.ascii	"CCR\000"
 868 03d4 08       		.byte	0x8
 869 03d5 8F       		.byte	0x8f
 870 03d6 74030000 		.4byte	0x374
 871 03da 14       		.byte	0x14
 872 03db 06       		.uleb128 0x6
 873 03dc 4D040000 		.4byte	.LASF58
 874 03e0 08       		.byte	0x8
 875 03e1 90       		.byte	0x90
 876 03e2 A0040000 		.4byte	0x4a0
 877 03e6 18       		.byte	0x18
 878 03e7 06       		.uleb128 0x6
 879 03e8 3D030000 		.4byte	.LASF59
 880 03ec 08       		.byte	0x8
 881 03ed 91       		.byte	0x91
 882 03ee 74030000 		.4byte	0x374
 883 03f2 24       		.byte	0x24
 884 03f3 06       		.uleb128 0x6
 885 03f4 D3020000 		.4byte	.LASF60
 886 03f8 08       		.byte	0x8
 887 03f9 92       		.byte	0x92
 888 03fa 74030000 		.4byte	0x374
 889 03fe 28       		.byte	0x28
 890 03ff 06       		.uleb128 0x6
 891 0400 A7040000 		.4byte	.LASF61
 892 0404 08       		.byte	0x8
 893 0405 93       		.byte	0x93
 894 0406 74030000 		.4byte	0x374
 895 040a 2C       		.byte	0x2c
 896 040b 06       		.uleb128 0x6
 897 040c A4010000 		.4byte	.LASF62
 898 0410 08       		.byte	0x8
 899 0411 94       		.byte	0x94
 900 0412 74030000 		.4byte	0x374
 901 0416 30       		.byte	0x30
 902 0417 06       		.uleb128 0x6
 903 0418 B1010000 		.4byte	.LASF63
 904 041c 08       		.byte	0x8
ARM GAS  /tmp/ccdZx2fD.s 			page 17


 905 041d 95       		.byte	0x95
 906 041e 74030000 		.4byte	0x374
 907 0422 34       		.byte	0x34
 908 0423 06       		.uleb128 0x6
 909 0424 DB000000 		.4byte	.LASF64
 910 0428 08       		.byte	0x8
 911 0429 96       		.byte	0x96
 912 042a 74030000 		.4byte	0x374
 913 042e 38       		.byte	0x38
 914 042f 06       		.uleb128 0x6
 915 0430 AE030000 		.4byte	.LASF65
 916 0434 08       		.byte	0x8
 917 0435 97       		.byte	0x97
 918 0436 74030000 		.4byte	0x374
 919 043a 3C       		.byte	0x3c
 920 043b 07       		.uleb128 0x7
 921 043c 50465200 		.ascii	"PFR\000"
 922 0440 08       		.byte	0x8
 923 0441 98       		.byte	0x98
 924 0442 B5040000 		.4byte	0x4b5
 925 0446 40       		.byte	0x40
 926 0447 07       		.uleb128 0x7
 927 0448 44465200 		.ascii	"DFR\000"
 928 044c 08       		.byte	0x8
 929 044d 99       		.byte	0x99
 930 044e 74030000 		.4byte	0x374
 931 0452 48       		.byte	0x48
 932 0453 07       		.uleb128 0x7
 933 0454 41445200 		.ascii	"ADR\000"
 934 0458 08       		.byte	0x8
 935 0459 9A       		.byte	0x9a
 936 045a 74030000 		.4byte	0x374
 937 045e 4C       		.byte	0x4c
 938 045f 06       		.uleb128 0x6
 939 0460 75040000 		.4byte	.LASF66
 940 0464 08       		.byte	0x8
 941 0465 9B       		.byte	0x9b
 942 0466 CA040000 		.4byte	0x4ca
 943 046a 50       		.byte	0x50
 944 046b 07       		.uleb128 0x7
 945 046c 53415200 		.ascii	"SAR\000"
 946 0470 08       		.byte	0x8
 947 0471 9C       		.byte	0x9c
 948 0472 DF040000 		.4byte	0x4df
 949 0476 60       		.byte	0x60
 950 0477 06       		.uleb128 0x6
 951 0478 B3030000 		.4byte	.LASF67
 952 047c 08       		.byte	0x8
 953 047d 9D       		.byte	0x9d
 954 047e E4040000 		.4byte	0x4e4
 955 0482 74       		.byte	0x74
 956 0483 06       		.uleb128 0x6
 957 0484 A1040000 		.4byte	.LASF68
 958 0488 08       		.byte	0x8
 959 0489 9E       		.byte	0x9e
 960 048a 74030000 		.4byte	0x374
 961 048e 88       		.byte	0x88
ARM GAS  /tmp/ccdZx2fD.s 			page 18


 962 048f 00       		.byte	0
 963 0490 0E       		.uleb128 0xe
 964 0491 74030000 		.4byte	0x374
 965 0495 A0040000 		.4byte	0x4a0
 966 0499 0F       		.uleb128 0xf
 967 049a 84030000 		.4byte	0x384
 968 049e 02       		.byte	0x2
 969 049f 00       		.byte	0
 970 04a0 0D       		.uleb128 0xd
 971 04a1 90040000 		.4byte	0x490
 972 04a5 0E       		.uleb128 0xe
 973 04a6 74030000 		.4byte	0x374
 974 04aa B5040000 		.4byte	0x4b5
 975 04ae 0F       		.uleb128 0xf
 976 04af 84030000 		.4byte	0x384
 977 04b3 01       		.byte	0x1
 978 04b4 00       		.byte	0
 979 04b5 0D       		.uleb128 0xd
 980 04b6 A5040000 		.4byte	0x4a5
 981 04ba 0E       		.uleb128 0xe
 982 04bb 74030000 		.4byte	0x374
 983 04bf CA040000 		.4byte	0x4ca
 984 04c3 0F       		.uleb128 0xf
 985 04c4 84030000 		.4byte	0x384
 986 04c8 03       		.byte	0x3
 987 04c9 00       		.byte	0
 988 04ca 0D       		.uleb128 0xd
 989 04cb BA040000 		.4byte	0x4ba
 990 04cf 0E       		.uleb128 0xe
 991 04d0 74030000 		.4byte	0x374
 992 04d4 DF040000 		.4byte	0x4df
 993 04d8 0F       		.uleb128 0xf
 994 04d9 84030000 		.4byte	0x384
 995 04dd 04       		.byte	0x4
 996 04de 00       		.byte	0
 997 04df 0D       		.uleb128 0xd
 998 04e0 CF040000 		.4byte	0x4cf
 999 04e4 0D       		.uleb128 0xd
 1000 04e5 CF040000 		.4byte	0x4cf
 1001 04e9 04       		.uleb128 0x4
 1002 04ea 17000000 		.4byte	.LASF69
 1003 04ee 08       		.byte	0x8
 1004 04ef 9F       		.byte	0x9f
 1005 04f0 8B030000 		.4byte	0x38b
 1006 04f4 0D       		.uleb128 0xd
 1007 04f5 FD000000 		.4byte	0xfd
 1008 04f9 08       		.uleb128 0x8
 1009 04fa 1C       		.byte	0x1c
 1010 04fb 09       		.byte	0x9
 1011 04fc 5E       		.byte	0x5e
 1012 04fd 4A050000 		.4byte	0x54a
 1013 0501 06       		.uleb128 0x6
 1014 0502 A6030000 		.4byte	.LASF70
 1015 0506 09       		.byte	0x9
 1016 0507 5F       		.byte	0x5f
 1017 0508 37020000 		.4byte	0x237
 1018 050c 00       		.byte	0
ARM GAS  /tmp/ccdZx2fD.s 			page 19


 1019 050d 06       		.uleb128 0x6
 1020 050e 6E030000 		.4byte	.LASF71
 1021 0512 09       		.byte	0x9
 1022 0513 60       		.byte	0x60
 1023 0514 DC000000 		.4byte	0xdc
 1024 0518 08       		.byte	0x8
 1025 0519 06       		.uleb128 0x6
 1026 051a E0020000 		.4byte	.LASF72
 1027 051e 09       		.byte	0x9
 1028 051f 62       		.byte	0x62
 1029 0520 53030000 		.4byte	0x353
 1030 0524 0C       		.byte	0xc
 1031 0525 06       		.uleb128 0x6
 1032 0526 A9010000 		.4byte	.LASF73
 1033 052a 09       		.byte	0x9
 1034 052b 65       		.byte	0x65
 1035 052c 31020000 		.4byte	0x231
 1036 0530 10       		.byte	0x10
 1037 0531 06       		.uleb128 0x6
 1038 0532 FD020000 		.4byte	.LASF74
 1039 0536 09       		.byte	0x9
 1040 0537 66       		.byte	0x66
 1041 0538 31020000 		.4byte	0x231
 1042 053c 14       		.byte	0x14
 1043 053d 06       		.uleb128 0x6
 1044 053e F3020000 		.4byte	.LASF75
 1045 0542 09       		.byte	0x9
 1046 0543 69       		.byte	0x69
 1047 0544 31020000 		.4byte	0x231
 1048 0548 18       		.byte	0x18
 1049 0549 00       		.byte	0
 1050 054a 04       		.uleb128 0x4
 1051 054b 6B040000 		.4byte	.LASF76
 1052 054f 09       		.byte	0x9
 1053 0550 6B       		.byte	0x6b
 1054 0551 F9040000 		.4byte	0x4f9
 1055 0555 05       		.uleb128 0x5
 1056 0556 EA010000 		.4byte	.LASF77
 1057 055a 10       		.byte	0x10
 1058 055b 0A       		.byte	0xa
 1059 055c 2C       		.byte	0x2c
 1060 055d 86050000 		.4byte	0x586
 1061 0561 06       		.uleb128 0x6
 1062 0562 8F000000 		.4byte	.LASF78
 1063 0566 0A       		.byte	0xa
 1064 0567 2D       		.byte	0x2d
 1065 0568 37020000 		.4byte	0x237
 1066 056c 00       		.byte	0
 1067 056d 06       		.uleb128 0x6
 1068 056e AC040000 		.4byte	.LASF79
 1069 0572 0A       		.byte	0xa
 1070 0573 2F       		.byte	0x2f
 1071 0574 31020000 		.4byte	0x231
 1072 0578 08       		.byte	0x8
 1073 0579 06       		.uleb128 0x6
 1074 057a C8030000 		.4byte	.LASF80
 1075 057e 0A       		.byte	0xa
ARM GAS  /tmp/ccdZx2fD.s 			page 20


 1076 057f 31       		.byte	0x31
 1077 0580 86050000 		.4byte	0x586
 1078 0584 0C       		.byte	0xc
 1079 0585 00       		.byte	0
 1080 0586 09       		.uleb128 0x9
 1081 0587 04       		.byte	0x4
 1082 0588 55050000 		.4byte	0x555
 1083 058c 04       		.uleb128 0x4
 1084 058d EA010000 		.4byte	.LASF77
 1085 0591 0A       		.byte	0xa
 1086 0592 33       		.byte	0x33
 1087 0593 55050000 		.4byte	0x555
 1088 0597 10       		.uleb128 0x10
 1089 0598 04       		.byte	0x4
 1090 0599 06       		.byte	0x6
 1091 059a 96       		.byte	0x96
 1092 059b CC050000 		.4byte	0x5cc
 1093 059f 11       		.uleb128 0x11
 1094 05a0 06000000 		.4byte	.LASF81
 1095 05a4 06       		.byte	0x6
 1096 05a5 9D       		.byte	0x9d
 1097 05a6 E7000000 		.4byte	0xe7
 1098 05aa 11       		.uleb128 0x11
 1099 05ab 57000000 		.4byte	.LASF82
 1100 05af 06       		.byte	0x6
 1101 05b0 A4       		.byte	0xa4
 1102 05b1 E7000000 		.4byte	0xe7
 1103 05b5 11       		.uleb128 0x11
 1104 05b6 93040000 		.4byte	.LASF83
 1105 05ba 06       		.byte	0x6
 1106 05bb AB       		.byte	0xab
 1107 05bc 6D020000 		.4byte	0x26d
 1108 05c0 11       		.uleb128 0x11
 1109 05c1 75030000 		.4byte	.LASF84
 1110 05c5 06       		.byte	0x6
 1111 05c6 B2       		.byte	0xb2
 1112 05c7 F2000000 		.4byte	0xf2
 1113 05cb 00       		.byte	0
 1114 05cc 09       		.uleb128 0x9
 1115 05cd 04       		.byte	0x4
 1116 05ce D2050000 		.4byte	0x5d2
 1117 05d2 12       		.uleb128 0x12
 1118 05d3 D7050000 		.4byte	0x5d7
 1119 05d7 03       		.uleb128 0x3
 1120 05d8 01       		.byte	0x1
 1121 05d9 08       		.byte	0x8
 1122 05da BB030000 		.4byte	.LASF85
 1123 05de 09       		.uleb128 0x9
 1124 05df 04       		.byte	0x4
 1125 05e0 8C050000 		.4byte	0x58c
 1126 05e4 13       		.uleb128 0x13
 1127 05e5 B7010000 		.4byte	.LASF93
 1128 05e9 01       		.byte	0x1
 1129 05ea 96       		.byte	0x96
 1130 05eb 01       		.byte	0x1
 1131 05ec 20060000 		.4byte	0x620
 1132 05f0 14       		.uleb128 0x14
ARM GAS  /tmp/ccdZx2fD.s 			page 21


 1133 05f1 01060000 		.4byte	0x601
 1134 05f5 15       		.uleb128 0x15
 1135 05f6 746D7000 		.ascii	"tmp\000"
 1136 05fa 01       		.byte	0x1
 1137 05fb 98       		.byte	0x98
 1138 05fc 9E000000 		.4byte	0x9e
 1139 0600 00       		.byte	0
 1140 0601 14       		.uleb128 0x14
 1141 0602 12060000 		.4byte	0x612
 1142 0606 16       		.uleb128 0x16
 1143 0607 0D030000 		.4byte	.LASF86
 1144 060b 01       		.byte	0x1
 1145 060c 9A       		.byte	0x9a
 1146 060d 20060000 		.4byte	0x620
 1147 0611 00       		.byte	0
 1148 0612 17       		.uleb128 0x17
 1149 0613 15       		.uleb128 0x15
 1150 0614 746D7000 		.ascii	"tmp\000"
 1151 0618 01       		.byte	0x1
 1152 0619 BE       		.byte	0xbe
 1153 061a 9E000000 		.4byte	0x9e
 1154 061e 00       		.byte	0
 1155 061f 00       		.byte	0
 1156 0620 09       		.uleb128 0x9
 1157 0621 04       		.byte	0x4
 1158 0622 6F020000 		.4byte	0x26f
 1159 0626 18       		.uleb128 0x18
 1160 0627 62010000 		.4byte	.LASF87
 1161 062b 01       		.byte	0x1
 1162 062c C8       		.byte	0xc8
 1163 062d 00000000 		.4byte	.LFB11
 1164 0631 06000000 		.4byte	.LFE11-.LFB11
 1165 0635 01       		.uleb128 0x1
 1166 0636 9C       		.byte	0x9c
 1167 0637 45060000 		.4byte	0x645
 1168 063b 19       		.uleb128 0x19
 1169 063c 04000000 		.4byte	.LVL0
 1170 0640 F0070000 		.4byte	0x7f0
 1171 0644 00       		.byte	0
 1172 0645 18       		.uleb128 0x18
 1173 0646 AA000000 		.4byte	.LASF88
 1174 064a 01       		.byte	0x1
 1175 064b 41       		.byte	0x41
 1176 064c 00000000 		.4byte	.LFB8
 1177 0650 12000000 		.4byte	.LFE8-.LFB8
 1178 0654 01       		.uleb128 0x1
 1179 0655 9C       		.byte	0x9c
 1180 0656 81060000 		.4byte	0x681
 1181 065a 1A       		.uleb128 0x1a
 1182 065b 0D030000 		.4byte	.LASF86
 1183 065f 01       		.byte	0x1
 1184 0660 42       		.byte	0x42
 1185 0661 20060000 		.4byte	0x620
 1186 0665 00000000 		.4byte	.LLST0
 1187 0669 1B       		.uleb128 0x1b
 1188 066a 0A000000 		.4byte	.LBB5
 1189 066e 08000000 		.4byte	.LBE5-.LBB5
ARM GAS  /tmp/ccdZx2fD.s 			page 22


 1190 0672 1C       		.uleb128 0x1c
 1191 0673 746D7000 		.ascii	"tmp\000"
 1192 0677 01       		.byte	0x1
 1193 0678 52       		.byte	0x52
 1194 0679 9E000000 		.4byte	0x9e
 1195 067d 01       		.uleb128 0x1
 1196 067e 53       		.byte	0x53
 1197 067f 00       		.byte	0
 1198 0680 00       		.byte	0
 1199 0681 18       		.uleb128 0x18
 1200 0682 88040000 		.4byte	.LASF89
 1201 0686 01       		.byte	0x1
 1202 0687 78       		.byte	0x78
 1203 0688 00000000 		.4byte	.LFB9
 1204 068c 30000000 		.4byte	.LFE9-.LFB9
 1205 0690 01       		.uleb128 0x1
 1206 0691 9C       		.byte	0x9c
 1207 0692 DD060000 		.4byte	0x6dd
 1208 0696 1D       		.uleb128 0x1d
 1209 0697 14000000 		.4byte	.LVL4
 1210 069b F7070000 		.4byte	0x7f7
 1211 069f AE060000 		.4byte	0x6ae
 1212 06a3 1E       		.uleb128 0x1e
 1213 06a4 01       		.uleb128 0x1
 1214 06a5 51       		.byte	0x51
 1215 06a6 01       		.uleb128 0x1
 1216 06a7 40       		.byte	0x40
 1217 06a8 1E       		.uleb128 0x1e
 1218 06a9 01       		.uleb128 0x1
 1219 06aa 50       		.byte	0x50
 1220 06ab 01       		.uleb128 0x1
 1221 06ac 37       		.byte	0x37
 1222 06ad 00       		.byte	0
 1223 06ae 1D       		.uleb128 0x1d
 1224 06af 1C000000 		.4byte	.LVL5
 1225 06b3 F7070000 		.4byte	0x7f7
 1226 06b7 C7060000 		.4byte	0x6c7
 1227 06bb 1E       		.uleb128 0x1e
 1228 06bc 01       		.uleb128 0x1
 1229 06bd 51       		.byte	0x51
 1230 06be 02       		.uleb128 0x2
 1231 06bf 08       		.byte	0x8
 1232 06c0 20       		.byte	0x20
 1233 06c1 1E       		.uleb128 0x1e
 1234 06c2 01       		.uleb128 0x1
 1235 06c3 50       		.byte	0x50
 1236 06c4 01       		.uleb128 0x1
 1237 06c5 3A       		.byte	0x3a
 1238 06c6 00       		.byte	0
 1239 06c7 1F       		.uleb128 0x1f
 1240 06c8 28000000 		.4byte	.LVL6
 1241 06cc F7070000 		.4byte	0x7f7
 1242 06d0 1E       		.uleb128 0x1e
 1243 06d1 01       		.uleb128 0x1
 1244 06d2 51       		.byte	0x51
 1245 06d3 02       		.uleb128 0x2
 1246 06d4 08       		.byte	0x8
ARM GAS  /tmp/ccdZx2fD.s 			page 23


 1247 06d5 80       		.byte	0x80
 1248 06d6 1E       		.uleb128 0x1e
 1249 06d7 01       		.uleb128 0x1
 1250 06d8 50       		.byte	0x50
 1251 06d9 01       		.uleb128 0x1
 1252 06da 3B       		.byte	0x3b
 1253 06db 00       		.byte	0
 1254 06dc 00       		.byte	0
 1255 06dd 20       		.uleb128 0x20
 1256 06de E4050000 		.4byte	0x5e4
 1257 06e2 00000000 		.4byte	.LFB10
 1258 06e6 74000000 		.4byte	.LFE10-.LFB10
 1259 06ea 01       		.uleb128 0x1
 1260 06eb 9C       		.byte	0x9c
 1261 06ec 2A070000 		.4byte	0x72a
 1262 06f0 21       		.uleb128 0x21
 1263 06f1 00000000 		.4byte	.LBB14
 1264 06f5 06000000 		.4byte	.LBE14-.LBB14
 1265 06f9 05070000 		.4byte	0x705
 1266 06fd 22       		.uleb128 0x22
 1267 06fe F5050000 		.4byte	0x5f5
 1268 0702 01       		.uleb128 0x1
 1269 0703 53       		.byte	0x53
 1270 0704 00       		.byte	0
 1271 0705 23       		.uleb128 0x23
 1272 0706 00000000 		.4byte	.Ldebug_ranges0+0
 1273 070a 18070000 		.4byte	0x718
 1274 070e 24       		.uleb128 0x24
 1275 070f 06060000 		.4byte	0x606
 1276 0713 20000000 		.4byte	.LLST1
 1277 0717 00       		.byte	0
 1278 0718 1B       		.uleb128 0x1b
 1279 0719 44000000 		.4byte	.LBB18
 1280 071d 06000000 		.4byte	.LBE18-.LBB18
 1281 0721 22       		.uleb128 0x22
 1282 0722 13060000 		.4byte	0x613
 1283 0726 01       		.uleb128 0x1
 1284 0727 53       		.byte	0x53
 1285 0728 00       		.byte	0
 1286 0729 00       		.byte	0
 1287 072a 18       		.uleb128 0x18
 1288 072b 32000000 		.4byte	.LASF90
 1289 072f 01       		.byte	0x1
 1290 0730 2F       		.byte	0x2f
 1291 0731 00000000 		.4byte	.LFB7
 1292 0735 1A000000 		.4byte	.LFE7-.LFB7
 1293 0739 01       		.uleb128 0x1
 1294 073a 9C       		.byte	0x9c
 1295 073b 88070000 		.4byte	0x788
 1296 073f 21       		.uleb128 0x21
 1297 0740 02000000 		.4byte	.LBB20
 1298 0744 06000000 		.4byte	.LBE20-.LBB20
 1299 0748 5A070000 		.4byte	0x75a
 1300 074c 1C       		.uleb128 0x1c
 1301 074d 746D7000 		.ascii	"tmp\000"
 1302 0751 01       		.byte	0x1
 1303 0752 33       		.byte	0x33
ARM GAS  /tmp/ccdZx2fD.s 			page 24


 1304 0753 9E000000 		.4byte	0x9e
 1305 0757 01       		.uleb128 0x1
 1306 0758 53       		.byte	0x53
 1307 0759 00       		.byte	0
 1308 075a 21       		.uleb128 0x21
 1309 075b 0C000000 		.4byte	.LBB21
 1310 075f 06000000 		.4byte	.LBE21-.LBB21
 1311 0763 75070000 		.4byte	0x775
 1312 0767 1C       		.uleb128 0x1c
 1313 0768 746D7000 		.ascii	"tmp\000"
 1314 076c 01       		.byte	0x1
 1315 076d 35       		.byte	0x35
 1316 076e 9E000000 		.4byte	0x9e
 1317 0772 01       		.uleb128 0x1
 1318 0773 53       		.byte	0x53
 1319 0774 00       		.byte	0
 1320 0775 19       		.uleb128 0x19
 1321 0776 0C000000 		.4byte	.LVL12
 1322 077a 0E080000 		.4byte	0x80e
 1323 077e 25       		.uleb128 0x25
 1324 077f 1A000000 		.4byte	.LVL13
 1325 0783 E4050000 		.4byte	0x5e4
 1326 0787 00       		.byte	0
 1327 0788 18       		.uleb128 0x18
 1328 0789 3E010000 		.4byte	.LASF91
 1329 078d 01       		.byte	0x1
 1330 078e E5       		.byte	0xe5
 1331 078f 00000000 		.4byte	.LFB12
 1332 0793 10000000 		.4byte	.LFE12-.LFB12
 1333 0797 01       		.uleb128 0x1
 1334 0798 9C       		.byte	0x9c
 1335 0799 B8070000 		.4byte	0x7b8
 1336 079d 26       		.uleb128 0x26
 1337 079e 6E747000 		.ascii	"ntp\000"
 1338 07a2 01       		.byte	0x1
 1339 07a3 E5       		.byte	0xe5
 1340 07a4 31020000 		.4byte	0x231
 1341 07a8 01       		.uleb128 0x1
 1342 07a9 50       		.byte	0x50
 1343 07aa 26       		.uleb128 0x26
 1344 07ab 6F747000 		.ascii	"otp\000"
 1345 07af 01       		.byte	0x1
 1346 07b0 E5       		.byte	0xe5
 1347 07b1 31020000 		.4byte	0x231
 1348 07b5 01       		.uleb128 0x1
 1349 07b6 51       		.byte	0x51
 1350 07b7 00       		.byte	0
 1351 07b8 18       		.uleb128 0x18
 1352 07b9 C0000000 		.4byte	.LASF92
 1353 07bd 01       		.byte	0x1
 1354 07be FC       		.byte	0xfc
 1355 07bf 00000000 		.4byte	.LFB13
 1356 07c3 10000000 		.4byte	.LFE13-.LFB13
 1357 07c7 01       		.uleb128 0x1
 1358 07c8 9C       		.byte	0x9c
 1359 07c9 E5070000 		.4byte	0x7e5
 1360 07cd 1B       		.uleb128 0x1b
ARM GAS  /tmp/ccdZx2fD.s 			page 25


 1361 07ce 00000000 		.4byte	.LBB22
 1362 07d2 06000000 		.4byte	.LBE22-.LBB22
 1363 07d6 1C       		.uleb128 0x1c
 1364 07d7 746D7000 		.ascii	"tmp\000"
 1365 07db 01       		.byte	0x1
 1366 07dc FE       		.byte	0xfe
 1367 07dd 9E000000 		.4byte	0x9e
 1368 07e1 01       		.uleb128 0x1
 1369 07e2 53       		.byte	0x53
 1370 07e3 00       		.byte	0
 1371 07e4 00       		.byte	0
 1372 07e5 27       		.uleb128 0x27
 1373 07e6 7A040000 		.4byte	.LASF99
 1374 07ea 09       		.byte	0x9
 1375 07eb 6F       		.byte	0x6f
 1376 07ec 4A050000 		.4byte	0x54a
 1377 07f0 28       		.uleb128 0x28
 1378 07f1 11010000 		.4byte	.LASF95
 1379 07f5 09       		.byte	0x9
 1380 07f6 A8       		.byte	0xa8
 1381 07f7 29       		.uleb128 0x29
 1382 07f8 EB000000 		.4byte	.LASF94
 1383 07fc 08       		.byte	0x8
 1384 07fd 2501     		.2byte	0x125
 1385 07ff 0E080000 		.4byte	0x80e
 1386 0803 2A       		.uleb128 0x2a
 1387 0804 9E000000 		.4byte	0x9e
 1388 0808 2A       		.uleb128 0x2a
 1389 0809 9E000000 		.4byte	0x9e
 1390 080d 00       		.byte	0
 1391 080e 28       		.uleb128 0x28
 1392 080f 1F000000 		.4byte	.LASF96
 1393 0813 0B       		.byte	0xb
 1394 0814 F7       		.byte	0xf7
 1395 0815 00       		.byte	0
 1396              		.section	.debug_abbrev,"",%progbits
 1397              	.Ldebug_abbrev0:
 1398 0000 01       		.uleb128 0x1
 1399 0001 11       		.uleb128 0x11
 1400 0002 01       		.byte	0x1
 1401 0003 25       		.uleb128 0x25
 1402 0004 0E       		.uleb128 0xe
 1403 0005 13       		.uleb128 0x13
 1404 0006 0B       		.uleb128 0xb
 1405 0007 03       		.uleb128 0x3
 1406 0008 0E       		.uleb128 0xe
 1407 0009 55       		.uleb128 0x55
 1408 000a 17       		.uleb128 0x17
 1409 000b 11       		.uleb128 0x11
 1410 000c 01       		.uleb128 0x1
 1411 000d 10       		.uleb128 0x10
 1412 000e 17       		.uleb128 0x17
 1413 000f 00       		.byte	0
 1414 0010 00       		.byte	0
 1415 0011 02       		.uleb128 0x2
 1416 0012 24       		.uleb128 0x24
 1417 0013 00       		.byte	0
ARM GAS  /tmp/ccdZx2fD.s 			page 26


 1418 0014 0B       		.uleb128 0xb
 1419 0015 0B       		.uleb128 0xb
 1420 0016 3E       		.uleb128 0x3e
 1421 0017 0B       		.uleb128 0xb
 1422 0018 03       		.uleb128 0x3
 1423 0019 08       		.uleb128 0x8
 1424 001a 00       		.byte	0
 1425 001b 00       		.byte	0
 1426 001c 03       		.uleb128 0x3
 1427 001d 24       		.uleb128 0x24
 1428 001e 00       		.byte	0
 1429 001f 0B       		.uleb128 0xb
 1430 0020 0B       		.uleb128 0xb
 1431 0021 3E       		.uleb128 0x3e
 1432 0022 0B       		.uleb128 0xb
 1433 0023 03       		.uleb128 0x3
 1434 0024 0E       		.uleb128 0xe
 1435 0025 00       		.byte	0
 1436 0026 00       		.byte	0
 1437 0027 04       		.uleb128 0x4
 1438 0028 16       		.uleb128 0x16
 1439 0029 00       		.byte	0
 1440 002a 03       		.uleb128 0x3
 1441 002b 0E       		.uleb128 0xe
 1442 002c 3A       		.uleb128 0x3a
 1443 002d 0B       		.uleb128 0xb
 1444 002e 3B       		.uleb128 0x3b
 1445 002f 0B       		.uleb128 0xb
 1446 0030 49       		.uleb128 0x49
 1447 0031 13       		.uleb128 0x13
 1448 0032 00       		.byte	0
 1449 0033 00       		.byte	0
 1450 0034 05       		.uleb128 0x5
 1451 0035 13       		.uleb128 0x13
 1452 0036 01       		.byte	0x1
 1453 0037 03       		.uleb128 0x3
 1454 0038 0E       		.uleb128 0xe
 1455 0039 0B       		.uleb128 0xb
 1456 003a 0B       		.uleb128 0xb
 1457 003b 3A       		.uleb128 0x3a
 1458 003c 0B       		.uleb128 0xb
 1459 003d 3B       		.uleb128 0x3b
 1460 003e 0B       		.uleb128 0xb
 1461 003f 01       		.uleb128 0x1
 1462 0040 13       		.uleb128 0x13
 1463 0041 00       		.byte	0
 1464 0042 00       		.byte	0
 1465 0043 06       		.uleb128 0x6
 1466 0044 0D       		.uleb128 0xd
 1467 0045 00       		.byte	0
 1468 0046 03       		.uleb128 0x3
 1469 0047 0E       		.uleb128 0xe
 1470 0048 3A       		.uleb128 0x3a
 1471 0049 0B       		.uleb128 0xb
 1472 004a 3B       		.uleb128 0x3b
 1473 004b 0B       		.uleb128 0xb
 1474 004c 49       		.uleb128 0x49
ARM GAS  /tmp/ccdZx2fD.s 			page 27


 1475 004d 13       		.uleb128 0x13
 1476 004e 38       		.uleb128 0x38
 1477 004f 0B       		.uleb128 0xb
 1478 0050 00       		.byte	0
 1479 0051 00       		.byte	0
 1480 0052 07       		.uleb128 0x7
 1481 0053 0D       		.uleb128 0xd
 1482 0054 00       		.byte	0
 1483 0055 03       		.uleb128 0x3
 1484 0056 08       		.uleb128 0x8
 1485 0057 3A       		.uleb128 0x3a
 1486 0058 0B       		.uleb128 0xb
 1487 0059 3B       		.uleb128 0x3b
 1488 005a 0B       		.uleb128 0xb
 1489 005b 49       		.uleb128 0x49
 1490 005c 13       		.uleb128 0x13
 1491 005d 38       		.uleb128 0x38
 1492 005e 0B       		.uleb128 0xb
 1493 005f 00       		.byte	0
 1494 0060 00       		.byte	0
 1495 0061 08       		.uleb128 0x8
 1496 0062 13       		.uleb128 0x13
 1497 0063 01       		.byte	0x1
 1498 0064 0B       		.uleb128 0xb
 1499 0065 0B       		.uleb128 0xb
 1500 0066 3A       		.uleb128 0x3a
 1501 0067 0B       		.uleb128 0xb
 1502 0068 3B       		.uleb128 0x3b
 1503 0069 0B       		.uleb128 0xb
 1504 006a 01       		.uleb128 0x1
 1505 006b 13       		.uleb128 0x13
 1506 006c 00       		.byte	0
 1507 006d 00       		.byte	0
 1508 006e 09       		.uleb128 0x9
 1509 006f 0F       		.uleb128 0xf
 1510 0070 00       		.byte	0
 1511 0071 0B       		.uleb128 0xb
 1512 0072 0B       		.uleb128 0xb
 1513 0073 49       		.uleb128 0x49
 1514 0074 13       		.uleb128 0x13
 1515 0075 00       		.byte	0
 1516 0076 00       		.byte	0
 1517 0077 0A       		.uleb128 0xa
 1518 0078 0F       		.uleb128 0xf
 1519 0079 00       		.byte	0
 1520 007a 0B       		.uleb128 0xb
 1521 007b 0B       		.uleb128 0xb
 1522 007c 00       		.byte	0
 1523 007d 00       		.byte	0
 1524 007e 0B       		.uleb128 0xb
 1525 007f 13       		.uleb128 0x13
 1526 0080 01       		.byte	0x1
 1527 0081 03       		.uleb128 0x3
 1528 0082 0E       		.uleb128 0xe
 1529 0083 0B       		.uleb128 0xb
 1530 0084 0B       		.uleb128 0xb
 1531 0085 3A       		.uleb128 0x3a
ARM GAS  /tmp/ccdZx2fD.s 			page 28


 1532 0086 0B       		.uleb128 0xb
 1533 0087 3B       		.uleb128 0x3b
 1534 0088 05       		.uleb128 0x5
 1535 0089 01       		.uleb128 0x1
 1536 008a 13       		.uleb128 0x13
 1537 008b 00       		.byte	0
 1538 008c 00       		.byte	0
 1539 008d 0C       		.uleb128 0xc
 1540 008e 0D       		.uleb128 0xd
 1541 008f 00       		.byte	0
 1542 0090 03       		.uleb128 0x3
 1543 0091 08       		.uleb128 0x8
 1544 0092 3A       		.uleb128 0x3a
 1545 0093 0B       		.uleb128 0xb
 1546 0094 3B       		.uleb128 0x3b
 1547 0095 05       		.uleb128 0x5
 1548 0096 49       		.uleb128 0x49
 1549 0097 13       		.uleb128 0x13
 1550 0098 38       		.uleb128 0x38
 1551 0099 0B       		.uleb128 0xb
 1552 009a 00       		.byte	0
 1553 009b 00       		.byte	0
 1554 009c 0D       		.uleb128 0xd
 1555 009d 35       		.uleb128 0x35
 1556 009e 00       		.byte	0
 1557 009f 49       		.uleb128 0x49
 1558 00a0 13       		.uleb128 0x13
 1559 00a1 00       		.byte	0
 1560 00a2 00       		.byte	0
 1561 00a3 0E       		.uleb128 0xe
 1562 00a4 01       		.uleb128 0x1
 1563 00a5 01       		.byte	0x1
 1564 00a6 49       		.uleb128 0x49
 1565 00a7 13       		.uleb128 0x13
 1566 00a8 01       		.uleb128 0x1
 1567 00a9 13       		.uleb128 0x13
 1568 00aa 00       		.byte	0
 1569 00ab 00       		.byte	0
 1570 00ac 0F       		.uleb128 0xf
 1571 00ad 21       		.uleb128 0x21
 1572 00ae 00       		.byte	0
 1573 00af 49       		.uleb128 0x49
 1574 00b0 13       		.uleb128 0x13
 1575 00b1 2F       		.uleb128 0x2f
 1576 00b2 0B       		.uleb128 0xb
 1577 00b3 00       		.byte	0
 1578 00b4 00       		.byte	0
 1579 00b5 10       		.uleb128 0x10
 1580 00b6 17       		.uleb128 0x17
 1581 00b7 01       		.byte	0x1
 1582 00b8 0B       		.uleb128 0xb
 1583 00b9 0B       		.uleb128 0xb
 1584 00ba 3A       		.uleb128 0x3a
 1585 00bb 0B       		.uleb128 0xb
 1586 00bc 3B       		.uleb128 0x3b
 1587 00bd 0B       		.uleb128 0xb
 1588 00be 01       		.uleb128 0x1
ARM GAS  /tmp/ccdZx2fD.s 			page 29


 1589 00bf 13       		.uleb128 0x13
 1590 00c0 00       		.byte	0
 1591 00c1 00       		.byte	0
 1592 00c2 11       		.uleb128 0x11
 1593 00c3 0D       		.uleb128 0xd
 1594 00c4 00       		.byte	0
 1595 00c5 03       		.uleb128 0x3
 1596 00c6 0E       		.uleb128 0xe
 1597 00c7 3A       		.uleb128 0x3a
 1598 00c8 0B       		.uleb128 0xb
 1599 00c9 3B       		.uleb128 0x3b
 1600 00ca 0B       		.uleb128 0xb
 1601 00cb 49       		.uleb128 0x49
 1602 00cc 13       		.uleb128 0x13
 1603 00cd 00       		.byte	0
 1604 00ce 00       		.byte	0
 1605 00cf 12       		.uleb128 0x12
 1606 00d0 26       		.uleb128 0x26
 1607 00d1 00       		.byte	0
 1608 00d2 49       		.uleb128 0x49
 1609 00d3 13       		.uleb128 0x13
 1610 00d4 00       		.byte	0
 1611 00d5 00       		.byte	0
 1612 00d6 13       		.uleb128 0x13
 1613 00d7 2E       		.uleb128 0x2e
 1614 00d8 01       		.byte	0x1
 1615 00d9 3F       		.uleb128 0x3f
 1616 00da 19       		.uleb128 0x19
 1617 00db 03       		.uleb128 0x3
 1618 00dc 0E       		.uleb128 0xe
 1619 00dd 3A       		.uleb128 0x3a
 1620 00de 0B       		.uleb128 0xb
 1621 00df 3B       		.uleb128 0x3b
 1622 00e0 0B       		.uleb128 0xb
 1623 00e1 27       		.uleb128 0x27
 1624 00e2 19       		.uleb128 0x19
 1625 00e3 20       		.uleb128 0x20
 1626 00e4 0B       		.uleb128 0xb
 1627 00e5 01       		.uleb128 0x1
 1628 00e6 13       		.uleb128 0x13
 1629 00e7 00       		.byte	0
 1630 00e8 00       		.byte	0
 1631 00e9 14       		.uleb128 0x14
 1632 00ea 0B       		.uleb128 0xb
 1633 00eb 01       		.byte	0x1
 1634 00ec 01       		.uleb128 0x1
 1635 00ed 13       		.uleb128 0x13
 1636 00ee 00       		.byte	0
 1637 00ef 00       		.byte	0
 1638 00f0 15       		.uleb128 0x15
 1639 00f1 34       		.uleb128 0x34
 1640 00f2 00       		.byte	0
 1641 00f3 03       		.uleb128 0x3
 1642 00f4 08       		.uleb128 0x8
 1643 00f5 3A       		.uleb128 0x3a
 1644 00f6 0B       		.uleb128 0xb
 1645 00f7 3B       		.uleb128 0x3b
ARM GAS  /tmp/ccdZx2fD.s 			page 30


 1646 00f8 0B       		.uleb128 0xb
 1647 00f9 49       		.uleb128 0x49
 1648 00fa 13       		.uleb128 0x13
 1649 00fb 00       		.byte	0
 1650 00fc 00       		.byte	0
 1651 00fd 16       		.uleb128 0x16
 1652 00fe 34       		.uleb128 0x34
 1653 00ff 00       		.byte	0
 1654 0100 03       		.uleb128 0x3
 1655 0101 0E       		.uleb128 0xe
 1656 0102 3A       		.uleb128 0x3a
 1657 0103 0B       		.uleb128 0xb
 1658 0104 3B       		.uleb128 0x3b
 1659 0105 0B       		.uleb128 0xb
 1660 0106 49       		.uleb128 0x49
 1661 0107 13       		.uleb128 0x13
 1662 0108 00       		.byte	0
 1663 0109 00       		.byte	0
 1664 010a 17       		.uleb128 0x17
 1665 010b 0B       		.uleb128 0xb
 1666 010c 01       		.byte	0x1
 1667 010d 00       		.byte	0
 1668 010e 00       		.byte	0
 1669 010f 18       		.uleb128 0x18
 1670 0110 2E       		.uleb128 0x2e
 1671 0111 01       		.byte	0x1
 1672 0112 3F       		.uleb128 0x3f
 1673 0113 19       		.uleb128 0x19
 1674 0114 03       		.uleb128 0x3
 1675 0115 0E       		.uleb128 0xe
 1676 0116 3A       		.uleb128 0x3a
 1677 0117 0B       		.uleb128 0xb
 1678 0118 3B       		.uleb128 0x3b
 1679 0119 0B       		.uleb128 0xb
 1680 011a 27       		.uleb128 0x27
 1681 011b 19       		.uleb128 0x19
 1682 011c 11       		.uleb128 0x11
 1683 011d 01       		.uleb128 0x1
 1684 011e 12       		.uleb128 0x12
 1685 011f 06       		.uleb128 0x6
 1686 0120 40       		.uleb128 0x40
 1687 0121 18       		.uleb128 0x18
 1688 0122 9742     		.uleb128 0x2117
 1689 0124 19       		.uleb128 0x19
 1690 0125 01       		.uleb128 0x1
 1691 0126 13       		.uleb128 0x13
 1692 0127 00       		.byte	0
 1693 0128 00       		.byte	0
 1694 0129 19       		.uleb128 0x19
 1695 012a 898201   		.uleb128 0x4109
 1696 012d 00       		.byte	0
 1697 012e 11       		.uleb128 0x11
 1698 012f 01       		.uleb128 0x1
 1699 0130 31       		.uleb128 0x31
 1700 0131 13       		.uleb128 0x13
 1701 0132 00       		.byte	0
 1702 0133 00       		.byte	0
ARM GAS  /tmp/ccdZx2fD.s 			page 31


 1703 0134 1A       		.uleb128 0x1a
 1704 0135 34       		.uleb128 0x34
 1705 0136 00       		.byte	0
 1706 0137 03       		.uleb128 0x3
 1707 0138 0E       		.uleb128 0xe
 1708 0139 3A       		.uleb128 0x3a
 1709 013a 0B       		.uleb128 0xb
 1710 013b 3B       		.uleb128 0x3b
 1711 013c 0B       		.uleb128 0xb
 1712 013d 49       		.uleb128 0x49
 1713 013e 13       		.uleb128 0x13
 1714 013f 02       		.uleb128 0x2
 1715 0140 17       		.uleb128 0x17
 1716 0141 00       		.byte	0
 1717 0142 00       		.byte	0
 1718 0143 1B       		.uleb128 0x1b
 1719 0144 0B       		.uleb128 0xb
 1720 0145 01       		.byte	0x1
 1721 0146 11       		.uleb128 0x11
 1722 0147 01       		.uleb128 0x1
 1723 0148 12       		.uleb128 0x12
 1724 0149 06       		.uleb128 0x6
 1725 014a 00       		.byte	0
 1726 014b 00       		.byte	0
 1727 014c 1C       		.uleb128 0x1c
 1728 014d 34       		.uleb128 0x34
 1729 014e 00       		.byte	0
 1730 014f 03       		.uleb128 0x3
 1731 0150 08       		.uleb128 0x8
 1732 0151 3A       		.uleb128 0x3a
 1733 0152 0B       		.uleb128 0xb
 1734 0153 3B       		.uleb128 0x3b
 1735 0154 0B       		.uleb128 0xb
 1736 0155 49       		.uleb128 0x49
 1737 0156 13       		.uleb128 0x13
 1738 0157 02       		.uleb128 0x2
 1739 0158 18       		.uleb128 0x18
 1740 0159 00       		.byte	0
 1741 015a 00       		.byte	0
 1742 015b 1D       		.uleb128 0x1d
 1743 015c 898201   		.uleb128 0x4109
 1744 015f 01       		.byte	0x1
 1745 0160 11       		.uleb128 0x11
 1746 0161 01       		.uleb128 0x1
 1747 0162 31       		.uleb128 0x31
 1748 0163 13       		.uleb128 0x13
 1749 0164 01       		.uleb128 0x1
 1750 0165 13       		.uleb128 0x13
 1751 0166 00       		.byte	0
 1752 0167 00       		.byte	0
 1753 0168 1E       		.uleb128 0x1e
 1754 0169 8A8201   		.uleb128 0x410a
 1755 016c 00       		.byte	0
 1756 016d 02       		.uleb128 0x2
 1757 016e 18       		.uleb128 0x18
 1758 016f 9142     		.uleb128 0x2111
 1759 0171 18       		.uleb128 0x18
ARM GAS  /tmp/ccdZx2fD.s 			page 32


 1760 0172 00       		.byte	0
 1761 0173 00       		.byte	0
 1762 0174 1F       		.uleb128 0x1f
 1763 0175 898201   		.uleb128 0x4109
 1764 0178 01       		.byte	0x1
 1765 0179 11       		.uleb128 0x11
 1766 017a 01       		.uleb128 0x1
 1767 017b 9542     		.uleb128 0x2115
 1768 017d 19       		.uleb128 0x19
 1769 017e 31       		.uleb128 0x31
 1770 017f 13       		.uleb128 0x13
 1771 0180 00       		.byte	0
 1772 0181 00       		.byte	0
 1773 0182 20       		.uleb128 0x20
 1774 0183 2E       		.uleb128 0x2e
 1775 0184 01       		.byte	0x1
 1776 0185 31       		.uleb128 0x31
 1777 0186 13       		.uleb128 0x13
 1778 0187 11       		.uleb128 0x11
 1779 0188 01       		.uleb128 0x1
 1780 0189 12       		.uleb128 0x12
 1781 018a 06       		.uleb128 0x6
 1782 018b 40       		.uleb128 0x40
 1783 018c 18       		.uleb128 0x18
 1784 018d 9742     		.uleb128 0x2117
 1785 018f 19       		.uleb128 0x19
 1786 0190 01       		.uleb128 0x1
 1787 0191 13       		.uleb128 0x13
 1788 0192 00       		.byte	0
 1789 0193 00       		.byte	0
 1790 0194 21       		.uleb128 0x21
 1791 0195 0B       		.uleb128 0xb
 1792 0196 01       		.byte	0x1
 1793 0197 11       		.uleb128 0x11
 1794 0198 01       		.uleb128 0x1
 1795 0199 12       		.uleb128 0x12
 1796 019a 06       		.uleb128 0x6
 1797 019b 01       		.uleb128 0x1
 1798 019c 13       		.uleb128 0x13
 1799 019d 00       		.byte	0
 1800 019e 00       		.byte	0
 1801 019f 22       		.uleb128 0x22
 1802 01a0 34       		.uleb128 0x34
 1803 01a1 00       		.byte	0
 1804 01a2 31       		.uleb128 0x31
 1805 01a3 13       		.uleb128 0x13
 1806 01a4 02       		.uleb128 0x2
 1807 01a5 18       		.uleb128 0x18
 1808 01a6 00       		.byte	0
 1809 01a7 00       		.byte	0
 1810 01a8 23       		.uleb128 0x23
 1811 01a9 0B       		.uleb128 0xb
 1812 01aa 01       		.byte	0x1
 1813 01ab 55       		.uleb128 0x55
 1814 01ac 17       		.uleb128 0x17
 1815 01ad 01       		.uleb128 0x1
 1816 01ae 13       		.uleb128 0x13
ARM GAS  /tmp/ccdZx2fD.s 			page 33


 1817 01af 00       		.byte	0
 1818 01b0 00       		.byte	0
 1819 01b1 24       		.uleb128 0x24
 1820 01b2 34       		.uleb128 0x34
 1821 01b3 00       		.byte	0
 1822 01b4 31       		.uleb128 0x31
 1823 01b5 13       		.uleb128 0x13
 1824 01b6 02       		.uleb128 0x2
 1825 01b7 17       		.uleb128 0x17
 1826 01b8 00       		.byte	0
 1827 01b9 00       		.byte	0
 1828 01ba 25       		.uleb128 0x25
 1829 01bb 898201   		.uleb128 0x4109
 1830 01be 00       		.byte	0
 1831 01bf 11       		.uleb128 0x11
 1832 01c0 01       		.uleb128 0x1
 1833 01c1 9542     		.uleb128 0x2115
 1834 01c3 19       		.uleb128 0x19
 1835 01c4 31       		.uleb128 0x31
 1836 01c5 13       		.uleb128 0x13
 1837 01c6 00       		.byte	0
 1838 01c7 00       		.byte	0
 1839 01c8 26       		.uleb128 0x26
 1840 01c9 05       		.uleb128 0x5
 1841 01ca 00       		.byte	0
 1842 01cb 03       		.uleb128 0x3
 1843 01cc 08       		.uleb128 0x8
 1844 01cd 3A       		.uleb128 0x3a
 1845 01ce 0B       		.uleb128 0xb
 1846 01cf 3B       		.uleb128 0x3b
 1847 01d0 0B       		.uleb128 0xb
 1848 01d1 49       		.uleb128 0x49
 1849 01d2 13       		.uleb128 0x13
 1850 01d3 02       		.uleb128 0x2
 1851 01d4 18       		.uleb128 0x18
 1852 01d5 00       		.byte	0
 1853 01d6 00       		.byte	0
 1854 01d7 27       		.uleb128 0x27
 1855 01d8 34       		.uleb128 0x34
 1856 01d9 00       		.byte	0
 1857 01da 03       		.uleb128 0x3
 1858 01db 0E       		.uleb128 0xe
 1859 01dc 3A       		.uleb128 0x3a
 1860 01dd 0B       		.uleb128 0xb
 1861 01de 3B       		.uleb128 0x3b
 1862 01df 0B       		.uleb128 0xb
 1863 01e0 49       		.uleb128 0x49
 1864 01e1 13       		.uleb128 0x13
 1865 01e2 3F       		.uleb128 0x3f
 1866 01e3 19       		.uleb128 0x19
 1867 01e4 3C       		.uleb128 0x3c
 1868 01e5 19       		.uleb128 0x19
 1869 01e6 00       		.byte	0
 1870 01e7 00       		.byte	0
 1871 01e8 28       		.uleb128 0x28
 1872 01e9 2E       		.uleb128 0x2e
 1873 01ea 00       		.byte	0
ARM GAS  /tmp/ccdZx2fD.s 			page 34


 1874 01eb 3F       		.uleb128 0x3f
 1875 01ec 19       		.uleb128 0x19
 1876 01ed 03       		.uleb128 0x3
 1877 01ee 0E       		.uleb128 0xe
 1878 01ef 3A       		.uleb128 0x3a
 1879 01f0 0B       		.uleb128 0xb
 1880 01f1 3B       		.uleb128 0x3b
 1881 01f2 0B       		.uleb128 0xb
 1882 01f3 27       		.uleb128 0x27
 1883 01f4 19       		.uleb128 0x19
 1884 01f5 3C       		.uleb128 0x3c
 1885 01f6 19       		.uleb128 0x19
 1886 01f7 00       		.byte	0
 1887 01f8 00       		.byte	0
 1888 01f9 29       		.uleb128 0x29
 1889 01fa 2E       		.uleb128 0x2e
 1890 01fb 01       		.byte	0x1
 1891 01fc 3F       		.uleb128 0x3f
 1892 01fd 19       		.uleb128 0x19
 1893 01fe 03       		.uleb128 0x3
 1894 01ff 0E       		.uleb128 0xe
 1895 0200 3A       		.uleb128 0x3a
 1896 0201 0B       		.uleb128 0xb
 1897 0202 3B       		.uleb128 0x3b
 1898 0203 05       		.uleb128 0x5
 1899 0204 27       		.uleb128 0x27
 1900 0205 19       		.uleb128 0x19
 1901 0206 3C       		.uleb128 0x3c
 1902 0207 19       		.uleb128 0x19
 1903 0208 01       		.uleb128 0x1
 1904 0209 13       		.uleb128 0x13
 1905 020a 00       		.byte	0
 1906 020b 00       		.byte	0
 1907 020c 2A       		.uleb128 0x2a
 1908 020d 05       		.uleb128 0x5
 1909 020e 00       		.byte	0
 1910 020f 49       		.uleb128 0x49
 1911 0210 13       		.uleb128 0x13
 1912 0211 00       		.byte	0
 1913 0212 00       		.byte	0
 1914 0213 00       		.byte	0
 1915              		.section	.debug_loc,"",%progbits
 1916              	.Ldebug_loc0:
 1917              	.LLST0:
 1918 0000 04000000 		.4byte	.LVL1
 1919 0004 06000000 		.4byte	.LVL2
 1920 0008 0300     		.2byte	0x3
 1921 000a 73       		.byte	0x73
 1922 000b 20       		.sleb128 32
 1923 000c 9F       		.byte	0x9f
 1924 000d 06000000 		.4byte	.LVL2
 1925 0011 0C000000 		.4byte	.LVL3
 1926 0015 0100     		.2byte	0x1
 1927 0017 53       		.byte	0x53
 1928 0018 00000000 		.4byte	0
 1929 001c 00000000 		.4byte	0
 1930              	.LLST1:
ARM GAS  /tmp/ccdZx2fD.s 			page 35


 1931 0020 14000000 		.4byte	.LVL7
 1932 0024 20000000 		.4byte	.LVL8
 1933 0028 0300     		.2byte	0x3
 1934 002a 73       		.byte	0x73
 1935 002b 60       		.sleb128 -32
 1936 002c 9F       		.byte	0x9f
 1937 002d 20000000 		.4byte	.LVL8
 1938 0031 28000000 		.4byte	.LVL9
 1939 0035 0100     		.2byte	0x1
 1940 0037 52       		.byte	0x52
 1941 0038 28000000 		.4byte	.LVL9
 1942 003c 44000000 		.4byte	.LVL10
 1943 0040 0300     		.2byte	0x3
 1944 0042 73       		.byte	0x73
 1945 0043 60       		.sleb128 -32
 1946 0044 9F       		.byte	0x9f
 1947 0045 4A000000 		.4byte	.LVL11
 1948 0049 74000000 		.4byte	.LFE10
 1949 004d 0300     		.2byte	0x3
 1950 004f 73       		.byte	0x73
 1951 0050 60       		.sleb128 -32
 1952 0051 9F       		.byte	0x9f
 1953 0052 00000000 		.4byte	0
 1954 0056 00000000 		.4byte	0
 1955              		.section	.debug_aranges,"",%progbits
 1956 0000 4C000000 		.4byte	0x4c
 1957 0004 0200     		.2byte	0x2
 1958 0006 00000000 		.4byte	.Ldebug_info0
 1959 000a 04       		.byte	0x4
 1960 000b 00       		.byte	0
 1961 000c 0000     		.2byte	0
 1962 000e 0000     		.2byte	0
 1963 0010 00000000 		.4byte	.LFB11
 1964 0014 06000000 		.4byte	.LFE11-.LFB11
 1965 0018 00000000 		.4byte	.LFB8
 1966 001c 12000000 		.4byte	.LFE8-.LFB8
 1967 0020 00000000 		.4byte	.LFB9
 1968 0024 30000000 		.4byte	.LFE9-.LFB9
 1969 0028 00000000 		.4byte	.LFB10
 1970 002c 74000000 		.4byte	.LFE10-.LFB10
 1971 0030 00000000 		.4byte	.LFB7
 1972 0034 1A000000 		.4byte	.LFE7-.LFB7
 1973 0038 00000000 		.4byte	.LFB12
 1974 003c 10000000 		.4byte	.LFE12-.LFB12
 1975 0040 00000000 		.4byte	.LFB13
 1976 0044 10000000 		.4byte	.LFE13-.LFB13
 1977 0048 00000000 		.4byte	0
 1978 004c 00000000 		.4byte	0
 1979              		.section	.debug_ranges,"",%progbits
 1980              	.Ldebug_ranges0:
 1981 0000 10000000 		.4byte	.LBB16
 1982 0004 44000000 		.4byte	.LBE16
 1983 0008 4A000000 		.4byte	.LBB17
 1984 000c 74000000 		.4byte	.LBE17
 1985 0010 00000000 		.4byte	0
 1986 0014 00000000 		.4byte	0
 1987 0018 00000000 		.4byte	.LFB11
ARM GAS  /tmp/ccdZx2fD.s 			page 36


 1988 001c 06000000 		.4byte	.LFE11
 1989 0020 00000000 		.4byte	.LFB8
 1990 0024 12000000 		.4byte	.LFE8
 1991 0028 00000000 		.4byte	.LFB9
 1992 002c 30000000 		.4byte	.LFE9
 1993 0030 00000000 		.4byte	.LFB10
 1994 0034 74000000 		.4byte	.LFE10
 1995 0038 00000000 		.4byte	.LFB7
 1996 003c 1A000000 		.4byte	.LFE7
 1997 0040 00000000 		.4byte	.LFB12
 1998 0044 10000000 		.4byte	.LFE12
 1999 0048 00000000 		.4byte	.LFB13
 2000 004c 10000000 		.4byte	.LFE13
 2001 0050 00000000 		.4byte	0
 2002 0054 00000000 		.4byte	0
 2003              		.section	.debug_line,"",%progbits
 2004              	.Ldebug_line0:
 2005 0000 70020000 		.section	.debug_str,"MS",%progbits,1
 2005      0200C801 
 2005      00000201 
 2005      FB0E0D00 
 2005      01010101 
 2006              	.LASF39:
 2007 0000 705F6D73 		.ascii	"p_msg\000"
 2007      6700
 2008              	.LASF81:
 2009 0006 7264796D 		.ascii	"rdymsg\000"
 2009      736700
 2010              	.LASF5:
 2011 000d 5F5F7569 		.ascii	"__uint8_t\000"
 2011      6E74385F 
 2011      7400
 2012              	.LASF69:
 2013 0017 434D785F 		.ascii	"CMx_SCB\000"
 2013      53434200 
 2014              	.LASF96:
 2015 001f 63685379 		.ascii	"chSysTimerHandlerI\000"
 2015      7354696D 
 2015      65724861 
 2015      6E646C65 
 2015      724900
 2016              	.LASF90:
 2017 0032 53797354 		.ascii	"SysTickVector\000"
 2017      69636B56 
 2017      6563746F 
 2017      7200
 2018              	.LASF11:
 2019 0040 6C6F6E67 		.ascii	"long long unsigned int\000"
 2019      206C6F6E 
 2019      6720756E 
 2019      7369676E 
 2019      65642069 
 2020              	.LASF82:
 2021 0057 65786974 		.ascii	"exitcode\000"
 2021      636F6465 
 2021      00
 2022              	.LASF54:
ARM GAS  /tmp/ccdZx2fD.s 			page 37


 2023 0060 43505549 		.ascii	"CPUID\000"
 2023      4400
 2024              	.LASF27:
 2025 0066 705F7072 		.ascii	"p_prio\000"
 2025      696F00
 2026              	.LASF10:
 2027 006d 6C6F6E67 		.ascii	"long long int\000"
 2027      206C6F6E 
 2027      6720696E 
 2027      7400
 2028              	.LASF1:
 2029 007b 7369676E 		.ascii	"signed char\000"
 2029      65642063 
 2029      68617200 
 2030              	.LASF43:
 2031 0087 705F6D70 		.ascii	"p_mpool\000"
 2031      6F6F6C00 
 2032              	.LASF78:
 2033 008f 6D5F7175 		.ascii	"m_queue\000"
 2033      65756500 
 2034              	.LASF19:
 2035 0097 74736C69 		.ascii	"tslices_t\000"
 2035      6365735F 
 2035      7400
 2036              	.LASF7:
 2037 00a1 6C6F6E67 		.ascii	"long int\000"
 2037      20696E74 
 2037      00
 2038              	.LASF88:
 2039 00aa 53564361 		.ascii	"SVCallVector\000"
 2039      6C6C5665 
 2039      63746F72 
 2039      00
 2040              	.LASF17:
 2041 00b7 74737461 		.ascii	"tstate_t\000"
 2041      74655F74 
 2041      00
 2042              	.LASF92:
 2043 00c0 5F706F72 		.ascii	"_port_thread_start\000"
 2043      745F7468 
 2043      72656164 
 2043      5F737461 
 2043      727400
 2044              	.LASF29:
 2045 00d3 705F6E65 		.ascii	"p_newer\000"
 2045      77657200 
 2046              	.LASF64:
 2047 00db 42464152 		.ascii	"BFAR\000"
 2047      00
 2048              	.LASF8:
 2049 00e0 5F5F7569 		.ascii	"__uint32_t\000"
 2049      6E743332 
 2049      5F7400
 2050              	.LASF94:
 2051 00eb 6E766963 		.ascii	"nvicSetSystemHandlerPriority\000"
 2051      53657453 
 2051      79737465 
ARM GAS  /tmp/ccdZx2fD.s 			page 38


 2051      6D48616E 
 2051      646C6572 
 2052              	.LASF46:
 2053 0108 72656761 		.ascii	"regarm_t\000"
 2053      726D5F74 
 2053      00
 2054              	.LASF95:
 2055 0111 63685363 		.ascii	"chSchDoReschedule\000"
 2055      68446F52 
 2055      65736368 
 2055      6564756C 
 2055      6500
 2056              	.LASF0:
 2057 0123 756E7369 		.ascii	"unsigned int\000"
 2057      676E6564 
 2057      20696E74 
 2057      00
 2058              	.LASF48:
 2059 0130 6C725F74 		.ascii	"lr_thd\000"
 2059      686400
 2060              	.LASF47:
 2061 0137 65787463 		.ascii	"extctx\000"
 2061      747800
 2062              	.LASF91:
 2063 013e 5F706F72 		.ascii	"_port_switch\000"
 2063      745F7377 
 2063      69746368 
 2063      00
 2064              	.LASF9:
 2065 014b 6C6F6E67 		.ascii	"long unsigned int\000"
 2065      20756E73 
 2065      69676E65 
 2065      6420696E 
 2065      7400
 2066              	.LASF56:
 2067 015d 56544F52 		.ascii	"VTOR\000"
 2067      00
 2068              	.LASF87:
 2069 0162 5F706F72 		.ascii	"_port_switch_from_isr\000"
 2069      745F7377 
 2069      69746368 
 2069      5F66726F 
 2069      6D5F6973 
 2070              	.LASF51:
 2071 0178 636F6E74 		.ascii	"context\000"
 2071      65787400 
 2072              	.LASF4:
 2073 0180 73686F72 		.ascii	"short unsigned int\000"
 2073      7420756E 
 2073      7369676E 
 2073      65642069 
 2073      6E7400
 2074              	.LASF55:
 2075 0193 49435352 		.ascii	"ICSR\000"
 2075      00
 2076              	.LASF21:
 2077 0198 6D73675F 		.ascii	"msg_t\000"
ARM GAS  /tmp/ccdZx2fD.s 			page 39


 2077      7400
 2078              	.LASF57:
 2079 019e 41495243 		.ascii	"AIRCR\000"
 2079      5200
 2080              	.LASF62:
 2081 01a4 44465352 		.ascii	"DFSR\000"
 2081      00
 2082              	.LASF73:
 2083 01a9 725F6E65 		.ascii	"r_newer\000"
 2083      77657200 
 2084              	.LASF63:
 2085 01b1 4D4D4641 		.ascii	"MMFAR\000"
 2085      5200
 2086              	.LASF93:
 2087 01b7 5F706F72 		.ascii	"_port_irq_epilogue\000"
 2087      745F6972 
 2087      715F6570 
 2087      696C6F67 
 2087      756500
 2088              	.LASF16:
 2089 01ca 746D6F64 		.ascii	"tmode_t\000"
 2089      655F7400 
 2090              	.LASF45:
 2091 01d2 54687265 		.ascii	"ThreadsList\000"
 2091      6164734C 
 2091      69737400 
 2092              	.LASF22:
 2093 01de 6576656E 		.ascii	"eventmask_t\000"
 2093      746D6173 
 2093      6B5F7400 
 2094              	.LASF77:
 2095 01ea 4D757465 		.ascii	"Mutex\000"
 2095      7800
 2096              	.LASF97:
 2097 01f0 474E5520 		.ascii	"GNU C 4.9.3 20141119 (release) [ARM/embedded-4_9-br"
 2097      4320342E 
 2097      392E3320 
 2097      32303134 
 2097      31313139 
 2098 0223 616E6368 		.ascii	"anch revision 218278] -mcpu=cortex-m4 -mno-thumb-in"
 2098      20726576 
 2098      6973696F 
 2098      6E203231 
 2098      38323738 
 2099 0256 74657277 		.ascii	"terwork -mthumb -ggdb -O2 -fomit-frame-pointer -fal"
 2099      6F726B20 
 2099      2D6D7468 
 2099      756D6220 
 2099      2D676764 
 2100 0289 69676E2D 		.ascii	"ign-functions=16 -ffunction-sections -fdata-section"
 2100      66756E63 
 2100      74696F6E 
 2100      733D3136 
 2100      202D6666 
 2101 02bc 73202D66 		.ascii	"s -fno-common\000"
 2101      6E6F2D63 
 2101      6F6D6D6F 
ARM GAS  /tmp/ccdZx2fD.s 			page 40


 2101      6E00
 2102              	.LASF53:
 2103 02ca 73697A65 		.ascii	"sizetype\000"
 2103      74797065 
 2103      00
 2104              	.LASF60:
 2105 02d3 43465352 		.ascii	"CFSR\000"
 2105      00
 2106              	.LASF30:
 2107 02d8 705F6F6C 		.ascii	"p_older\000"
 2107      64657200 
 2108              	.LASF72:
 2109 02e0 725F6374 		.ascii	"r_ctx\000"
 2109      7800
 2110              	.LASF44:
 2111 02e6 54687265 		.ascii	"ThreadsQueue\000"
 2111      61647351 
 2111      75657565 
 2111      00
 2112              	.LASF75:
 2113 02f3 725F6375 		.ascii	"r_current\000"
 2113      7272656E 
 2113      7400
 2114              	.LASF74:
 2115 02fd 725F6F6C 		.ascii	"r_older\000"
 2115      64657200 
 2116              	.LASF18:
 2117 0305 74726566 		.ascii	"trefs_t\000"
 2117      735F7400 
 2118              	.LASF86:
 2119 030d 63747870 		.ascii	"ctxp\000"
 2119      00
 2120              	.LASF26:
 2121 0312 705F7072 		.ascii	"p_prev\000"
 2121      657600
 2122              	.LASF20:
 2123 0319 74707269 		.ascii	"tprio_t\000"
 2123      6F5F7400 
 2124              	.LASF15:
 2125 0321 5F426F6F 		.ascii	"_Bool\000"
 2125      6C00
 2126              	.LASF13:
 2127 0327 696E7433 		.ascii	"int32_t\000"
 2127      325F7400 
 2128              	.LASF2:
 2129 032f 756E7369 		.ascii	"unsigned char\000"
 2129      676E6564 
 2129      20636861 
 2129      7200
 2130              	.LASF59:
 2131 033d 53484353 		.ascii	"SHCSR\000"
 2131      5200
 2132              	.LASF41:
 2133 0343 705F6D74 		.ascii	"p_mtxlist\000"
 2133      786C6973 
 2133      7400
 2134              	.LASF3:
ARM GAS  /tmp/ccdZx2fD.s 			page 41


 2135 034d 73686F72 		.ascii	"short int\000"
 2135      7420696E 
 2135      7400
 2136              	.LASF32:
 2137 0357 705F7374 		.ascii	"p_state\000"
 2137      61746500 
 2138              	.LASF35:
 2139 035f 705F7072 		.ascii	"p_preempt\000"
 2139      65656D70 
 2139      7400
 2140              	.LASF49:
 2141 0369 78707372 		.ascii	"xpsr\000"
 2141      00
 2142              	.LASF71:
 2143 036e 725F7072 		.ascii	"r_prio\000"
 2143      696F00
 2144              	.LASF84:
 2145 0375 65776D61 		.ascii	"ewmask\000"
 2145      736B00
 2146              	.LASF25:
 2147 037c 705F6E65 		.ascii	"p_next\000"
 2147      787400
 2148              	.LASF33:
 2149 0383 705F666C 		.ascii	"p_flags\000"
 2149      61677300 
 2150              	.LASF24:
 2151 038b 54687265 		.ascii	"Thread\000"
 2151      616400
 2152              	.LASF40:
 2153 0392 705F6570 		.ascii	"p_epending\000"
 2153      656E6469 
 2153      6E6700
 2154              	.LASF14:
 2155 039d 75696E74 		.ascii	"uint32_t\000"
 2155      33325F74 
 2155      00
 2156              	.LASF70:
 2157 03a6 725F7175 		.ascii	"r_queue\000"
 2157      65756500 
 2158              	.LASF65:
 2159 03ae 41465352 		.ascii	"AFSR\000"
 2159      00
 2160              	.LASF67:
 2161 03b3 756E7573 		.ascii	"unused1\000"
 2161      65643100 
 2162              	.LASF85:
 2163 03bb 63686172 		.ascii	"char\000"
 2163      00
 2164              	.LASF52:
 2165 03c0 494F5245 		.ascii	"IOREG32\000"
 2165      47333200 
 2166              	.LASF80:
 2167 03c8 6D5F6E65 		.ascii	"m_next\000"
 2167      787400
 2168              	.LASF23:
 2169 03cf 73797374 		.ascii	"systime_t\000"
 2169      696D655F 
ARM GAS  /tmp/ccdZx2fD.s 			page 42


 2169      7400
 2170              	.LASF42:
 2171 03d9 705F7265 		.ascii	"p_realprio\000"
 2171      616C7072 
 2171      696F00
 2172              	.LASF6:
 2173 03e4 5F5F696E 		.ascii	"__int32_t\000"
 2173      7433325F 
 2173      7400
 2174              	.LASF98:
 2175 03ee 2F686F6D 		.ascii	"/home/austin/git/personal/school/motor_control/chib"
 2175      652F6175 
 2175      7374696E 
 2175      2F676974 
 2175      2F706572 
 2176 0421 696F732F 		.ascii	"ios/os/ports/GCC/ARMCMx/chcore_v7m.c\000"
 2176      6F732F70 
 2176      6F727473 
 2176      2F474343 
 2176      2F41524D 
 2177              	.LASF36:
 2178 0446 705F7469 		.ascii	"p_time\000"
 2178      6D6500
 2179              	.LASF58:
 2180 044d 53485052 		.ascii	"SHPR\000"
 2180      00
 2181              	.LASF50:
 2182 0452 696E7463 		.ascii	"intctx\000"
 2182      747800
 2183              	.LASF38:
 2184 0459 705F6D73 		.ascii	"p_msgqueue\000"
 2184      67717565 
 2184      756500
 2185              	.LASF34:
 2186 0464 705F7265 		.ascii	"p_refs\000"
 2186      667300
 2187              	.LASF76:
 2188 046b 52656164 		.ascii	"ReadyList\000"
 2188      794C6973 
 2188      7400
 2189              	.LASF66:
 2190 0475 4D4D4652 		.ascii	"MMFR\000"
 2190      00
 2191              	.LASF99:
 2192 047a 726C6973 		.ascii	"rlist\000"
 2192      7400
 2193              	.LASF12:
 2194 0480 75696E74 		.ascii	"uint8_t\000"
 2194      385F7400 
 2195              	.LASF89:
 2196 0488 5F706F72 		.ascii	"_port_init\000"
 2196      745F696E 
 2196      697400
 2197              	.LASF83:
 2198 0493 77746F62 		.ascii	"wtobjp\000"
 2198      6A7000
 2199              	.LASF31:
ARM GAS  /tmp/ccdZx2fD.s 			page 43


 2200 049a 705F6E61 		.ascii	"p_name\000"
 2200      6D6500
 2201              	.LASF68:
 2202 04a1 43504143 		.ascii	"CPACR\000"
 2202      5200
 2203              	.LASF61:
 2204 04a7 48465352 		.ascii	"HFSR\000"
 2204      00
 2205              	.LASF79:
 2206 04ac 6D5F6F77 		.ascii	"m_owner\000"
 2206      6E657200 
 2207              	.LASF28:
 2208 04b4 705F6374 		.ascii	"p_ctx\000"
 2208      7800
 2209              	.LASF37:
 2210 04ba 705F7761 		.ascii	"p_waiting\000"
 2210      6974696E 
 2210      6700
 2211              		.ident	"GCC: (GNU Tools for ARM Embedded Processors) 4.9.3 20141119 (release) [ARM/embedded-4_9-br
ARM GAS  /tmp/ccdZx2fD.s 			page 44


DEFINED SYMBOLS
                            *ABS*:0000000000000000 chcore_v7m.c
     /tmp/ccdZx2fD.s:19     .text._port_switch_from_isr:0000000000000000 $t
     /tmp/ccdZx2fD.s:25     .text._port_switch_from_isr:0000000000000000 _port_switch_from_isr
     /tmp/ccdZx2fD.s:38     .text._port_switch_from_isr:0000000000000004 _port_exit_from_isr
     /tmp/ccdZx2fD.s:50     .text.SVCallVector:0000000000000000 $t
     /tmp/ccdZx2fD.s:56     .text.SVCallVector:0000000000000000 SVCallVector
     /tmp/ccdZx2fD.s:91     .text._port_init:0000000000000000 $t
     /tmp/ccdZx2fD.s:97     .text._port_init:0000000000000000 _port_init
     /tmp/ccdZx2fD.s:141    .text._port_init:0000000000000028 $d
     /tmp/ccdZx2fD.s:147    .text._port_irq_epilogue:0000000000000000 $t
     /tmp/ccdZx2fD.s:153    .text._port_irq_epilogue:0000000000000000 _port_irq_epilogue
     /tmp/ccdZx2fD.s:245    .text._port_irq_epilogue:0000000000000064 $d
     /tmp/ccdZx2fD.s:255    .text.SysTickVector:0000000000000000 $t
     /tmp/ccdZx2fD.s:261    .text.SysTickVector:0000000000000000 SysTickVector
     /tmp/ccdZx2fD.s:302    .text._port_switch:0000000000000000 $t
     /tmp/ccdZx2fD.s:308    .text._port_switch:0000000000000000 _port_switch
     /tmp/ccdZx2fD.s:335    .text._port_thread_start:0000000000000000 $t
     /tmp/ccdZx2fD.s:341    .text._port_thread_start:0000000000000000 _port_thread_start
                     .debug_frame:0000000000000010 $d
     /tmp/ccdZx2fD.s:254    .text._port_irq_epilogue:0000000000000074 $t

UNDEFINED SYMBOLS
chSchDoReschedule
nvicSetSystemHandlerPriority
rlist
chSysTimerHandlerI
chThdExit
