ARM GAS  /tmp/ccHhFFCZ.s 			page 1


   1              		.syntax unified
   2              		.cpu cortex-m4
   3              		.fpu softvfp
   4              		.eabi_attribute 20, 1
   5              		.eabi_attribute 21, 1
   6              		.eabi_attribute 23, 3
   7              		.eabi_attribute 24, 1
   8              		.eabi_attribute 25, 1
   9              		.eabi_attribute 26, 1
  10              		.eabi_attribute 30, 2
  11              		.eabi_attribute 34, 1
  12              		.eabi_attribute 18, 4
  13              		.thumb
  14              		.file	"chmempools.c"
  15              		.text
  16              	.Ltext0:
  17              		.cfi_sections	.debug_frame
  18              		.section	.text.chPoolInit,"ax",%progbits
  19              		.align	2
  20              		.p2align 4,,15
  21              		.global	chPoolInit
  22              		.thumb
  23              		.thumb_func
  24              		.type	chPoolInit, %function
  25              	chPoolInit:
  26              	.LFB7:
  27              		.file 1 "/home/austin/git/personal/school/motor_control/chibios/os/kernel/src/chmempools.c"
  28              		.loc 1 62 0
  29              		.cfi_startproc
  30              		@ args = 0, pretend = 0, frame = 0
  31              		@ frame_needed = 0, uses_anonymous_args = 0
  32              		@ link register save eliminated.
  33              	.LVL0:
  34              		.loc 1 66 0
  35 0000 0023     		movs	r3, #0
  36              		.loc 1 67 0
  37 0002 4160     		str	r1, [r0, #4]
  38              		.loc 1 68 0
  39 0004 8260     		str	r2, [r0, #8]
  40              		.loc 1 66 0
  41 0006 0360     		str	r3, [r0]
  42 0008 7047     		bx	lr
  43              		.cfi_endproc
  44              	.LFE7:
  45              		.size	chPoolInit, .-chPoolInit
  46 000a 00BFAFF3 		.section	.text.chPoolLoadArray,"ax",%progbits
  46      0080
  47              		.align	2
  48              		.p2align 4,,15
  49              		.global	chPoolLoadArray
  50              		.thumb
  51              		.thumb_func
  52              		.type	chPoolLoadArray, %function
  53              	chPoolLoadArray:
  54              	.LFB8:
  55              		.loc 1 84 0
  56              		.cfi_startproc
ARM GAS  /tmp/ccHhFFCZ.s 			page 2


  57              		@ args = 0, pretend = 0, frame = 0
  58              		@ frame_needed = 0, uses_anonymous_args = 0
  59              		@ link register save eliminated.
  60              	.LVL1:
  61              		.loc 1 88 0
  62 0000 62B1     		cbz	r2, .L2
  63              	.LVL2:
  64              	.L4:
  65              	.LBB16:
  66              	.LBB17:
  67              		.loc 1 173 0
  68 0002 2023     		movs	r3, #32
  69              	@ 173 "/home/austin/git/personal/school/motor_control/chibios/os/kernel/src/chmempools.c" 1
  70 0004 83F31188 		msr     BASEPRI, r3
  71              	@ 0 "" 2
  72              	.LVL3:
  73              		.thumb
  74              	.LBE17:
  75              	.LBB18:
  76              	.LBB19:
  77              		.loc 1 155 0
  78 0008 0368     		ldr	r3, [r0]
  79 000a 0B60     		str	r3, [r1]
  80              	.LBE19:
  81              	.LBE18:
  82              	.LBB21:
  83              		.loc 1 175 0
  84 000c 0023     		movs	r3, #0
  85              	.LBE21:
  86              	.LBB22:
  87              	.LBB20:
  88              		.loc 1 156 0
  89 000e 0160     		str	r1, [r0]
  90              	.LBE20:
  91              	.LBE22:
  92              	.LBB23:
  93              		.loc 1 175 0
  94              	@ 175 "/home/austin/git/personal/school/motor_control/chibios/os/kernel/src/chmempools.c" 1
  95 0010 83F31188 		msr     BASEPRI, r3
  96              	@ 0 "" 2
  97              		.thumb
  98              	.LBE23:
  99              	.LBE16:
 100              		.loc 1 90 0
 101 0014 4368     		ldr	r3, [r0, #4]
 102              		.loc 1 88 0
 103 0016 013A     		subs	r2, r2, #1
 104              	.LVL4:
 105              		.loc 1 90 0
 106 0018 1944     		add	r1, r1, r3
 107              	.LVL5:
 108              		.loc 1 88 0
 109 001a F2D1     		bne	.L4
 110              	.LVL6:
 111              	.L2:
 112 001c 7047     		bx	lr
 113              		.cfi_endproc
ARM GAS  /tmp/ccHhFFCZ.s 			page 3


 114              	.LFE8:
 115              		.size	chPoolLoadArray, .-chPoolLoadArray
 116 001e 00BF     		.section	.text.chPoolAllocI,"ax",%progbits
 117              		.align	2
 118              		.p2align 4,,15
 119              		.global	chPoolAllocI
 120              		.thumb
 121              		.thumb_func
 122              		.type	chPoolAllocI, %function
 123              	chPoolAllocI:
 124              	.LFB9:
 125              		.loc 1 105 0
 126              		.cfi_startproc
 127              		@ args = 0, pretend = 0, frame = 0
 128              		@ frame_needed = 0, uses_anonymous_args = 0
 129              		@ link register save eliminated.
 130              	.LVL7:
 131              		.loc 1 111 0
 132 0000 0368     		ldr	r3, [r0]
 133              	.LVL8:
 134 0002 1BB1     		cbz	r3, .L9
 135              		.loc 1 112 0
 136 0004 1A68     		ldr	r2, [r3]
 137 0006 0260     		str	r2, [r0]
 138              	.L10:
 139              		.loc 1 116 0
 140 0008 1846     		mov	r0, r3
 141              	.LVL9:
 142 000a 7047     		bx	lr
 143              	.LVL10:
 144              	.L9:
 145              		.loc 1 113 0
 146 000c 8268     		ldr	r2, [r0, #8]
 147 000e 002A     		cmp	r2, #0
 148 0010 FAD0     		beq	.L10
 149              		.loc 1 114 0
 150 0012 4068     		ldr	r0, [r0, #4]
 151              	.LVL11:
 152 0014 1047     		bx	r2
 153              	.LVL12:
 154              		.cfi_endproc
 155              	.LFE9:
 156              		.size	chPoolAllocI, .-chPoolAllocI
 157 0016 00BFAFF3 		.section	.text.chPoolAlloc,"ax",%progbits
 157      0080AFF3 
 157      0080
 158              		.align	2
 159              		.p2align 4,,15
 160              		.global	chPoolAlloc
 161              		.thumb
 162              		.thumb_func
 163              		.type	chPoolAlloc, %function
 164              	chPoolAlloc:
 165              	.LFB10:
 166              		.loc 1 128 0
 167              		.cfi_startproc
 168              		@ args = 0, pretend = 0, frame = 0
ARM GAS  /tmp/ccHhFFCZ.s 			page 4


 169              		@ frame_needed = 0, uses_anonymous_args = 0
 170              	.LVL13:
 171 0000 08B5     		push	{r3, lr}
 172              		.cfi_def_cfa_offset 8
 173              		.cfi_offset 3, -8
 174              		.cfi_offset 14, -4
 175              		.loc 1 128 0
 176 0002 0246     		mov	r2, r0
 177              	.LBB24:
 178              		.loc 1 131 0
 179 0004 2023     		movs	r3, #32
 180              	@ 131 "/home/austin/git/personal/school/motor_control/chibios/os/kernel/src/chmempools.c" 1
 181 0006 83F31188 		msr     BASEPRI, r3
 182              	@ 0 "" 2
 183              	.LVL14:
 184              		.thumb
 185              	.LBE24:
 186              	.LBB25:
 187              	.LBB26:
 188              		.loc 1 111 0
 189 000a 0068     		ldr	r0, [r0]
 190              	.LVL15:
 191 000c 28B1     		cbz	r0, .L15
 192              		.loc 1 112 0
 193 000e 0368     		ldr	r3, [r0]
 194 0010 1360     		str	r3, [r2]
 195              	.L16:
 196              	.LBE26:
 197              	.LBE25:
 198              	.LBB28:
 199              		.loc 1 133 0
 200 0012 0023     		movs	r3, #0
 201              	@ 133 "/home/austin/git/personal/school/motor_control/chibios/os/kernel/src/chmempools.c" 1
 202 0014 83F31188 		msr     BASEPRI, r3
 203              	@ 0 "" 2
 204              		.thumb
 205              	.LBE28:
 206              		.loc 1 135 0
 207 0018 08BD     		pop	{r3, pc}
 208              	.L15:
 209              	.LBB29:
 210              	.LBB27:
 211              		.loc 1 113 0
 212 001a 9368     		ldr	r3, [r2, #8]
 213 001c 002B     		cmp	r3, #0
 214 001e F8D0     		beq	.L16
 215              		.loc 1 114 0
 216 0020 5068     		ldr	r0, [r2, #4]
 217              	.LVL16:
 218 0022 9847     		blx	r3
 219              	.LVL17:
 220              	.LBE27:
 221              	.LBE29:
 222              	.LBB30:
 223              		.loc 1 133 0
 224 0024 0023     		movs	r3, #0
 225              	@ 133 "/home/austin/git/personal/school/motor_control/chibios/os/kernel/src/chmempools.c" 1
ARM GAS  /tmp/ccHhFFCZ.s 			page 5


 226 0026 83F31188 		msr     BASEPRI, r3
 227              	@ 0 "" 2
 228              		.thumb
 229              	.LBE30:
 230              		.loc 1 135 0
 231 002a 08BD     		pop	{r3, pc}
 232              		.cfi_endproc
 233              	.LFE10:
 234              		.size	chPoolAlloc, .-chPoolAlloc
 235 002c AFF30080 		.section	.text.chPoolFreeI,"ax",%progbits
 236              		.align	2
 237              		.p2align 4,,15
 238              		.global	chPoolFreeI
 239              		.thumb
 240              		.thumb_func
 241              		.type	chPoolFreeI, %function
 242              	chPoolFreeI:
 243              	.LFB11:
 244              		.loc 1 149 0
 245              		.cfi_startproc
 246              		@ args = 0, pretend = 0, frame = 0
 247              		@ frame_needed = 0, uses_anonymous_args = 0
 248              		@ link register save eliminated.
 249              	.LVL18:
 250              		.loc 1 155 0
 251 0000 0368     		ldr	r3, [r0]
 252 0002 0B60     		str	r3, [r1]
 253              		.loc 1 156 0
 254 0004 0160     		str	r1, [r0]
 255 0006 7047     		bx	lr
 256              		.cfi_endproc
 257              	.LFE11:
 258              		.size	chPoolFreeI, .-chPoolFreeI
 259 0008 AFF30080 		.section	.text.chPoolFree,"ax",%progbits
 259      AFF30080 
 260              		.align	2
 261              		.p2align 4,,15
 262              		.global	chPoolFree
 263              		.thumb
 264              		.thumb_func
 265              		.type	chPoolFree, %function
 266              	chPoolFree:
 267              	.LFB12:
 268              		.loc 1 171 0
 269              		.cfi_startproc
 270              		@ args = 0, pretend = 0, frame = 0
 271              		@ frame_needed = 0, uses_anonymous_args = 0
 272              		@ link register save eliminated.
 273              	.LVL19:
 274              	.LBB31:
 275              		.loc 1 173 0
 276 0000 2023     		movs	r3, #32
 277              	@ 173 "/home/austin/git/personal/school/motor_control/chibios/os/kernel/src/chmempools.c" 1
 278 0002 83F31188 		msr     BASEPRI, r3
 279              	@ 0 "" 2
 280              	.LVL20:
 281              		.thumb
ARM GAS  /tmp/ccHhFFCZ.s 			page 6


 282              	.LBE31:
 283              	.LBB32:
 284              	.LBB33:
 285              		.loc 1 155 0
 286 0006 0368     		ldr	r3, [r0]
 287 0008 0B60     		str	r3, [r1]
 288              	.LBE33:
 289              	.LBE32:
 290              	.LBB35:
 291              		.loc 1 175 0
 292 000a 0023     		movs	r3, #0
 293              	.LBE35:
 294              	.LBB36:
 295              	.LBB34:
 296              		.loc 1 156 0
 297 000c 0160     		str	r1, [r0]
 298              	.LBE34:
 299              	.LBE36:
 300              	.LBB37:
 301              		.loc 1 175 0
 302              	@ 175 "/home/austin/git/personal/school/motor_control/chibios/os/kernel/src/chmempools.c" 1
 303 000e 83F31188 		msr     BASEPRI, r3
 304              	@ 0 "" 2
 305              		.thumb
 306 0012 7047     		bx	lr
 307              	.LBE37:
 308              		.cfi_endproc
 309              	.LFE12:
 310              		.size	chPoolFree, .-chPoolFree
 311 0014 AFF30080 		.text
 311      AFF30080 
 311      AFF30080 
 312              	.Letext0:
 313              		.file 2 "/usr/lib/gcc/arm-none-eabi/4.9.3/include/stddef.h"
 314              		.file 3 "/usr/arm-none-eabi/include/machine/_default_types.h"
 315              		.file 4 "/usr/arm-none-eabi/include/stdint.h"
 316              		.file 5 "/home/austin/git/personal/school/motor_control/chibios/os/kernel/include/chmemcore.h"
 317              		.file 6 "/home/austin/git/personal/school/motor_control/chibios/os/kernel/include/chmempools.h"
 318              		.section	.debug_info,"",%progbits
 319              	.Ldebug_info0:
 320 0000 00040000 		.4byte	0x400
 321 0004 0400     		.2byte	0x4
 322 0006 00000000 		.4byte	.Ldebug_abbrev0
 323 000a 04       		.byte	0x4
 324 000b 01       		.uleb128 0x1
 325 000c 1B010000 		.4byte	.LASF30
 326 0010 01       		.byte	0x1
 327 0011 AF000000 		.4byte	.LASF31
 328 0015 90000000 		.4byte	.Ldebug_ranges0+0x90
 329 0019 00000000 		.4byte	0
 330 001d 00000000 		.4byte	.Ldebug_line0
 331 0021 02       		.uleb128 0x2
 332 0022 04       		.byte	0x4
 333 0023 05       		.byte	0x5
 334 0024 696E7400 		.ascii	"int\000"
 335 0028 03       		.uleb128 0x3
 336 0029 0A000000 		.4byte	.LASF2
ARM GAS  /tmp/ccHhFFCZ.s 			page 7


 337 002d 02       		.byte	0x2
 338 002e D4       		.byte	0xd4
 339 002f 33000000 		.4byte	0x33
 340 0033 04       		.uleb128 0x4
 341 0034 04       		.byte	0x4
 342 0035 07       		.byte	0x7
 343 0036 0E010000 		.4byte	.LASF0
 344 003a 04       		.uleb128 0x4
 345 003b 01       		.byte	0x1
 346 003c 06       		.byte	0x6
 347 003d 79020000 		.4byte	.LASF1
 348 0041 03       		.uleb128 0x3
 349 0042 00000000 		.4byte	.LASF3
 350 0046 03       		.byte	0x3
 351 0047 1D       		.byte	0x1d
 352 0048 4C000000 		.4byte	0x4c
 353 004c 04       		.uleb128 0x4
 354 004d 01       		.byte	0x1
 355 004e 08       		.byte	0x8
 356 004f 7B000000 		.4byte	.LASF4
 357 0053 04       		.uleb128 0x4
 358 0054 02       		.byte	0x2
 359 0055 05       		.byte	0x5
 360 0056 51020000 		.4byte	.LASF5
 361 005a 04       		.uleb128 0x4
 362 005b 02       		.byte	0x2
 363 005c 07       		.byte	0x7
 364 005d 53000000 		.4byte	.LASF6
 365 0061 04       		.uleb128 0x4
 366 0062 04       		.byte	0x4
 367 0063 05       		.byte	0x5
 368 0064 70020000 		.4byte	.LASF7
 369 0068 03       		.uleb128 0x3
 370 0069 89000000 		.4byte	.LASF8
 371 006d 03       		.byte	0x3
 372 006e 41       		.byte	0x41
 373 006f 73000000 		.4byte	0x73
 374 0073 04       		.uleb128 0x4
 375 0074 04       		.byte	0x4
 376 0075 07       		.byte	0x7
 377 0076 41000000 		.4byte	.LASF9
 378 007a 04       		.uleb128 0x4
 379 007b 08       		.byte	0x8
 380 007c 05       		.byte	0x5
 381 007d 25020000 		.4byte	.LASF10
 382 0081 04       		.uleb128 0x4
 383 0082 08       		.byte	0x8
 384 0083 07       		.byte	0x7
 385 0084 F5010000 		.4byte	.LASF11
 386 0088 03       		.uleb128 0x3
 387 0089 0C020000 		.4byte	.LASF12
 388 008d 04       		.byte	0x4
 389 008e 15       		.byte	0x15
 390 008f 41000000 		.4byte	0x41
 391 0093 03       		.uleb128 0x3
 392 0094 67020000 		.4byte	.LASF13
 393 0098 04       		.byte	0x4
ARM GAS  /tmp/ccHhFFCZ.s 			page 8


 394 0099 2D       		.byte	0x2d
 395 009a 68000000 		.4byte	0x68
 396 009e 04       		.uleb128 0x4
 397 009f 01       		.byte	0x1
 398 00a0 02       		.byte	0x2
 399 00a1 8D020000 		.4byte	.LASF14
 400 00a5 05       		.uleb128 0x5
 401 00a6 04       		.byte	0x4
 402 00a7 04       		.uleb128 0x4
 403 00a8 04       		.byte	0x4
 404 00a9 07       		.byte	0x7
 405 00aa 1C020000 		.4byte	.LASF15
 406 00ae 03       		.uleb128 0x3
 407 00af 38020000 		.4byte	.LASF16
 408 00b3 05       		.byte	0x5
 409 00b4 2C       		.byte	0x2c
 410 00b5 B9000000 		.4byte	0xb9
 411 00b9 06       		.uleb128 0x6
 412 00ba 04       		.byte	0x4
 413 00bb BF000000 		.4byte	0xbf
 414 00bf 07       		.uleb128 0x7
 415 00c0 A5000000 		.4byte	0xa5
 416 00c4 CE000000 		.4byte	0xce
 417 00c8 08       		.uleb128 0x8
 418 00c9 28000000 		.4byte	0x28
 419 00cd 00       		.byte	0
 420 00ce 09       		.uleb128 0x9
 421 00cf 30000000 		.4byte	.LASF32
 422 00d3 04       		.byte	0x4
 423 00d4 06       		.byte	0x6
 424 00d5 2C       		.byte	0x2c
 425 00d6 E7000000 		.4byte	0xe7
 426 00da 0A       		.uleb128 0xa
 427 00db 14020000 		.4byte	.LASF17
 428 00df 06       		.byte	0x6
 429 00e0 2D       		.byte	0x2d
 430 00e1 E7000000 		.4byte	0xe7
 431 00e5 00       		.byte	0
 432 00e6 00       		.byte	0
 433 00e7 06       		.uleb128 0x6
 434 00e8 04       		.byte	0x4
 435 00e9 CE000000 		.4byte	0xce
 436 00ed 0B       		.uleb128 0xb
 437 00ee 0C       		.byte	0xc
 438 00ef 06       		.byte	0x6
 439 00f0 34       		.byte	0x34
 440 00f1 1A010000 		.4byte	0x11a
 441 00f5 0A       		.uleb128 0xa
 442 00f6 85020000 		.4byte	.LASF18
 443 00fa 06       		.byte	0x6
 444 00fb 35       		.byte	0x35
 445 00fc E7000000 		.4byte	0xe7
 446 0100 00       		.byte	0
 447 0101 0A       		.uleb128 0xa
 448 0102 11000000 		.4byte	.LASF19
 449 0106 06       		.byte	0x6
 450 0107 36       		.byte	0x36
ARM GAS  /tmp/ccHhFFCZ.s 			page 9


 451 0108 28000000 		.4byte	0x28
 452 010c 04       		.byte	0x4
 453 010d 0A       		.uleb128 0xa
 454 010e 45020000 		.4byte	.LASF20
 455 0112 06       		.byte	0x6
 456 0113 38       		.byte	0x38
 457 0114 AE000000 		.4byte	0xae
 458 0118 08       		.byte	0x8
 459 0119 00       		.byte	0
 460 011a 03       		.uleb128 0x3
 461 011b 9F000000 		.4byte	.LASF21
 462 011f 06       		.byte	0x6
 463 0120 3A       		.byte	0x3a
 464 0121 ED000000 		.4byte	0xed
 465 0125 04       		.uleb128 0x4
 466 0126 01       		.byte	0x1
 467 0127 08       		.byte	0x8
 468 0128 33020000 		.4byte	.LASF22
 469 012c 0C       		.uleb128 0xc
 470 012d 01010000 		.4byte	.LASF33
 471 0131 01       		.byte	0x1
 472 0132 69       		.byte	0x69
 473 0133 A5000000 		.4byte	0xa5
 474 0137 01       		.byte	0x1
 475 0138 52010000 		.4byte	0x152
 476 013c 0D       		.uleb128 0xd
 477 013d 6D7000   		.ascii	"mp\000"
 478 0140 01       		.byte	0x1
 479 0141 69       		.byte	0x69
 480 0142 52010000 		.4byte	0x152
 481 0146 0E       		.uleb128 0xe
 482 0147 AA000000 		.4byte	.LASF23
 483 014b 01       		.byte	0x1
 484 014c 6A       		.byte	0x6a
 485 014d A5000000 		.4byte	0xa5
 486 0151 00       		.byte	0
 487 0152 06       		.uleb128 0x6
 488 0153 04       		.byte	0x4
 489 0154 1A010000 		.4byte	0x11a
 490 0158 0F       		.uleb128 0xf
 491 0159 6F000000 		.4byte	.LASF24
 492 015d 01       		.byte	0x1
 493 015e 95       		.byte	0x95
 494 015f 01       		.byte	0x1
 495 0160 85010000 		.4byte	0x185
 496 0164 0D       		.uleb128 0xd
 497 0165 6D7000   		.ascii	"mp\000"
 498 0168 01       		.byte	0x1
 499 0169 95       		.byte	0x95
 500 016a 52010000 		.4byte	0x152
 501 016e 10       		.uleb128 0x10
 502 016f AA000000 		.4byte	.LASF23
 503 0173 01       		.byte	0x1
 504 0174 95       		.byte	0x95
 505 0175 A5000000 		.4byte	0xa5
 506 0179 11       		.uleb128 0x11
 507 017a 70687000 		.ascii	"php\000"
ARM GAS  /tmp/ccHhFFCZ.s 			page 10


 508 017e 01       		.byte	0x1
 509 017f 96       		.byte	0x96
 510 0180 E7000000 		.4byte	0xe7
 511 0184 00       		.byte	0
 512 0185 0F       		.uleb128 0xf
 513 0186 94000000 		.4byte	.LASF25
 514 018a 01       		.byte	0x1
 515 018b AB       		.byte	0xab
 516 018c 01       		.byte	0x1
 517 018d C5010000 		.4byte	0x1c5
 518 0191 0D       		.uleb128 0xd
 519 0192 6D7000   		.ascii	"mp\000"
 520 0195 01       		.byte	0x1
 521 0196 AB       		.byte	0xab
 522 0197 52010000 		.4byte	0x152
 523 019b 10       		.uleb128 0x10
 524 019c AA000000 		.4byte	.LASF23
 525 01a0 01       		.byte	0x1
 526 01a1 AB       		.byte	0xab
 527 01a2 A5000000 		.4byte	0xa5
 528 01a6 12       		.uleb128 0x12
 529 01a7 B7010000 		.4byte	0x1b7
 530 01ab 11       		.uleb128 0x11
 531 01ac 746D7000 		.ascii	"tmp\000"
 532 01b0 01       		.byte	0x1
 533 01b1 AD       		.byte	0xad
 534 01b2 93000000 		.4byte	0x93
 535 01b6 00       		.byte	0
 536 01b7 13       		.uleb128 0x13
 537 01b8 11       		.uleb128 0x11
 538 01b9 746D7000 		.ascii	"tmp\000"
 539 01bd 01       		.byte	0x1
 540 01be AF       		.byte	0xaf
 541 01bf 93000000 		.4byte	0x93
 542 01c3 00       		.byte	0
 543 01c4 00       		.byte	0
 544 01c5 14       		.uleb128 0x14
 545 01c6 93020000 		.4byte	.LASF28
 546 01ca 01       		.byte	0x1
 547 01cb 3E       		.byte	0x3e
 548 01cc 00000000 		.4byte	.LFB7
 549 01d0 0A000000 		.4byte	.LFE7-.LFB7
 550 01d4 01       		.uleb128 0x1
 551 01d5 9C       		.byte	0x9c
 552 01d6 01020000 		.4byte	0x201
 553 01da 15       		.uleb128 0x15
 554 01db 6D7000   		.ascii	"mp\000"
 555 01de 01       		.byte	0x1
 556 01df 3E       		.byte	0x3e
 557 01e0 52010000 		.4byte	0x152
 558 01e4 01       		.uleb128 0x1
 559 01e5 50       		.byte	0x50
 560 01e6 16       		.uleb128 0x16
 561 01e7 3C000000 		.4byte	.LASF26
 562 01eb 01       		.byte	0x1
 563 01ec 3E       		.byte	0x3e
 564 01ed 28000000 		.4byte	0x28
ARM GAS  /tmp/ccHhFFCZ.s 			page 11


 565 01f1 01       		.uleb128 0x1
 566 01f2 51       		.byte	0x51
 567 01f3 16       		.uleb128 0x16
 568 01f4 66000000 		.4byte	.LASF27
 569 01f8 01       		.byte	0x1
 570 01f9 3E       		.byte	0x3e
 571 01fa AE000000 		.4byte	0xae
 572 01fe 01       		.uleb128 0x1
 573 01ff 52       		.byte	0x52
 574 0200 00       		.byte	0
 575 0201 14       		.uleb128 0x14
 576 0202 20000000 		.4byte	.LASF29
 577 0206 01       		.byte	0x1
 578 0207 54       		.byte	0x54
 579 0208 00000000 		.4byte	.LFB8
 580 020c 1E000000 		.4byte	.LFE8-.LFB8
 581 0210 01       		.uleb128 0x1
 582 0211 9C       		.byte	0x9c
 583 0212 B6020000 		.4byte	0x2b6
 584 0216 15       		.uleb128 0x15
 585 0217 6D7000   		.ascii	"mp\000"
 586 021a 01       		.byte	0x1
 587 021b 54       		.byte	0x54
 588 021c 52010000 		.4byte	0x152
 589 0220 01       		.uleb128 0x1
 590 0221 50       		.byte	0x50
 591 0222 17       		.uleb128 0x17
 592 0223 7000     		.ascii	"p\000"
 593 0225 01       		.byte	0x1
 594 0226 54       		.byte	0x54
 595 0227 A5000000 		.4byte	0xa5
 596 022b 00000000 		.4byte	.LLST0
 597 022f 17       		.uleb128 0x17
 598 0230 6E00     		.ascii	"n\000"
 599 0232 01       		.byte	0x1
 600 0233 54       		.byte	0x54
 601 0234 28000000 		.4byte	0x28
 602 0238 1E000000 		.4byte	.LLST1
 603 023c 18       		.uleb128 0x18
 604 023d 85010000 		.4byte	0x185
 605 0241 02000000 		.4byte	.LBB16
 606 0245 12000000 		.4byte	.LBE16-.LBB16
 607 0249 01       		.byte	0x1
 608 024a 59       		.byte	0x59
 609 024b 19       		.uleb128 0x19
 610 024c 9B010000 		.4byte	0x19b
 611 0250 49000000 		.4byte	.LLST2
 612 0254 19       		.uleb128 0x19
 613 0255 91010000 		.4byte	0x191
 614 0259 68000000 		.4byte	.LLST3
 615 025d 1A       		.uleb128 0x1a
 616 025e 02000000 		.4byte	.LBB17
 617 0262 06000000 		.4byte	.LBE17-.LBB17
 618 0266 72020000 		.4byte	0x272
 619 026a 1B       		.uleb128 0x1b
 620 026b AB010000 		.4byte	0x1ab
 621 026f 01       		.uleb128 0x1
ARM GAS  /tmp/ccHhFFCZ.s 			page 12


 622 0270 53       		.byte	0x53
 623 0271 00       		.byte	0
 624 0272 1C       		.uleb128 0x1c
 625 0273 58010000 		.4byte	0x158
 626 0277 08000000 		.4byte	.LBB18
 627 027b 00000000 		.4byte	.Ldebug_ranges0+0
 628 027f 01       		.byte	0x1
 629 0280 AE       		.byte	0xae
 630 0281 A7020000 		.4byte	0x2a7
 631 0285 19       		.uleb128 0x19
 632 0286 6E010000 		.4byte	0x16e
 633 028a 7B000000 		.4byte	.LLST4
 634 028e 19       		.uleb128 0x19
 635 028f 64010000 		.4byte	0x164
 636 0293 9A000000 		.4byte	.LLST5
 637 0297 1D       		.uleb128 0x1d
 638 0298 00000000 		.4byte	.Ldebug_ranges0+0
 639 029c 1E       		.uleb128 0x1e
 640 029d 79010000 		.4byte	0x179
 641 02a1 7B000000 		.4byte	.LLST4
 642 02a5 00       		.byte	0
 643 02a6 00       		.byte	0
 644 02a7 1D       		.uleb128 0x1d
 645 02a8 18000000 		.4byte	.Ldebug_ranges0+0x18
 646 02ac 1B       		.uleb128 0x1b
 647 02ad B8010000 		.4byte	0x1b8
 648 02b1 01       		.uleb128 0x1
 649 02b2 53       		.byte	0x53
 650 02b3 00       		.byte	0
 651 02b4 00       		.byte	0
 652 02b5 00       		.byte	0
 653 02b6 1F       		.uleb128 0x1f
 654 02b7 2C010000 		.4byte	0x12c
 655 02bb 00000000 		.4byte	.LFB9
 656 02bf 16000000 		.4byte	.LFE9-.LFB9
 657 02c3 01       		.uleb128 0x1
 658 02c4 9C       		.byte	0x9c
 659 02c5 DC020000 		.4byte	0x2dc
 660 02c9 19       		.uleb128 0x19
 661 02ca 3C010000 		.4byte	0x13c
 662 02ce AD000000 		.4byte	.LLST7
 663 02d2 1E       		.uleb128 0x1e
 664 02d3 46010000 		.4byte	0x146
 665 02d7 E7000000 		.4byte	.LLST8
 666 02db 00       		.byte	0
 667 02dc 20       		.uleb128 0x20
 668 02dd 5B020000 		.4byte	.LASF34
 669 02e1 01       		.byte	0x1
 670 02e2 80       		.byte	0x80
 671 02e3 A5000000 		.4byte	0xa5
 672 02e7 00000000 		.4byte	.LFB10
 673 02eb 2C000000 		.4byte	.LFE10-.LFB10
 674 02ef 01       		.uleb128 0x1
 675 02f0 9C       		.byte	0x9c
 676 02f1 6B030000 		.4byte	0x36b
 677 02f5 17       		.uleb128 0x17
 678 02f6 6D7000   		.ascii	"mp\000"
ARM GAS  /tmp/ccHhFFCZ.s 			page 13


 679 02f9 01       		.byte	0x1
 680 02fa 80       		.byte	0x80
 681 02fb 52010000 		.4byte	0x152
 682 02ff FA000000 		.4byte	.LLST9
 683 0303 21       		.uleb128 0x21
 684 0304 AA000000 		.4byte	.LASF23
 685 0308 01       		.byte	0x1
 686 0309 81       		.byte	0x81
 687 030a A5000000 		.4byte	0xa5
 688 030e 01       		.uleb128 0x1
 689 030f 50       		.byte	0x50
 690 0310 1A       		.uleb128 0x1a
 691 0311 04000000 		.4byte	.LBB24
 692 0315 06000000 		.4byte	.LBE24-.LBB24
 693 0319 2B030000 		.4byte	0x32b
 694 031d 22       		.uleb128 0x22
 695 031e 746D7000 		.ascii	"tmp\000"
 696 0322 01       		.byte	0x1
 697 0323 83       		.byte	0x83
 698 0324 93000000 		.4byte	0x93
 699 0328 01       		.uleb128 0x1
 700 0329 53       		.byte	0x53
 701 032a 00       		.byte	0
 702 032b 1C       		.uleb128 0x1c
 703 032c 2C010000 		.4byte	0x12c
 704 0330 0A000000 		.4byte	.LBB25
 705 0334 30000000 		.4byte	.Ldebug_ranges0+0x30
 706 0338 01       		.byte	0x1
 707 0339 84       		.byte	0x84
 708 033a 57030000 		.4byte	0x357
 709 033e 19       		.uleb128 0x19
 710 033f 3C010000 		.4byte	0x13c
 711 0343 26010000 		.4byte	.LLST10
 712 0347 1D       		.uleb128 0x1d
 713 0348 30000000 		.4byte	.Ldebug_ranges0+0x30
 714 034c 1E       		.uleb128 0x1e
 715 034d 46010000 		.4byte	0x146
 716 0351 52010000 		.4byte	.LLST11
 717 0355 00       		.byte	0
 718 0356 00       		.byte	0
 719 0357 1D       		.uleb128 0x1d
 720 0358 48000000 		.4byte	.Ldebug_ranges0+0x48
 721 035c 22       		.uleb128 0x22
 722 035d 746D7000 		.ascii	"tmp\000"
 723 0361 01       		.byte	0x1
 724 0362 85       		.byte	0x85
 725 0363 93000000 		.4byte	0x93
 726 0367 01       		.uleb128 0x1
 727 0368 53       		.byte	0x53
 728 0369 00       		.byte	0
 729 036a 00       		.byte	0
 730 036b 23       		.uleb128 0x23
 731 036c 58010000 		.4byte	0x158
 732 0370 00000000 		.4byte	.LFB11
 733 0374 08000000 		.4byte	.LFE11-.LFB11
 734 0378 01       		.uleb128 0x1
 735 0379 9C       		.byte	0x9c
ARM GAS  /tmp/ccHhFFCZ.s 			page 14


 736 037a 94030000 		.4byte	0x394
 737 037e 24       		.uleb128 0x24
 738 037f 64010000 		.4byte	0x164
 739 0383 01       		.uleb128 0x1
 740 0384 50       		.byte	0x50
 741 0385 24       		.uleb128 0x24
 742 0386 6E010000 		.4byte	0x16e
 743 038a 01       		.uleb128 0x1
 744 038b 51       		.byte	0x51
 745 038c 1B       		.uleb128 0x1b
 746 038d 79010000 		.4byte	0x179
 747 0391 01       		.uleb128 0x1
 748 0392 51       		.byte	0x51
 749 0393 00       		.byte	0
 750 0394 25       		.uleb128 0x25
 751 0395 85010000 		.4byte	0x185
 752 0399 00000000 		.4byte	.LFB12
 753 039d 14000000 		.4byte	.LFE12-.LFB12
 754 03a1 01       		.uleb128 0x1
 755 03a2 9C       		.byte	0x9c
 756 03a3 24       		.uleb128 0x24
 757 03a4 91010000 		.4byte	0x191
 758 03a8 01       		.uleb128 0x1
 759 03a9 50       		.byte	0x50
 760 03aa 24       		.uleb128 0x24
 761 03ab 9B010000 		.4byte	0x19b
 762 03af 01       		.uleb128 0x1
 763 03b0 51       		.byte	0x51
 764 03b1 1A       		.uleb128 0x1a
 765 03b2 00000000 		.4byte	.LBB31
 766 03b6 06000000 		.4byte	.LBE31-.LBB31
 767 03ba C6030000 		.4byte	0x3c6
 768 03be 1B       		.uleb128 0x1b
 769 03bf AB010000 		.4byte	0x1ab
 770 03c3 01       		.uleb128 0x1
 771 03c4 53       		.byte	0x53
 772 03c5 00       		.byte	0
 773 03c6 1C       		.uleb128 0x1c
 774 03c7 58010000 		.4byte	0x158
 775 03cb 06000000 		.4byte	.LBB32
 776 03cf 60000000 		.4byte	.Ldebug_ranges0+0x60
 777 03d3 01       		.byte	0x1
 778 03d4 AE       		.byte	0xae
 779 03d5 F5030000 		.4byte	0x3f5
 780 03d9 24       		.uleb128 0x24
 781 03da 6E010000 		.4byte	0x16e
 782 03de 01       		.uleb128 0x1
 783 03df 51       		.byte	0x51
 784 03e0 24       		.uleb128 0x24
 785 03e1 64010000 		.4byte	0x164
 786 03e5 01       		.uleb128 0x1
 787 03e6 50       		.byte	0x50
 788 03e7 1D       		.uleb128 0x1d
 789 03e8 60000000 		.4byte	.Ldebug_ranges0+0x60
 790 03ec 1B       		.uleb128 0x1b
 791 03ed 79010000 		.4byte	0x179
 792 03f1 01       		.uleb128 0x1
ARM GAS  /tmp/ccHhFFCZ.s 			page 15


 793 03f2 51       		.byte	0x51
 794 03f3 00       		.byte	0
 795 03f4 00       		.byte	0
 796 03f5 1D       		.uleb128 0x1d
 797 03f6 78000000 		.4byte	.Ldebug_ranges0+0x78
 798 03fa 1B       		.uleb128 0x1b
 799 03fb B8010000 		.4byte	0x1b8
 800 03ff 01       		.uleb128 0x1
 801 0400 53       		.byte	0x53
 802 0401 00       		.byte	0
 803 0402 00       		.byte	0
 804 0403 00       		.byte	0
 805              		.section	.debug_abbrev,"",%progbits
 806              	.Ldebug_abbrev0:
 807 0000 01       		.uleb128 0x1
 808 0001 11       		.uleb128 0x11
 809 0002 01       		.byte	0x1
 810 0003 25       		.uleb128 0x25
 811 0004 0E       		.uleb128 0xe
 812 0005 13       		.uleb128 0x13
 813 0006 0B       		.uleb128 0xb
 814 0007 03       		.uleb128 0x3
 815 0008 0E       		.uleb128 0xe
 816 0009 55       		.uleb128 0x55
 817 000a 17       		.uleb128 0x17
 818 000b 11       		.uleb128 0x11
 819 000c 01       		.uleb128 0x1
 820 000d 10       		.uleb128 0x10
 821 000e 17       		.uleb128 0x17
 822 000f 00       		.byte	0
 823 0010 00       		.byte	0
 824 0011 02       		.uleb128 0x2
 825 0012 24       		.uleb128 0x24
 826 0013 00       		.byte	0
 827 0014 0B       		.uleb128 0xb
 828 0015 0B       		.uleb128 0xb
 829 0016 3E       		.uleb128 0x3e
 830 0017 0B       		.uleb128 0xb
 831 0018 03       		.uleb128 0x3
 832 0019 08       		.uleb128 0x8
 833 001a 00       		.byte	0
 834 001b 00       		.byte	0
 835 001c 03       		.uleb128 0x3
 836 001d 16       		.uleb128 0x16
 837 001e 00       		.byte	0
 838 001f 03       		.uleb128 0x3
 839 0020 0E       		.uleb128 0xe
 840 0021 3A       		.uleb128 0x3a
 841 0022 0B       		.uleb128 0xb
 842 0023 3B       		.uleb128 0x3b
 843 0024 0B       		.uleb128 0xb
 844 0025 49       		.uleb128 0x49
 845 0026 13       		.uleb128 0x13
 846 0027 00       		.byte	0
 847 0028 00       		.byte	0
 848 0029 04       		.uleb128 0x4
 849 002a 24       		.uleb128 0x24
ARM GAS  /tmp/ccHhFFCZ.s 			page 16


 850 002b 00       		.byte	0
 851 002c 0B       		.uleb128 0xb
 852 002d 0B       		.uleb128 0xb
 853 002e 3E       		.uleb128 0x3e
 854 002f 0B       		.uleb128 0xb
 855 0030 03       		.uleb128 0x3
 856 0031 0E       		.uleb128 0xe
 857 0032 00       		.byte	0
 858 0033 00       		.byte	0
 859 0034 05       		.uleb128 0x5
 860 0035 0F       		.uleb128 0xf
 861 0036 00       		.byte	0
 862 0037 0B       		.uleb128 0xb
 863 0038 0B       		.uleb128 0xb
 864 0039 00       		.byte	0
 865 003a 00       		.byte	0
 866 003b 06       		.uleb128 0x6
 867 003c 0F       		.uleb128 0xf
 868 003d 00       		.byte	0
 869 003e 0B       		.uleb128 0xb
 870 003f 0B       		.uleb128 0xb
 871 0040 49       		.uleb128 0x49
 872 0041 13       		.uleb128 0x13
 873 0042 00       		.byte	0
 874 0043 00       		.byte	0
 875 0044 07       		.uleb128 0x7
 876 0045 15       		.uleb128 0x15
 877 0046 01       		.byte	0x1
 878 0047 27       		.uleb128 0x27
 879 0048 19       		.uleb128 0x19
 880 0049 49       		.uleb128 0x49
 881 004a 13       		.uleb128 0x13
 882 004b 01       		.uleb128 0x1
 883 004c 13       		.uleb128 0x13
 884 004d 00       		.byte	0
 885 004e 00       		.byte	0
 886 004f 08       		.uleb128 0x8
 887 0050 05       		.uleb128 0x5
 888 0051 00       		.byte	0
 889 0052 49       		.uleb128 0x49
 890 0053 13       		.uleb128 0x13
 891 0054 00       		.byte	0
 892 0055 00       		.byte	0
 893 0056 09       		.uleb128 0x9
 894 0057 13       		.uleb128 0x13
 895 0058 01       		.byte	0x1
 896 0059 03       		.uleb128 0x3
 897 005a 0E       		.uleb128 0xe
 898 005b 0B       		.uleb128 0xb
 899 005c 0B       		.uleb128 0xb
 900 005d 3A       		.uleb128 0x3a
 901 005e 0B       		.uleb128 0xb
 902 005f 3B       		.uleb128 0x3b
 903 0060 0B       		.uleb128 0xb
 904 0061 01       		.uleb128 0x1
 905 0062 13       		.uleb128 0x13
 906 0063 00       		.byte	0
ARM GAS  /tmp/ccHhFFCZ.s 			page 17


 907 0064 00       		.byte	0
 908 0065 0A       		.uleb128 0xa
 909 0066 0D       		.uleb128 0xd
 910 0067 00       		.byte	0
 911 0068 03       		.uleb128 0x3
 912 0069 0E       		.uleb128 0xe
 913 006a 3A       		.uleb128 0x3a
 914 006b 0B       		.uleb128 0xb
 915 006c 3B       		.uleb128 0x3b
 916 006d 0B       		.uleb128 0xb
 917 006e 49       		.uleb128 0x49
 918 006f 13       		.uleb128 0x13
 919 0070 38       		.uleb128 0x38
 920 0071 0B       		.uleb128 0xb
 921 0072 00       		.byte	0
 922 0073 00       		.byte	0
 923 0074 0B       		.uleb128 0xb
 924 0075 13       		.uleb128 0x13
 925 0076 01       		.byte	0x1
 926 0077 0B       		.uleb128 0xb
 927 0078 0B       		.uleb128 0xb
 928 0079 3A       		.uleb128 0x3a
 929 007a 0B       		.uleb128 0xb
 930 007b 3B       		.uleb128 0x3b
 931 007c 0B       		.uleb128 0xb
 932 007d 01       		.uleb128 0x1
 933 007e 13       		.uleb128 0x13
 934 007f 00       		.byte	0
 935 0080 00       		.byte	0
 936 0081 0C       		.uleb128 0xc
 937 0082 2E       		.uleb128 0x2e
 938 0083 01       		.byte	0x1
 939 0084 3F       		.uleb128 0x3f
 940 0085 19       		.uleb128 0x19
 941 0086 03       		.uleb128 0x3
 942 0087 0E       		.uleb128 0xe
 943 0088 3A       		.uleb128 0x3a
 944 0089 0B       		.uleb128 0xb
 945 008a 3B       		.uleb128 0x3b
 946 008b 0B       		.uleb128 0xb
 947 008c 27       		.uleb128 0x27
 948 008d 19       		.uleb128 0x19
 949 008e 49       		.uleb128 0x49
 950 008f 13       		.uleb128 0x13
 951 0090 20       		.uleb128 0x20
 952 0091 0B       		.uleb128 0xb
 953 0092 01       		.uleb128 0x1
 954 0093 13       		.uleb128 0x13
 955 0094 00       		.byte	0
 956 0095 00       		.byte	0
 957 0096 0D       		.uleb128 0xd
 958 0097 05       		.uleb128 0x5
 959 0098 00       		.byte	0
 960 0099 03       		.uleb128 0x3
 961 009a 08       		.uleb128 0x8
 962 009b 3A       		.uleb128 0x3a
 963 009c 0B       		.uleb128 0xb
ARM GAS  /tmp/ccHhFFCZ.s 			page 18


 964 009d 3B       		.uleb128 0x3b
 965 009e 0B       		.uleb128 0xb
 966 009f 49       		.uleb128 0x49
 967 00a0 13       		.uleb128 0x13
 968 00a1 00       		.byte	0
 969 00a2 00       		.byte	0
 970 00a3 0E       		.uleb128 0xe
 971 00a4 34       		.uleb128 0x34
 972 00a5 00       		.byte	0
 973 00a6 03       		.uleb128 0x3
 974 00a7 0E       		.uleb128 0xe
 975 00a8 3A       		.uleb128 0x3a
 976 00a9 0B       		.uleb128 0xb
 977 00aa 3B       		.uleb128 0x3b
 978 00ab 0B       		.uleb128 0xb
 979 00ac 49       		.uleb128 0x49
 980 00ad 13       		.uleb128 0x13
 981 00ae 00       		.byte	0
 982 00af 00       		.byte	0
 983 00b0 0F       		.uleb128 0xf
 984 00b1 2E       		.uleb128 0x2e
 985 00b2 01       		.byte	0x1
 986 00b3 3F       		.uleb128 0x3f
 987 00b4 19       		.uleb128 0x19
 988 00b5 03       		.uleb128 0x3
 989 00b6 0E       		.uleb128 0xe
 990 00b7 3A       		.uleb128 0x3a
 991 00b8 0B       		.uleb128 0xb
 992 00b9 3B       		.uleb128 0x3b
 993 00ba 0B       		.uleb128 0xb
 994 00bb 27       		.uleb128 0x27
 995 00bc 19       		.uleb128 0x19
 996 00bd 20       		.uleb128 0x20
 997 00be 0B       		.uleb128 0xb
 998 00bf 01       		.uleb128 0x1
 999 00c0 13       		.uleb128 0x13
 1000 00c1 00       		.byte	0
 1001 00c2 00       		.byte	0
 1002 00c3 10       		.uleb128 0x10
 1003 00c4 05       		.uleb128 0x5
 1004 00c5 00       		.byte	0
 1005 00c6 03       		.uleb128 0x3
 1006 00c7 0E       		.uleb128 0xe
 1007 00c8 3A       		.uleb128 0x3a
 1008 00c9 0B       		.uleb128 0xb
 1009 00ca 3B       		.uleb128 0x3b
 1010 00cb 0B       		.uleb128 0xb
 1011 00cc 49       		.uleb128 0x49
 1012 00cd 13       		.uleb128 0x13
 1013 00ce 00       		.byte	0
 1014 00cf 00       		.byte	0
 1015 00d0 11       		.uleb128 0x11
 1016 00d1 34       		.uleb128 0x34
 1017 00d2 00       		.byte	0
 1018 00d3 03       		.uleb128 0x3
 1019 00d4 08       		.uleb128 0x8
 1020 00d5 3A       		.uleb128 0x3a
ARM GAS  /tmp/ccHhFFCZ.s 			page 19


 1021 00d6 0B       		.uleb128 0xb
 1022 00d7 3B       		.uleb128 0x3b
 1023 00d8 0B       		.uleb128 0xb
 1024 00d9 49       		.uleb128 0x49
 1025 00da 13       		.uleb128 0x13
 1026 00db 00       		.byte	0
 1027 00dc 00       		.byte	0
 1028 00dd 12       		.uleb128 0x12
 1029 00de 0B       		.uleb128 0xb
 1030 00df 01       		.byte	0x1
 1031 00e0 01       		.uleb128 0x1
 1032 00e1 13       		.uleb128 0x13
 1033 00e2 00       		.byte	0
 1034 00e3 00       		.byte	0
 1035 00e4 13       		.uleb128 0x13
 1036 00e5 0B       		.uleb128 0xb
 1037 00e6 01       		.byte	0x1
 1038 00e7 00       		.byte	0
 1039 00e8 00       		.byte	0
 1040 00e9 14       		.uleb128 0x14
 1041 00ea 2E       		.uleb128 0x2e
 1042 00eb 01       		.byte	0x1
 1043 00ec 3F       		.uleb128 0x3f
 1044 00ed 19       		.uleb128 0x19
 1045 00ee 03       		.uleb128 0x3
 1046 00ef 0E       		.uleb128 0xe
 1047 00f0 3A       		.uleb128 0x3a
 1048 00f1 0B       		.uleb128 0xb
 1049 00f2 3B       		.uleb128 0x3b
 1050 00f3 0B       		.uleb128 0xb
 1051 00f4 27       		.uleb128 0x27
 1052 00f5 19       		.uleb128 0x19
 1053 00f6 11       		.uleb128 0x11
 1054 00f7 01       		.uleb128 0x1
 1055 00f8 12       		.uleb128 0x12
 1056 00f9 06       		.uleb128 0x6
 1057 00fa 40       		.uleb128 0x40
 1058 00fb 18       		.uleb128 0x18
 1059 00fc 9742     		.uleb128 0x2117
 1060 00fe 19       		.uleb128 0x19
 1061 00ff 01       		.uleb128 0x1
 1062 0100 13       		.uleb128 0x13
 1063 0101 00       		.byte	0
 1064 0102 00       		.byte	0
 1065 0103 15       		.uleb128 0x15
 1066 0104 05       		.uleb128 0x5
 1067 0105 00       		.byte	0
 1068 0106 03       		.uleb128 0x3
 1069 0107 08       		.uleb128 0x8
 1070 0108 3A       		.uleb128 0x3a
 1071 0109 0B       		.uleb128 0xb
 1072 010a 3B       		.uleb128 0x3b
 1073 010b 0B       		.uleb128 0xb
 1074 010c 49       		.uleb128 0x49
 1075 010d 13       		.uleb128 0x13
 1076 010e 02       		.uleb128 0x2
 1077 010f 18       		.uleb128 0x18
ARM GAS  /tmp/ccHhFFCZ.s 			page 20


 1078 0110 00       		.byte	0
 1079 0111 00       		.byte	0
 1080 0112 16       		.uleb128 0x16
 1081 0113 05       		.uleb128 0x5
 1082 0114 00       		.byte	0
 1083 0115 03       		.uleb128 0x3
 1084 0116 0E       		.uleb128 0xe
 1085 0117 3A       		.uleb128 0x3a
 1086 0118 0B       		.uleb128 0xb
 1087 0119 3B       		.uleb128 0x3b
 1088 011a 0B       		.uleb128 0xb
 1089 011b 49       		.uleb128 0x49
 1090 011c 13       		.uleb128 0x13
 1091 011d 02       		.uleb128 0x2
 1092 011e 18       		.uleb128 0x18
 1093 011f 00       		.byte	0
 1094 0120 00       		.byte	0
 1095 0121 17       		.uleb128 0x17
 1096 0122 05       		.uleb128 0x5
 1097 0123 00       		.byte	0
 1098 0124 03       		.uleb128 0x3
 1099 0125 08       		.uleb128 0x8
 1100 0126 3A       		.uleb128 0x3a
 1101 0127 0B       		.uleb128 0xb
 1102 0128 3B       		.uleb128 0x3b
 1103 0129 0B       		.uleb128 0xb
 1104 012a 49       		.uleb128 0x49
 1105 012b 13       		.uleb128 0x13
 1106 012c 02       		.uleb128 0x2
 1107 012d 17       		.uleb128 0x17
 1108 012e 00       		.byte	0
 1109 012f 00       		.byte	0
 1110 0130 18       		.uleb128 0x18
 1111 0131 1D       		.uleb128 0x1d
 1112 0132 01       		.byte	0x1
 1113 0133 31       		.uleb128 0x31
 1114 0134 13       		.uleb128 0x13
 1115 0135 11       		.uleb128 0x11
 1116 0136 01       		.uleb128 0x1
 1117 0137 12       		.uleb128 0x12
 1118 0138 06       		.uleb128 0x6
 1119 0139 58       		.uleb128 0x58
 1120 013a 0B       		.uleb128 0xb
 1121 013b 59       		.uleb128 0x59
 1122 013c 0B       		.uleb128 0xb
 1123 013d 00       		.byte	0
 1124 013e 00       		.byte	0
 1125 013f 19       		.uleb128 0x19
 1126 0140 05       		.uleb128 0x5
 1127 0141 00       		.byte	0
 1128 0142 31       		.uleb128 0x31
 1129 0143 13       		.uleb128 0x13
 1130 0144 02       		.uleb128 0x2
 1131 0145 17       		.uleb128 0x17
 1132 0146 00       		.byte	0
 1133 0147 00       		.byte	0
 1134 0148 1A       		.uleb128 0x1a
ARM GAS  /tmp/ccHhFFCZ.s 			page 21


 1135 0149 0B       		.uleb128 0xb
 1136 014a 01       		.byte	0x1
 1137 014b 11       		.uleb128 0x11
 1138 014c 01       		.uleb128 0x1
 1139 014d 12       		.uleb128 0x12
 1140 014e 06       		.uleb128 0x6
 1141 014f 01       		.uleb128 0x1
 1142 0150 13       		.uleb128 0x13
 1143 0151 00       		.byte	0
 1144 0152 00       		.byte	0
 1145 0153 1B       		.uleb128 0x1b
 1146 0154 34       		.uleb128 0x34
 1147 0155 00       		.byte	0
 1148 0156 31       		.uleb128 0x31
 1149 0157 13       		.uleb128 0x13
 1150 0158 02       		.uleb128 0x2
 1151 0159 18       		.uleb128 0x18
 1152 015a 00       		.byte	0
 1153 015b 00       		.byte	0
 1154 015c 1C       		.uleb128 0x1c
 1155 015d 1D       		.uleb128 0x1d
 1156 015e 01       		.byte	0x1
 1157 015f 31       		.uleb128 0x31
 1158 0160 13       		.uleb128 0x13
 1159 0161 52       		.uleb128 0x52
 1160 0162 01       		.uleb128 0x1
 1161 0163 55       		.uleb128 0x55
 1162 0164 17       		.uleb128 0x17
 1163 0165 58       		.uleb128 0x58
 1164 0166 0B       		.uleb128 0xb
 1165 0167 59       		.uleb128 0x59
 1166 0168 0B       		.uleb128 0xb
 1167 0169 01       		.uleb128 0x1
 1168 016a 13       		.uleb128 0x13
 1169 016b 00       		.byte	0
 1170 016c 00       		.byte	0
 1171 016d 1D       		.uleb128 0x1d
 1172 016e 0B       		.uleb128 0xb
 1173 016f 01       		.byte	0x1
 1174 0170 55       		.uleb128 0x55
 1175 0171 17       		.uleb128 0x17
 1176 0172 00       		.byte	0
 1177 0173 00       		.byte	0
 1178 0174 1E       		.uleb128 0x1e
 1179 0175 34       		.uleb128 0x34
 1180 0176 00       		.byte	0
 1181 0177 31       		.uleb128 0x31
 1182 0178 13       		.uleb128 0x13
 1183 0179 02       		.uleb128 0x2
 1184 017a 17       		.uleb128 0x17
 1185 017b 00       		.byte	0
 1186 017c 00       		.byte	0
 1187 017d 1F       		.uleb128 0x1f
 1188 017e 2E       		.uleb128 0x2e
 1189 017f 01       		.byte	0x1
 1190 0180 31       		.uleb128 0x31
 1191 0181 13       		.uleb128 0x13
ARM GAS  /tmp/ccHhFFCZ.s 			page 22


 1192 0182 11       		.uleb128 0x11
 1193 0183 01       		.uleb128 0x1
 1194 0184 12       		.uleb128 0x12
 1195 0185 06       		.uleb128 0x6
 1196 0186 40       		.uleb128 0x40
 1197 0187 18       		.uleb128 0x18
 1198 0188 01       		.uleb128 0x1
 1199 0189 13       		.uleb128 0x13
 1200 018a 00       		.byte	0
 1201 018b 00       		.byte	0
 1202 018c 20       		.uleb128 0x20
 1203 018d 2E       		.uleb128 0x2e
 1204 018e 01       		.byte	0x1
 1205 018f 3F       		.uleb128 0x3f
 1206 0190 19       		.uleb128 0x19
 1207 0191 03       		.uleb128 0x3
 1208 0192 0E       		.uleb128 0xe
 1209 0193 3A       		.uleb128 0x3a
 1210 0194 0B       		.uleb128 0xb
 1211 0195 3B       		.uleb128 0x3b
 1212 0196 0B       		.uleb128 0xb
 1213 0197 27       		.uleb128 0x27
 1214 0198 19       		.uleb128 0x19
 1215 0199 49       		.uleb128 0x49
 1216 019a 13       		.uleb128 0x13
 1217 019b 11       		.uleb128 0x11
 1218 019c 01       		.uleb128 0x1
 1219 019d 12       		.uleb128 0x12
 1220 019e 06       		.uleb128 0x6
 1221 019f 40       		.uleb128 0x40
 1222 01a0 18       		.uleb128 0x18
 1223 01a1 9642     		.uleb128 0x2116
 1224 01a3 19       		.uleb128 0x19
 1225 01a4 01       		.uleb128 0x1
 1226 01a5 13       		.uleb128 0x13
 1227 01a6 00       		.byte	0
 1228 01a7 00       		.byte	0
 1229 01a8 21       		.uleb128 0x21
 1230 01a9 34       		.uleb128 0x34
 1231 01aa 00       		.byte	0
 1232 01ab 03       		.uleb128 0x3
 1233 01ac 0E       		.uleb128 0xe
 1234 01ad 3A       		.uleb128 0x3a
 1235 01ae 0B       		.uleb128 0xb
 1236 01af 3B       		.uleb128 0x3b
 1237 01b0 0B       		.uleb128 0xb
 1238 01b1 49       		.uleb128 0x49
 1239 01b2 13       		.uleb128 0x13
 1240 01b3 02       		.uleb128 0x2
 1241 01b4 18       		.uleb128 0x18
 1242 01b5 00       		.byte	0
 1243 01b6 00       		.byte	0
 1244 01b7 22       		.uleb128 0x22
 1245 01b8 34       		.uleb128 0x34
 1246 01b9 00       		.byte	0
 1247 01ba 03       		.uleb128 0x3
 1248 01bb 08       		.uleb128 0x8
ARM GAS  /tmp/ccHhFFCZ.s 			page 23


 1249 01bc 3A       		.uleb128 0x3a
 1250 01bd 0B       		.uleb128 0xb
 1251 01be 3B       		.uleb128 0x3b
 1252 01bf 0B       		.uleb128 0xb
 1253 01c0 49       		.uleb128 0x49
 1254 01c1 13       		.uleb128 0x13
 1255 01c2 02       		.uleb128 0x2
 1256 01c3 18       		.uleb128 0x18
 1257 01c4 00       		.byte	0
 1258 01c5 00       		.byte	0
 1259 01c6 23       		.uleb128 0x23
 1260 01c7 2E       		.uleb128 0x2e
 1261 01c8 01       		.byte	0x1
 1262 01c9 31       		.uleb128 0x31
 1263 01ca 13       		.uleb128 0x13
 1264 01cb 11       		.uleb128 0x11
 1265 01cc 01       		.uleb128 0x1
 1266 01cd 12       		.uleb128 0x12
 1267 01ce 06       		.uleb128 0x6
 1268 01cf 40       		.uleb128 0x40
 1269 01d0 18       		.uleb128 0x18
 1270 01d1 9742     		.uleb128 0x2117
 1271 01d3 19       		.uleb128 0x19
 1272 01d4 01       		.uleb128 0x1
 1273 01d5 13       		.uleb128 0x13
 1274 01d6 00       		.byte	0
 1275 01d7 00       		.byte	0
 1276 01d8 24       		.uleb128 0x24
 1277 01d9 05       		.uleb128 0x5
 1278 01da 00       		.byte	0
 1279 01db 31       		.uleb128 0x31
 1280 01dc 13       		.uleb128 0x13
 1281 01dd 02       		.uleb128 0x2
 1282 01de 18       		.uleb128 0x18
 1283 01df 00       		.byte	0
 1284 01e0 00       		.byte	0
 1285 01e1 25       		.uleb128 0x25
 1286 01e2 2E       		.uleb128 0x2e
 1287 01e3 01       		.byte	0x1
 1288 01e4 31       		.uleb128 0x31
 1289 01e5 13       		.uleb128 0x13
 1290 01e6 11       		.uleb128 0x11
 1291 01e7 01       		.uleb128 0x1
 1292 01e8 12       		.uleb128 0x12
 1293 01e9 06       		.uleb128 0x6
 1294 01ea 40       		.uleb128 0x40
 1295 01eb 18       		.uleb128 0x18
 1296 01ec 9742     		.uleb128 0x2117
 1297 01ee 19       		.uleb128 0x19
 1298 01ef 00       		.byte	0
 1299 01f0 00       		.byte	0
 1300 01f1 00       		.byte	0
 1301              		.section	.debug_loc,"",%progbits
 1302              	.Ldebug_loc0:
 1303              	.LLST0:
 1304 0000 00000000 		.4byte	.LVL1
 1305 0004 1A000000 		.4byte	.LVL5
ARM GAS  /tmp/ccHhFFCZ.s 			page 24


 1306 0008 0100     		.2byte	0x1
 1307 000a 51       		.byte	0x51
 1308 000b 1A000000 		.4byte	.LVL5
 1309 000f 1E000000 		.4byte	.LFE8
 1310 0013 0100     		.2byte	0x1
 1311 0015 51       		.byte	0x51
 1312 0016 00000000 		.4byte	0
 1313 001a 00000000 		.4byte	0
 1314              	.LLST1:
 1315 001e 00000000 		.4byte	.LVL1
 1316 0022 02000000 		.4byte	.LVL2
 1317 0026 0100     		.2byte	0x1
 1318 0028 52       		.byte	0x52
 1319 0029 02000000 		.4byte	.LVL2
 1320 002d 18000000 		.4byte	.LVL4
 1321 0031 0100     		.2byte	0x1
 1322 0033 52       		.byte	0x52
 1323 0034 18000000 		.4byte	.LVL4
 1324 0038 1A000000 		.4byte	.LVL5
 1325 003c 0300     		.2byte	0x3
 1326 003e 72       		.byte	0x72
 1327 003f 01       		.sleb128 1
 1328 0040 9F       		.byte	0x9f
 1329 0041 00000000 		.4byte	0
 1330 0045 00000000 		.4byte	0
 1331              	.LLST2:
 1332 0049 02000000 		.4byte	.LVL2
 1333 004d 1A000000 		.4byte	.LVL5
 1334 0051 0100     		.2byte	0x1
 1335 0053 51       		.byte	0x51
 1336 0054 1A000000 		.4byte	.LVL5
 1337 0058 1C000000 		.4byte	.LVL6
 1338 005c 0200     		.2byte	0x2
 1339 005e 70       		.byte	0x70
 1340 005f 00       		.sleb128 0
 1341 0060 00000000 		.4byte	0
 1342 0064 00000000 		.4byte	0
 1343              	.LLST3:
 1344 0068 02000000 		.4byte	.LVL2
 1345 006c 1C000000 		.4byte	.LVL6
 1346 0070 0100     		.2byte	0x1
 1347 0072 50       		.byte	0x50
 1348 0073 00000000 		.4byte	0
 1349 0077 00000000 		.4byte	0
 1350              	.LLST4:
 1351 007b 08000000 		.4byte	.LVL3
 1352 007f 1A000000 		.4byte	.LVL5
 1353 0083 0100     		.2byte	0x1
 1354 0085 51       		.byte	0x51
 1355 0086 1A000000 		.4byte	.LVL5
 1356 008a 1C000000 		.4byte	.LVL6
 1357 008e 0200     		.2byte	0x2
 1358 0090 70       		.byte	0x70
 1359 0091 00       		.sleb128 0
 1360 0092 00000000 		.4byte	0
 1361 0096 00000000 		.4byte	0
 1362              	.LLST5:
ARM GAS  /tmp/ccHhFFCZ.s 			page 25


 1363 009a 08000000 		.4byte	.LVL3
 1364 009e 1C000000 		.4byte	.LVL6
 1365 00a2 0100     		.2byte	0x1
 1366 00a4 50       		.byte	0x50
 1367 00a5 00000000 		.4byte	0
 1368 00a9 00000000 		.4byte	0
 1369              	.LLST7:
 1370 00ad 00000000 		.4byte	.LVL7
 1371 00b1 0A000000 		.4byte	.LVL9
 1372 00b5 0100     		.2byte	0x1
 1373 00b7 50       		.byte	0x50
 1374 00b8 0A000000 		.4byte	.LVL9
 1375 00bc 0C000000 		.4byte	.LVL10
 1376 00c0 0400     		.2byte	0x4
 1377 00c2 F3       		.byte	0xf3
 1378 00c3 01       		.uleb128 0x1
 1379 00c4 50       		.byte	0x50
 1380 00c5 9F       		.byte	0x9f
 1381 00c6 0C000000 		.4byte	.LVL10
 1382 00ca 14000000 		.4byte	.LVL11
 1383 00ce 0100     		.2byte	0x1
 1384 00d0 50       		.byte	0x50
 1385 00d1 14000000 		.4byte	.LVL11
 1386 00d5 16000000 		.4byte	.LFE9
 1387 00d9 0400     		.2byte	0x4
 1388 00db F3       		.byte	0xf3
 1389 00dc 01       		.uleb128 0x1
 1390 00dd 50       		.byte	0x50
 1391 00de 9F       		.byte	0x9f
 1392 00df 00000000 		.4byte	0
 1393 00e3 00000000 		.4byte	0
 1394              	.LLST8:
 1395 00e7 02000000 		.4byte	.LVL8
 1396 00eb 15000000 		.4byte	.LVL12-1
 1397 00ef 0100     		.2byte	0x1
 1398 00f1 53       		.byte	0x53
 1399 00f2 00000000 		.4byte	0
 1400 00f6 00000000 		.4byte	0
 1401              	.LLST9:
 1402 00fa 00000000 		.4byte	.LVL13
 1403 00fe 0C000000 		.4byte	.LVL15
 1404 0102 0100     		.2byte	0x1
 1405 0104 50       		.byte	0x50
 1406 0105 0C000000 		.4byte	.LVL15
 1407 0109 23000000 		.4byte	.LVL17-1
 1408 010d 0100     		.2byte	0x1
 1409 010f 52       		.byte	0x52
 1410 0110 23000000 		.4byte	.LVL17-1
 1411 0114 2C000000 		.4byte	.LFE10
 1412 0118 0400     		.2byte	0x4
 1413 011a F3       		.byte	0xf3
 1414 011b 01       		.uleb128 0x1
 1415 011c 50       		.byte	0x50
 1416 011d 9F       		.byte	0x9f
 1417 011e 00000000 		.4byte	0
 1418 0122 00000000 		.4byte	0
 1419              	.LLST10:
ARM GAS  /tmp/ccHhFFCZ.s 			page 26


 1420 0126 0A000000 		.4byte	.LVL14
 1421 012a 0C000000 		.4byte	.LVL15
 1422 012e 0100     		.2byte	0x1
 1423 0130 50       		.byte	0x50
 1424 0131 0C000000 		.4byte	.LVL15
 1425 0135 23000000 		.4byte	.LVL17-1
 1426 0139 0100     		.2byte	0x1
 1427 013b 52       		.byte	0x52
 1428 013c 23000000 		.4byte	.LVL17-1
 1429 0140 2C000000 		.4byte	.LFE10
 1430 0144 0400     		.2byte	0x4
 1431 0146 F3       		.byte	0xf3
 1432 0147 01       		.uleb128 0x1
 1433 0148 50       		.byte	0x50
 1434 0149 9F       		.byte	0x9f
 1435 014a 00000000 		.4byte	0
 1436 014e 00000000 		.4byte	0
 1437              	.LLST11:
 1438 0152 0C000000 		.4byte	.LVL15
 1439 0156 22000000 		.4byte	.LVL16
 1440 015a 0100     		.2byte	0x1
 1441 015c 50       		.byte	0x50
 1442 015d 22000000 		.4byte	.LVL16
 1443 0161 23000000 		.4byte	.LVL17-1
 1444 0165 0200     		.2byte	0x2
 1445 0167 72       		.byte	0x72
 1446 0168 00       		.sleb128 0
 1447 0169 24000000 		.4byte	.LVL17
 1448 016d 2C000000 		.4byte	.LFE10
 1449 0171 0100     		.2byte	0x1
 1450 0173 50       		.byte	0x50
 1451 0174 00000000 		.4byte	0
 1452 0178 00000000 		.4byte	0
 1453              		.section	.debug_aranges,"",%progbits
 1454 0000 44000000 		.4byte	0x44
 1455 0004 0200     		.2byte	0x2
 1456 0006 00000000 		.4byte	.Ldebug_info0
 1457 000a 04       		.byte	0x4
 1458 000b 00       		.byte	0
 1459 000c 0000     		.2byte	0
 1460 000e 0000     		.2byte	0
 1461 0010 00000000 		.4byte	.LFB7
 1462 0014 0A000000 		.4byte	.LFE7-.LFB7
 1463 0018 00000000 		.4byte	.LFB8
 1464 001c 1E000000 		.4byte	.LFE8-.LFB8
 1465 0020 00000000 		.4byte	.LFB9
 1466 0024 16000000 		.4byte	.LFE9-.LFB9
 1467 0028 00000000 		.4byte	.LFB10
 1468 002c 2C000000 		.4byte	.LFE10-.LFB10
 1469 0030 00000000 		.4byte	.LFB11
 1470 0034 08000000 		.4byte	.LFE11-.LFB11
 1471 0038 00000000 		.4byte	.LFB12
 1472 003c 14000000 		.4byte	.LFE12-.LFB12
 1473 0040 00000000 		.4byte	0
 1474 0044 00000000 		.4byte	0
 1475              		.section	.debug_ranges,"",%progbits
 1476              	.Ldebug_ranges0:
ARM GAS  /tmp/ccHhFFCZ.s 			page 27


 1477 0000 08000000 		.4byte	.LBB18
 1478 0004 0C000000 		.4byte	.LBE18
 1479 0008 0E000000 		.4byte	.LBB22
 1480 000c 10000000 		.4byte	.LBE22
 1481 0010 00000000 		.4byte	0
 1482 0014 00000000 		.4byte	0
 1483 0018 0C000000 		.4byte	.LBB21
 1484 001c 0E000000 		.4byte	.LBE21
 1485 0020 10000000 		.4byte	.LBB23
 1486 0024 14000000 		.4byte	.LBE23
 1487 0028 00000000 		.4byte	0
 1488 002c 00000000 		.4byte	0
 1489 0030 0A000000 		.4byte	.LBB25
 1490 0034 12000000 		.4byte	.LBE25
 1491 0038 1A000000 		.4byte	.LBB29
 1492 003c 24000000 		.4byte	.LBE29
 1493 0040 00000000 		.4byte	0
 1494 0044 00000000 		.4byte	0
 1495 0048 12000000 		.4byte	.LBB28
 1496 004c 18000000 		.4byte	.LBE28
 1497 0050 24000000 		.4byte	.LBB30
 1498 0054 2A000000 		.4byte	.LBE30
 1499 0058 00000000 		.4byte	0
 1500 005c 00000000 		.4byte	0
 1501 0060 06000000 		.4byte	.LBB32
 1502 0064 0A000000 		.4byte	.LBE32
 1503 0068 0C000000 		.4byte	.LBB36
 1504 006c 0E000000 		.4byte	.LBE36
 1505 0070 00000000 		.4byte	0
 1506 0074 00000000 		.4byte	0
 1507 0078 0A000000 		.4byte	.LBB35
 1508 007c 0C000000 		.4byte	.LBE35
 1509 0080 0E000000 		.4byte	.LBB37
 1510 0084 14000000 		.4byte	.LBE37
 1511 0088 00000000 		.4byte	0
 1512 008c 00000000 		.4byte	0
 1513 0090 00000000 		.4byte	.LFB7
 1514 0094 0A000000 		.4byte	.LFE7
 1515 0098 00000000 		.4byte	.LFB8
 1516 009c 1E000000 		.4byte	.LFE8
 1517 00a0 00000000 		.4byte	.LFB9
 1518 00a4 16000000 		.4byte	.LFE9
 1519 00a8 00000000 		.4byte	.LFB10
 1520 00ac 2C000000 		.4byte	.LFE10
 1521 00b0 00000000 		.4byte	.LFB11
 1522 00b4 08000000 		.4byte	.LFE11
 1523 00b8 00000000 		.4byte	.LFB12
 1524 00bc 14000000 		.4byte	.LFE12
 1525 00c0 00000000 		.4byte	0
 1526 00c4 00000000 		.4byte	0
 1527              		.section	.debug_line,"",%progbits
 1528              	.Ldebug_line0:
 1529 0000 0A020000 		.section	.debug_str,"MS",%progbits,1
 1529      02006301 
 1529      00000201 
 1529      FB0E0D00 
 1529      01010101 
ARM GAS  /tmp/ccHhFFCZ.s 			page 28


 1530              	.LASF3:
 1531 0000 5F5F7569 		.ascii	"__uint8_t\000"
 1531      6E74385F 
 1531      7400
 1532              	.LASF2:
 1533 000a 73697A65 		.ascii	"size_t\000"
 1533      5F7400
 1534              	.LASF19:
 1535 0011 6D705F6F 		.ascii	"mp_object_size\000"
 1535      626A6563 
 1535      745F7369 
 1535      7A6500
 1536              	.LASF29:
 1537 0020 6368506F 		.ascii	"chPoolLoadArray\000"
 1537      6F6C4C6F 
 1537      61644172 
 1537      72617900 
 1538              	.LASF32:
 1539 0030 706F6F6C 		.ascii	"pool_header\000"
 1539      5F686561 
 1539      64657200 
 1540              	.LASF26:
 1541 003c 73697A65 		.ascii	"size\000"
 1541      00
 1542              	.LASF9:
 1543 0041 6C6F6E67 		.ascii	"long unsigned int\000"
 1543      20756E73 
 1543      69676E65 
 1543      6420696E 
 1543      7400
 1544              	.LASF6:
 1545 0053 73686F72 		.ascii	"short unsigned int\000"
 1545      7420756E 
 1545      7369676E 
 1545      65642069 
 1545      6E7400
 1546              	.LASF27:
 1547 0066 70726F76 		.ascii	"provider\000"
 1547      69646572 
 1547      00
 1548              	.LASF24:
 1549 006f 6368506F 		.ascii	"chPoolFreeI\000"
 1549      6F6C4672 
 1549      65654900 
 1550              	.LASF4:
 1551 007b 756E7369 		.ascii	"unsigned char\000"
 1551      676E6564 
 1551      20636861 
 1551      7200
 1552              	.LASF8:
 1553 0089 5F5F7569 		.ascii	"__uint32_t\000"
 1553      6E743332 
 1553      5F7400
 1554              	.LASF25:
 1555 0094 6368506F 		.ascii	"chPoolFree\000"
 1555      6F6C4672 
 1555      656500
ARM GAS  /tmp/ccHhFFCZ.s 			page 29


 1556              	.LASF21:
 1557 009f 4D656D6F 		.ascii	"MemoryPool\000"
 1557      7279506F 
 1557      6F6C00
 1558              	.LASF23:
 1559 00aa 6F626A70 		.ascii	"objp\000"
 1559      00
 1560              	.LASF31:
 1561 00af 2F686F6D 		.ascii	"/home/austin/git/personal/school/motor_control/chib"
 1561      652F6175 
 1561      7374696E 
 1561      2F676974 
 1561      2F706572 
 1562 00e2 696F732F 		.ascii	"ios/os/kernel/src/chmempools.c\000"
 1562      6F732F6B 
 1562      65726E65 
 1562      6C2F7372 
 1562      632F6368 
 1563              	.LASF33:
 1564 0101 6368506F 		.ascii	"chPoolAllocI\000"
 1564      6F6C416C 
 1564      6C6F6349 
 1564      00
 1565              	.LASF0:
 1566 010e 756E7369 		.ascii	"unsigned int\000"
 1566      676E6564 
 1566      20696E74 
 1566      00
 1567              	.LASF30:
 1568 011b 474E5520 		.ascii	"GNU C 4.9.3 20141119 (release) [ARM/embedded-4_9-br"
 1568      4320342E 
 1568      392E3320 
 1568      32303134 
 1568      31313139 
 1569 014e 616E6368 		.ascii	"anch revision 218278] -mcpu=cortex-m4 -mno-thumb-in"
 1569      20726576 
 1569      6973696F 
 1569      6E203231 
 1569      38323738 
 1570 0181 74657277 		.ascii	"terwork -mthumb -ggdb -O2 -fomit-frame-pointer -fal"
 1570      6F726B20 
 1570      2D6D7468 
 1570      756D6220 
 1570      2D676764 
 1571 01b4 69676E2D 		.ascii	"ign-functions=16 -ffunction-sections -fdata-section"
 1571      66756E63 
 1571      74696F6E 
 1571      733D3136 
 1571      202D6666 
 1572 01e7 73202D66 		.ascii	"s -fno-common\000"
 1572      6E6F2D63 
 1572      6F6D6D6F 
 1572      6E00
 1573              	.LASF11:
 1574 01f5 6C6F6E67 		.ascii	"long long unsigned int\000"
 1574      206C6F6E 
 1574      6720756E 
ARM GAS  /tmp/ccHhFFCZ.s 			page 30


 1574      7369676E 
 1574      65642069 
 1575              	.LASF12:
 1576 020c 75696E74 		.ascii	"uint8_t\000"
 1576      385F7400 
 1577              	.LASF17:
 1578 0214 70685F6E 		.ascii	"ph_next\000"
 1578      65787400 
 1579              	.LASF15:
 1580 021c 73697A65 		.ascii	"sizetype\000"
 1580      74797065 
 1580      00
 1581              	.LASF10:
 1582 0225 6C6F6E67 		.ascii	"long long int\000"
 1582      206C6F6E 
 1582      6720696E 
 1582      7400
 1583              	.LASF22:
 1584 0233 63686172 		.ascii	"char\000"
 1584      00
 1585              	.LASF16:
 1586 0238 6D656D67 		.ascii	"memgetfunc_t\000"
 1586      65746675 
 1586      6E635F74 
 1586      00
 1587              	.LASF20:
 1588 0245 6D705F70 		.ascii	"mp_provider\000"
 1588      726F7669 
 1588      64657200 
 1589              	.LASF5:
 1590 0251 73686F72 		.ascii	"short int\000"
 1590      7420696E 
 1590      7400
 1591              	.LASF34:
 1592 025b 6368506F 		.ascii	"chPoolAlloc\000"
 1592      6F6C416C 
 1592      6C6F6300 
 1593              	.LASF13:
 1594 0267 75696E74 		.ascii	"uint32_t\000"
 1594      33325F74 
 1594      00
 1595              	.LASF7:
 1596 0270 6C6F6E67 		.ascii	"long int\000"
 1596      20696E74 
 1596      00
 1597              	.LASF1:
 1598 0279 7369676E 		.ascii	"signed char\000"
 1598      65642063 
 1598      68617200 
 1599              	.LASF18:
 1600 0285 6D705F6E 		.ascii	"mp_next\000"
 1600      65787400 
 1601              	.LASF14:
 1602 028d 5F426F6F 		.ascii	"_Bool\000"
 1602      6C00
 1603              	.LASF28:
 1604 0293 6368506F 		.ascii	"chPoolInit\000"
ARM GAS  /tmp/ccHhFFCZ.s 			page 31


 1604      6F6C496E 
 1604      697400
 1605              		.ident	"GCC: (GNU Tools for ARM Embedded Processors) 4.9.3 20141119 (release) [ARM/embedded-4_9-br
ARM GAS  /tmp/ccHhFFCZ.s 			page 32


DEFINED SYMBOLS
                            *ABS*:0000000000000000 chmempools.c
     /tmp/ccHhFFCZ.s:19     .text.chPoolInit:0000000000000000 $t
     /tmp/ccHhFFCZ.s:25     .text.chPoolInit:0000000000000000 chPoolInit
     /tmp/ccHhFFCZ.s:47     .text.chPoolLoadArray:0000000000000000 $t
     /tmp/ccHhFFCZ.s:53     .text.chPoolLoadArray:0000000000000000 chPoolLoadArray
     /tmp/ccHhFFCZ.s:117    .text.chPoolAllocI:0000000000000000 $t
     /tmp/ccHhFFCZ.s:123    .text.chPoolAllocI:0000000000000000 chPoolAllocI
     /tmp/ccHhFFCZ.s:158    .text.chPoolAlloc:0000000000000000 $t
     /tmp/ccHhFFCZ.s:164    .text.chPoolAlloc:0000000000000000 chPoolAlloc
     /tmp/ccHhFFCZ.s:236    .text.chPoolFreeI:0000000000000000 $t
     /tmp/ccHhFFCZ.s:242    .text.chPoolFreeI:0000000000000000 chPoolFreeI
     /tmp/ccHhFFCZ.s:260    .text.chPoolFree:0000000000000000 $t
     /tmp/ccHhFFCZ.s:266    .text.chPoolFree:0000000000000000 chPoolFree
                     .debug_frame:0000000000000010 $d

NO UNDEFINED SYMBOLS
