ARM GAS  /tmp/ccM3MEiH.s 			page 1


   1              		.syntax unified
   2              		.cpu cortex-m4
   3              		.fpu softvfp
   4              		.eabi_attribute 20, 1
   5              		.eabi_attribute 21, 1
   6              		.eabi_attribute 23, 3
   7              		.eabi_attribute 24, 1
   8              		.eabi_attribute 25, 1
   9              		.eabi_attribute 26, 1
  10              		.eabi_attribute 30, 2
  11              		.eabi_attribute 34, 1
  12              		.eabi_attribute 18, 4
  13              		.thumb
  14              		.file	"chvt.c"
  15              		.text
  16              	.Ltext0:
  17              		.cfi_sections	.debug_frame
  18              		.section	.text._vt_init,"ax",%progbits
  19              		.align	2
  20              		.p2align 4,,15
  21              		.global	_vt_init
  22              		.thumb
  23              		.thumb_func
  24              		.type	_vt_init, %function
  25              	_vt_init:
  26              	.LFB7:
  27              		.file 1 "/home/austin/git/personal/school/motor_control/chibios/os/kernel/src/chvt.c"
  28              		.loc 1 50 0
  29              		.cfi_startproc
  30              		@ args = 0, pretend = 0, frame = 0
  31              		@ frame_needed = 0, uses_anonymous_args = 0
  32              		@ link register save eliminated.
  33              		.loc 1 52 0
  34 0000 044B     		ldr	r3, .L2
  35              		.loc 1 53 0
  36 0002 4FF0FF31 		mov	r1, #-1
  37              		.loc 1 54 0
  38 0006 0022     		movs	r2, #0
  39              		.loc 1 52 0
  40 0008 5B60     		str	r3, [r3, #4]
  41 000a 1B60     		str	r3, [r3]
  42              		.loc 1 53 0
  43 000c 9960     		str	r1, [r3, #8]
  44              		.loc 1 54 0
  45 000e DA60     		str	r2, [r3, #12]
  46 0010 7047     		bx	lr
  47              	.L3:
  48 0012 00BF     		.align	2
  49              	.L2:
  50 0014 00000000 		.word	.LANCHOR0
  51              		.cfi_endproc
  52              	.LFE7:
  53              		.size	_vt_init, .-_vt_init
  54 0018 AFF30080 		.section	.text.chVTSetI,"ax",%progbits
  54      AFF30080 
  55              		.align	2
  56              		.p2align 4,,15
ARM GAS  /tmp/ccM3MEiH.s 			page 2


  57              		.global	chVTSetI
  58              		.thumb
  59              		.thumb_func
  60              		.type	chVTSetI, %function
  61              	chVTSetI:
  62              	.LFB8:
  63              		.loc 1 76 0
  64              		.cfi_startproc
  65              		@ args = 0, pretend = 0, frame = 0
  66              		@ frame_needed = 0, uses_anonymous_args = 0
  67              		@ link register save eliminated.
  68              	.LVL0:
  69 0000 70B4     		push	{r4, r5, r6}
  70              		.cfi_def_cfa_offset 12
  71              		.cfi_offset 4, -12
  72              		.cfi_offset 5, -8
  73              		.cfi_offset 6, -4
  74              		.loc 1 85 0
  75 0002 0C4E     		ldr	r6, .L11
  76 0004 3468     		ldr	r4, [r6]
  77              	.LVL1:
  78              		.loc 1 86 0
  79 0006 A568     		ldr	r5, [r4, #8]
  80              		.loc 1 83 0
  81 0008 0361     		str	r3, [r0, #16]
  82              		.loc 1 86 0
  83 000a A942     		cmp	r1, r5
  84              		.loc 1 84 0
  85 000c C260     		str	r2, [r0, #12]
  86              		.loc 1 86 0
  87 000e 04D9     		bls	.L5
  88              	.L6:
  89              		.loc 1 88 0
  90 0010 2468     		ldr	r4, [r4]
  91              	.LVL2:
  92              		.loc 1 87 0
  93 0012 491B     		subs	r1, r1, r5
  94              	.LVL3:
  95              		.loc 1 86 0
  96 0014 A568     		ldr	r5, [r4, #8]
  97 0016 8D42     		cmp	r5, r1
  98 0018 FAD3     		bcc	.L6
  99              	.L5:
 100              		.loc 1 91 0
 101 001a 6368     		ldr	r3, [r4, #4]
 102              	.LVL4:
 103 001c 4360     		str	r3, [r0, #4]
 104              		.loc 1 94 0
 105 001e B442     		cmp	r4, r6
 106              		.loc 1 91 0
 107 0020 0460     		str	r4, [r0]
 108              		.loc 1 92 0
 109 0022 6060     		str	r0, [r4, #4]
 110 0024 1860     		str	r0, [r3]
 111              		.loc 1 93 0
 112 0026 8160     		str	r1, [r0, #8]
 113              		.loc 1 94 0
ARM GAS  /tmp/ccM3MEiH.s 			page 3


 114 0028 02D0     		beq	.L4
 115              		.loc 1 95 0
 116 002a A368     		ldr	r3, [r4, #8]
 117 002c 591A     		subs	r1, r3, r1
 118              	.LVL5:
 119 002e A160     		str	r1, [r4, #8]
 120              	.LVL6:
 121              	.L4:
 122              		.loc 1 96 0
 123 0030 70BC     		pop	{r4, r5, r6}
 124              		.cfi_restore 6
 125              		.cfi_restore 5
 126              		.cfi_restore 4
 127              		.cfi_def_cfa_offset 0
 128              	.LVL7:
 129 0032 7047     		bx	lr
 130              	.L12:
 131              		.align	2
 132              	.L11:
 133 0034 00000000 		.word	.LANCHOR0
 134              		.cfi_endproc
 135              	.LFE8:
 136              		.size	chVTSetI, .-chVTSetI
 137 0038 AFF30080 		.section	.text.chVTResetI,"ax",%progbits
 137      AFF30080 
 138              		.align	2
 139              		.p2align 4,,15
 140              		.global	chVTResetI
 141              		.thumb
 142              		.thumb_func
 143              		.type	chVTResetI, %function
 144              	chVTResetI:
 145              	.LFB9:
 146              		.loc 1 106 0
 147              		.cfi_startproc
 148              		@ args = 0, pretend = 0, frame = 0
 149              		@ frame_needed = 0, uses_anonymous_args = 0
 150              		@ link register save eliminated.
 151              	.LVL8:
 152              		.loc 1 114 0
 153 0000 074A     		ldr	r2, .L15
 154 0002 0368     		ldr	r3, [r0]
 155 0004 9342     		cmp	r3, r2
 156 0006 03D0     		beq	.L14
 157              		.loc 1 115 0
 158 0008 9968     		ldr	r1, [r3, #8]
 159 000a 8268     		ldr	r2, [r0, #8]
 160 000c 0A44     		add	r2, r2, r1
 161 000e 9A60     		str	r2, [r3, #8]
 162              	.L14:
 163              		.loc 1 116 0
 164 0010 4268     		ldr	r2, [r0, #4]
 165 0012 1360     		str	r3, [r2]
 166              		.loc 1 117 0
 167 0014 0168     		ldr	r1, [r0]
 168              		.loc 1 118 0
 169 0016 0023     		movs	r3, #0
ARM GAS  /tmp/ccM3MEiH.s 			page 4


 170              		.loc 1 117 0
 171 0018 4A60     		str	r2, [r1, #4]
 172              		.loc 1 118 0
 173 001a C360     		str	r3, [r0, #12]
 174 001c 7047     		bx	lr
 175              	.L16:
 176 001e 00BF     		.align	2
 177              	.L15:
 178 0020 00000000 		.word	.LANCHOR0
 179              		.cfi_endproc
 180              	.LFE9:
 181              		.size	chVTResetI, .-chVTResetI
 182              		.global	vtlist
 183 0024 AFF30080 		.section	.bss.vtlist,"aw",%nobits
 183      AFF30080 
 183      AFF30080 
 184              		.align	2
 185              		.set	.LANCHOR0,. + 0
 186              		.type	vtlist, %object
 187              		.size	vtlist, 16
 188              	vtlist:
 189 0000 00000000 		.space	16
 189      00000000 
 189      00000000 
 189      00000000 
 190              		.text
 191              	.Letext0:
 192              		.file 2 "/usr/arm-none-eabi/include/machine/_default_types.h"
 193              		.file 3 "/usr/arm-none-eabi/include/stdint.h"
 194              		.file 4 "/home/austin/git/personal/school/motor_control/chibios/os/ports/GCC/ARMCMx/chtypes.h"
 195              		.file 5 "/home/austin/git/personal/school/motor_control/chibios/os/kernel/include/chvt.h"
 196              		.section	.debug_info,"",%progbits
 197              	.Ldebug_info0:
 198 0000 FB010000 		.4byte	0x1fb
 199 0004 0400     		.2byte	0x4
 200 0006 00000000 		.4byte	.Ldebug_abbrev0
 201 000a 04       		.byte	0x4
 202 000b 01       		.uleb128 0x1
 203 000c 00000000 		.4byte	.LASF28
 204 0010 01       		.byte	0x1
 205 0011 ED000000 		.4byte	.LASF29
 206 0015 00000000 		.4byte	.Ldebug_ranges0+0
 207 0019 00000000 		.4byte	0
 208 001d 00000000 		.4byte	.Ldebug_line0
 209 0021 02       		.uleb128 0x2
 210 0022 04       		.byte	0x4
 211 0023 05       		.byte	0x5
 212 0024 696E7400 		.ascii	"int\000"
 213 0028 03       		.uleb128 0x3
 214 0029 04       		.byte	0x4
 215 002a 07       		.byte	0x7
 216 002b 94010000 		.4byte	.LASF0
 217 002f 03       		.uleb128 0x3
 218 0030 01       		.byte	0x1
 219 0031 06       		.byte	0x6
 220 0032 2F020000 		.4byte	.LASF1
 221 0036 03       		.uleb128 0x3
ARM GAS  /tmp/ccM3MEiH.s 			page 5


 222 0037 01       		.byte	0x1
 223 0038 08       		.byte	0x8
 224 0039 72010000 		.4byte	.LASF2
 225 003d 03       		.uleb128 0x3
 226 003e 02       		.byte	0x2
 227 003f 05       		.byte	0x5
 228 0040 0B020000 		.4byte	.LASF3
 229 0044 03       		.uleb128 0x3
 230 0045 02       		.byte	0x2
 231 0046 07       		.byte	0x7
 232 0047 52010000 		.4byte	.LASF4
 233 004b 03       		.uleb128 0x3
 234 004c 04       		.byte	0x4
 235 004d 05       		.byte	0x5
 236 004e 26020000 		.4byte	.LASF5
 237 0052 04       		.uleb128 0x4
 238 0053 89010000 		.4byte	.LASF9
 239 0057 02       		.byte	0x2
 240 0058 41       		.byte	0x41
 241 0059 5D000000 		.4byte	0x5d
 242 005d 03       		.uleb128 0x3
 243 005e 04       		.byte	0x4
 244 005f 07       		.byte	0x7
 245 0060 40010000 		.4byte	.LASF6
 246 0064 03       		.uleb128 0x3
 247 0065 08       		.byte	0x8
 248 0066 05       		.byte	0x5
 249 0067 E0010000 		.4byte	.LASF7
 250 006b 03       		.uleb128 0x3
 251 006c 08       		.byte	0x8
 252 006d 07       		.byte	0x7
 253 006e A1010000 		.4byte	.LASF8
 254 0072 04       		.uleb128 0x4
 255 0073 1D020000 		.4byte	.LASF10
 256 0077 03       		.byte	0x3
 257 0078 2D       		.byte	0x2d
 258 0079 52000000 		.4byte	0x52
 259 007d 03       		.uleb128 0x3
 260 007e 01       		.byte	0x1
 261 007f 02       		.byte	0x2
 262 0080 55020000 		.4byte	.LASF11
 263 0084 04       		.uleb128 0x4
 264 0085 E3000000 		.4byte	.LASF12
 265 0089 04       		.byte	0x4
 266 008a 35       		.byte	0x35
 267 008b 72000000 		.4byte	0x72
 268 008f 05       		.uleb128 0x5
 269 0090 04       		.byte	0x4
 270 0091 03       		.uleb128 0x3
 271 0092 04       		.byte	0x4
 272 0093 07       		.byte	0x7
 273 0094 CC010000 		.4byte	.LASF13
 274 0098 04       		.uleb128 0x4
 275 0099 F6010000 		.4byte	.LASF14
 276 009d 05       		.byte	0x5
 277 009e 58       		.byte	0x58
 278 009f A3000000 		.4byte	0xa3
ARM GAS  /tmp/ccM3MEiH.s 			page 6


 279 00a3 06       		.uleb128 0x6
 280 00a4 04       		.byte	0x4
 281 00a5 A9000000 		.4byte	0xa9
 282 00a9 07       		.uleb128 0x7
 283 00aa B4000000 		.4byte	0xb4
 284 00ae 08       		.uleb128 0x8
 285 00af 8F000000 		.4byte	0x8f
 286 00b3 00       		.byte	0
 287 00b4 04       		.uleb128 0x4
 288 00b5 65010000 		.4byte	.LASF15
 289 00b9 05       		.byte	0x5
 290 00ba 5D       		.byte	0x5d
 291 00bb BF000000 		.4byte	0xbf
 292 00bf 09       		.uleb128 0x9
 293 00c0 65010000 		.4byte	.LASF15
 294 00c4 14       		.byte	0x14
 295 00c5 05       		.byte	0x5
 296 00c6 64       		.byte	0x64
 297 00c7 08010000 		.4byte	0x108
 298 00cb 0A       		.uleb128 0xa
 299 00cc 42020000 		.4byte	.LASF16
 300 00d0 05       		.byte	0x5
 301 00d1 65       		.byte	0x65
 302 00d2 08010000 		.4byte	0x108
 303 00d6 00       		.byte	0
 304 00d7 0A       		.uleb128 0xa
 305 00d8 15020000 		.4byte	.LASF17
 306 00dc 05       		.byte	0x5
 307 00dd 67       		.byte	0x67
 308 00de 08010000 		.4byte	0x108
 309 00e2 04       		.byte	0x4
 310 00e3 0A       		.uleb128 0xa
 311 00e4 C4010000 		.4byte	.LASF18
 312 00e8 05       		.byte	0x5
 313 00e9 69       		.byte	0x69
 314 00ea 84000000 		.4byte	0x84
 315 00ee 08       		.byte	0x8
 316 00ef 0A       		.uleb128 0xa
 317 00f0 EE010000 		.4byte	.LASF19
 318 00f4 05       		.byte	0x5
 319 00f5 6A       		.byte	0x6a
 320 00f6 98000000 		.4byte	0x98
 321 00fa 0C       		.byte	0xc
 322 00fb 0A       		.uleb128 0xa
 323 00fc 04020000 		.4byte	.LASF20
 324 0100 05       		.byte	0x5
 325 0101 6C       		.byte	0x6c
 326 0102 8F000000 		.4byte	0x8f
 327 0106 10       		.byte	0x10
 328 0107 00       		.byte	0
 329 0108 06       		.uleb128 0x6
 330 0109 04       		.byte	0x4
 331 010a B4000000 		.4byte	0xb4
 332 010e 0B       		.uleb128 0xb
 333 010f 10       		.byte	0x10
 334 0110 05       		.byte	0x5
 335 0111 76       		.byte	0x76
ARM GAS  /tmp/ccM3MEiH.s 			page 7


 336 0112 47010000 		.4byte	0x147
 337 0116 0A       		.uleb128 0xa
 338 0117 42020000 		.4byte	.LASF16
 339 011b 05       		.byte	0x5
 340 011c 77       		.byte	0x77
 341 011d 08010000 		.4byte	0x108
 342 0121 00       		.byte	0
 343 0122 0A       		.uleb128 0xa
 344 0123 15020000 		.4byte	.LASF17
 345 0127 05       		.byte	0x5
 346 0128 79       		.byte	0x79
 347 0129 08010000 		.4byte	0x108
 348 012d 04       		.byte	0x4
 349 012e 0A       		.uleb128 0xa
 350 012f C4010000 		.4byte	.LASF18
 351 0133 05       		.byte	0x5
 352 0134 7B       		.byte	0x7b
 353 0135 84000000 		.4byte	0x84
 354 0139 08       		.byte	0x8
 355 013a 0A       		.uleb128 0xa
 356 013b D5010000 		.4byte	.LASF21
 357 013f 05       		.byte	0x5
 358 0140 7C       		.byte	0x7c
 359 0141 47010000 		.4byte	0x147
 360 0145 0C       		.byte	0xc
 361 0146 00       		.byte	0
 362 0147 0C       		.uleb128 0xc
 363 0148 84000000 		.4byte	0x84
 364 014c 04       		.uleb128 0x4
 365 014d 3B020000 		.4byte	.LASF22
 366 0151 05       		.byte	0x5
 367 0152 7D       		.byte	0x7d
 368 0153 0E010000 		.4byte	0x10e
 369 0157 03       		.uleb128 0x3
 370 0158 01       		.byte	0x1
 371 0159 08       		.byte	0x8
 372 015a FF010000 		.4byte	.LASF23
 373 015e 0D       		.uleb128 0xd
 374 015f 80010000 		.4byte	.LASF30
 375 0163 01       		.byte	0x1
 376 0164 32       		.byte	0x32
 377 0165 00000000 		.4byte	.LFB7
 378 0169 18000000 		.4byte	.LFE7-.LFB7
 379 016d 01       		.uleb128 0x1
 380 016e 9C       		.byte	0x9c
 381 016f 0E       		.uleb128 0xe
 382 0170 DA000000 		.4byte	.LASF26
 383 0174 01       		.byte	0x1
 384 0175 4C       		.byte	0x4c
 385 0176 00000000 		.4byte	.LFB8
 386 017a 38000000 		.4byte	.LFE8-.LFB8
 387 017e 01       		.uleb128 0x1
 388 017f 9C       		.byte	0x9c
 389 0180 CA010000 		.4byte	0x1ca
 390 0184 0F       		.uleb128 0xf
 391 0185 76747000 		.ascii	"vtp\000"
 392 0189 01       		.byte	0x1
ARM GAS  /tmp/ccM3MEiH.s 			page 8


 393 018a 4C       		.byte	0x4c
 394 018b 08010000 		.4byte	0x108
 395 018f 01       		.uleb128 0x1
 396 0190 50       		.byte	0x50
 397 0191 10       		.uleb128 0x10
 398 0192 BF010000 		.4byte	.LASF24
 399 0196 01       		.byte	0x1
 400 0197 4C       		.byte	0x4c
 401 0198 84000000 		.4byte	0x84
 402 019c 00000000 		.4byte	.LLST0
 403 01a0 11       		.uleb128 0x11
 404 01a1 39010000 		.4byte	.LASF25
 405 01a5 01       		.byte	0x1
 406 01a6 4C       		.byte	0x4c
 407 01a7 98000000 		.4byte	0x98
 408 01ab 01       		.uleb128 0x1
 409 01ac 52       		.byte	0x52
 410 01ad 12       		.uleb128 0x12
 411 01ae 70617200 		.ascii	"par\000"
 412 01b2 01       		.byte	0x1
 413 01b3 4C       		.byte	0x4c
 414 01b4 8F000000 		.4byte	0x8f
 415 01b8 2A000000 		.4byte	.LLST1
 416 01bc 13       		.uleb128 0x13
 417 01bd 7000     		.ascii	"p\000"
 418 01bf 01       		.byte	0x1
 419 01c0 4D       		.byte	0x4d
 420 01c1 08010000 		.4byte	0x108
 421 01c5 49000000 		.4byte	.LLST2
 422 01c9 00       		.byte	0
 423 01ca 0E       		.uleb128 0xe
 424 01cb 4A020000 		.4byte	.LASF27
 425 01cf 01       		.byte	0x1
 426 01d0 6A       		.byte	0x6a
 427 01d1 00000000 		.4byte	.LFB9
 428 01d5 24000000 		.4byte	.LFE9-.LFB9
 429 01d9 01       		.uleb128 0x1
 430 01da 9C       		.byte	0x9c
 431 01db ED010000 		.4byte	0x1ed
 432 01df 0F       		.uleb128 0xf
 433 01e0 76747000 		.ascii	"vtp\000"
 434 01e4 01       		.byte	0x1
 435 01e5 6A       		.byte	0x6a
 436 01e6 08010000 		.4byte	0x108
 437 01ea 01       		.uleb128 0x1
 438 01eb 50       		.byte	0x50
 439 01ec 00       		.byte	0
 440 01ed 14       		.uleb128 0x14
 441 01ee B8010000 		.4byte	.LASF31
 442 01f2 01       		.byte	0x1
 443 01f3 2A       		.byte	0x2a
 444 01f4 4C010000 		.4byte	0x14c
 445 01f8 05       		.uleb128 0x5
 446 01f9 03       		.byte	0x3
 447 01fa 00000000 		.4byte	vtlist
 448 01fe 00       		.byte	0
 449              		.section	.debug_abbrev,"",%progbits
ARM GAS  /tmp/ccM3MEiH.s 			page 9


 450              	.Ldebug_abbrev0:
 451 0000 01       		.uleb128 0x1
 452 0001 11       		.uleb128 0x11
 453 0002 01       		.byte	0x1
 454 0003 25       		.uleb128 0x25
 455 0004 0E       		.uleb128 0xe
 456 0005 13       		.uleb128 0x13
 457 0006 0B       		.uleb128 0xb
 458 0007 03       		.uleb128 0x3
 459 0008 0E       		.uleb128 0xe
 460 0009 55       		.uleb128 0x55
 461 000a 17       		.uleb128 0x17
 462 000b 11       		.uleb128 0x11
 463 000c 01       		.uleb128 0x1
 464 000d 10       		.uleb128 0x10
 465 000e 17       		.uleb128 0x17
 466 000f 00       		.byte	0
 467 0010 00       		.byte	0
 468 0011 02       		.uleb128 0x2
 469 0012 24       		.uleb128 0x24
 470 0013 00       		.byte	0
 471 0014 0B       		.uleb128 0xb
 472 0015 0B       		.uleb128 0xb
 473 0016 3E       		.uleb128 0x3e
 474 0017 0B       		.uleb128 0xb
 475 0018 03       		.uleb128 0x3
 476 0019 08       		.uleb128 0x8
 477 001a 00       		.byte	0
 478 001b 00       		.byte	0
 479 001c 03       		.uleb128 0x3
 480 001d 24       		.uleb128 0x24
 481 001e 00       		.byte	0
 482 001f 0B       		.uleb128 0xb
 483 0020 0B       		.uleb128 0xb
 484 0021 3E       		.uleb128 0x3e
 485 0022 0B       		.uleb128 0xb
 486 0023 03       		.uleb128 0x3
 487 0024 0E       		.uleb128 0xe
 488 0025 00       		.byte	0
 489 0026 00       		.byte	0
 490 0027 04       		.uleb128 0x4
 491 0028 16       		.uleb128 0x16
 492 0029 00       		.byte	0
 493 002a 03       		.uleb128 0x3
 494 002b 0E       		.uleb128 0xe
 495 002c 3A       		.uleb128 0x3a
 496 002d 0B       		.uleb128 0xb
 497 002e 3B       		.uleb128 0x3b
 498 002f 0B       		.uleb128 0xb
 499 0030 49       		.uleb128 0x49
 500 0031 13       		.uleb128 0x13
 501 0032 00       		.byte	0
 502 0033 00       		.byte	0
 503 0034 05       		.uleb128 0x5
 504 0035 0F       		.uleb128 0xf
 505 0036 00       		.byte	0
 506 0037 0B       		.uleb128 0xb
ARM GAS  /tmp/ccM3MEiH.s 			page 10


 507 0038 0B       		.uleb128 0xb
 508 0039 00       		.byte	0
 509 003a 00       		.byte	0
 510 003b 06       		.uleb128 0x6
 511 003c 0F       		.uleb128 0xf
 512 003d 00       		.byte	0
 513 003e 0B       		.uleb128 0xb
 514 003f 0B       		.uleb128 0xb
 515 0040 49       		.uleb128 0x49
 516 0041 13       		.uleb128 0x13
 517 0042 00       		.byte	0
 518 0043 00       		.byte	0
 519 0044 07       		.uleb128 0x7
 520 0045 15       		.uleb128 0x15
 521 0046 01       		.byte	0x1
 522 0047 27       		.uleb128 0x27
 523 0048 19       		.uleb128 0x19
 524 0049 01       		.uleb128 0x1
 525 004a 13       		.uleb128 0x13
 526 004b 00       		.byte	0
 527 004c 00       		.byte	0
 528 004d 08       		.uleb128 0x8
 529 004e 05       		.uleb128 0x5
 530 004f 00       		.byte	0
 531 0050 49       		.uleb128 0x49
 532 0051 13       		.uleb128 0x13
 533 0052 00       		.byte	0
 534 0053 00       		.byte	0
 535 0054 09       		.uleb128 0x9
 536 0055 13       		.uleb128 0x13
 537 0056 01       		.byte	0x1
 538 0057 03       		.uleb128 0x3
 539 0058 0E       		.uleb128 0xe
 540 0059 0B       		.uleb128 0xb
 541 005a 0B       		.uleb128 0xb
 542 005b 3A       		.uleb128 0x3a
 543 005c 0B       		.uleb128 0xb
 544 005d 3B       		.uleb128 0x3b
 545 005e 0B       		.uleb128 0xb
 546 005f 01       		.uleb128 0x1
 547 0060 13       		.uleb128 0x13
 548 0061 00       		.byte	0
 549 0062 00       		.byte	0
 550 0063 0A       		.uleb128 0xa
 551 0064 0D       		.uleb128 0xd
 552 0065 00       		.byte	0
 553 0066 03       		.uleb128 0x3
 554 0067 0E       		.uleb128 0xe
 555 0068 3A       		.uleb128 0x3a
 556 0069 0B       		.uleb128 0xb
 557 006a 3B       		.uleb128 0x3b
 558 006b 0B       		.uleb128 0xb
 559 006c 49       		.uleb128 0x49
 560 006d 13       		.uleb128 0x13
 561 006e 38       		.uleb128 0x38
 562 006f 0B       		.uleb128 0xb
 563 0070 00       		.byte	0
ARM GAS  /tmp/ccM3MEiH.s 			page 11


 564 0071 00       		.byte	0
 565 0072 0B       		.uleb128 0xb
 566 0073 13       		.uleb128 0x13
 567 0074 01       		.byte	0x1
 568 0075 0B       		.uleb128 0xb
 569 0076 0B       		.uleb128 0xb
 570 0077 3A       		.uleb128 0x3a
 571 0078 0B       		.uleb128 0xb
 572 0079 3B       		.uleb128 0x3b
 573 007a 0B       		.uleb128 0xb
 574 007b 01       		.uleb128 0x1
 575 007c 13       		.uleb128 0x13
 576 007d 00       		.byte	0
 577 007e 00       		.byte	0
 578 007f 0C       		.uleb128 0xc
 579 0080 35       		.uleb128 0x35
 580 0081 00       		.byte	0
 581 0082 49       		.uleb128 0x49
 582 0083 13       		.uleb128 0x13
 583 0084 00       		.byte	0
 584 0085 00       		.byte	0
 585 0086 0D       		.uleb128 0xd
 586 0087 2E       		.uleb128 0x2e
 587 0088 00       		.byte	0
 588 0089 3F       		.uleb128 0x3f
 589 008a 19       		.uleb128 0x19
 590 008b 03       		.uleb128 0x3
 591 008c 0E       		.uleb128 0xe
 592 008d 3A       		.uleb128 0x3a
 593 008e 0B       		.uleb128 0xb
 594 008f 3B       		.uleb128 0x3b
 595 0090 0B       		.uleb128 0xb
 596 0091 27       		.uleb128 0x27
 597 0092 19       		.uleb128 0x19
 598 0093 11       		.uleb128 0x11
 599 0094 01       		.uleb128 0x1
 600 0095 12       		.uleb128 0x12
 601 0096 06       		.uleb128 0x6
 602 0097 40       		.uleb128 0x40
 603 0098 18       		.uleb128 0x18
 604 0099 9742     		.uleb128 0x2117
 605 009b 19       		.uleb128 0x19
 606 009c 00       		.byte	0
 607 009d 00       		.byte	0
 608 009e 0E       		.uleb128 0xe
 609 009f 2E       		.uleb128 0x2e
 610 00a0 01       		.byte	0x1
 611 00a1 3F       		.uleb128 0x3f
 612 00a2 19       		.uleb128 0x19
 613 00a3 03       		.uleb128 0x3
 614 00a4 0E       		.uleb128 0xe
 615 00a5 3A       		.uleb128 0x3a
 616 00a6 0B       		.uleb128 0xb
 617 00a7 3B       		.uleb128 0x3b
 618 00a8 0B       		.uleb128 0xb
 619 00a9 27       		.uleb128 0x27
 620 00aa 19       		.uleb128 0x19
ARM GAS  /tmp/ccM3MEiH.s 			page 12


 621 00ab 11       		.uleb128 0x11
 622 00ac 01       		.uleb128 0x1
 623 00ad 12       		.uleb128 0x12
 624 00ae 06       		.uleb128 0x6
 625 00af 40       		.uleb128 0x40
 626 00b0 18       		.uleb128 0x18
 627 00b1 9742     		.uleb128 0x2117
 628 00b3 19       		.uleb128 0x19
 629 00b4 01       		.uleb128 0x1
 630 00b5 13       		.uleb128 0x13
 631 00b6 00       		.byte	0
 632 00b7 00       		.byte	0
 633 00b8 0F       		.uleb128 0xf
 634 00b9 05       		.uleb128 0x5
 635 00ba 00       		.byte	0
 636 00bb 03       		.uleb128 0x3
 637 00bc 08       		.uleb128 0x8
 638 00bd 3A       		.uleb128 0x3a
 639 00be 0B       		.uleb128 0xb
 640 00bf 3B       		.uleb128 0x3b
 641 00c0 0B       		.uleb128 0xb
 642 00c1 49       		.uleb128 0x49
 643 00c2 13       		.uleb128 0x13
 644 00c3 02       		.uleb128 0x2
 645 00c4 18       		.uleb128 0x18
 646 00c5 00       		.byte	0
 647 00c6 00       		.byte	0
 648 00c7 10       		.uleb128 0x10
 649 00c8 05       		.uleb128 0x5
 650 00c9 00       		.byte	0
 651 00ca 03       		.uleb128 0x3
 652 00cb 0E       		.uleb128 0xe
 653 00cc 3A       		.uleb128 0x3a
 654 00cd 0B       		.uleb128 0xb
 655 00ce 3B       		.uleb128 0x3b
 656 00cf 0B       		.uleb128 0xb
 657 00d0 49       		.uleb128 0x49
 658 00d1 13       		.uleb128 0x13
 659 00d2 02       		.uleb128 0x2
 660 00d3 17       		.uleb128 0x17
 661 00d4 00       		.byte	0
 662 00d5 00       		.byte	0
 663 00d6 11       		.uleb128 0x11
 664 00d7 05       		.uleb128 0x5
 665 00d8 00       		.byte	0
 666 00d9 03       		.uleb128 0x3
 667 00da 0E       		.uleb128 0xe
 668 00db 3A       		.uleb128 0x3a
 669 00dc 0B       		.uleb128 0xb
 670 00dd 3B       		.uleb128 0x3b
 671 00de 0B       		.uleb128 0xb
 672 00df 49       		.uleb128 0x49
 673 00e0 13       		.uleb128 0x13
 674 00e1 02       		.uleb128 0x2
 675 00e2 18       		.uleb128 0x18
 676 00e3 00       		.byte	0
 677 00e4 00       		.byte	0
ARM GAS  /tmp/ccM3MEiH.s 			page 13


 678 00e5 12       		.uleb128 0x12
 679 00e6 05       		.uleb128 0x5
 680 00e7 00       		.byte	0
 681 00e8 03       		.uleb128 0x3
 682 00e9 08       		.uleb128 0x8
 683 00ea 3A       		.uleb128 0x3a
 684 00eb 0B       		.uleb128 0xb
 685 00ec 3B       		.uleb128 0x3b
 686 00ed 0B       		.uleb128 0xb
 687 00ee 49       		.uleb128 0x49
 688 00ef 13       		.uleb128 0x13
 689 00f0 02       		.uleb128 0x2
 690 00f1 17       		.uleb128 0x17
 691 00f2 00       		.byte	0
 692 00f3 00       		.byte	0
 693 00f4 13       		.uleb128 0x13
 694 00f5 34       		.uleb128 0x34
 695 00f6 00       		.byte	0
 696 00f7 03       		.uleb128 0x3
 697 00f8 08       		.uleb128 0x8
 698 00f9 3A       		.uleb128 0x3a
 699 00fa 0B       		.uleb128 0xb
 700 00fb 3B       		.uleb128 0x3b
 701 00fc 0B       		.uleb128 0xb
 702 00fd 49       		.uleb128 0x49
 703 00fe 13       		.uleb128 0x13
 704 00ff 02       		.uleb128 0x2
 705 0100 17       		.uleb128 0x17
 706 0101 00       		.byte	0
 707 0102 00       		.byte	0
 708 0103 14       		.uleb128 0x14
 709 0104 34       		.uleb128 0x34
 710 0105 00       		.byte	0
 711 0106 03       		.uleb128 0x3
 712 0107 0E       		.uleb128 0xe
 713 0108 3A       		.uleb128 0x3a
 714 0109 0B       		.uleb128 0xb
 715 010a 3B       		.uleb128 0x3b
 716 010b 0B       		.uleb128 0xb
 717 010c 49       		.uleb128 0x49
 718 010d 13       		.uleb128 0x13
 719 010e 3F       		.uleb128 0x3f
 720 010f 19       		.uleb128 0x19
 721 0110 02       		.uleb128 0x2
 722 0111 18       		.uleb128 0x18
 723 0112 00       		.byte	0
 724 0113 00       		.byte	0
 725 0114 00       		.byte	0
 726              		.section	.debug_loc,"",%progbits
 727              	.Ldebug_loc0:
 728              	.LLST0:
 729 0000 00000000 		.4byte	.LVL0
 730 0004 14000000 		.4byte	.LVL3
 731 0008 0100     		.2byte	0x1
 732 000a 51       		.byte	0x51
 733 000b 14000000 		.4byte	.LVL3
 734 000f 2E000000 		.4byte	.LVL5
ARM GAS  /tmp/ccM3MEiH.s 			page 14


 735 0013 0100     		.2byte	0x1
 736 0015 51       		.byte	0x51
 737 0016 2E000000 		.4byte	.LVL5
 738 001a 30000000 		.4byte	.LVL6
 739 001e 0200     		.2byte	0x2
 740 0020 70       		.byte	0x70
 741 0021 08       		.sleb128 8
 742 0022 00000000 		.4byte	0
 743 0026 00000000 		.4byte	0
 744              	.LLST1:
 745 002a 00000000 		.4byte	.LVL0
 746 002e 1C000000 		.4byte	.LVL4
 747 0032 0100     		.2byte	0x1
 748 0034 53       		.byte	0x53
 749 0035 1C000000 		.4byte	.LVL4
 750 0039 38000000 		.4byte	.LFE8
 751 003d 0200     		.2byte	0x2
 752 003f 70       		.byte	0x70
 753 0040 10       		.sleb128 16
 754 0041 00000000 		.4byte	0
 755 0045 00000000 		.4byte	0
 756              	.LLST2:
 757 0049 06000000 		.4byte	.LVL1
 758 004d 12000000 		.4byte	.LVL2
 759 0051 0100     		.2byte	0x1
 760 0053 54       		.byte	0x54
 761 0054 14000000 		.4byte	.LVL3
 762 0058 32000000 		.4byte	.LVL7
 763 005c 0100     		.2byte	0x1
 764 005e 54       		.byte	0x54
 765 005f 00000000 		.4byte	0
 766 0063 00000000 		.4byte	0
 767              		.section	.debug_aranges,"",%progbits
 768 0000 2C000000 		.4byte	0x2c
 769 0004 0200     		.2byte	0x2
 770 0006 00000000 		.4byte	.Ldebug_info0
 771 000a 04       		.byte	0x4
 772 000b 00       		.byte	0
 773 000c 0000     		.2byte	0
 774 000e 0000     		.2byte	0
 775 0010 00000000 		.4byte	.LFB7
 776 0014 18000000 		.4byte	.LFE7-.LFB7
 777 0018 00000000 		.4byte	.LFB8
 778 001c 38000000 		.4byte	.LFE8-.LFB8
 779 0020 00000000 		.4byte	.LFB9
 780 0024 24000000 		.4byte	.LFE9-.LFB9
 781 0028 00000000 		.4byte	0
 782 002c 00000000 		.4byte	0
 783              		.section	.debug_ranges,"",%progbits
 784              	.Ldebug_ranges0:
 785 0000 00000000 		.4byte	.LFB7
 786 0004 18000000 		.4byte	.LFE7
 787 0008 00000000 		.4byte	.LFB8
 788 000c 38000000 		.4byte	.LFE8
 789 0010 00000000 		.4byte	.LFB9
 790 0014 24000000 		.4byte	.LFE9
 791 0018 00000000 		.4byte	0
ARM GAS  /tmp/ccM3MEiH.s 			page 15


 792 001c 00000000 		.4byte	0
 793              		.section	.debug_line,"",%progbits
 794              	.Ldebug_line0:
 795 0000 C0010000 		.section	.debug_str,"MS",%progbits,1
 795      02006B01 
 795      00000201 
 795      FB0E0D00 
 795      01010101 
 796              	.LASF28:
 797 0000 474E5520 		.ascii	"GNU C 4.9.3 20141119 (release) [ARM/embedded-4_9-br"
 797      4320342E 
 797      392E3320 
 797      32303134 
 797      31313139 
 798 0033 616E6368 		.ascii	"anch revision 218278] -mcpu=cortex-m4 -mno-thumb-in"
 798      20726576 
 798      6973696F 
 798      6E203231 
 798      38323738 
 799 0066 74657277 		.ascii	"terwork -mthumb -ggdb -O2 -fomit-frame-pointer -fal"
 799      6F726B20 
 799      2D6D7468 
 799      756D6220 
 799      2D676764 
 800 0099 69676E2D 		.ascii	"ign-functions=16 -ffunction-sections -fdata-section"
 800      66756E63 
 800      74696F6E 
 800      733D3136 
 800      202D6666 
 801 00cc 73202D66 		.ascii	"s -fno-common\000"
 801      6E6F2D63 
 801      6F6D6D6F 
 801      6E00
 802              	.LASF26:
 803 00da 63685654 		.ascii	"chVTSetI\000"
 803      53657449 
 803      00
 804              	.LASF12:
 805 00e3 73797374 		.ascii	"systime_t\000"
 805      696D655F 
 805      7400
 806              	.LASF29:
 807 00ed 2F686F6D 		.ascii	"/home/austin/git/personal/school/motor_control/chib"
 807      652F6175 
 807      7374696E 
 807      2F676974 
 807      2F706572 
 808 0120 696F732F 		.ascii	"ios/os/kernel/src/chvt.c\000"
 808      6F732F6B 
 808      65726E65 
 808      6C2F7372 
 808      632F6368 
 809              	.LASF25:
 810 0139 76746675 		.ascii	"vtfunc\000"
 810      6E6300
 811              	.LASF6:
 812 0140 6C6F6E67 		.ascii	"long unsigned int\000"
ARM GAS  /tmp/ccM3MEiH.s 			page 16


 812      20756E73 
 812      69676E65 
 812      6420696E 
 812      7400
 813              	.LASF4:
 814 0152 73686F72 		.ascii	"short unsigned int\000"
 814      7420756E 
 814      7369676E 
 814      65642069 
 814      6E7400
 815              	.LASF15:
 816 0165 56697274 		.ascii	"VirtualTimer\000"
 816      75616C54 
 816      696D6572 
 816      00
 817              	.LASF2:
 818 0172 756E7369 		.ascii	"unsigned char\000"
 818      676E6564 
 818      20636861 
 818      7200
 819              	.LASF30:
 820 0180 5F76745F 		.ascii	"_vt_init\000"
 820      696E6974 
 820      00
 821              	.LASF9:
 822 0189 5F5F7569 		.ascii	"__uint32_t\000"
 822      6E743332 
 822      5F7400
 823              	.LASF0:
 824 0194 756E7369 		.ascii	"unsigned int\000"
 824      676E6564 
 824      20696E74 
 824      00
 825              	.LASF8:
 826 01a1 6C6F6E67 		.ascii	"long long unsigned int\000"
 826      206C6F6E 
 826      6720756E 
 826      7369676E 
 826      65642069 
 827              	.LASF31:
 828 01b8 76746C69 		.ascii	"vtlist\000"
 828      737400
 829              	.LASF24:
 830 01bf 74696D65 		.ascii	"time\000"
 830      00
 831              	.LASF18:
 832 01c4 76745F74 		.ascii	"vt_time\000"
 832      696D6500 
 833              	.LASF13:
 834 01cc 73697A65 		.ascii	"sizetype\000"
 834      74797065 
 834      00
 835              	.LASF21:
 836 01d5 76745F73 		.ascii	"vt_systime\000"
 836      79737469 
 836      6D6500
 837              	.LASF7:
ARM GAS  /tmp/ccM3MEiH.s 			page 17


 838 01e0 6C6F6E67 		.ascii	"long long int\000"
 838      206C6F6E 
 838      6720696E 
 838      7400
 839              	.LASF19:
 840 01ee 76745F66 		.ascii	"vt_func\000"
 840      756E6300 
 841              	.LASF14:
 842 01f6 76746675 		.ascii	"vtfunc_t\000"
 842      6E635F74 
 842      00
 843              	.LASF23:
 844 01ff 63686172 		.ascii	"char\000"
 844      00
 845              	.LASF20:
 846 0204 76745F70 		.ascii	"vt_par\000"
 846      617200
 847              	.LASF3:
 848 020b 73686F72 		.ascii	"short int\000"
 848      7420696E 
 848      7400
 849              	.LASF17:
 850 0215 76745F70 		.ascii	"vt_prev\000"
 850      72657600 
 851              	.LASF10:
 852 021d 75696E74 		.ascii	"uint32_t\000"
 852      33325F74 
 852      00
 853              	.LASF5:
 854 0226 6C6F6E67 		.ascii	"long int\000"
 854      20696E74 
 854      00
 855              	.LASF1:
 856 022f 7369676E 		.ascii	"signed char\000"
 856      65642063 
 856      68617200 
 857              	.LASF22:
 858 023b 56544C69 		.ascii	"VTList\000"
 858      737400
 859              	.LASF16:
 860 0242 76745F6E 		.ascii	"vt_next\000"
 860      65787400 
 861              	.LASF27:
 862 024a 63685654 		.ascii	"chVTResetI\000"
 862      52657365 
 862      744900
 863              	.LASF11:
 864 0255 5F426F6F 		.ascii	"_Bool\000"
 864      6C00
 865              		.ident	"GCC: (GNU Tools for ARM Embedded Processors) 4.9.3 20141119 (release) [ARM/embedded-4_9-br
ARM GAS  /tmp/ccM3MEiH.s 			page 18


DEFINED SYMBOLS
                            *ABS*:0000000000000000 chvt.c
     /tmp/ccM3MEiH.s:19     .text._vt_init:0000000000000000 $t
     /tmp/ccM3MEiH.s:25     .text._vt_init:0000000000000000 _vt_init
     /tmp/ccM3MEiH.s:50     .text._vt_init:0000000000000014 $d
     /tmp/ccM3MEiH.s:55     .text.chVTSetI:0000000000000000 $t
     /tmp/ccM3MEiH.s:61     .text.chVTSetI:0000000000000000 chVTSetI
     /tmp/ccM3MEiH.s:133    .text.chVTSetI:0000000000000034 $d
     /tmp/ccM3MEiH.s:138    .text.chVTResetI:0000000000000000 $t
     /tmp/ccM3MEiH.s:144    .text.chVTResetI:0000000000000000 chVTResetI
     /tmp/ccM3MEiH.s:178    .text.chVTResetI:0000000000000020 $d
     /tmp/ccM3MEiH.s:188    .bss.vtlist:0000000000000000 vtlist
     /tmp/ccM3MEiH.s:184    .bss.vtlist:0000000000000000 $d
                     .debug_frame:0000000000000010 $d
     /tmp/ccM3MEiH.s:54     .text._vt_init:0000000000000018 $t
     /tmp/ccM3MEiH.s:137    .text.chVTSetI:0000000000000038 $t
     /tmp/ccM3MEiH.s:183    .text.chVTResetI:0000000000000024 $t

NO UNDEFINED SYMBOLS
