ARM GAS  /tmp/ccv7PRvC.s 			page 1


   1              		.syntax unified
   2              		.cpu cortex-m4
   3              		.fpu softvfp
   4              		.eabi_attribute 20, 1
   5              		.eabi_attribute 21, 1
   6              		.eabi_attribute 23, 3
   7              		.eabi_attribute 24, 1
   8              		.eabi_attribute 25, 1
   9              		.eabi_attribute 26, 1
  10              		.eabi_attribute 30, 2
  11              		.eabi_attribute 34, 1
  12              		.eabi_attribute 18, 4
  13              		.thumb
  14              		.file	"crt0.c"
  15              		.text
  16              	.Ltext0:
  17              		.cfi_sections	.debug_frame
  18              		.section	.text.__early_init,"ax",%progbits
  19              		.align	2
  20              		.p2align 4,,15
  21              		.weak	__early_init
  22              		.thumb
  23              		.thumb_func
  24              		.type	__early_init, %function
  25              	__early_init:
  26              	.LFB0:
  27              		.file 1 "/home/austin/git/personal/school/motor_control/chibios/os/ports/GCC/ARMCMx/crt0.c"
  28              		.loc 1 234 0
  29              		.cfi_startproc
  30              		@ args = 0, pretend = 0, frame = 0
  31              		@ frame_needed = 0, uses_anonymous_args = 0
  32              		@ link register save eliminated.
  33 0000 7047     		bx	lr
  34              		.cfi_endproc
  35              	.LFE0:
  36              		.size	__early_init, .-__early_init
  37 0002 00BFAFF3 		.section	.text.__late_init,"ax",%progbits
  37      0080AFF3 
  37      0080AFF3 
  37      0080
  38              		.align	2
  39              		.p2align 4,,15
  40              		.weak	__late_init
  41              		.thumb
  42              		.thumb_func
  43              		.type	__late_init, %function
  44              	__late_init:
  45              	.LFB1:
  46              		.loc 1 246 0
  47              		.cfi_startproc
  48              		@ args = 0, pretend = 0, frame = 0
  49              		@ frame_needed = 0, uses_anonymous_args = 0
  50              		@ link register save eliminated.
  51 0000 7047     		bx	lr
  52              		.cfi_endproc
  53              	.LFE1:
  54              		.size	__late_init, .-__late_init
ARM GAS  /tmp/ccv7PRvC.s 			page 2


  55 0002 00BFAFF3 		.section	.text._default_exit,"ax",%progbits
  55      0080AFF3 
  55      0080AFF3 
  55      0080
  56              		.align	2
  57              		.p2align 4,,15
  58              		.weak	_default_exit
  59              		.thumb
  60              		.thumb_func
  61              		.type	_default_exit, %function
  62              	_default_exit:
  63              	.LFB2:
  64              		.loc 1 257 0
  65              		.cfi_startproc
  66              		@ Naked Function: prologue and epilogue provided by programmer.
  67              		@ args = 0, pretend = 0, frame = 0
  68              		@ frame_needed = 0, uses_anonymous_args = 0
  69              	.L4:
  70              		.loc 1 259 0 discriminator 1
  71 0000 FEE7     		b	.L4
  72              		.cfi_endproc
  73              	.LFE2:
  74              		.size	_default_exit, .-_default_exit
  75 0002 00BFAFF3 		.section	.text.ResetHandler,"ax",%progbits
  75      0080AFF3 
  75      0080AFF3 
  75      0080
  76              		.align	2
  77              		.p2align 4,,15
  78              		.global	ResetHandler
  79              		.thumb
  80              		.thumb_func
  81              		.type	ResetHandler, %function
  82              	ResetHandler:
  83              	.LFB3:
  84              		.loc 1 268 0
  85              		.cfi_startproc
  86              		@ Naked Function: prologue and epilogue provided by programmer.
  87              		@ args = 0, pretend = 0, frame = 0
  88              		@ frame_needed = 0, uses_anonymous_args = 0
  89              		.loc 1 274 0
  90              	@ 274 "/home/austin/git/personal/school/motor_control/chibios/os/ports/GCC/ARMCMx/crt0.c" 1
  91 0000 72B6     		cpsid   i
  92              	@ 0 "" 2
  93              		.loc 1 275 0
  94              		.thumb
  95 0002 3148     		ldr	r0, .L32
  96              	.LVL0:
  97              		.loc 1 276 0
  98              	@ 276 "/home/austin/git/personal/school/motor_control/chibios/os/ports/GCC/ARMCMx/crt0.c" 1
  99 0004 80F30988 		msr     PSP, r0
 100              	@ 0 "" 2
 101              	.LVL1:
 102              		.loc 1 296 0
 103              		.thumb
 104 0008 0223     		movs	r3, #2
 105              	@ 296 "/home/austin/git/personal/school/motor_control/chibios/os/ports/GCC/ARMCMx/crt0.c" 1
ARM GAS  /tmp/ccv7PRvC.s 			page 3


 106 000a 83F31488 		msr     CONTROL, r3
 107              	@ 0 "" 2
 108              		.loc 1 297 0
 109              	@ 297 "/home/austin/git/personal/school/motor_control/chibios/os/ports/GCC/ARMCMx/crt0.c" 1
 110 000e BFF36F8F 		isb
 111              	@ 0 "" 2
 112              	.LVL2:
 113              		.thumb
 114              	.LBB2:
 115              		.loc 1 301 0
 116 0012 2E4B     		ldr	r3, .L32+4
 117 0014 2E4A     		ldr	r2, .L32+8
 118 0016 9342     		cmp	r3, r2
 119 0018 0BD2     		bcs	.L10
 120 001a D943     		mvns	r1, r3
 121 001c 0A44     		add	r2, r2, r1
 122 001e 22F00302 		bic	r2, r2, #3
 123 0022 0432     		adds	r2, r2, #4
 124 0024 1A44     		add	r2, r2, r3
 125 0026 4FF05531 		mov	r1, #1431655765
 126              	.LVL3:
 127              	.L9:
 128              		.loc 1 301 0 is_stmt 0 discriminator 3
 129 002a 43F8041B 		str	r1, [r3], #4
 130              	.LVL4:
 131 002e 9342     		cmp	r3, r2
 132 0030 FBD1     		bne	.L9
 133              	.LVL5:
 134              	.L10:
 135              	.LBE2:
 136              	.LBB3:
 137              		.loc 1 304 0 is_stmt 1
 138 0032 284B     		ldr	r3, .L32+12
 139 0034 8342     		cmp	r3, r0
 140 0036 0CD2     		bcs	.L8
 141 0038 274A     		ldr	r2, .L32+16
 142 003a 191D     		adds	r1, r3, #4
 143 003c 521A     		subs	r2, r2, r1
 144 003e 22F00302 		bic	r2, r2, #3
 145 0042 0432     		adds	r2, r2, #4
 146 0044 1A44     		add	r2, r2, r3
 147 0046 4FF05531 		mov	r1, #1431655765
 148              	.LVL6:
 149              	.L13:
 150              		.loc 1 304 0 is_stmt 0 discriminator 3
 151 004a 43F8041B 		str	r1, [r3], #4
 152              	.LVL7:
 153 004e 9342     		cmp	r3, r2
 154 0050 FBD1     		bne	.L13
 155              	.LVL8:
 156              	.L8:
 157              	.LBE3:
 158              		.loc 1 310 0 is_stmt 1
 159 0052 FFF7FEFF 		bl	__early_init
 160              	.LVL9:
 161              	.LBB4:
 162              		.loc 1 319 0
ARM GAS  /tmp/ccv7PRvC.s 			page 4


 163 0056 214A     		ldr	r2, .L32+20
 164 0058 214B     		ldr	r3, .L32+24
 165 005a 9A42     		cmp	r2, r3
 166 005c 0CD2     		bcs	.L12
 167 005e D043     		mvns	r0, r2
 168 0060 1844     		add	r0, r0, r3
 169 0062 20F00300 		bic	r0, r0, #3
 170 0066 1F4B     		ldr	r3, .L32+28
 171 0068 0430     		adds	r0, r0, #4
 172 006a 1844     		add	r0, r0, r3
 173              	.LVL10:
 174              	.L16:
 175              		.loc 1 320 0
 176 006c 53F8041B 		ldr	r1, [r3], #4
 177              	.LVL11:
 178 0070 42F8041B 		str	r1, [r2], #4
 179              	.LVL12:
 180              		.loc 1 319 0
 181 0074 8342     		cmp	r3, r0
 182 0076 F9D1     		bne	.L16
 183              	.LVL13:
 184              	.L12:
 185              	.LBE4:
 186              	.LBB5:
 187              		.loc 1 326 0
 188 0078 1B4B     		ldr	r3, .L32+32
 189 007a 1C4A     		ldr	r2, .L32+36
 190 007c 9342     		cmp	r3, r2
 191 007e 0AD2     		bcs	.L15
 192 0080 D943     		mvns	r1, r3
 193 0082 0A44     		add	r2, r2, r1
 194 0084 22F00302 		bic	r2, r2, #3
 195 0088 0432     		adds	r2, r2, #4
 196 008a 1A44     		add	r2, r2, r3
 197 008c 0021     		movs	r1, #0
 198              	.LVL14:
 199              	.L19:
 200              		.loc 1 326 0 is_stmt 0 discriminator 3
 201 008e 43F8041B 		str	r1, [r3], #4
 202              	.LVL15:
 203 0092 9342     		cmp	r3, r2
 204 0094 FBD1     		bne	.L19
 205              	.LVL16:
 206              	.L15:
 207              	.LBE5:
 208              	.LBB6:
 209              		.loc 1 336 0 is_stmt 1
 210 0096 164D     		ldr	r5, .L32+40
 211 0098 164C     		ldr	r4, .L32+44
 212              	.LBE6:
 213              		.loc 1 330 0
 214 009a FFF7FEFF 		bl	__late_init
 215              	.LVL17:
 216              	.LBB7:
 217              		.loc 1 336 0
 218 009e AC42     		cmp	r4, r5
 219 00a0 04D2     		bcs	.L18
ARM GAS  /tmp/ccv7PRvC.s 			page 5


 220              	.LVL18:
 221              	.L17:
 222              		.loc 1 337 0
 223 00a2 54F8043B 		ldr	r3, [r4], #4
 224              	.LVL19:
 225 00a6 9847     		blx	r3
 226              	.LVL20:
 227              		.loc 1 336 0
 228 00a8 AC42     		cmp	r4, r5
 229 00aa FAD3     		bcc	.L17
 230              	.LVL21:
 231              	.L18:
 232              	.LBE7:
 233              	.LBB8:
 234              		.loc 1 350 0
 235 00ac 124D     		ldr	r5, .L32+48
 236 00ae 134C     		ldr	r4, .L32+52
 237              	.LBE8:
 238              		.loc 1 344 0
 239 00b0 FFF7FEFF 		bl	main
 240              	.LVL22:
 241              	.LBB9:
 242              		.loc 1 350 0
 243 00b4 AC42     		cmp	r4, r5
 244 00b6 04D2     		bcs	.L21
 245              	.LVL23:
 246              	.L20:
 247              		.loc 1 351 0
 248 00b8 54F8043B 		ldr	r3, [r4], #4
 249              	.LVL24:
 250 00bc 9847     		blx	r3
 251              	.LVL25:
 252              		.loc 1 350 0
 253 00be AC42     		cmp	r4, r5
 254 00c0 FAD3     		bcc	.L20
 255              	.LVL26:
 256              	.L21:
 257              	.LBE9:
 258              		.loc 1 358 0
 259 00c2 FFF7FEFF 		bl	_default_exit
 260              	.LVL27:
 261              		.loc 1 359 0
 262              	.L33:
 263 00c6 00BF     		.align	2
 264              	.L32:
 265 00c8 00000000 		.word	__process_stack_end__
 266 00cc 00000000 		.word	__main_stack_base__
 267 00d0 00000000 		.word	__main_stack_end__
 268 00d4 00000000 		.word	__process_stack_base__
 269 00d8 03000000 		.word	__process_stack_end__+3
 270 00dc 00000000 		.word	_data
 271 00e0 00000000 		.word	_edata
 272 00e4 00000000 		.word	_textdata
 273 00e8 00000000 		.word	_bss_start
 274 00ec 00000000 		.word	_bss_end
 275 00f0 00000000 		.word	__init_array_end
 276 00f4 00000000 		.word	__init_array_start
ARM GAS  /tmp/ccv7PRvC.s 			page 6


 277 00f8 00000000 		.word	__fini_array_end
 278 00fc 00000000 		.word	__fini_array_start
 279              		.cfi_endproc
 280              	.LFE3:
 281              		.size	ResetHandler, .-ResetHandler
 282              		.text
 283              	.Letext0:
 284              		.file 2 "/usr/arm-none-eabi/include/machine/_default_types.h"
 285              		.file 3 "/usr/arm-none-eabi/include/stdint.h"
 286              		.section	.debug_info,"",%progbits
 287              	.Ldebug_info0:
 288 0000 AB020000 		.4byte	0x2ab
 289 0004 0400     		.2byte	0x4
 290 0006 00000000 		.4byte	.Ldebug_abbrev0
 291 000a 04       		.byte	0x4
 292 000b 01       		.uleb128 0x1
 293 000c 15000000 		.4byte	.LASF31
 294 0010 01       		.byte	0x1
 295 0011 B2010000 		.4byte	.LASF32
 296 0015 30000000 		.4byte	.Ldebug_ranges0+0x30
 297 0019 00000000 		.4byte	0
 298 001d 00000000 		.4byte	.Ldebug_line0
 299 0021 02       		.uleb128 0x2
 300 0022 01       		.byte	0x1
 301 0023 06       		.byte	0x6
 302 0024 9F020000 		.4byte	.LASF0
 303 0028 03       		.uleb128 0x3
 304 0029 0B000000 		.4byte	.LASF5
 305 002d 02       		.byte	0x2
 306 002e 1D       		.byte	0x1d
 307 002f 33000000 		.4byte	0x33
 308 0033 02       		.uleb128 0x2
 309 0034 01       		.byte	0x1
 310 0035 08       		.byte	0x8
 311 0036 2E010000 		.4byte	.LASF1
 312 003a 02       		.uleb128 0x2
 313 003b 02       		.byte	0x2
 314 003c 05       		.byte	0x5
 315 003d 75020000 		.4byte	.LASF2
 316 0041 02       		.uleb128 0x2
 317 0042 02       		.byte	0x2
 318 0043 07       		.byte	0x7
 319 0044 67010000 		.4byte	.LASF3
 320 0048 02       		.uleb128 0x2
 321 0049 04       		.byte	0x4
 322 004a 05       		.byte	0x5
 323 004b 90020000 		.4byte	.LASF4
 324 004f 03       		.uleb128 0x3
 325 0050 A7010000 		.4byte	.LASF6
 326 0054 02       		.byte	0x2
 327 0055 41       		.byte	0x41
 328 0056 5A000000 		.4byte	0x5a
 329 005a 02       		.uleb128 0x2
 330 005b 04       		.byte	0x4
 331 005c 07       		.byte	0x7
 332 005d 48010000 		.4byte	.LASF7
 333 0061 02       		.uleb128 0x2
ARM GAS  /tmp/ccv7PRvC.s 			page 7


 334 0062 08       		.byte	0x8
 335 0063 05       		.byte	0x5
 336 0064 4C020000 		.4byte	.LASF8
 337 0068 02       		.uleb128 0x2
 338 0069 08       		.byte	0x8
 339 006a 07       		.byte	0x7
 340 006b 16020000 		.4byte	.LASF9
 341 006f 04       		.uleb128 0x4
 342 0070 04       		.byte	0x4
 343 0071 05       		.byte	0x5
 344 0072 696E7400 		.ascii	"int\000"
 345 0076 02       		.uleb128 0x2
 346 0077 04       		.byte	0x4
 347 0078 07       		.byte	0x7
 348 0079 09020000 		.4byte	.LASF10
 349 007d 03       		.uleb128 0x3
 350 007e 2D020000 		.4byte	.LASF11
 351 0082 03       		.byte	0x3
 352 0083 15       		.byte	0x15
 353 0084 28000000 		.4byte	0x28
 354 0088 03       		.uleb128 0x3
 355 0089 87020000 		.4byte	.LASF12
 356 008d 03       		.byte	0x3
 357 008e 2D       		.byte	0x2d
 358 008f 4F000000 		.4byte	0x4f
 359 0093 03       		.uleb128 0x3
 360 0094 7F020000 		.4byte	.LASF13
 361 0098 01       		.byte	0x1
 362 0099 34       		.byte	0x34
 363 009a 9E000000 		.4byte	0x9e
 364 009e 05       		.uleb128 0x5
 365 009f 04       		.byte	0x4
 366 00a0 A4000000 		.4byte	0xa4
 367 00a4 06       		.uleb128 0x6
 368 00a5 03       		.uleb128 0x3
 369 00a6 17010000 		.4byte	.LASF14
 370 00aa 01       		.byte	0x1
 371 00ab 35       		.byte	0x35
 372 00ac B0000000 		.4byte	0xb0
 373 00b0 05       		.uleb128 0x5
 374 00b1 04       		.byte	0x4
 375 00b2 93000000 		.4byte	0x93
 376 00b6 07       		.uleb128 0x7
 377 00b7 3F020000 		.4byte	.LASF15
 378 00bb 01       		.byte	0x1
 379 00bc EA       		.byte	0xea
 380 00bd 00000000 		.4byte	.LFB0
 381 00c1 02000000 		.4byte	.LFE0-.LFB0
 382 00c5 01       		.uleb128 0x1
 383 00c6 9C       		.byte	0x9c
 384 00c7 07       		.uleb128 0x7
 385 00c8 3C010000 		.4byte	.LASF16
 386 00cc 01       		.byte	0x1
 387 00cd F6       		.byte	0xf6
 388 00ce 00000000 		.4byte	.LFB1
 389 00d2 02000000 		.4byte	.LFE1-.LFB1
 390 00d6 01       		.uleb128 0x1
ARM GAS  /tmp/ccv7PRvC.s 			page 8


 391 00d7 9C       		.byte	0x9c
 392 00d8 08       		.uleb128 0x8
 393 00d9 20010000 		.4byte	.LASF17
 394 00dd 01       		.byte	0x1
 395 00de 0101     		.2byte	0x101
 396 00e0 00000000 		.4byte	.LFB2
 397 00e4 02000000 		.4byte	.LFE2-.LFB2
 398 00e8 01       		.uleb128 0x1
 399 00e9 9C       		.byte	0x9c
 400 00ea 09       		.uleb128 0x9
 401 00eb 5A010000 		.4byte	.LASF33
 402 00ef 01       		.byte	0x1
 403 00f0 0C01     		.2byte	0x10c
 404 00f2 00000000 		.4byte	.LFB3
 405 00f6 00010000 		.4byte	.LFE3-.LFB3
 406 00fa 01       		.uleb128 0x1
 407 00fb 9C       		.byte	0x9c
 408 00fc 12020000 		.4byte	0x212
 409 0100 0A       		.uleb128 0xa
 410 0101 70737000 		.ascii	"psp\000"
 411 0105 01       		.byte	0x1
 412 0106 0D01     		.2byte	0x10d
 413 0108 88000000 		.4byte	0x88
 414 010c 0B       		.uleb128 0xb
 415 010d 72656700 		.ascii	"reg\000"
 416 0111 01       		.byte	0x1
 417 0112 0D01     		.2byte	0x10d
 418 0114 88000000 		.4byte	0x88
 419 0118 02       		.byte	0x2
 420 0119 0C       		.uleb128 0xc
 421 011a 12000000 		.4byte	.LBB2
 422 011e 20000000 		.4byte	.LBE2-.LBB2
 423 0122 41010000 		.4byte	0x141
 424 0126 0D       		.uleb128 0xd
 425 0127 703100   		.ascii	"p1\000"
 426 012a 01       		.byte	0x1
 427 012b 2D01     		.2byte	0x12d
 428 012d 12020000 		.4byte	0x212
 429 0131 00000000 		.4byte	.LLST0
 430 0135 0A       		.uleb128 0xa
 431 0136 703200   		.ascii	"p2\000"
 432 0139 01       		.byte	0x1
 433 013a 2D01     		.2byte	0x12d
 434 013c 12020000 		.4byte	0x212
 435 0140 00       		.byte	0
 436 0141 0C       		.uleb128 0xc
 437 0142 32000000 		.4byte	.LBB3
 438 0146 20000000 		.4byte	.LBE3-.LBB3
 439 014a 69010000 		.4byte	0x169
 440 014e 0D       		.uleb128 0xd
 441 014f 703100   		.ascii	"p1\000"
 442 0152 01       		.byte	0x1
 443 0153 3001     		.2byte	0x130
 444 0155 12020000 		.4byte	0x212
 445 0159 13000000 		.4byte	.LLST1
 446 015d 0A       		.uleb128 0xa
 447 015e 703200   		.ascii	"p2\000"
ARM GAS  /tmp/ccv7PRvC.s 			page 9


 448 0161 01       		.byte	0x1
 449 0162 3001     		.2byte	0x130
 450 0164 12020000 		.4byte	0x212
 451 0168 00       		.byte	0
 452 0169 0C       		.uleb128 0xc
 453 016a 56000000 		.4byte	.LBB4
 454 016e 22000000 		.4byte	.LBE4-.LBB4
 455 0172 91010000 		.4byte	0x191
 456 0176 0D       		.uleb128 0xd
 457 0177 747000   		.ascii	"tp\000"
 458 017a 01       		.byte	0x1
 459 017b 3B01     		.2byte	0x13b
 460 017d 12020000 		.4byte	0x212
 461 0181 26000000 		.4byte	.LLST2
 462 0185 0A       		.uleb128 0xa
 463 0186 647000   		.ascii	"dp\000"
 464 0189 01       		.byte	0x1
 465 018a 3B01     		.2byte	0x13b
 466 018c 12020000 		.4byte	0x212
 467 0190 00       		.byte	0
 468 0191 0C       		.uleb128 0xc
 469 0192 78000000 		.4byte	.LBB5
 470 0196 1E000000 		.4byte	.LBE5-.LBB5
 471 019a B9010000 		.4byte	0x1b9
 472 019e 0D       		.uleb128 0xd
 473 019f 703100   		.ascii	"p1\000"
 474 01a2 01       		.byte	0x1
 475 01a3 4601     		.2byte	0x146
 476 01a5 12020000 		.4byte	0x212
 477 01a9 51000000 		.4byte	.LLST3
 478 01ad 0A       		.uleb128 0xa
 479 01ae 703200   		.ascii	"p2\000"
 480 01b1 01       		.byte	0x1
 481 01b2 4601     		.2byte	0x146
 482 01b4 12020000 		.4byte	0x212
 483 01b8 00       		.byte	0
 484 01b9 0E       		.uleb128 0xe
 485 01ba 00000000 		.4byte	.Ldebug_ranges0+0
 486 01be D3010000 		.4byte	0x1d3
 487 01c2 0D       		.uleb128 0xd
 488 01c3 66707000 		.ascii	"fpp\000"
 489 01c7 01       		.byte	0x1
 490 01c8 4F01     		.2byte	0x14f
 491 01ca A5000000 		.4byte	0xa5
 492 01ce 64000000 		.4byte	.LLST4
 493 01d2 00       		.byte	0
 494 01d3 0E       		.uleb128 0xe
 495 01d4 18000000 		.4byte	.Ldebug_ranges0+0x18
 496 01d8 ED010000 		.4byte	0x1ed
 497 01dc 0D       		.uleb128 0xd
 498 01dd 66707000 		.ascii	"fpp\000"
 499 01e1 01       		.byte	0x1
 500 01e2 5D01     		.2byte	0x15d
 501 01e4 A5000000 		.4byte	0xa5
 502 01e8 8F000000 		.4byte	.LLST5
 503 01ec 00       		.byte	0
 504 01ed 0F       		.uleb128 0xf
ARM GAS  /tmp/ccv7PRvC.s 			page 10


 505 01ee 56000000 		.4byte	.LVL9
 506 01f2 B6000000 		.4byte	0xb6
 507 01f6 0F       		.uleb128 0xf
 508 01f7 9E000000 		.4byte	.LVL17
 509 01fb C7000000 		.4byte	0xc7
 510 01ff 0F       		.uleb128 0xf
 511 0200 B4000000 		.4byte	.LVL22
 512 0204 A7020000 		.4byte	0x2a7
 513 0208 0F       		.uleb128 0xf
 514 0209 C6000000 		.4byte	.LVL27
 515 020d D8000000 		.4byte	0xd8
 516 0211 00       		.byte	0
 517 0212 05       		.uleb128 0x5
 518 0213 04       		.byte	0x4
 519 0214 88000000 		.4byte	0x88
 520 0218 10       		.uleb128 0x10
 521 0219 61020000 		.4byte	.LASF18
 522 021d 01       		.byte	0x1
 523 021e 8B       		.byte	0x8b
 524 021f 88000000 		.4byte	0x88
 525 0223 10       		.uleb128 0x10
 526 0224 D4020000 		.4byte	.LASF19
 527 0228 01       		.byte	0x1
 528 0229 93       		.byte	0x93
 529 022a 88000000 		.4byte	0x88
 530 022e 10       		.uleb128 0x10
 531 022f 00010000 		.4byte	.LASF20
 532 0233 01       		.byte	0x1
 533 0234 9A       		.byte	0x9a
 534 0235 88000000 		.4byte	0x88
 535 0239 10       		.uleb128 0x10
 536 023a AB020000 		.4byte	.LASF21
 537 023e 01       		.byte	0x1
 538 023f A1       		.byte	0xa1
 539 0240 88000000 		.4byte	0x88
 540 0244 10       		.uleb128 0x10
 541 0245 35020000 		.4byte	.LASF22
 542 0249 01       		.byte	0x1
 543 024a A7       		.byte	0xa7
 544 024b 88000000 		.4byte	0x88
 545 024f 10       		.uleb128 0x10
 546 0250 99020000 		.4byte	.LASF23
 547 0254 01       		.byte	0x1
 548 0255 AD       		.byte	0xad
 549 0256 88000000 		.4byte	0x88
 550 025a 10       		.uleb128 0x10
 551 025b 5A020000 		.4byte	.LASF24
 552 025f 01       		.byte	0x1
 553 0260 B3       		.byte	0xb3
 554 0261 88000000 		.4byte	0x88
 555 0265 10       		.uleb128 0x10
 556 0266 00000000 		.4byte	.LASF25
 557 026a 01       		.byte	0x1
 558 026b B9       		.byte	0xb9
 559 026c 88000000 		.4byte	0x88
 560 0270 10       		.uleb128 0x10
 561 0271 8D010000 		.4byte	.LASF26
ARM GAS  /tmp/ccv7PRvC.s 			page 11


 562 0275 01       		.byte	0x1
 563 0276 BF       		.byte	0xbf
 564 0277 88000000 		.4byte	0x88
 565 027b 10       		.uleb128 0x10
 566 027c C1020000 		.4byte	.LASF27
 567 0280 01       		.byte	0x1
 568 0281 C5       		.byte	0xc5
 569 0282 93000000 		.4byte	0x93
 570 0286 10       		.uleb128 0x10
 571 0287 96010000 		.4byte	.LASF28
 572 028b 01       		.byte	0x1
 573 028c CB       		.byte	0xcb
 574 028d 93000000 		.4byte	0x93
 575 0291 10       		.uleb128 0x10
 576 0292 7A010000 		.4byte	.LASF29
 577 0296 01       		.byte	0x1
 578 0297 D1       		.byte	0xd1
 579 0298 93000000 		.4byte	0x93
 580 029c 10       		.uleb128 0x10
 581 029d EF000000 		.4byte	.LASF30
 582 02a1 01       		.byte	0x1
 583 02a2 D7       		.byte	0xd7
 584 02a3 93000000 		.4byte	0x93
 585 02a7 11       		.uleb128 0x11
 586 02a8 04020000 		.4byte	.LASF34
 587 02ac 01       		.byte	0x1
 588 02ad DE       		.byte	0xde
 589 02ae 00       		.byte	0
 590              		.section	.debug_abbrev,"",%progbits
 591              	.Ldebug_abbrev0:
 592 0000 01       		.uleb128 0x1
 593 0001 11       		.uleb128 0x11
 594 0002 01       		.byte	0x1
 595 0003 25       		.uleb128 0x25
 596 0004 0E       		.uleb128 0xe
 597 0005 13       		.uleb128 0x13
 598 0006 0B       		.uleb128 0xb
 599 0007 03       		.uleb128 0x3
 600 0008 0E       		.uleb128 0xe
 601 0009 55       		.uleb128 0x55
 602 000a 17       		.uleb128 0x17
 603 000b 11       		.uleb128 0x11
 604 000c 01       		.uleb128 0x1
 605 000d 10       		.uleb128 0x10
 606 000e 17       		.uleb128 0x17
 607 000f 00       		.byte	0
 608 0010 00       		.byte	0
 609 0011 02       		.uleb128 0x2
 610 0012 24       		.uleb128 0x24
 611 0013 00       		.byte	0
 612 0014 0B       		.uleb128 0xb
 613 0015 0B       		.uleb128 0xb
 614 0016 3E       		.uleb128 0x3e
 615 0017 0B       		.uleb128 0xb
 616 0018 03       		.uleb128 0x3
 617 0019 0E       		.uleb128 0xe
 618 001a 00       		.byte	0
ARM GAS  /tmp/ccv7PRvC.s 			page 12


 619 001b 00       		.byte	0
 620 001c 03       		.uleb128 0x3
 621 001d 16       		.uleb128 0x16
 622 001e 00       		.byte	0
 623 001f 03       		.uleb128 0x3
 624 0020 0E       		.uleb128 0xe
 625 0021 3A       		.uleb128 0x3a
 626 0022 0B       		.uleb128 0xb
 627 0023 3B       		.uleb128 0x3b
 628 0024 0B       		.uleb128 0xb
 629 0025 49       		.uleb128 0x49
 630 0026 13       		.uleb128 0x13
 631 0027 00       		.byte	0
 632 0028 00       		.byte	0
 633 0029 04       		.uleb128 0x4
 634 002a 24       		.uleb128 0x24
 635 002b 00       		.byte	0
 636 002c 0B       		.uleb128 0xb
 637 002d 0B       		.uleb128 0xb
 638 002e 3E       		.uleb128 0x3e
 639 002f 0B       		.uleb128 0xb
 640 0030 03       		.uleb128 0x3
 641 0031 08       		.uleb128 0x8
 642 0032 00       		.byte	0
 643 0033 00       		.byte	0
 644 0034 05       		.uleb128 0x5
 645 0035 0F       		.uleb128 0xf
 646 0036 00       		.byte	0
 647 0037 0B       		.uleb128 0xb
 648 0038 0B       		.uleb128 0xb
 649 0039 49       		.uleb128 0x49
 650 003a 13       		.uleb128 0x13
 651 003b 00       		.byte	0
 652 003c 00       		.byte	0
 653 003d 06       		.uleb128 0x6
 654 003e 15       		.uleb128 0x15
 655 003f 00       		.byte	0
 656 0040 27       		.uleb128 0x27
 657 0041 19       		.uleb128 0x19
 658 0042 00       		.byte	0
 659 0043 00       		.byte	0
 660 0044 07       		.uleb128 0x7
 661 0045 2E       		.uleb128 0x2e
 662 0046 00       		.byte	0
 663 0047 3F       		.uleb128 0x3f
 664 0048 19       		.uleb128 0x19
 665 0049 03       		.uleb128 0x3
 666 004a 0E       		.uleb128 0xe
 667 004b 3A       		.uleb128 0x3a
 668 004c 0B       		.uleb128 0xb
 669 004d 3B       		.uleb128 0x3b
 670 004e 0B       		.uleb128 0xb
 671 004f 27       		.uleb128 0x27
 672 0050 19       		.uleb128 0x19
 673 0051 11       		.uleb128 0x11
 674 0052 01       		.uleb128 0x1
 675 0053 12       		.uleb128 0x12
ARM GAS  /tmp/ccv7PRvC.s 			page 13


 676 0054 06       		.uleb128 0x6
 677 0055 40       		.uleb128 0x40
 678 0056 18       		.uleb128 0x18
 679 0057 9742     		.uleb128 0x2117
 680 0059 19       		.uleb128 0x19
 681 005a 00       		.byte	0
 682 005b 00       		.byte	0
 683 005c 08       		.uleb128 0x8
 684 005d 2E       		.uleb128 0x2e
 685 005e 00       		.byte	0
 686 005f 3F       		.uleb128 0x3f
 687 0060 19       		.uleb128 0x19
 688 0061 03       		.uleb128 0x3
 689 0062 0E       		.uleb128 0xe
 690 0063 3A       		.uleb128 0x3a
 691 0064 0B       		.uleb128 0xb
 692 0065 3B       		.uleb128 0x3b
 693 0066 05       		.uleb128 0x5
 694 0067 27       		.uleb128 0x27
 695 0068 19       		.uleb128 0x19
 696 0069 11       		.uleb128 0x11
 697 006a 01       		.uleb128 0x1
 698 006b 12       		.uleb128 0x12
 699 006c 06       		.uleb128 0x6
 700 006d 40       		.uleb128 0x40
 701 006e 18       		.uleb128 0x18
 702 006f 9742     		.uleb128 0x2117
 703 0071 19       		.uleb128 0x19
 704 0072 00       		.byte	0
 705 0073 00       		.byte	0
 706 0074 09       		.uleb128 0x9
 707 0075 2E       		.uleb128 0x2e
 708 0076 01       		.byte	0x1
 709 0077 3F       		.uleb128 0x3f
 710 0078 19       		.uleb128 0x19
 711 0079 03       		.uleb128 0x3
 712 007a 0E       		.uleb128 0xe
 713 007b 3A       		.uleb128 0x3a
 714 007c 0B       		.uleb128 0xb
 715 007d 3B       		.uleb128 0x3b
 716 007e 05       		.uleb128 0x5
 717 007f 27       		.uleb128 0x27
 718 0080 19       		.uleb128 0x19
 719 0081 11       		.uleb128 0x11
 720 0082 01       		.uleb128 0x1
 721 0083 12       		.uleb128 0x12
 722 0084 06       		.uleb128 0x6
 723 0085 40       		.uleb128 0x40
 724 0086 18       		.uleb128 0x18
 725 0087 9642     		.uleb128 0x2116
 726 0089 19       		.uleb128 0x19
 727 008a 01       		.uleb128 0x1
 728 008b 13       		.uleb128 0x13
 729 008c 00       		.byte	0
 730 008d 00       		.byte	0
 731 008e 0A       		.uleb128 0xa
 732 008f 34       		.uleb128 0x34
ARM GAS  /tmp/ccv7PRvC.s 			page 14


 733 0090 00       		.byte	0
 734 0091 03       		.uleb128 0x3
 735 0092 08       		.uleb128 0x8
 736 0093 3A       		.uleb128 0x3a
 737 0094 0B       		.uleb128 0xb
 738 0095 3B       		.uleb128 0x3b
 739 0096 05       		.uleb128 0x5
 740 0097 49       		.uleb128 0x49
 741 0098 13       		.uleb128 0x13
 742 0099 00       		.byte	0
 743 009a 00       		.byte	0
 744 009b 0B       		.uleb128 0xb
 745 009c 34       		.uleb128 0x34
 746 009d 00       		.byte	0
 747 009e 03       		.uleb128 0x3
 748 009f 08       		.uleb128 0x8
 749 00a0 3A       		.uleb128 0x3a
 750 00a1 0B       		.uleb128 0xb
 751 00a2 3B       		.uleb128 0x3b
 752 00a3 05       		.uleb128 0x5
 753 00a4 49       		.uleb128 0x49
 754 00a5 13       		.uleb128 0x13
 755 00a6 1C       		.uleb128 0x1c
 756 00a7 0B       		.uleb128 0xb
 757 00a8 00       		.byte	0
 758 00a9 00       		.byte	0
 759 00aa 0C       		.uleb128 0xc
 760 00ab 0B       		.uleb128 0xb
 761 00ac 01       		.byte	0x1
 762 00ad 11       		.uleb128 0x11
 763 00ae 01       		.uleb128 0x1
 764 00af 12       		.uleb128 0x12
 765 00b0 06       		.uleb128 0x6
 766 00b1 01       		.uleb128 0x1
 767 00b2 13       		.uleb128 0x13
 768 00b3 00       		.byte	0
 769 00b4 00       		.byte	0
 770 00b5 0D       		.uleb128 0xd
 771 00b6 34       		.uleb128 0x34
 772 00b7 00       		.byte	0
 773 00b8 03       		.uleb128 0x3
 774 00b9 08       		.uleb128 0x8
 775 00ba 3A       		.uleb128 0x3a
 776 00bb 0B       		.uleb128 0xb
 777 00bc 3B       		.uleb128 0x3b
 778 00bd 05       		.uleb128 0x5
 779 00be 49       		.uleb128 0x49
 780 00bf 13       		.uleb128 0x13
 781 00c0 02       		.uleb128 0x2
 782 00c1 17       		.uleb128 0x17
 783 00c2 00       		.byte	0
 784 00c3 00       		.byte	0
 785 00c4 0E       		.uleb128 0xe
 786 00c5 0B       		.uleb128 0xb
 787 00c6 01       		.byte	0x1
 788 00c7 55       		.uleb128 0x55
 789 00c8 17       		.uleb128 0x17
ARM GAS  /tmp/ccv7PRvC.s 			page 15


 790 00c9 01       		.uleb128 0x1
 791 00ca 13       		.uleb128 0x13
 792 00cb 00       		.byte	0
 793 00cc 00       		.byte	0
 794 00cd 0F       		.uleb128 0xf
 795 00ce 898201   		.uleb128 0x4109
 796 00d1 00       		.byte	0
 797 00d2 11       		.uleb128 0x11
 798 00d3 01       		.uleb128 0x1
 799 00d4 31       		.uleb128 0x31
 800 00d5 13       		.uleb128 0x13
 801 00d6 00       		.byte	0
 802 00d7 00       		.byte	0
 803 00d8 10       		.uleb128 0x10
 804 00d9 34       		.uleb128 0x34
 805 00da 00       		.byte	0
 806 00db 03       		.uleb128 0x3
 807 00dc 0E       		.uleb128 0xe
 808 00dd 3A       		.uleb128 0x3a
 809 00de 0B       		.uleb128 0xb
 810 00df 3B       		.uleb128 0x3b
 811 00e0 0B       		.uleb128 0xb
 812 00e1 49       		.uleb128 0x49
 813 00e2 13       		.uleb128 0x13
 814 00e3 3F       		.uleb128 0x3f
 815 00e4 19       		.uleb128 0x19
 816 00e5 3C       		.uleb128 0x3c
 817 00e6 19       		.uleb128 0x19
 818 00e7 00       		.byte	0
 819 00e8 00       		.byte	0
 820 00e9 11       		.uleb128 0x11
 821 00ea 2E       		.uleb128 0x2e
 822 00eb 00       		.byte	0
 823 00ec 3F       		.uleb128 0x3f
 824 00ed 19       		.uleb128 0x19
 825 00ee 03       		.uleb128 0x3
 826 00ef 0E       		.uleb128 0xe
 827 00f0 3A       		.uleb128 0x3a
 828 00f1 0B       		.uleb128 0xb
 829 00f2 3B       		.uleb128 0x3b
 830 00f3 0B       		.uleb128 0xb
 831 00f4 27       		.uleb128 0x27
 832 00f5 19       		.uleb128 0x19
 833 00f6 3C       		.uleb128 0x3c
 834 00f7 19       		.uleb128 0x19
 835 00f8 00       		.byte	0
 836 00f9 00       		.byte	0
 837 00fa 00       		.byte	0
 838              		.section	.debug_loc,"",%progbits
 839              	.Ldebug_loc0:
 840              	.LLST0:
 841 0000 2A000000 		.4byte	.LVL3
 842 0004 32000000 		.4byte	.LVL5
 843 0008 0100     		.2byte	0x1
 844 000a 53       		.byte	0x53
 845 000b 00000000 		.4byte	0
 846 000f 00000000 		.4byte	0
ARM GAS  /tmp/ccv7PRvC.s 			page 16


 847              	.LLST1:
 848 0013 4A000000 		.4byte	.LVL6
 849 0017 52000000 		.4byte	.LVL8
 850 001b 0100     		.2byte	0x1
 851 001d 53       		.byte	0x53
 852 001e 00000000 		.4byte	0
 853 0022 00000000 		.4byte	0
 854              	.LLST2:
 855 0026 6C000000 		.4byte	.LVL10
 856 002a 70000000 		.4byte	.LVL11
 857 002e 0100     		.2byte	0x1
 858 0030 53       		.byte	0x53
 859 0031 70000000 		.4byte	.LVL11
 860 0035 74000000 		.4byte	.LVL12
 861 0039 0300     		.2byte	0x3
 862 003b 73       		.byte	0x73
 863 003c 7C       		.sleb128 -4
 864 003d 9F       		.byte	0x9f
 865 003e 74000000 		.4byte	.LVL12
 866 0042 78000000 		.4byte	.LVL13
 867 0046 0100     		.2byte	0x1
 868 0048 53       		.byte	0x53
 869 0049 00000000 		.4byte	0
 870 004d 00000000 		.4byte	0
 871              	.LLST3:
 872 0051 8E000000 		.4byte	.LVL14
 873 0055 96000000 		.4byte	.LVL16
 874 0059 0100     		.2byte	0x1
 875 005b 53       		.byte	0x53
 876 005c 00000000 		.4byte	0
 877 0060 00000000 		.4byte	0
 878              	.LLST4:
 879 0064 A2000000 		.4byte	.LVL18
 880 0068 A6000000 		.4byte	.LVL19
 881 006c 0100     		.2byte	0x1
 882 006e 54       		.byte	0x54
 883 006f A6000000 		.4byte	.LVL19
 884 0073 A8000000 		.4byte	.LVL20
 885 0077 0300     		.2byte	0x3
 886 0079 74       		.byte	0x74
 887 007a 7C       		.sleb128 -4
 888 007b 9F       		.byte	0x9f
 889 007c A8000000 		.4byte	.LVL20
 890 0080 AC000000 		.4byte	.LVL21
 891 0084 0100     		.2byte	0x1
 892 0086 54       		.byte	0x54
 893 0087 00000000 		.4byte	0
 894 008b 00000000 		.4byte	0
 895              	.LLST5:
 896 008f B8000000 		.4byte	.LVL23
 897 0093 BC000000 		.4byte	.LVL24
 898 0097 0100     		.2byte	0x1
 899 0099 54       		.byte	0x54
 900 009a BC000000 		.4byte	.LVL24
 901 009e BE000000 		.4byte	.LVL25
 902 00a2 0300     		.2byte	0x3
 903 00a4 74       		.byte	0x74
ARM GAS  /tmp/ccv7PRvC.s 			page 17


 904 00a5 7C       		.sleb128 -4
 905 00a6 9F       		.byte	0x9f
 906 00a7 BE000000 		.4byte	.LVL25
 907 00ab C2000000 		.4byte	.LVL26
 908 00af 0100     		.2byte	0x1
 909 00b1 54       		.byte	0x54
 910 00b2 00000000 		.4byte	0
 911 00b6 00000000 		.4byte	0
 912              		.section	.debug_aranges,"",%progbits
 913 0000 34000000 		.4byte	0x34
 914 0004 0200     		.2byte	0x2
 915 0006 00000000 		.4byte	.Ldebug_info0
 916 000a 04       		.byte	0x4
 917 000b 00       		.byte	0
 918 000c 0000     		.2byte	0
 919 000e 0000     		.2byte	0
 920 0010 00000000 		.4byte	.LFB0
 921 0014 02000000 		.4byte	.LFE0-.LFB0
 922 0018 00000000 		.4byte	.LFB1
 923 001c 02000000 		.4byte	.LFE1-.LFB1
 924 0020 00000000 		.4byte	.LFB2
 925 0024 02000000 		.4byte	.LFE2-.LFB2
 926 0028 00000000 		.4byte	.LFB3
 927 002c 00010000 		.4byte	.LFE3-.LFB3
 928 0030 00000000 		.4byte	0
 929 0034 00000000 		.4byte	0
 930              		.section	.debug_ranges,"",%progbits
 931              	.Ldebug_ranges0:
 932 0000 96000000 		.4byte	.LBB6
 933 0004 9A000000 		.4byte	.LBE6
 934 0008 9E000000 		.4byte	.LBB7
 935 000c AC000000 		.4byte	.LBE7
 936 0010 00000000 		.4byte	0
 937 0014 00000000 		.4byte	0
 938 0018 AC000000 		.4byte	.LBB8
 939 001c B0000000 		.4byte	.LBE8
 940 0020 B4000000 		.4byte	.LBB9
 941 0024 C2000000 		.4byte	.LBE9
 942 0028 00000000 		.4byte	0
 943 002c 00000000 		.4byte	0
 944 0030 00000000 		.4byte	.LFB0
 945 0034 02000000 		.4byte	.LFE0
 946 0038 00000000 		.4byte	.LFB1
 947 003c 02000000 		.4byte	.LFE1
 948 0040 00000000 		.4byte	.LFB2
 949 0044 02000000 		.4byte	.LFE2
 950 0048 00000000 		.4byte	.LFB3
 951 004c 00010000 		.4byte	.LFE3
 952 0050 00000000 		.4byte	0
 953 0054 00000000 		.4byte	0
 954              		.section	.debug_line,"",%progbits
 955              	.Ldebug_line0:
 956 0000 49010000 		.section	.debug_str,"MS",%progbits,1
 956      0200C600 
 956      00000201 
 956      FB0E0D00 
 956      01010101 
ARM GAS  /tmp/ccv7PRvC.s 			page 18


 957              	.LASF25:
 958 0000 5F627373 		.ascii	"_bss_start\000"
 958      5F737461 
 958      727400
 959              	.LASF5:
 960 000b 5F5F7569 		.ascii	"__uint8_t\000"
 960      6E74385F 
 960      7400
 961              	.LASF31:
 962 0015 474E5520 		.ascii	"GNU C 4.9.3 20141119 (release) [ARM/embedded-4_9-br"
 962      4320342E 
 962      392E3320 
 962      32303134 
 962      31313139 
 963 0048 616E6368 		.ascii	"anch revision 218278] -mcpu=cortex-m4 -mno-thumb-in"
 963      20726576 
 963      6973696F 
 963      6E203231 
 963      38323738 
 964 007b 74657277 		.ascii	"terwork -mthumb -ggdb -O2 -fomit-frame-pointer -fal"
 964      6F726B20 
 964      2D6D7468 
 964      756D6220 
 964      2D676764 
 965 00ae 69676E2D 		.ascii	"ign-functions=16 -ffunction-sections -fdata-section"
 965      66756E63 
 965      74696F6E 
 965      733D3136 
 965      202D6666 
 966 00e1 73202D66 		.ascii	"s -fno-common\000"
 966      6E6F2D63 
 966      6F6D6D6F 
 966      6E00
 967              	.LASF30:
 968 00ef 5F5F6669 		.ascii	"__fini_array_end\000"
 968      6E695F61 
 968      72726179 
 968      5F656E64 
 968      00
 969              	.LASF20:
 970 0100 5F5F7072 		.ascii	"__process_stack_base__\000"
 970      6F636573 
 970      735F7374 
 970      61636B5F 
 970      62617365 
 971              	.LASF14:
 972 0117 66756E63 		.ascii	"funcpp_t\000"
 972      70705F74 
 972      00
 973              	.LASF17:
 974 0120 5F646566 		.ascii	"_default_exit\000"
 974      61756C74 
 974      5F657869 
 974      7400
 975              	.LASF1:
 976 012e 756E7369 		.ascii	"unsigned char\000"
 976      676E6564 
ARM GAS  /tmp/ccv7PRvC.s 			page 19


 976      20636861 
 976      7200
 977              	.LASF16:
 978 013c 5F5F6C61 		.ascii	"__late_init\000"
 978      74655F69 
 978      6E697400 
 979              	.LASF7:
 980 0148 6C6F6E67 		.ascii	"long unsigned int\000"
 980      20756E73 
 980      69676E65 
 980      6420696E 
 980      7400
 981              	.LASF33:
 982 015a 52657365 		.ascii	"ResetHandler\000"
 982      7448616E 
 982      646C6572 
 982      00
 983              	.LASF3:
 984 0167 73686F72 		.ascii	"short unsigned int\000"
 984      7420756E 
 984      7369676E 
 984      65642069 
 984      6E7400
 985              	.LASF29:
 986 017a 5F5F6669 		.ascii	"__fini_array_start\000"
 986      6E695F61 
 986      72726179 
 986      5F737461 
 986      727400
 987              	.LASF26:
 988 018d 5F627373 		.ascii	"_bss_end\000"
 988      5F656E64 
 988      00
 989              	.LASF28:
 990 0196 5F5F696E 		.ascii	"__init_array_end\000"
 990      69745F61 
 990      72726179 
 990      5F656E64 
 990      00
 991              	.LASF6:
 992 01a7 5F5F7569 		.ascii	"__uint32_t\000"
 992      6E743332 
 992      5F7400
 993              	.LASF32:
 994 01b2 2F686F6D 		.ascii	"/home/austin/git/personal/school/motor_control/chib"
 994      652F6175 
 994      7374696E 
 994      2F676974 
 994      2F706572 
 995 01e5 696F732F 		.ascii	"ios/os/ports/GCC/ARMCMx/crt0.c\000"
 995      6F732F70 
 995      6F727473 
 995      2F474343 
 995      2F41524D 
 996              	.LASF34:
 997 0204 6D61696E 		.ascii	"main\000"
 997      00
ARM GAS  /tmp/ccv7PRvC.s 			page 20


 998              	.LASF10:
 999 0209 756E7369 		.ascii	"unsigned int\000"
 999      676E6564 
 999      20696E74 
 999      00
 1000              	.LASF9:
 1001 0216 6C6F6E67 		.ascii	"long long unsigned int\000"
 1001      206C6F6E 
 1001      6720756E 
 1001      7369676E 
 1001      65642069 
 1002              	.LASF11:
 1003 022d 75696E74 		.ascii	"uint8_t\000"
 1003      385F7400 
 1004              	.LASF22:
 1005 0235 5F746578 		.ascii	"_textdata\000"
 1005      74646174 
 1005      6100
 1006              	.LASF15:
 1007 023f 5F5F6561 		.ascii	"__early_init\000"
 1007      726C795F 
 1007      696E6974 
 1007      00
 1008              	.LASF8:
 1009 024c 6C6F6E67 		.ascii	"long long int\000"
 1009      206C6F6E 
 1009      6720696E 
 1009      7400
 1010              	.LASF24:
 1011 025a 5F656461 		.ascii	"_edata\000"
 1011      746100
 1012              	.LASF18:
 1013 0261 5F5F6D61 		.ascii	"__main_stack_base__\000"
 1013      696E5F73 
 1013      7461636B 
 1013      5F626173 
 1013      655F5F00 
 1014              	.LASF2:
 1015 0275 73686F72 		.ascii	"short int\000"
 1015      7420696E 
 1015      7400
 1016              	.LASF13:
 1017 027f 66756E63 		.ascii	"funcp_t\000"
 1017      705F7400 
 1018              	.LASF12:
 1019 0287 75696E74 		.ascii	"uint32_t\000"
 1019      33325F74 
 1019      00
 1020              	.LASF4:
 1021 0290 6C6F6E67 		.ascii	"long int\000"
 1021      20696E74 
 1021      00
 1022              	.LASF23:
 1023 0299 5F646174 		.ascii	"_data\000"
 1023      6100
 1024              	.LASF0:
 1025 029f 7369676E 		.ascii	"signed char\000"
ARM GAS  /tmp/ccv7PRvC.s 			page 21


 1025      65642063 
 1025      68617200 
 1026              	.LASF21:
 1027 02ab 5F5F7072 		.ascii	"__process_stack_end__\000"
 1027      6F636573 
 1027      735F7374 
 1027      61636B5F 
 1027      656E645F 
 1028              	.LASF27:
 1029 02c1 5F5F696E 		.ascii	"__init_array_start\000"
 1029      69745F61 
 1029      72726179 
 1029      5F737461 
 1029      727400
 1030              	.LASF19:
 1031 02d4 5F5F6D61 		.ascii	"__main_stack_end__\000"
 1031      696E5F73 
 1031      7461636B 
 1031      5F656E64 
 1031      5F5F00
 1032              		.ident	"GCC: (GNU Tools for ARM Embedded Processors) 4.9.3 20141119 (release) [ARM/embedded-4_9-br
ARM GAS  /tmp/ccv7PRvC.s 			page 22


DEFINED SYMBOLS
                            *ABS*:0000000000000000 crt0.c
     /tmp/ccv7PRvC.s:19     .text.__early_init:0000000000000000 $t
     /tmp/ccv7PRvC.s:25     .text.__early_init:0000000000000000 __early_init
     /tmp/ccv7PRvC.s:38     .text.__late_init:0000000000000000 $t
     /tmp/ccv7PRvC.s:44     .text.__late_init:0000000000000000 __late_init
     /tmp/ccv7PRvC.s:56     .text._default_exit:0000000000000000 $t
     /tmp/ccv7PRvC.s:62     .text._default_exit:0000000000000000 _default_exit
     /tmp/ccv7PRvC.s:76     .text.ResetHandler:0000000000000000 $t
     /tmp/ccv7PRvC.s:82     .text.ResetHandler:0000000000000000 ResetHandler
     /tmp/ccv7PRvC.s:265    .text.ResetHandler:00000000000000c8 $d
                     .debug_frame:0000000000000010 $d

UNDEFINED SYMBOLS
main
__process_stack_end__
__main_stack_base__
__main_stack_end__
__process_stack_base__
_data
_edata
_textdata
_bss_start
_bss_end
__init_array_end
__init_array_start
__fini_array_end
__fini_array_start
