ARM GAS  /tmp/ccrILBpE.s 			page 1


   1              		.syntax unified
   2              		.cpu cortex-m4
   3              		.fpu softvfp
   4              		.eabi_attribute 20, 1
   5              		.eabi_attribute 21, 1
   6              		.eabi_attribute 23, 3
   7              		.eabi_attribute 24, 1
   8              		.eabi_attribute 25, 1
   9              		.eabi_attribute 26, 1
  10              		.eabi_attribute 30, 2
  11              		.eabi_attribute 34, 1
  12              		.eabi_attribute 18, 4
  13              		.thumb
  14              		.file	"hal_lld.c"
  15              		.text
  16              	.Ltext0:
  17              		.cfi_sections	.debug_frame
  18              		.section	.text.hal_lld_init,"ax",%progbits
  19              		.align	2
  20              		.p2align 4,,15
  21              		.global	hal_lld_init
  22              		.thumb
  23              		.thumb_func
  24              		.type	hal_lld_init, %function
  25              	hal_lld_init:
  26              	.LFB119:
  27              		.file 1 "/home/austin/git/personal/school/motor_control/chibios/os/hal/platforms/STM32F30x/hal_lld
  28              		.loc 1 100 0
  29              		.cfi_startproc
  30              		@ args = 0, pretend = 0, frame = 0
  31              		@ frame_needed = 0, uses_anonymous_args = 0
  32              		.loc 1 103 0
  33 0000 254B     		ldr	r3, .L9
  34              		.loc 1 108 0
  35 0002 2649     		ldr	r1, .L9+4
  36              		.loc 1 103 0
  37 0004 9A6A     		ldr	r2, [r3, #40]
  38 0006 4FF0FF30 		mov	r0, #-1
  39 000a 0022     		movs	r2, #0
  40              		.loc 1 100 0
  41 000c F0B5     		push	{r4, r5, r6, r7, lr}
  42              		.cfi_def_cfa_offset 20
  43              		.cfi_offset 4, -20
  44              		.cfi_offset 5, -16
  45              		.cfi_offset 6, -12
  46              		.cfi_offset 7, -8
  47              		.cfi_offset 14, -4
  48              		.loc 1 103 0
  49 000e 9862     		str	r0, [r3, #40]
  50 0010 9A62     		str	r2, [r3, #40]
  51              		.loc 1 104 0
  52 0012 1F69     		ldr	r7, [r3, #16]
  53              		.loc 1 115 0
  54 0014 224E     		ldr	r6, .L9+8
  55              		.loc 1 104 0
  56 0016 1861     		str	r0, [r3, #16]
  57              		.loc 1 108 0
ARM GAS  /tmp/ccrILBpE.s 			page 2


  58 0018 DFF894E0 		ldr	lr, .L9+24
  59              		.loc 1 104 0
  60 001c 1A61     		str	r2, [r3, #16]
  61              		.loc 1 110 0
  62 001e 0727     		movs	r7, #7
  63              		.loc 1 105 0
  64 0020 D3F80CC0 		ldr	ip, [r3, #12]
  65 0024 D860     		str	r0, [r3, #12]
  66 0026 DA60     		str	r2, [r3, #12]
  67              		.loc 1 108 0
  68 0028 C1F804E0 		str	lr, [r1, #4]
  69              		.loc 1 109 0
  70 002c 8A60     		str	r2, [r1, #8]
  71              		.loc 1 110 0
  72 002e 0F60     		str	r7, [r1]
  73              		.loc 1 115 0
  74 0030 F168     		ldr	r1, [r6, #12]
  75              		.loc 1 116 0
  76 0032 1C4D     		ldr	r5, .L9+12
  77              	.LBB4:
  78              	.LBB5:
  79              		.loc 1 52 0
  80 0034 1C4C     		ldr	r4, .L9+16
  81              	.LBE5:
  82              	.LBE4:
  83              		.loc 1 115 0
  84 0036 41F08071 		orr	r1, r1, #16777216
  85 003a F160     		str	r1, [r6, #12]
  86              		.loc 1 116 0
  87 003c 2968     		ldr	r1, [r5]
  88 003e 41F00101 		orr	r1, r1, #1
  89 0042 2960     		str	r1, [r5]
  90              		.loc 1 119 0
  91 0044 D969     		ldr	r1, [r3, #28]
  92 0046 41F08051 		orr	r1, r1, #268435456
  93 004a D961     		str	r1, [r3, #28]
  94              	.LBB7:
  95              	.LBB6:
  96              		.loc 1 52 0
  97 004c 2168     		ldr	r1, [r4]
  98 004e 41F48071 		orr	r1, r1, #256
  99 0052 2160     		str	r1, [r4]
 100              		.loc 1 55 0
 101 0054 196A     		ldr	r1, [r3, #32]
 102 0056 01F44071 		and	r1, r1, #768
 103 005a B1F5007F 		cmp	r1, #512
 104 005e 03D0     		beq	.L2
 105              		.loc 1 57 0
 106 0060 4FF48031 		mov	r1, #65536
 107 0064 1962     		str	r1, [r3, #32]
 108              		.loc 1 58 0
 109 0066 1A62     		str	r2, [r3, #32]
 110              	.L2:
 111              		.loc 1 77 0
 112 0068 0B4B     		ldr	r3, .L9
 113 006a 1A6A     		ldr	r2, [r3, #32]
 114 006c 1204     		lsls	r2, r2, #16
ARM GAS  /tmp/ccrILBpE.s 			page 3


 115 006e 07D4     		bmi	.L3
 116              		.loc 1 79 0
 117 0070 1A6A     		ldr	r2, [r3, #32]
 118 0072 42F40072 		orr	r2, r2, #512
 119 0076 1A62     		str	r2, [r3, #32]
 120              		.loc 1 82 0
 121 0078 1A6A     		ldr	r2, [r3, #32]
 122 007a 42F40042 		orr	r2, r2, #32768
 123 007e 1A62     		str	r2, [r3, #32]
 124              	.L3:
 125              	.LBE6:
 126              	.LBE7:
 127              		.loc 1 135 0
 128 0080 0549     		ldr	r1, .L9
 129              		.loc 1 138 0
 130 0082 0A4A     		ldr	r2, .L9+20
 131              		.loc 1 135 0
 132 0084 8B69     		ldr	r3, [r1, #24]
 133 0086 43F00103 		orr	r3, r3, #1
 134 008a 8B61     		str	r3, [r1, #24]
 135              		.loc 1 138 0
 136 008c 1368     		ldr	r3, [r2]
 137 008e 43F02003 		orr	r3, r3, #32
 138 0092 1360     		str	r3, [r2]
 139 0094 F0BD     		pop	{r4, r5, r6, r7, pc}
 140              	.L10:
 141 0096 00BF     		.align	2
 142              	.L9:
 143 0098 00100240 		.word	1073876992
 144 009c 10E000E0 		.word	-536813552
 145 00a0 F0ED00E0 		.word	-536810000
 146 00a4 001000E0 		.word	-536866816
 147 00a8 00700040 		.word	1073770496
 148 00ac 00000140 		.word	1073807360
 149 00b0 3F190100 		.word	71999
 150              		.cfi_endproc
 151              	.LFE119:
 152              		.size	hal_lld_init, .-hal_lld_init
 153 00b4 AFF30080 		.section	.text.stm32_clock_init,"ax",%progbits
 153      AFF30080 
 153      AFF30080 
 154              		.align	2
 155              		.p2align 4,,15
 156              		.global	stm32_clock_init
 157              		.thumb
 158              		.thumb_func
 159              		.type	stm32_clock_init, %function
 160              	stm32_clock_init:
 161              	.LFB120:
 162              		.loc 1 148 0
 163              		.cfi_startproc
 164              		@ args = 0, pretend = 0, frame = 0
 165              		@ frame_needed = 0, uses_anonymous_args = 0
 166              		@ link register save eliminated.
 167              		.loc 1 153 0
 168 0000 224A     		ldr	r2, .L28
 169 0002 1368     		ldr	r3, [r2]
ARM GAS  /tmp/ccrILBpE.s 			page 4


 170 0004 43F00103 		orr	r3, r3, #1
 171 0008 1360     		str	r3, [r2]
 172              	.L12:
 173              		.loc 1 154 0 discriminator 1
 174 000a 1368     		ldr	r3, [r2]
 175 000c 1F49     		ldr	r1, .L28
 176 000e 9807     		lsls	r0, r3, #30
 177 0010 FBD5     		bpl	.L12
 178              		.loc 1 156 0
 179 0012 0B68     		ldr	r3, [r1]
 180              		.loc 1 157 0
 181 0014 0022     		movs	r2, #0
 182              		.loc 1 156 0
 183 0016 03F0F903 		and	r3, r3, #249
 184 001a 0B60     		str	r3, [r1]
 185              		.loc 1 158 0
 186 001c 0846     		mov	r0, r1
 187              		.loc 1 157 0
 188 001e 4A60     		str	r2, [r1, #4]
 189              	.L13:
 190              		.loc 1 158 0 discriminator 1
 191 0020 4268     		ldr	r2, [r0, #4]
 192 0022 1A4B     		ldr	r3, .L28
 193 0024 12F00C0F 		tst	r2, #12
 194 0028 FAD1     		bne	.L13
 195              		.loc 1 165 0
 196 002a 1A68     		ldr	r2, [r3]
 197 002c 42F4A022 		orr	r2, r2, #327680
 198 0030 1A60     		str	r2, [r3]
 199              		.loc 1 170 0
 200 0032 1A46     		mov	r2, r3
 201              	.L14:
 202              		.loc 1 170 0 is_stmt 0 discriminator 1
 203 0034 1168     		ldr	r1, [r2]
 204 0036 154B     		ldr	r3, .L28
 205 0038 8903     		lsls	r1, r1, #14
 206 003a FBD5     		bpl	.L14
 207              		.loc 1 176 0 is_stmt 1
 208 003c 5A6A     		ldr	r2, [r3, #36]
 209 003e 42F00102 		orr	r2, r2, #1
 210 0042 5A62     		str	r2, [r3, #36]
 211              		.loc 1 177 0
 212 0044 1A46     		mov	r2, r3
 213              	.L15:
 214              		.loc 1 177 0 is_stmt 0 discriminator 1
 215 0046 516A     		ldr	r1, [r2, #36]
 216 0048 104B     		ldr	r3, .L28
 217 004a 8807     		lsls	r0, r1, #30
 218 004c FBD5     		bpl	.L15
 219              		.loc 1 182 0 is_stmt 1
 220 004e 104A     		ldr	r2, .L28+4
 221 0050 5A60     		str	r2, [r3, #4]
 222              		.loc 1 185 0
 223 0052 4FF40451 		mov	r1, #8448
 224              		.loc 1 186 0
 225 0056 3022     		movs	r2, #48
 226              		.loc 1 185 0
ARM GAS  /tmp/ccrILBpE.s 			page 5


 227 0058 D962     		str	r1, [r3, #44]
 228              		.loc 1 186 0
 229 005a 1A63     		str	r2, [r3, #48]
 230              		.loc 1 192 0
 231 005c 1A68     		ldr	r2, [r3]
 232 005e 42F08072 		orr	r2, r2, #16777216
 233 0062 1A60     		str	r2, [r3]
 234              	.L16:
 235              		.loc 1 193 0 discriminator 1
 236 0064 1968     		ldr	r1, [r3]
 237 0066 094A     		ldr	r2, .L28
 238 0068 8901     		lsls	r1, r1, #6
 239 006a FBD5     		bpl	.L16
 240              		.loc 1 198 0
 241 006c 094B     		ldr	r3, .L28+8
 242 006e 1221     		movs	r1, #18
 243 0070 1960     		str	r1, [r3]
 244              		.loc 1 203 0
 245 0072 5368     		ldr	r3, [r2, #4]
 246 0074 43F00203 		orr	r3, r3, #2
 247 0078 5360     		str	r3, [r2, #4]
 248              	.L17:
 249              		.loc 1 204 0 discriminator 1
 250 007a 5368     		ldr	r3, [r2, #4]
 251 007c 0349     		ldr	r1, .L28
 252 007e 03F00C03 		and	r3, r3, #12
 253 0082 082B     		cmp	r3, #8
 254 0084 F9D1     		bne	.L17
 255              		.loc 1 210 0
 256 0086 0B6B     		ldr	r3, [r1, #48]
 257 0088 0B63     		str	r3, [r1, #48]
 258 008a 7047     		bx	lr
 259              	.L29:
 260              		.align	2
 261              	.L28:
 262 008c 00100240 		.word	1073876992
 263 0090 00241D00 		.word	1909760
 264 0094 00200240 		.word	1073881088
 265              		.cfi_endproc
 266              	.LFE120:
 267              		.size	stm32_clock_init, .-stm32_clock_init
 268 0098 AFF30080 		.text
 268      AFF30080 
 269              	.Letext0:
 270              		.file 2 "/usr/arm-none-eabi/include/machine/_default_types.h"
 271              		.file 3 "/usr/arm-none-eabi/include/stdint.h"
 272              		.file 4 "/home/austin/git/personal/school/motor_control/chibios/os/ports/common/ARMCMx/nvic.h"
 273              		.file 5 "/home/austin/git/personal/school/motor_control/chibios/os/ports/common/ARMCMx/CMSIS/inclu
 274              		.file 6 "/home/austin/git/personal/school/motor_control/chibios/os/hal/platforms/STM32F30x/stm32f3
 275              		.section	.debug_info,"",%progbits
 276              	.Ldebug_info0:
 277 0000 FF030000 		.4byte	0x3ff
 278 0004 0400     		.2byte	0x4
 279 0006 00000000 		.4byte	.Ldebug_abbrev0
 280 000a 04       		.byte	0x4
 281 000b 01       		.uleb128 0x1
 282 000c 28000000 		.4byte	.LASF56
ARM GAS  /tmp/ccrILBpE.s 			page 6


 283 0010 01       		.byte	0x1
 284 0011 F1020000 		.4byte	.LASF57
 285 0015 18000000 		.4byte	.Ldebug_ranges0+0x18
 286 0019 00000000 		.4byte	0
 287 001d 00000000 		.4byte	.Ldebug_line0
 288 0021 02       		.uleb128 0x2
 289 0022 04       		.byte	0x4
 290 0023 05       		.byte	0x5
 291 0024 696E7400 		.ascii	"int\000"
 292 0028 03       		.uleb128 0x3
 293 0029 04       		.byte	0x4
 294 002a 07       		.byte	0x7
 295 002b 3C020000 		.4byte	.LASF0
 296 002f 03       		.uleb128 0x3
 297 0030 01       		.byte	0x1
 298 0031 06       		.byte	0x6
 299 0032 10020000 		.4byte	.LASF1
 300 0036 03       		.uleb128 0x3
 301 0037 01       		.byte	0x1
 302 0038 08       		.byte	0x8
 303 0039 FA010000 		.4byte	.LASF2
 304 003d 03       		.uleb128 0x3
 305 003e 02       		.byte	0x2
 306 003f 05       		.byte	0x5
 307 0040 1E000000 		.4byte	.LASF3
 308 0044 04       		.uleb128 0x4
 309 0045 34010000 		.4byte	.LASF5
 310 0049 02       		.byte	0x2
 311 004a 2B       		.byte	0x2b
 312 004b 4F000000 		.4byte	0x4f
 313 004f 03       		.uleb128 0x3
 314 0050 02       		.byte	0x2
 315 0051 07       		.byte	0x7
 316 0052 69020000 		.4byte	.LASF4
 317 0056 04       		.uleb128 0x4
 318 0057 DB020000 		.4byte	.LASF6
 319 005b 02       		.byte	0x2
 320 005c 3F       		.byte	0x3f
 321 005d 61000000 		.4byte	0x61
 322 0061 03       		.uleb128 0x3
 323 0062 04       		.byte	0x4
 324 0063 05       		.byte	0x5
 325 0064 C3010000 		.4byte	.LASF7
 326 0068 04       		.uleb128 0x4
 327 0069 29010000 		.4byte	.LASF8
 328 006d 02       		.byte	0x2
 329 006e 41       		.byte	0x41
 330 006f 73000000 		.4byte	0x73
 331 0073 03       		.uleb128 0x3
 332 0074 04       		.byte	0x4
 333 0075 07       		.byte	0x7
 334 0076 AF020000 		.4byte	.LASF9
 335 007a 03       		.uleb128 0x3
 336 007b 08       		.byte	0x8
 337 007c 05       		.byte	0x5
 338 007d A2010000 		.4byte	.LASF10
 339 0081 03       		.uleb128 0x3
ARM GAS  /tmp/ccrILBpE.s 			page 7


 340 0082 08       		.byte	0x8
 341 0083 07       		.byte	0x7
 342 0084 1C020000 		.4byte	.LASF11
 343 0088 04       		.uleb128 0x4
 344 0089 81020000 		.4byte	.LASF12
 345 008d 03       		.byte	0x3
 346 008e 21       		.byte	0x21
 347 008f 44000000 		.4byte	0x44
 348 0093 04       		.uleb128 0x4
 349 0094 92020000 		.4byte	.LASF13
 350 0098 03       		.byte	0x3
 351 0099 2C       		.byte	0x2c
 352 009a 56000000 		.4byte	0x56
 353 009e 04       		.uleb128 0x4
 354 009f 33020000 		.4byte	.LASF14
 355 00a3 03       		.byte	0x3
 356 00a4 2D       		.byte	0x2d
 357 00a5 68000000 		.4byte	0x68
 358 00a9 03       		.uleb128 0x3
 359 00aa 01       		.byte	0x1
 360 00ab 02       		.byte	0x2
 361 00ac 9A020000 		.4byte	.LASF15
 362 00b0 04       		.uleb128 0x4
 363 00b1 8A010000 		.4byte	.LASF16
 364 00b5 04       		.byte	0x4
 365 00b6 3A       		.byte	0x3a
 366 00b7 BB000000 		.4byte	0xbb
 367 00bb 05       		.uleb128 0x5
 368 00bc 9E000000 		.4byte	0x9e
 369 00c0 03       		.uleb128 0x3
 370 00c1 04       		.byte	0x4
 371 00c2 07       		.byte	0x7
 372 00c3 02010000 		.4byte	.LASF17
 373 00c7 06       		.uleb128 0x6
 374 00c8 10       		.byte	0x10
 375 00c9 04       		.byte	0x4
 376 00ca F1       		.byte	0xf1
 377 00cb 00010000 		.4byte	0x100
 378 00cf 07       		.uleb128 0x7
 379 00d0 BD010000 		.4byte	.LASF18
 380 00d4 04       		.byte	0x4
 381 00d5 F2       		.byte	0xf2
 382 00d6 B0000000 		.4byte	0xb0
 383 00da 00       		.byte	0
 384 00db 07       		.uleb128 0x7
 385 00dc 63010000 		.4byte	.LASF19
 386 00e0 04       		.byte	0x4
 387 00e1 F3       		.byte	0xf3
 388 00e2 B0000000 		.4byte	0xb0
 389 00e6 04       		.byte	0x4
 390 00e7 07       		.uleb128 0x7
 391 00e8 84010000 		.4byte	.LASF20
 392 00ec 04       		.byte	0x4
 393 00ed F4       		.byte	0xf4
 394 00ee B0000000 		.4byte	0xb0
 395 00f2 08       		.byte	0x8
 396 00f3 07       		.uleb128 0x7
ARM GAS  /tmp/ccrILBpE.s 			page 8


 397 00f4 18000000 		.4byte	.LASF21
 398 00f8 04       		.byte	0x4
 399 00f9 F5       		.byte	0xf5
 400 00fa B0000000 		.4byte	0xb0
 401 00fe 0C       		.byte	0xc
 402 00ff 00       		.byte	0
 403 0100 04       		.uleb128 0x4
 404 0101 8A020000 		.4byte	.LASF22
 405 0105 04       		.byte	0x4
 406 0106 F6       		.byte	0xf6
 407 0107 C7000000 		.4byte	0xc7
 408 010b 08       		.uleb128 0x8
 409 010c 20       		.byte	0x20
 410 010d 04       		.byte	0x4
 411 010e 0601     		.2byte	0x106
 412 0110 7D010000 		.4byte	0x17d
 413 0114 09       		.uleb128 0x9
 414 0115 45010000 		.4byte	.LASF23
 415 0119 04       		.byte	0x4
 416 011a 0701     		.2byte	0x107
 417 011c B0000000 		.4byte	0xb0
 418 0120 00       		.byte	0
 419 0121 09       		.uleb128 0x9
 420 0122 B0010000 		.4byte	.LASF24
 421 0126 04       		.byte	0x4
 422 0127 0801     		.2byte	0x108
 423 0129 B0000000 		.4byte	0xb0
 424 012d 04       		.byte	0x4
 425 012e 09       		.uleb128 0x9
 426 012f A8020000 		.4byte	.LASF25
 427 0133 04       		.byte	0x4
 428 0134 0901     		.2byte	0x109
 429 0136 B0000000 		.4byte	0xb0
 430 013a 08       		.byte	0x8
 431 013b 09       		.uleb128 0x9
 432 013c F3010000 		.4byte	.LASF26
 433 0140 04       		.byte	0x4
 434 0141 0A01     		.2byte	0x10a
 435 0143 B0000000 		.4byte	0xb0
 436 0147 0C       		.byte	0xc
 437 0148 09       		.uleb128 0x9
 438 0149 C1020000 		.4byte	.LASF27
 439 014d 04       		.byte	0x4
 440 014e 0B01     		.2byte	0x10b
 441 0150 B0000000 		.4byte	0xb0
 442 0154 10       		.byte	0x10
 443 0155 09       		.uleb128 0x9
 444 0156 E5020000 		.4byte	.LASF28
 445 015a 04       		.byte	0x4
 446 015b 0C01     		.2byte	0x10c
 447 015d B0000000 		.4byte	0xb0
 448 0161 14       		.byte	0x14
 449 0162 09       		.uleb128 0x9
 450 0163 15010000 		.4byte	.LASF29
 451 0167 04       		.byte	0x4
 452 0168 0D01     		.2byte	0x10d
 453 016a B0000000 		.4byte	0xb0
ARM GAS  /tmp/ccrILBpE.s 			page 9


 454 016e 18       		.byte	0x18
 455 016f 09       		.uleb128 0x9
 456 0170 10010000 		.4byte	.LASF30
 457 0174 04       		.byte	0x4
 458 0175 0E01     		.2byte	0x10e
 459 0177 B0000000 		.4byte	0xb0
 460 017b 1C       		.byte	0x1c
 461 017c 00       		.byte	0
 462 017d 0A       		.uleb128 0xa
 463 017e A0020000 		.4byte	.LASF31
 464 0182 04       		.byte	0x4
 465 0183 0F01     		.2byte	0x10f
 466 0185 0B010000 		.4byte	0x10b
 467 0189 03       		.uleb128 0x3
 468 018a 01       		.byte	0x1
 469 018b 08       		.byte	0x8
 470 018c 7C020000 		.4byte	.LASF32
 471 0190 0B       		.uleb128 0xb
 472 0191 BB000000 		.4byte	0xbb
 473 0195 0C       		.uleb128 0xc
 474 0196 9E000000 		.4byte	0x9e
 475 019a A5010000 		.4byte	0x1a5
 476 019e 0D       		.uleb128 0xd
 477 019f C0000000 		.4byte	0xc0
 478 01a3 03       		.byte	0x3
 479 01a4 00       		.byte	0
 480 01a5 08       		.uleb128 0x8
 481 01a6 10       		.byte	0x10
 482 01a7 05       		.byte	0x5
 483 01a8 6002     		.2byte	0x260
 484 01aa E3010000 		.4byte	0x1e3
 485 01ae 09       		.uleb128 0x9
 486 01af 45010000 		.4byte	.LASF23
 487 01b3 05       		.byte	0x5
 488 01b4 6202     		.2byte	0x262
 489 01b6 BB000000 		.4byte	0xbb
 490 01ba 00       		.byte	0
 491 01bb 09       		.uleb128 0x9
 492 01bc EC020000 		.4byte	.LASF33
 493 01c0 05       		.byte	0x5
 494 01c1 6302     		.2byte	0x263
 495 01c3 BB000000 		.4byte	0xbb
 496 01c7 04       		.byte	0x4
 497 01c8 0E       		.uleb128 0xe
 498 01c9 56414C00 		.ascii	"VAL\000"
 499 01cd 05       		.byte	0x5
 500 01ce 6402     		.2byte	0x264
 501 01d0 BB000000 		.4byte	0xbb
 502 01d4 08       		.byte	0x8
 503 01d5 09       		.uleb128 0x9
 504 01d6 B7010000 		.4byte	.LASF34
 505 01da 05       		.byte	0x5
 506 01db 6502     		.2byte	0x265
 507 01dd 90010000 		.4byte	0x190
 508 01e1 0C       		.byte	0xc
 509 01e2 00       		.byte	0
 510 01e3 0A       		.uleb128 0xa
ARM GAS  /tmp/ccrILBpE.s 			page 10


 511 01e4 5C020000 		.4byte	.LASF35
 512 01e8 05       		.byte	0x5
 513 01e9 6602     		.2byte	0x266
 514 01eb A5010000 		.4byte	0x1a5
 515 01ef 05       		.uleb128 0x5
 516 01f0 93000000 		.4byte	0x93
 517 01f4 08       		.uleb128 0x8
 518 01f5 24       		.byte	0x24
 519 01f6 06       		.byte	0x6
 520 01f7 0D02     		.2byte	0x20d
 521 01f9 70020000 		.4byte	0x270
 522 01fd 0E       		.uleb128 0xe
 523 01fe 41435200 		.ascii	"ACR\000"
 524 0202 06       		.byte	0x6
 525 0203 0F02     		.2byte	0x20f
 526 0205 BB000000 		.4byte	0xbb
 527 0209 00       		.byte	0
 528 020a 09       		.uleb128 0x9
 529 020b 4A010000 		.4byte	.LASF36
 530 020f 06       		.byte	0x6
 531 0210 1002     		.2byte	0x210
 532 0212 BB000000 		.4byte	0xbb
 533 0216 04       		.byte	0x4
 534 0217 09       		.uleb128 0x9
 535 0218 92010000 		.4byte	.LASF37
 536 021c 06       		.byte	0x6
 537 021d 1102     		.2byte	0x211
 538 021f BB000000 		.4byte	0xbb
 539 0223 08       		.byte	0x8
 540 0224 0E       		.uleb128 0xe
 541 0225 535200   		.ascii	"SR\000"
 542 0228 06       		.byte	0x6
 543 0229 1202     		.2byte	0x212
 544 022b BB000000 		.4byte	0xbb
 545 022f 0C       		.byte	0xc
 546 0230 0E       		.uleb128 0xe
 547 0231 435200   		.ascii	"CR\000"
 548 0234 06       		.byte	0x6
 549 0235 1302     		.2byte	0x213
 550 0237 BB000000 		.4byte	0xbb
 551 023b 10       		.byte	0x10
 552 023c 0E       		.uleb128 0xe
 553 023d 415200   		.ascii	"AR\000"
 554 0240 06       		.byte	0x6
 555 0241 1402     		.2byte	0x214
 556 0243 BB000000 		.4byte	0xbb
 557 0247 14       		.byte	0x14
 558 0248 09       		.uleb128 0x9
 559 0249 4D030000 		.4byte	.LASF38
 560 024d 06       		.byte	0x6
 561 024e 1502     		.2byte	0x215
 562 0250 9E000000 		.4byte	0x9e
 563 0254 18       		.byte	0x18
 564 0255 0E       		.uleb128 0xe
 565 0256 4F425200 		.ascii	"OBR\000"
 566 025a 06       		.byte	0x6
 567 025b 1602     		.2byte	0x216
ARM GAS  /tmp/ccrILBpE.s 			page 11


 568 025d BB000000 		.4byte	0xbb
 569 0261 1C       		.byte	0x1c
 570 0262 09       		.uleb128 0x9
 571 0263 EE010000 		.4byte	.LASF39
 572 0267 06       		.byte	0x6
 573 0268 1702     		.2byte	0x217
 574 026a BB000000 		.4byte	0xbb
 575 026e 20       		.byte	0x20
 576 026f 00       		.byte	0
 577 0270 0A       		.uleb128 0xa
 578 0271 56030000 		.4byte	.LASF40
 579 0275 06       		.byte	0x6
 580 0276 1902     		.2byte	0x219
 581 0278 F4010000 		.4byte	0x1f4
 582 027c 08       		.uleb128 0x8
 583 027d 1C       		.byte	0x1c
 584 027e 06       		.byte	0x6
 585 027f 5002     		.2byte	0x250
 586 0281 BA020000 		.4byte	0x2ba
 587 0285 09       		.uleb128 0x9
 588 0286 3F010000 		.4byte	.LASF41
 589 028a 06       		.byte	0x6
 590 028b 5202     		.2byte	0x252
 591 028d BB000000 		.4byte	0xbb
 592 0291 00       		.byte	0
 593 0292 0E       		.uleb128 0xe
 594 0293 52435200 		.ascii	"RCR\000"
 595 0297 06       		.byte	0x6
 596 0298 5302     		.2byte	0x253
 597 029a BB000000 		.4byte	0xbb
 598 029e 04       		.byte	0x4
 599 029f 09       		.uleb128 0x9
 600 02a0 54010000 		.4byte	.LASF42
 601 02a4 06       		.byte	0x6
 602 02a5 5402     		.2byte	0x254
 603 02a7 BA020000 		.4byte	0x2ba
 604 02ab 08       		.byte	0x8
 605 02ac 09       		.uleb128 0x9
 606 02ad CC010000 		.4byte	.LASF43
 607 02b1 06       		.byte	0x6
 608 02b2 5502     		.2byte	0x255
 609 02b4 BB000000 		.4byte	0xbb
 610 02b8 18       		.byte	0x18
 611 02b9 00       		.byte	0
 612 02ba 05       		.uleb128 0x5
 613 02bb 95010000 		.4byte	0x195
 614 02bf 0A       		.uleb128 0xa
 615 02c0 00000000 		.4byte	.LASF44
 616 02c4 06       		.byte	0x6
 617 02c5 5602     		.2byte	0x256
 618 02c7 7C020000 		.4byte	0x27c
 619 02cb 08       		.uleb128 0x8
 620 02cc 08       		.byte	0x8
 621 02cd 06       		.byte	0x6
 622 02ce 7C02     		.2byte	0x27c
 623 02d0 EE020000 		.4byte	0x2ee
 624 02d4 0E       		.uleb128 0xe
ARM GAS  /tmp/ccrILBpE.s 			page 12


 625 02d5 435200   		.ascii	"CR\000"
 626 02d8 06       		.byte	0x6
 627 02d9 7E02     		.2byte	0x27e
 628 02db BB000000 		.4byte	0xbb
 629 02df 00       		.byte	0
 630 02e0 0E       		.uleb128 0xe
 631 02e1 43535200 		.ascii	"CSR\000"
 632 02e5 06       		.byte	0x6
 633 02e6 7F02     		.2byte	0x27f
 634 02e8 BB000000 		.4byte	0xbb
 635 02ec 04       		.byte	0x4
 636 02ed 00       		.byte	0
 637 02ee 0A       		.uleb128 0xa
 638 02ef 1D010000 		.4byte	.LASF45
 639 02f3 06       		.byte	0x6
 640 02f4 8002     		.2byte	0x280
 641 02f6 CB020000 		.4byte	0x2cb
 642 02fa 08       		.uleb128 0x8
 643 02fb 34       		.byte	0x34
 644 02fc 06       		.byte	0x6
 645 02fd 8502     		.2byte	0x285
 646 02ff AC030000 		.4byte	0x3ac
 647 0303 0E       		.uleb128 0xe
 648 0304 435200   		.ascii	"CR\000"
 649 0307 06       		.byte	0x6
 650 0308 8702     		.2byte	0x287
 651 030a BB000000 		.4byte	0xbb
 652 030e 00       		.byte	0
 653 030f 09       		.uleb128 0x9
 654 0310 4F010000 		.4byte	.LASF46
 655 0314 06       		.byte	0x6
 656 0315 8802     		.2byte	0x288
 657 0317 BB000000 		.4byte	0xbb
 658 031b 04       		.byte	0x4
 659 031c 0E       		.uleb128 0xe
 660 031d 43495200 		.ascii	"CIR\000"
 661 0321 06       		.byte	0x6
 662 0322 8902     		.2byte	0x289
 663 0324 BB000000 		.4byte	0xbb
 664 0328 08       		.byte	0x8
 665 0329 09       		.uleb128 0x9
 666 032a E5010000 		.4byte	.LASF47
 667 032e 06       		.byte	0x6
 668 032f 8A02     		.2byte	0x28a
 669 0331 BB000000 		.4byte	0xbb
 670 0335 0C       		.byte	0xc
 671 0336 09       		.uleb128 0x9
 672 0337 0F000000 		.4byte	.LASF48
 673 033b 06       		.byte	0x6
 674 033c 8B02     		.2byte	0x28b
 675 033e BB000000 		.4byte	0xbb
 676 0342 10       		.byte	0x10
 677 0343 09       		.uleb128 0x9
 678 0344 DE010000 		.4byte	.LASF49
 679 0348 06       		.byte	0x6
 680 0349 8C02     		.2byte	0x28c
 681 034b BB000000 		.4byte	0xbb
ARM GAS  /tmp/ccrILBpE.s 			page 13


 682 034f 14       		.byte	0x14
 683 0350 09       		.uleb128 0x9
 684 0351 08020000 		.4byte	.LASF50
 685 0355 06       		.byte	0x6
 686 0356 8D02     		.2byte	0x28d
 687 0358 BB000000 		.4byte	0xbb
 688 035c 18       		.byte	0x18
 689 035d 09       		.uleb128 0x9
 690 035e 5B010000 		.4byte	.LASF51
 691 0362 06       		.byte	0x6
 692 0363 8E02     		.2byte	0x28e
 693 0365 BB000000 		.4byte	0xbb
 694 0369 1C       		.byte	0x1c
 695 036a 09       		.uleb128 0x9
 696 036b 0B010000 		.4byte	.LASF52
 697 036f 06       		.byte	0x6
 698 0370 8F02     		.2byte	0x28f
 699 0372 BB000000 		.4byte	0xbb
 700 0376 20       		.byte	0x20
 701 0377 0E       		.uleb128 0xe
 702 0378 43535200 		.ascii	"CSR\000"
 703 037c 06       		.byte	0x6
 704 037d 9002     		.2byte	0x290
 705 037f BB000000 		.4byte	0xbb
 706 0383 24       		.byte	0x24
 707 0384 09       		.uleb128 0x9
 708 0385 9A010000 		.4byte	.LASF53
 709 0389 06       		.byte	0x6
 710 038a 9102     		.2byte	0x291
 711 038c BB000000 		.4byte	0xbb
 712 0390 28       		.byte	0x28
 713 0391 09       		.uleb128 0x9
 714 0392 CC010000 		.4byte	.LASF43
 715 0396 06       		.byte	0x6
 716 0397 9202     		.2byte	0x292
 717 0399 BB000000 		.4byte	0xbb
 718 039d 2C       		.byte	0x2c
 719 039e 09       		.uleb128 0x9
 720 039f 49020000 		.4byte	.LASF54
 721 03a3 06       		.byte	0x6
 722 03a4 9302     		.2byte	0x293
 723 03a6 BB000000 		.4byte	0xbb
 724 03aa 30       		.byte	0x30
 725 03ab 00       		.byte	0
 726 03ac 0A       		.uleb128 0xa
 727 03ad D2010000 		.4byte	.LASF55
 728 03b1 06       		.byte	0x6
 729 03b2 9402     		.2byte	0x294
 730 03b4 FA020000 		.4byte	0x2fa
 731 03b8 0F       		.uleb128 0xf
 732 03b9 69010000 		.4byte	.LASF58
 733 03bd 01       		.byte	0x1
 734 03be 31       		.byte	0x31
 735 03bf 01       		.byte	0x1
 736 03c0 10       		.uleb128 0x10
 737 03c1 4F020000 		.4byte	.LASF59
 738 03c5 01       		.byte	0x1
ARM GAS  /tmp/ccrILBpE.s 			page 14


 739 03c6 64       		.byte	0x64
 740 03c7 00000000 		.4byte	.LFB119
 741 03cb B4000000 		.4byte	.LFE119-.LFB119
 742 03cf 01       		.uleb128 0x1
 743 03d0 9C       		.byte	0x9c
 744 03d1 E5030000 		.4byte	0x3e5
 745 03d5 11       		.uleb128 0x11
 746 03d6 B8030000 		.4byte	0x3b8
 747 03da 34000000 		.4byte	.LBB4
 748 03de 00000000 		.4byte	.Ldebug_ranges0+0
 749 03e2 01       		.byte	0x1
 750 03e3 7A       		.byte	0x7a
 751 03e4 00       		.byte	0
 752 03e5 12       		.uleb128 0x12
 753 03e6 CA020000 		.4byte	.LASF60
 754 03ea 01       		.byte	0x1
 755 03eb 94       		.byte	0x94
 756 03ec 00000000 		.4byte	.LFB120
 757 03f0 98000000 		.4byte	.LFE120-.LFB120
 758 03f4 01       		.uleb128 0x1
 759 03f5 9C       		.byte	0x9c
 760 03f6 13       		.uleb128 0x13
 761 03f7 64030000 		.4byte	.LASF61
 762 03fb 05       		.byte	0x5
 763 03fc 9806     		.2byte	0x698
 764 03fe EF010000 		.4byte	0x1ef
 765 0402 00       		.byte	0
 766              		.section	.debug_abbrev,"",%progbits
 767              	.Ldebug_abbrev0:
 768 0000 01       		.uleb128 0x1
 769 0001 11       		.uleb128 0x11
 770 0002 01       		.byte	0x1
 771 0003 25       		.uleb128 0x25
 772 0004 0E       		.uleb128 0xe
 773 0005 13       		.uleb128 0x13
 774 0006 0B       		.uleb128 0xb
 775 0007 03       		.uleb128 0x3
 776 0008 0E       		.uleb128 0xe
 777 0009 55       		.uleb128 0x55
 778 000a 17       		.uleb128 0x17
 779 000b 11       		.uleb128 0x11
 780 000c 01       		.uleb128 0x1
 781 000d 10       		.uleb128 0x10
 782 000e 17       		.uleb128 0x17
 783 000f 00       		.byte	0
 784 0010 00       		.byte	0
 785 0011 02       		.uleb128 0x2
 786 0012 24       		.uleb128 0x24
 787 0013 00       		.byte	0
 788 0014 0B       		.uleb128 0xb
 789 0015 0B       		.uleb128 0xb
 790 0016 3E       		.uleb128 0x3e
 791 0017 0B       		.uleb128 0xb
 792 0018 03       		.uleb128 0x3
 793 0019 08       		.uleb128 0x8
 794 001a 00       		.byte	0
 795 001b 00       		.byte	0
ARM GAS  /tmp/ccrILBpE.s 			page 15


 796 001c 03       		.uleb128 0x3
 797 001d 24       		.uleb128 0x24
 798 001e 00       		.byte	0
 799 001f 0B       		.uleb128 0xb
 800 0020 0B       		.uleb128 0xb
 801 0021 3E       		.uleb128 0x3e
 802 0022 0B       		.uleb128 0xb
 803 0023 03       		.uleb128 0x3
 804 0024 0E       		.uleb128 0xe
 805 0025 00       		.byte	0
 806 0026 00       		.byte	0
 807 0027 04       		.uleb128 0x4
 808 0028 16       		.uleb128 0x16
 809 0029 00       		.byte	0
 810 002a 03       		.uleb128 0x3
 811 002b 0E       		.uleb128 0xe
 812 002c 3A       		.uleb128 0x3a
 813 002d 0B       		.uleb128 0xb
 814 002e 3B       		.uleb128 0x3b
 815 002f 0B       		.uleb128 0xb
 816 0030 49       		.uleb128 0x49
 817 0031 13       		.uleb128 0x13
 818 0032 00       		.byte	0
 819 0033 00       		.byte	0
 820 0034 05       		.uleb128 0x5
 821 0035 35       		.uleb128 0x35
 822 0036 00       		.byte	0
 823 0037 49       		.uleb128 0x49
 824 0038 13       		.uleb128 0x13
 825 0039 00       		.byte	0
 826 003a 00       		.byte	0
 827 003b 06       		.uleb128 0x6
 828 003c 13       		.uleb128 0x13
 829 003d 01       		.byte	0x1
 830 003e 0B       		.uleb128 0xb
 831 003f 0B       		.uleb128 0xb
 832 0040 3A       		.uleb128 0x3a
 833 0041 0B       		.uleb128 0xb
 834 0042 3B       		.uleb128 0x3b
 835 0043 0B       		.uleb128 0xb
 836 0044 01       		.uleb128 0x1
 837 0045 13       		.uleb128 0x13
 838 0046 00       		.byte	0
 839 0047 00       		.byte	0
 840 0048 07       		.uleb128 0x7
 841 0049 0D       		.uleb128 0xd
 842 004a 00       		.byte	0
 843 004b 03       		.uleb128 0x3
 844 004c 0E       		.uleb128 0xe
 845 004d 3A       		.uleb128 0x3a
 846 004e 0B       		.uleb128 0xb
 847 004f 3B       		.uleb128 0x3b
 848 0050 0B       		.uleb128 0xb
 849 0051 49       		.uleb128 0x49
 850 0052 13       		.uleb128 0x13
 851 0053 38       		.uleb128 0x38
 852 0054 0B       		.uleb128 0xb
ARM GAS  /tmp/ccrILBpE.s 			page 16


 853 0055 00       		.byte	0
 854 0056 00       		.byte	0
 855 0057 08       		.uleb128 0x8
 856 0058 13       		.uleb128 0x13
 857 0059 01       		.byte	0x1
 858 005a 0B       		.uleb128 0xb
 859 005b 0B       		.uleb128 0xb
 860 005c 3A       		.uleb128 0x3a
 861 005d 0B       		.uleb128 0xb
 862 005e 3B       		.uleb128 0x3b
 863 005f 05       		.uleb128 0x5
 864 0060 01       		.uleb128 0x1
 865 0061 13       		.uleb128 0x13
 866 0062 00       		.byte	0
 867 0063 00       		.byte	0
 868 0064 09       		.uleb128 0x9
 869 0065 0D       		.uleb128 0xd
 870 0066 00       		.byte	0
 871 0067 03       		.uleb128 0x3
 872 0068 0E       		.uleb128 0xe
 873 0069 3A       		.uleb128 0x3a
 874 006a 0B       		.uleb128 0xb
 875 006b 3B       		.uleb128 0x3b
 876 006c 05       		.uleb128 0x5
 877 006d 49       		.uleb128 0x49
 878 006e 13       		.uleb128 0x13
 879 006f 38       		.uleb128 0x38
 880 0070 0B       		.uleb128 0xb
 881 0071 00       		.byte	0
 882 0072 00       		.byte	0
 883 0073 0A       		.uleb128 0xa
 884 0074 16       		.uleb128 0x16
 885 0075 00       		.byte	0
 886 0076 03       		.uleb128 0x3
 887 0077 0E       		.uleb128 0xe
 888 0078 3A       		.uleb128 0x3a
 889 0079 0B       		.uleb128 0xb
 890 007a 3B       		.uleb128 0x3b
 891 007b 05       		.uleb128 0x5
 892 007c 49       		.uleb128 0x49
 893 007d 13       		.uleb128 0x13
 894 007e 00       		.byte	0
 895 007f 00       		.byte	0
 896 0080 0B       		.uleb128 0xb
 897 0081 26       		.uleb128 0x26
 898 0082 00       		.byte	0
 899 0083 49       		.uleb128 0x49
 900 0084 13       		.uleb128 0x13
 901 0085 00       		.byte	0
 902 0086 00       		.byte	0
 903 0087 0C       		.uleb128 0xc
 904 0088 01       		.uleb128 0x1
 905 0089 01       		.byte	0x1
 906 008a 49       		.uleb128 0x49
 907 008b 13       		.uleb128 0x13
 908 008c 01       		.uleb128 0x1
 909 008d 13       		.uleb128 0x13
ARM GAS  /tmp/ccrILBpE.s 			page 17


 910 008e 00       		.byte	0
 911 008f 00       		.byte	0
 912 0090 0D       		.uleb128 0xd
 913 0091 21       		.uleb128 0x21
 914 0092 00       		.byte	0
 915 0093 49       		.uleb128 0x49
 916 0094 13       		.uleb128 0x13
 917 0095 2F       		.uleb128 0x2f
 918 0096 0B       		.uleb128 0xb
 919 0097 00       		.byte	0
 920 0098 00       		.byte	0
 921 0099 0E       		.uleb128 0xe
 922 009a 0D       		.uleb128 0xd
 923 009b 00       		.byte	0
 924 009c 03       		.uleb128 0x3
 925 009d 08       		.uleb128 0x8
 926 009e 3A       		.uleb128 0x3a
 927 009f 0B       		.uleb128 0xb
 928 00a0 3B       		.uleb128 0x3b
 929 00a1 05       		.uleb128 0x5
 930 00a2 49       		.uleb128 0x49
 931 00a3 13       		.uleb128 0x13
 932 00a4 38       		.uleb128 0x38
 933 00a5 0B       		.uleb128 0xb
 934 00a6 00       		.byte	0
 935 00a7 00       		.byte	0
 936 00a8 0F       		.uleb128 0xf
 937 00a9 2E       		.uleb128 0x2e
 938 00aa 00       		.byte	0
 939 00ab 03       		.uleb128 0x3
 940 00ac 0E       		.uleb128 0xe
 941 00ad 3A       		.uleb128 0x3a
 942 00ae 0B       		.uleb128 0xb
 943 00af 3B       		.uleb128 0x3b
 944 00b0 0B       		.uleb128 0xb
 945 00b1 27       		.uleb128 0x27
 946 00b2 19       		.uleb128 0x19
 947 00b3 20       		.uleb128 0x20
 948 00b4 0B       		.uleb128 0xb
 949 00b5 00       		.byte	0
 950 00b6 00       		.byte	0
 951 00b7 10       		.uleb128 0x10
 952 00b8 2E       		.uleb128 0x2e
 953 00b9 01       		.byte	0x1
 954 00ba 3F       		.uleb128 0x3f
 955 00bb 19       		.uleb128 0x19
 956 00bc 03       		.uleb128 0x3
 957 00bd 0E       		.uleb128 0xe
 958 00be 3A       		.uleb128 0x3a
 959 00bf 0B       		.uleb128 0xb
 960 00c0 3B       		.uleb128 0x3b
 961 00c1 0B       		.uleb128 0xb
 962 00c2 27       		.uleb128 0x27
 963 00c3 19       		.uleb128 0x19
 964 00c4 11       		.uleb128 0x11
 965 00c5 01       		.uleb128 0x1
 966 00c6 12       		.uleb128 0x12
ARM GAS  /tmp/ccrILBpE.s 			page 18


 967 00c7 06       		.uleb128 0x6
 968 00c8 40       		.uleb128 0x40
 969 00c9 18       		.uleb128 0x18
 970 00ca 9742     		.uleb128 0x2117
 971 00cc 19       		.uleb128 0x19
 972 00cd 01       		.uleb128 0x1
 973 00ce 13       		.uleb128 0x13
 974 00cf 00       		.byte	0
 975 00d0 00       		.byte	0
 976 00d1 11       		.uleb128 0x11
 977 00d2 1D       		.uleb128 0x1d
 978 00d3 00       		.byte	0
 979 00d4 31       		.uleb128 0x31
 980 00d5 13       		.uleb128 0x13
 981 00d6 52       		.uleb128 0x52
 982 00d7 01       		.uleb128 0x1
 983 00d8 55       		.uleb128 0x55
 984 00d9 17       		.uleb128 0x17
 985 00da 58       		.uleb128 0x58
 986 00db 0B       		.uleb128 0xb
 987 00dc 59       		.uleb128 0x59
 988 00dd 0B       		.uleb128 0xb
 989 00de 00       		.byte	0
 990 00df 00       		.byte	0
 991 00e0 12       		.uleb128 0x12
 992 00e1 2E       		.uleb128 0x2e
 993 00e2 00       		.byte	0
 994 00e3 3F       		.uleb128 0x3f
 995 00e4 19       		.uleb128 0x19
 996 00e5 03       		.uleb128 0x3
 997 00e6 0E       		.uleb128 0xe
 998 00e7 3A       		.uleb128 0x3a
 999 00e8 0B       		.uleb128 0xb
 1000 00e9 3B       		.uleb128 0x3b
 1001 00ea 0B       		.uleb128 0xb
 1002 00eb 27       		.uleb128 0x27
 1003 00ec 19       		.uleb128 0x19
 1004 00ed 11       		.uleb128 0x11
 1005 00ee 01       		.uleb128 0x1
 1006 00ef 12       		.uleb128 0x12
 1007 00f0 06       		.uleb128 0x6
 1008 00f1 40       		.uleb128 0x40
 1009 00f2 18       		.uleb128 0x18
 1010 00f3 9742     		.uleb128 0x2117
 1011 00f5 19       		.uleb128 0x19
 1012 00f6 00       		.byte	0
 1013 00f7 00       		.byte	0
 1014 00f8 13       		.uleb128 0x13
 1015 00f9 34       		.uleb128 0x34
 1016 00fa 00       		.byte	0
 1017 00fb 03       		.uleb128 0x3
 1018 00fc 0E       		.uleb128 0xe
 1019 00fd 3A       		.uleb128 0x3a
 1020 00fe 0B       		.uleb128 0xb
 1021 00ff 3B       		.uleb128 0x3b
 1022 0100 05       		.uleb128 0x5
 1023 0101 49       		.uleb128 0x49
ARM GAS  /tmp/ccrILBpE.s 			page 19


 1024 0102 13       		.uleb128 0x13
 1025 0103 3F       		.uleb128 0x3f
 1026 0104 19       		.uleb128 0x19
 1027 0105 3C       		.uleb128 0x3c
 1028 0106 19       		.uleb128 0x19
 1029 0107 00       		.byte	0
 1030 0108 00       		.byte	0
 1031 0109 00       		.byte	0
 1032              		.section	.debug_aranges,"",%progbits
 1033 0000 24000000 		.4byte	0x24
 1034 0004 0200     		.2byte	0x2
 1035 0006 00000000 		.4byte	.Ldebug_info0
 1036 000a 04       		.byte	0x4
 1037 000b 00       		.byte	0
 1038 000c 0000     		.2byte	0
 1039 000e 0000     		.2byte	0
 1040 0010 00000000 		.4byte	.LFB119
 1041 0014 B4000000 		.4byte	.LFE119-.LFB119
 1042 0018 00000000 		.4byte	.LFB120
 1043 001c 98000000 		.4byte	.LFE120-.LFB120
 1044 0020 00000000 		.4byte	0
 1045 0024 00000000 		.4byte	0
 1046              		.section	.debug_ranges,"",%progbits
 1047              	.Ldebug_ranges0:
 1048 0000 34000000 		.4byte	.LBB4
 1049 0004 36000000 		.4byte	.LBE4
 1050 0008 4C000000 		.4byte	.LBB7
 1051 000c 80000000 		.4byte	.LBE7
 1052 0010 00000000 		.4byte	0
 1053 0014 00000000 		.4byte	0
 1054 0018 00000000 		.4byte	.LFB119
 1055 001c B4000000 		.4byte	.LFE119
 1056 0020 00000000 		.4byte	.LFB120
 1057 0024 98000000 		.4byte	.LFE120
 1058 0028 00000000 		.4byte	0
 1059 002c 00000000 		.4byte	0
 1060              		.section	.debug_line,"",%progbits
 1061              	.Ldebug_line0:
 1062 0000 2B020000 		.section	.debug_str,"MS",%progbits,1
 1062      0200A101 
 1062      00000201 
 1062      FB0E0D00 
 1062      01010101 
 1063              	.LASF44:
 1064 0000 53595343 		.ascii	"SYSCFG_TypeDef\000"
 1064      46475F54 
 1064      79706544 
 1064      656600
 1065              	.LASF48:
 1066 000f 41504231 		.ascii	"APB1RSTR\000"
 1066      52535452 
 1066      00
 1067              	.LASF21:
 1068 0018 44454D43 		.ascii	"DEMCR\000"
 1068      5200
 1069              	.LASF3:
 1070 001e 73686F72 		.ascii	"short int\000"
ARM GAS  /tmp/ccrILBpE.s 			page 20


 1070      7420696E 
 1070      7400
 1071              	.LASF56:
 1072 0028 474E5520 		.ascii	"GNU C 4.9.3 20141119 (release) [ARM/embedded-4_9-br"
 1072      4320342E 
 1072      392E3320 
 1072      32303134 
 1072      31313139 
 1073 005b 616E6368 		.ascii	"anch revision 218278] -mcpu=cortex-m4 -mno-thumb-in"
 1073      20726576 
 1073      6973696F 
 1073      6E203231 
 1073      38323738 
 1074 008e 74657277 		.ascii	"terwork -mthumb -ggdb -O2 -fomit-frame-pointer -fal"
 1074      6F726B20 
 1074      2D6D7468 
 1074      756D6220 
 1074      2D676764 
 1075 00c1 69676E2D 		.ascii	"ign-functions=16 -ffunction-sections -fdata-section"
 1075      66756E63 
 1075      74696F6E 
 1075      733D3136 
 1075      202D6666 
 1076 00f4 73202D66 		.ascii	"s -fno-common\000"
 1076      6E6F2D63 
 1076      6F6D6D6F 
 1076      6E00
 1077              	.LASF17:
 1078 0102 73697A65 		.ascii	"sizetype\000"
 1078      74797065 
 1078      00
 1079              	.LASF52:
 1080 010b 42444352 		.ascii	"BDCR\000"
 1080      00
 1081              	.LASF30:
 1082 0110 50435352 		.ascii	"PCSR\000"
 1082      00
 1083              	.LASF29:
 1084 0115 464F4C44 		.ascii	"FOLDCNT\000"
 1084      434E5400 
 1085              	.LASF45:
 1086 011d 5057525F 		.ascii	"PWR_TypeDef\000"
 1086      54797065 
 1086      44656600 
 1087              	.LASF8:
 1088 0129 5F5F7569 		.ascii	"__uint32_t\000"
 1088      6E743332 
 1088      5F7400
 1089              	.LASF5:
 1090 0134 5F5F7569 		.ascii	"__uint16_t\000"
 1090      6E743136 
 1090      5F7400
 1091              	.LASF41:
 1092 013f 43464752 		.ascii	"CFGR1\000"
 1092      3100
 1093              	.LASF23:
 1094 0145 4354524C 		.ascii	"CTRL\000"
ARM GAS  /tmp/ccrILBpE.s 			page 21


 1094      00
 1095              	.LASF36:
 1096 014a 4B455952 		.ascii	"KEYR\000"
 1096      00
 1097              	.LASF46:
 1098 014f 43464752 		.ascii	"CFGR\000"
 1098      00
 1099              	.LASF42:
 1100 0154 45585449 		.ascii	"EXTICR\000"
 1100      435200
 1101              	.LASF51:
 1102 015b 41504231 		.ascii	"APB1ENR\000"
 1102      454E5200 
 1103              	.LASF19:
 1104 0163 44435253 		.ascii	"DCRSR\000"
 1104      5200
 1105              	.LASF58:
 1106 0169 68616C5F 		.ascii	"hal_lld_backup_domain_init\000"
 1106      6C6C645F 
 1106      6261636B 
 1106      75705F64 
 1106      6F6D6169 
 1107              	.LASF20:
 1108 0184 44435244 		.ascii	"DCRDR\000"
 1108      5200
 1109              	.LASF16:
 1110 018a 494F5245 		.ascii	"IOREG32\000"
 1110      47333200 
 1111              	.LASF37:
 1112 0192 4F50544B 		.ascii	"OPTKEYR\000"
 1112      45595200 
 1113              	.LASF53:
 1114 019a 41484252 		.ascii	"AHBRSTR\000"
 1114      53545200 
 1115              	.LASF10:
 1116 01a2 6C6F6E67 		.ascii	"long long int\000"
 1116      206C6F6E 
 1116      6720696E 
 1116      7400
 1117              	.LASF24:
 1118 01b0 43594343 		.ascii	"CYCCNT\000"
 1118      4E5400
 1119              	.LASF34:
 1120 01b7 43414C49 		.ascii	"CALIB\000"
 1120      4200
 1121              	.LASF18:
 1122 01bd 44484353 		.ascii	"DHCSR\000"
 1122      5200
 1123              	.LASF7:
 1124 01c3 6C6F6E67 		.ascii	"long int\000"
 1124      20696E74 
 1124      00
 1125              	.LASF43:
 1126 01cc 43464752 		.ascii	"CFGR2\000"
 1126      3200
 1127              	.LASF55:
 1128 01d2 5243435F 		.ascii	"RCC_TypeDef\000"
ARM GAS  /tmp/ccrILBpE.s 			page 22


 1128      54797065 
 1128      44656600 
 1129              	.LASF49:
 1130 01de 41484245 		.ascii	"AHBENR\000"
 1130      4E5200
 1131              	.LASF47:
 1132 01e5 41504232 		.ascii	"APB2RSTR\000"
 1132      52535452 
 1132      00
 1133              	.LASF39:
 1134 01ee 57525052 		.ascii	"WRPR\000"
 1134      00
 1135              	.LASF26:
 1136 01f3 45584343 		.ascii	"EXCCNT\000"
 1136      4E5400
 1137              	.LASF2:
 1138 01fa 756E7369 		.ascii	"unsigned char\000"
 1138      676E6564 
 1138      20636861 
 1138      7200
 1139              	.LASF50:
 1140 0208 41504232 		.ascii	"APB2ENR\000"
 1140      454E5200 
 1141              	.LASF1:
 1142 0210 7369676E 		.ascii	"signed char\000"
 1142      65642063 
 1142      68617200 
 1143              	.LASF11:
 1144 021c 6C6F6E67 		.ascii	"long long unsigned int\000"
 1144      206C6F6E 
 1144      6720756E 
 1144      7369676E 
 1144      65642069 
 1145              	.LASF14:
 1146 0233 75696E74 		.ascii	"uint32_t\000"
 1146      33325F74 
 1146      00
 1147              	.LASF0:
 1148 023c 756E7369 		.ascii	"unsigned int\000"
 1148      676E6564 
 1148      20696E74 
 1148      00
 1149              	.LASF54:
 1150 0249 43464752 		.ascii	"CFGR3\000"
 1150      3300
 1151              	.LASF59:
 1152 024f 68616C5F 		.ascii	"hal_lld_init\000"
 1152      6C6C645F 
 1152      696E6974 
 1152      00
 1153              	.LASF35:
 1154 025c 53797354 		.ascii	"SysTick_Type\000"
 1154      69636B5F 
 1154      54797065 
 1154      00
 1155              	.LASF4:
 1156 0269 73686F72 		.ascii	"short unsigned int\000"
ARM GAS  /tmp/ccrILBpE.s 			page 23


 1156      7420756E 
 1156      7369676E 
 1156      65642069 
 1156      6E7400
 1157              	.LASF32:
 1158 027c 63686172 		.ascii	"char\000"
 1158      00
 1159              	.LASF12:
 1160 0281 75696E74 		.ascii	"uint16_t\000"
 1160      31365F74 
 1160      00
 1161              	.LASF22:
 1162 028a 434D785F 		.ascii	"CMx_SCS\000"
 1162      53435300 
 1163              	.LASF13:
 1164 0292 696E7433 		.ascii	"int32_t\000"
 1164      325F7400 
 1165              	.LASF15:
 1166 029a 5F426F6F 		.ascii	"_Bool\000"
 1166      6C00
 1167              	.LASF31:
 1168 02a0 434D785F 		.ascii	"CMx_DWT\000"
 1168      44575400 
 1169              	.LASF25:
 1170 02a8 43504943 		.ascii	"CPICNT\000"
 1170      4E5400
 1171              	.LASF9:
 1172 02af 6C6F6E67 		.ascii	"long unsigned int\000"
 1172      20756E73 
 1172      69676E65 
 1172      6420696E 
 1172      7400
 1173              	.LASF27:
 1174 02c1 534C4545 		.ascii	"SLEEPCNT\000"
 1174      50434E54 
 1174      00
 1175              	.LASF60:
 1176 02ca 73746D33 		.ascii	"stm32_clock_init\000"
 1176      325F636C 
 1176      6F636B5F 
 1176      696E6974 
 1176      00
 1177              	.LASF6:
 1178 02db 5F5F696E 		.ascii	"__int32_t\000"
 1178      7433325F 
 1178      7400
 1179              	.LASF28:
 1180 02e5 4C535543 		.ascii	"LSUCNT\000"
 1180      4E5400
 1181              	.LASF33:
 1182 02ec 4C4F4144 		.ascii	"LOAD\000"
 1182      00
 1183              	.LASF57:
 1184 02f1 2F686F6D 		.ascii	"/home/austin/git/personal/school/motor_control/chib"
 1184      652F6175 
 1184      7374696E 
 1184      2F676974 
ARM GAS  /tmp/ccrILBpE.s 			page 24


 1184      2F706572 
 1185 0324 696F732F 		.ascii	"ios/os/hal/platforms/STM32F30x/hal_lld.c\000"
 1185      6F732F68 
 1185      616C2F70 
 1185      6C617466 
 1185      6F726D73 
 1186              	.LASF38:
 1187 034d 52455345 		.ascii	"RESERVED\000"
 1187      52564544 
 1187      00
 1188              	.LASF40:
 1189 0356 464C4153 		.ascii	"FLASH_TypeDef\000"
 1189      485F5479 
 1189      70654465 
 1189      6600
 1190              	.LASF61:
 1191 0364 49544D5F 		.ascii	"ITM_RxBuffer\000"
 1191      52784275 
 1191      66666572 
 1191      00
 1192              		.ident	"GCC: (GNU Tools for ARM Embedded Processors) 4.9.3 20141119 (release) [ARM/embedded-4_9-br
ARM GAS  /tmp/ccrILBpE.s 			page 25


DEFINED SYMBOLS
                            *ABS*:0000000000000000 hal_lld.c
     /tmp/ccrILBpE.s:19     .text.hal_lld_init:0000000000000000 $t
     /tmp/ccrILBpE.s:25     .text.hal_lld_init:0000000000000000 hal_lld_init
     /tmp/ccrILBpE.s:143    .text.hal_lld_init:0000000000000098 $d
     /tmp/ccrILBpE.s:154    .text.stm32_clock_init:0000000000000000 $t
     /tmp/ccrILBpE.s:160    .text.stm32_clock_init:0000000000000000 stm32_clock_init
     /tmp/ccrILBpE.s:262    .text.stm32_clock_init:000000000000008c $d
                     .debug_frame:0000000000000010 $d
     /tmp/ccrILBpE.s:153    .text.hal_lld_init:00000000000000b4 $t
     /tmp/ccrILBpE.s:268    .text.stm32_clock_init:0000000000000098 $t

NO UNDEFINED SYMBOLS
