ARM GAS  /tmp/cc2un8mD.s 			page 1


   1              		.syntax unified
   2              		.cpu cortex-m4
   3              		.fpu softvfp
   4              		.eabi_attribute 20, 1
   5              		.eabi_attribute 21, 1
   6              		.eabi_attribute 23, 3
   7              		.eabi_attribute 24, 1
   8              		.eabi_attribute 25, 1
   9              		.eabi_attribute 26, 1
  10              		.eabi_attribute 30, 2
  11              		.eabi_attribute 34, 1
  12              		.eabi_attribute 18, 4
  13              		.thumb
  14              		.file	"nvic.c"
  15              		.text
  16              	.Ltext0:
  17              		.cfi_sections	.debug_frame
  18              		.section	.text.nvicEnableVector,"ax",%progbits
  19              		.align	2
  20              		.p2align 4,,15
  21              		.global	nvicEnableVector
  22              		.thumb
  23              		.thumb_func
  24              		.type	nvicEnableVector, %function
  25              	nvicEnableVector:
  26              	.LFB7:
  27              		.file 1 "/home/austin/git/personal/school/motor_control/chibios/os/ports/common/ARMCMx/nvic.c"
  28              		.loc 1 46 0
  29              		.cfi_startproc
  30              		@ args = 0, pretend = 0, frame = 0
  31              		@ frame_needed = 0, uses_anonymous_args = 0
  32              		@ link register save eliminated.
  33              	.LVL0:
  34 0000 20F00302 		bic	r2, r0, #3
  35 0004 02F16042 		add	r2, r2, #-536870912
  36 0008 02F56142 		add	r2, r2, #57600
  37 000c 70B4     		push	{r4, r5, r6}
  38              		.cfi_def_cfa_offset 12
  39              		.cfi_offset 4, -12
  40              		.cfi_offset 5, -8
  41              		.cfi_offset 6, -4
  42              		.loc 1 50 0
  43 000e 4309     		lsrs	r3, r0, #5
  44              		.loc 1 47 0
  45 0010 00F00304 		and	r4, r0, #3
  46              		.loc 1 49 0
  47 0014 D2F80053 		ldr	r5, [r2, #768]
  48              		.loc 1 47 0
  49 0018 E400     		lsls	r4, r4, #3
  50              	.LVL1:
  51              		.loc 1 49 0
  52 001a FF26     		movs	r6, #255
  53 001c 9B00     		lsls	r3, r3, #2
  54 001e A640     		lsls	r6, r6, r4
  55 0020 03F16043 		add	r3, r3, #-536870912
  56 0024 A140     		lsls	r1, r1, r4
  57              	.LVL2:
ARM GAS  /tmp/cc2un8mD.s 			page 2


  58 0026 25EA0605 		bic	r5, r5, r6
  59 002a 03F56143 		add	r3, r3, #57600
  60              		.loc 1 50 0
  61 002e 0124     		movs	r4, #1
  62              	.LVL3:
  63 0030 00F01F00 		and	r0, r0, #31
  64              	.LVL4:
  65 0034 04FA00F0 		lsl	r0, r4, r0
  66              		.loc 1 49 0
  67 0038 2943     		orrs	r1, r1, r5
  68 003a C2F80013 		str	r1, [r2, #768]
  69              		.loc 1 52 0
  70 003e 70BC     		pop	{r4, r5, r6}
  71              		.cfi_restore 6
  72              		.cfi_restore 5
  73              		.cfi_restore 4
  74              		.cfi_def_cfa_offset 0
  75              		.loc 1 50 0
  76 0040 C3F88001 		str	r0, [r3, #384]
  77              		.loc 1 51 0
  78 0044 1860     		str	r0, [r3]
  79              		.loc 1 52 0
  80 0046 7047     		bx	lr
  81              		.cfi_endproc
  82              	.LFE7:
  83              		.size	nvicEnableVector, .-nvicEnableVector
  84 0048 AFF30080 		.section	.text.nvicDisableVector,"ax",%progbits
  84      AFF30080 
  85              		.align	2
  86              		.p2align 4,,15
  87              		.global	nvicDisableVector
  88              		.thumb
  89              		.thumb_func
  90              		.type	nvicDisableVector, %function
  91              	nvicDisableVector:
  92              	.LFB8:
  93              		.loc 1 60 0
  94              		.cfi_startproc
  95              		@ args = 0, pretend = 0, frame = 0
  96              		@ frame_needed = 0, uses_anonymous_args = 0
  97              		@ link register save eliminated.
  98              	.LVL5:
  99              		.loc 1 63 0
 100 0000 4209     		lsrs	r2, r0, #5
 101              		.loc 1 60 0
 102 0002 30B4     		push	{r4, r5}
 103              		.cfi_def_cfa_offset 8
 104              		.cfi_offset 4, -8
 105              		.cfi_offset 5, -4
 106              		.loc 1 63 0
 107 0004 2032     		adds	r2, r2, #32
 108 0006 00F01F05 		and	r5, r0, #31
 109 000a 0C4C     		ldr	r4, .L5
 110 000c 20F00303 		bic	r3, r0, #3
 111 0010 0121     		movs	r1, #1
 112 0012 A940     		lsls	r1, r1, r5
 113 0014 03F16043 		add	r3, r3, #-536870912
ARM GAS  /tmp/cc2un8mD.s 			page 3


 114 0018 44F82210 		str	r1, [r4, r2, lsl #2]
 115 001c 03F56143 		add	r3, r3, #57600
 116              		.loc 1 61 0
 117 0020 00F00300 		and	r0, r0, #3
 118              	.LVL6:
 119              		.loc 1 64 0
 120 0024 D3F80013 		ldr	r1, [r3, #768]
 121              		.loc 1 61 0
 122 0028 C000     		lsls	r0, r0, #3
 123              	.LVL7:
 124              		.loc 1 64 0
 125 002a FF22     		movs	r2, #255
 126 002c 8240     		lsls	r2, r2, r0
 127 002e 21EA0202 		bic	r2, r1, r2
 128 0032 C3F80023 		str	r2, [r3, #768]
 129              		.loc 1 65 0
 130 0036 30BC     		pop	{r4, r5}
 131              		.cfi_restore 5
 132              		.cfi_restore 4
 133              		.cfi_def_cfa_offset 0
 134 0038 7047     		bx	lr
 135              	.L6:
 136 003a 00BF     		.align	2
 137              	.L5:
 138 003c 00E100E0 		.word	-536813312
 139              		.cfi_endproc
 140              	.LFE8:
 141              		.size	nvicDisableVector, .-nvicDisableVector
 142              		.section	.text.nvicSetSystemHandlerPriority,"ax",%progbits
 143              		.align	2
 144              		.p2align 4,,15
 145              		.global	nvicSetSystemHandlerPriority
 146              		.thumb
 147              		.thumb_func
 148              		.type	nvicSetSystemHandlerPriority, %function
 149              	nvicSetSystemHandlerPriority:
 150              	.LFB9:
 151              		.loc 1 74 0
 152              		.cfi_startproc
 153              		@ args = 0, pretend = 0, frame = 0
 154              		@ frame_needed = 0, uses_anonymous_args = 0
 155              		@ link register save eliminated.
 156              	.LVL8:
 157 0000 20F00303 		bic	r3, r0, #3
 158 0004 03F16043 		add	r3, r3, #-536870912
 159 0008 03F56D43 		add	r3, r3, #60672
 160              		.loc 1 75 0
 161 000c 00F00300 		and	r0, r0, #3
 162              	.LVL9:
 163              		.loc 1 74 0
 164 0010 10B4     		push	{r4}
 165              		.cfi_def_cfa_offset 4
 166              		.cfi_offset 4, -4
 167              		.loc 1 75 0
 168 0012 C000     		lsls	r0, r0, #3
 169              	.LVL10:
 170              		.loc 1 77 0
ARM GAS  /tmp/cc2un8mD.s 			page 4


 171 0014 9A69     		ldr	r2, [r3, #24]
 172              		.loc 1 78 0
 173 0016 FF24     		movs	r4, #255
 174 0018 8440     		lsls	r4, r4, r0
 175              		.loc 1 77 0
 176 001a 22EA0402 		bic	r2, r2, r4
 177              		.loc 1 78 0
 178 001e 8140     		lsls	r1, r1, r0
 179              	.LVL11:
 180 0020 1143     		orrs	r1, r1, r2
 181              		.loc 1 77 0
 182 0022 9961     		str	r1, [r3, #24]
 183              		.loc 1 79 0
 184 0024 5DF8044B 		ldr	r4, [sp], #4
 185              		.cfi_restore 4
 186              		.cfi_def_cfa_offset 0
 187 0028 7047     		bx	lr
 188              		.cfi_endproc
 189              	.LFE9:
 190              		.size	nvicSetSystemHandlerPriority, .-nvicSetSystemHandlerPriority
 191 002a 00BFAFF3 		.text
 191      0080
 192              	.Letext0:
 193              		.file 2 "/usr/arm-none-eabi/include/machine/_default_types.h"
 194              		.file 3 "/usr/arm-none-eabi/include/stdint.h"
 195              		.file 4 "/home/austin/git/personal/school/motor_control/chibios/os/ports/common/ARMCMx/nvic.h"
 196              		.section	.debug_info,"",%progbits
 197              	.Ldebug_info0:
 198 0000 FE030000 		.4byte	0x3fe
 199 0004 0400     		.2byte	0x4
 200 0006 00000000 		.4byte	.Ldebug_abbrev0
 201 000a 04       		.byte	0x4
 202 000b 01       		.uleb128 0x1
 203 000c 0A000000 		.4byte	.LASF47
 204 0010 01       		.byte	0x1
 205 0011 DC010000 		.4byte	.LASF48
 206 0015 00000000 		.4byte	.Ldebug_ranges0+0
 207 0019 00000000 		.4byte	0
 208 001d 00000000 		.4byte	.Ldebug_line0
 209 0021 02       		.uleb128 0x2
 210 0022 04       		.byte	0x4
 211 0023 05       		.byte	0x5
 212 0024 696E7400 		.ascii	"int\000"
 213 0028 03       		.uleb128 0x3
 214 0029 04       		.byte	0x4
 215 002a 07       		.byte	0x7
 216 002b A9010000 		.4byte	.LASF0
 217 002f 03       		.uleb128 0x3
 218 0030 01       		.byte	0x1
 219 0031 06       		.byte	0x6
 220 0032 9B020000 		.4byte	.LASF1
 221 0036 03       		.uleb128 0x3
 222 0037 01       		.byte	0x1
 223 0038 08       		.byte	0x8
 224 0039 26010000 		.4byte	.LASF2
 225 003d 03       		.uleb128 0x3
 226 003e 02       		.byte	0x2
ARM GAS  /tmp/cc2un8mD.s 			page 5


 227 003f 05       		.byte	0x5
 228 0040 0F010000 		.4byte	.LASF3
 229 0044 03       		.uleb128 0x3
 230 0045 02       		.byte	0x2
 231 0046 07       		.byte	0x7
 232 0047 64010000 		.4byte	.LASF4
 233 004b 03       		.uleb128 0x3
 234 004c 04       		.byte	0x4
 235 004d 05       		.byte	0x5
 236 004e 8D020000 		.4byte	.LASF5
 237 0052 04       		.uleb128 0x4
 238 0053 9E010000 		.4byte	.LASF9
 239 0057 02       		.byte	0x2
 240 0058 41       		.byte	0x41
 241 0059 5D000000 		.4byte	0x5d
 242 005d 03       		.uleb128 0x3
 243 005e 04       		.byte	0x4
 244 005f 07       		.byte	0x7
 245 0060 81010000 		.4byte	.LASF6
 246 0064 03       		.uleb128 0x3
 247 0065 08       		.byte	0x8
 248 0066 05       		.byte	0x5
 249 0067 55020000 		.4byte	.LASF7
 250 006b 03       		.uleb128 0x3
 251 006c 08       		.byte	0x8
 252 006d 07       		.byte	0x7
 253 006e C0010000 		.4byte	.LASF8
 254 0072 04       		.uleb128 0x4
 255 0073 84020000 		.4byte	.LASF10
 256 0077 03       		.byte	0x3
 257 0078 2D       		.byte	0x2d
 258 0079 52000000 		.4byte	0x52
 259 007d 03       		.uleb128 0x3
 260 007e 01       		.byte	0x1
 261 007f 02       		.byte	0x2
 262 0080 E9000000 		.4byte	.LASF11
 263 0084 04       		.uleb128 0x4
 264 0085 1E010000 		.4byte	.LASF12
 265 0089 04       		.byte	0x4
 266 008a 3A       		.byte	0x3a
 267 008b 8F000000 		.4byte	0x8f
 268 008f 05       		.uleb128 0x5
 269 0090 72000000 		.4byte	0x72
 270 0094 06       		.uleb128 0x6
 271 0095 040E     		.2byte	0xe04
 272 0097 04       		.byte	0x4
 273 0098 6A       		.byte	0x6a
 274 0099 43010000 		.4byte	0x143
 275 009d 07       		.uleb128 0x7
 276 009e 6E020000 		.4byte	.LASF13
 277 00a2 04       		.byte	0x4
 278 00a3 6B       		.byte	0x6b
 279 00a4 5A010000 		.4byte	0x15a
 280 00a8 00       		.byte	0
 281 00a9 07       		.uleb128 0x7
 282 00aa 34010000 		.4byte	.LASF14
 283 00ae 04       		.byte	0x4
ARM GAS  /tmp/cc2un8mD.s 			page 6


 284 00af 6C       		.byte	0x6c
 285 00b0 6F010000 		.4byte	0x16f
 286 00b4 20       		.byte	0x20
 287 00b5 07       		.uleb128 0x7
 288 00b6 19010000 		.4byte	.LASF15
 289 00ba 04       		.byte	0x4
 290 00bb 6D       		.byte	0x6d
 291 00bc 74010000 		.4byte	0x174
 292 00c0 80       		.byte	0x80
 293 00c1 07       		.uleb128 0x7
 294 00c2 3C010000 		.4byte	.LASF16
 295 00c6 04       		.byte	0x4
 296 00c7 6E       		.byte	0x6e
 297 00c8 79010000 		.4byte	0x179
 298 00cc A0       		.byte	0xa0
 299 00cd 08       		.uleb128 0x8
 300 00ce B6010000 		.4byte	.LASF17
 301 00d2 04       		.byte	0x4
 302 00d3 6F       		.byte	0x6f
 303 00d4 7E010000 		.4byte	0x17e
 304 00d8 0001     		.2byte	0x100
 305 00da 08       		.uleb128 0x8
 306 00db 44010000 		.4byte	.LASF18
 307 00df 04       		.byte	0x4
 308 00e0 70       		.byte	0x70
 309 00e1 83010000 		.4byte	0x183
 310 00e5 2001     		.2byte	0x120
 311 00e7 08       		.uleb128 0x8
 312 00e8 05000000 		.4byte	.LASF19
 313 00ec 04       		.byte	0x4
 314 00ed 71       		.byte	0x71
 315 00ee 88010000 		.4byte	0x188
 316 00f2 8001     		.2byte	0x180
 317 00f4 08       		.uleb128 0x8
 318 00f5 4C010000 		.4byte	.LASF20
 319 00f9 04       		.byte	0x4
 320 00fa 72       		.byte	0x72
 321 00fb 8D010000 		.4byte	0x18d
 322 00ff A001     		.2byte	0x1a0
 323 0101 08       		.uleb128 0x8
 324 0102 C4020000 		.4byte	.LASF21
 325 0106 04       		.byte	0x4
 326 0107 73       		.byte	0x73
 327 0108 92010000 		.4byte	0x192
 328 010c 0002     		.2byte	0x200
 329 010e 08       		.uleb128 0x8
 330 010f 54010000 		.4byte	.LASF22
 331 0113 04       		.byte	0x4
 332 0114 74       		.byte	0x74
 333 0115 A7010000 		.4byte	0x1a7
 334 0119 2002     		.2byte	0x220
 335 011b 09       		.uleb128 0x9
 336 011c 49505200 		.ascii	"IPR\000"
 337 0120 04       		.byte	0x4
 338 0121 75       		.byte	0x75
 339 0122 BC010000 		.4byte	0x1bc
 340 0126 0003     		.2byte	0x300
ARM GAS  /tmp/cc2un8mD.s 			page 7


 341 0128 08       		.uleb128 0x8
 342 0129 5C010000 		.4byte	.LASF23
 343 012d 04       		.byte	0x4
 344 012e 76       		.byte	0x76
 345 012f D2010000 		.4byte	0x1d2
 346 0133 F003     		.2byte	0x3f0
 347 0135 08       		.uleb128 0x8
 348 0136 99010000 		.4byte	.LASF24
 349 013a 04       		.byte	0x4
 350 013b 77       		.byte	0x77
 351 013c 84000000 		.4byte	0x84
 352 0140 000E     		.2byte	0xe00
 353 0142 00       		.byte	0
 354 0143 0A       		.uleb128 0xa
 355 0144 84000000 		.4byte	0x84
 356 0148 53010000 		.4byte	0x153
 357 014c 0B       		.uleb128 0xb
 358 014d 53010000 		.4byte	0x153
 359 0151 07       		.byte	0x7
 360 0152 00       		.byte	0
 361 0153 03       		.uleb128 0x3
 362 0154 04       		.byte	0x4
 363 0155 07       		.byte	0x7
 364 0156 4C020000 		.4byte	.LASF25
 365 015a 05       		.uleb128 0x5
 366 015b 43010000 		.4byte	0x143
 367 015f 0A       		.uleb128 0xa
 368 0160 84000000 		.4byte	0x84
 369 0164 6F010000 		.4byte	0x16f
 370 0168 0B       		.uleb128 0xb
 371 0169 53010000 		.4byte	0x153
 372 016d 17       		.byte	0x17
 373 016e 00       		.byte	0
 374 016f 05       		.uleb128 0x5
 375 0170 5F010000 		.4byte	0x15f
 376 0174 05       		.uleb128 0x5
 377 0175 43010000 		.4byte	0x143
 378 0179 05       		.uleb128 0x5
 379 017a 5F010000 		.4byte	0x15f
 380 017e 05       		.uleb128 0x5
 381 017f 43010000 		.4byte	0x143
 382 0183 05       		.uleb128 0x5
 383 0184 5F010000 		.4byte	0x15f
 384 0188 05       		.uleb128 0x5
 385 0189 43010000 		.4byte	0x143
 386 018d 05       		.uleb128 0x5
 387 018e 5F010000 		.4byte	0x15f
 388 0192 05       		.uleb128 0x5
 389 0193 43010000 		.4byte	0x143
 390 0197 0A       		.uleb128 0xa
 391 0198 84000000 		.4byte	0x84
 392 019c A7010000 		.4byte	0x1a7
 393 01a0 0B       		.uleb128 0xb
 394 01a1 53010000 		.4byte	0x153
 395 01a5 37       		.byte	0x37
 396 01a6 00       		.byte	0
 397 01a7 05       		.uleb128 0x5
ARM GAS  /tmp/cc2un8mD.s 			page 8


 398 01a8 97010000 		.4byte	0x197
 399 01ac 0A       		.uleb128 0xa
 400 01ad 84000000 		.4byte	0x84
 401 01b1 BC010000 		.4byte	0x1bc
 402 01b5 0B       		.uleb128 0xb
 403 01b6 53010000 		.4byte	0x153
 404 01ba 3B       		.byte	0x3b
 405 01bb 00       		.byte	0
 406 01bc 05       		.uleb128 0x5
 407 01bd AC010000 		.4byte	0x1ac
 408 01c1 0A       		.uleb128 0xa
 409 01c2 84000000 		.4byte	0x84
 410 01c6 D2010000 		.4byte	0x1d2
 411 01ca 0C       		.uleb128 0xc
 412 01cb 53010000 		.4byte	0x153
 413 01cf 8302     		.2byte	0x283
 414 01d1 00       		.byte	0
 415 01d2 05       		.uleb128 0x5
 416 01d3 C1010000 		.4byte	0x1c1
 417 01d7 04       		.uleb128 0x4
 418 01d8 01010000 		.4byte	.LASF26
 419 01dc 04       		.byte	0x4
 420 01dd 78       		.byte	0x78
 421 01de 94000000 		.4byte	0x94
 422 01e2 0D       		.uleb128 0xd
 423 01e3 8C       		.byte	0x8c
 424 01e4 04       		.byte	0x4
 425 01e5 89       		.byte	0x89
 426 01e6 E7020000 		.4byte	0x2e7
 427 01ea 07       		.uleb128 0x7
 428 01eb 63020000 		.4byte	.LASF27
 429 01ef 04       		.byte	0x4
 430 01f0 8A       		.byte	0x8a
 431 01f1 84000000 		.4byte	0x84
 432 01f5 00       		.byte	0
 433 01f6 07       		.uleb128 0x7
 434 01f7 D7010000 		.4byte	.LASF28
 435 01fb 04       		.byte	0x4
 436 01fc 8B       		.byte	0x8b
 437 01fd 84000000 		.4byte	0x84
 438 0201 04       		.byte	0x4
 439 0202 07       		.uleb128 0x7
 440 0203 0A010000 		.4byte	.LASF29
 441 0207 04       		.byte	0x4
 442 0208 8C       		.byte	0x8c
 443 0209 84000000 		.4byte	0x84
 444 020d 08       		.byte	0x8
 445 020e 07       		.uleb128 0x7
 446 020f 39020000 		.4byte	.LASF30
 447 0213 04       		.byte	0x4
 448 0214 8D       		.byte	0x8d
 449 0215 84000000 		.4byte	0x84
 450 0219 0C       		.byte	0xc
 451 021a 0E       		.uleb128 0xe
 452 021b 53435200 		.ascii	"SCR\000"
 453 021f 04       		.byte	0x4
 454 0220 8E       		.byte	0x8e
ARM GAS  /tmp/cc2un8mD.s 			page 9


 455 0221 84000000 		.4byte	0x84
 456 0225 10       		.byte	0x10
 457 0226 0E       		.uleb128 0xe
 458 0227 43435200 		.ascii	"CCR\000"
 459 022b 04       		.byte	0x4
 460 022c 8F       		.byte	0x8f
 461 022d 84000000 		.4byte	0x84
 462 0231 14       		.byte	0x14
 463 0232 07       		.uleb128 0x7
 464 0233 96020000 		.4byte	.LASF31
 465 0237 04       		.byte	0x4
 466 0238 90       		.byte	0x90
 467 0239 F7020000 		.4byte	0x2f7
 468 023d 18       		.byte	0x18
 469 023e 07       		.uleb128 0x7
 470 023f 7E020000 		.4byte	.LASF32
 471 0243 04       		.byte	0x4
 472 0244 91       		.byte	0x91
 473 0245 84000000 		.4byte	0x84
 474 0249 24       		.byte	0x24
 475 024a 07       		.uleb128 0x7
 476 024b 77010000 		.4byte	.LASF33
 477 024f 04       		.byte	0x4
 478 0250 92       		.byte	0x92
 479 0251 84000000 		.4byte	0x84
 480 0255 28       		.byte	0x28
 481 0256 07       		.uleb128 0x7
 482 0257 7C010000 		.4byte	.LASF34
 483 025b 04       		.byte	0x4
 484 025c 93       		.byte	0x93
 485 025d 84000000 		.4byte	0x84
 486 0261 2C       		.byte	0x2c
 487 0262 07       		.uleb128 0x7
 488 0263 BB010000 		.4byte	.LASF35
 489 0267 04       		.byte	0x4
 490 0268 94       		.byte	0x94
 491 0269 84000000 		.4byte	0x84
 492 026d 30       		.byte	0x30
 493 026e 07       		.uleb128 0x7
 494 026f 78020000 		.4byte	.LASF36
 495 0273 04       		.byte	0x4
 496 0274 95       		.byte	0x95
 497 0275 84000000 		.4byte	0x84
 498 0279 34       		.byte	0x34
 499 027a 07       		.uleb128 0x7
 500 027b 3F020000 		.4byte	.LASF37
 501 027f 04       		.byte	0x4
 502 0280 96       		.byte	0x96
 503 0281 84000000 		.4byte	0x84
 504 0285 38       		.byte	0x38
 505 0286 07       		.uleb128 0x7
 506 0287 73020000 		.4byte	.LASF38
 507 028b 04       		.byte	0x4
 508 028c 97       		.byte	0x97
 509 028d 84000000 		.4byte	0x84
 510 0291 3C       		.byte	0x3c
 511 0292 0E       		.uleb128 0xe
ARM GAS  /tmp/cc2un8mD.s 			page 10


 512 0293 50465200 		.ascii	"PFR\000"
 513 0297 04       		.byte	0x4
 514 0298 98       		.byte	0x98
 515 0299 0C030000 		.4byte	0x30c
 516 029d 40       		.byte	0x40
 517 029e 0E       		.uleb128 0xe
 518 029f 44465200 		.ascii	"DFR\000"
 519 02a3 04       		.byte	0x4
 520 02a4 99       		.byte	0x99
 521 02a5 84000000 		.4byte	0x84
 522 02a9 48       		.byte	0x48
 523 02aa 0E       		.uleb128 0xe
 524 02ab 41445200 		.ascii	"ADR\000"
 525 02af 04       		.byte	0x4
 526 02b0 9A       		.byte	0x9a
 527 02b1 84000000 		.4byte	0x84
 528 02b5 4C       		.byte	0x4c
 529 02b6 07       		.uleb128 0x7
 530 02b7 E4000000 		.4byte	.LASF39
 531 02bb 04       		.byte	0x4
 532 02bc 9B       		.byte	0x9b
 533 02bd 21030000 		.4byte	0x321
 534 02c1 50       		.byte	0x50
 535 02c2 0E       		.uleb128 0xe
 536 02c3 53415200 		.ascii	"SAR\000"
 537 02c7 04       		.byte	0x4
 538 02c8 9C       		.byte	0x9c
 539 02c9 36030000 		.4byte	0x336
 540 02cd 60       		.byte	0x60
 541 02ce 07       		.uleb128 0x7
 542 02cf 34010000 		.4byte	.LASF14
 543 02d3 04       		.byte	0x4
 544 02d4 9D       		.byte	0x9d
 545 02d5 3B030000 		.4byte	0x33b
 546 02d9 74       		.byte	0x74
 547 02da 07       		.uleb128 0x7
 548 02db 93010000 		.4byte	.LASF40
 549 02df 04       		.byte	0x4
 550 02e0 9E       		.byte	0x9e
 551 02e1 84000000 		.4byte	0x84
 552 02e5 88       		.byte	0x88
 553 02e6 00       		.byte	0
 554 02e7 0A       		.uleb128 0xa
 555 02e8 84000000 		.4byte	0x84
 556 02ec F7020000 		.4byte	0x2f7
 557 02f0 0B       		.uleb128 0xb
 558 02f1 53010000 		.4byte	0x153
 559 02f5 02       		.byte	0x2
 560 02f6 00       		.byte	0
 561 02f7 05       		.uleb128 0x5
 562 02f8 E7020000 		.4byte	0x2e7
 563 02fc 0A       		.uleb128 0xa
 564 02fd 84000000 		.4byte	0x84
 565 0301 0C030000 		.4byte	0x30c
 566 0305 0B       		.uleb128 0xb
 567 0306 53010000 		.4byte	0x153
 568 030a 01       		.byte	0x1
ARM GAS  /tmp/cc2un8mD.s 			page 11


 569 030b 00       		.byte	0
 570 030c 05       		.uleb128 0x5
 571 030d FC020000 		.4byte	0x2fc
 572 0311 0A       		.uleb128 0xa
 573 0312 84000000 		.4byte	0x84
 574 0316 21030000 		.4byte	0x321
 575 031a 0B       		.uleb128 0xb
 576 031b 53010000 		.4byte	0x153
 577 031f 03       		.byte	0x3
 578 0320 00       		.byte	0
 579 0321 05       		.uleb128 0x5
 580 0322 11030000 		.4byte	0x311
 581 0326 0A       		.uleb128 0xa
 582 0327 84000000 		.4byte	0x84
 583 032b 36030000 		.4byte	0x336
 584 032f 0B       		.uleb128 0xb
 585 0330 53010000 		.4byte	0x153
 586 0334 04       		.byte	0x4
 587 0335 00       		.byte	0
 588 0336 05       		.uleb128 0x5
 589 0337 26030000 		.4byte	0x326
 590 033b 05       		.uleb128 0x5
 591 033c 26030000 		.4byte	0x326
 592 0340 04       		.uleb128 0x4
 593 0341 31020000 		.4byte	.LASF41
 594 0345 04       		.byte	0x4
 595 0346 9F       		.byte	0x9f
 596 0347 E2010000 		.4byte	0x1e2
 597 034b 03       		.uleb128 0x3
 598 034c 01       		.byte	0x1
 599 034d 08       		.byte	0x8
 600 034e 69020000 		.4byte	.LASF42
 601 0352 0F       		.uleb128 0xf
 602 0353 C9020000 		.4byte	.LASF44
 603 0357 01       		.byte	0x1
 604 0358 2E       		.byte	0x2e
 605 0359 00000000 		.4byte	.LFB7
 606 035d 48000000 		.4byte	.LFE7-.LFB7
 607 0361 01       		.uleb128 0x1
 608 0362 9C       		.byte	0x9c
 609 0363 92030000 		.4byte	0x392
 610 0367 10       		.uleb128 0x10
 611 0368 6E00     		.ascii	"n\000"
 612 036a 01       		.byte	0x1
 613 036b 2E       		.byte	0x2e
 614 036c 72000000 		.4byte	0x72
 615 0370 00000000 		.4byte	.LLST0
 616 0374 11       		.uleb128 0x11
 617 0375 00000000 		.4byte	.LASF43
 618 0379 01       		.byte	0x1
 619 037a 2E       		.byte	0x2e
 620 037b 72000000 		.4byte	0x72
 621 037f 21000000 		.4byte	.LLST1
 622 0383 12       		.uleb128 0x12
 623 0384 736800   		.ascii	"sh\000"
 624 0387 01       		.byte	0x1
 625 0388 2F       		.byte	0x2f
ARM GAS  /tmp/cc2un8mD.s 			page 12


 626 0389 28000000 		.4byte	0x28
 627 038d 42000000 		.4byte	.LLST2
 628 0391 00       		.byte	0
 629 0392 0F       		.uleb128 0xf
 630 0393 EF000000 		.4byte	.LASF45
 631 0397 01       		.byte	0x1
 632 0398 3C       		.byte	0x3c
 633 0399 00000000 		.4byte	.LFB8
 634 039d 40000000 		.4byte	.LFE8-.LFB8
 635 03a1 01       		.uleb128 0x1
 636 03a2 9C       		.byte	0x9c
 637 03a3 C3030000 		.4byte	0x3c3
 638 03a7 10       		.uleb128 0x10
 639 03a8 6E00     		.ascii	"n\000"
 640 03aa 01       		.byte	0x1
 641 03ab 3C       		.byte	0x3c
 642 03ac 72000000 		.4byte	0x72
 643 03b0 89000000 		.4byte	.LLST3
 644 03b4 12       		.uleb128 0x12
 645 03b5 736800   		.ascii	"sh\000"
 646 03b8 01       		.byte	0x1
 647 03b9 3D       		.byte	0x3d
 648 03ba 28000000 		.4byte	0x28
 649 03be AA000000 		.4byte	.LLST4
 650 03c2 00       		.byte	0
 651 03c3 13       		.uleb128 0x13
 652 03c4 A7020000 		.4byte	.LASF49
 653 03c8 01       		.byte	0x1
 654 03c9 4A       		.byte	0x4a
 655 03ca 00000000 		.4byte	.LFB9
 656 03ce 2A000000 		.4byte	.LFE9-.LFB9
 657 03d2 01       		.uleb128 0x1
 658 03d3 9C       		.byte	0x9c
 659 03d4 11       		.uleb128 0x11
 660 03d5 44020000 		.4byte	.LASF46
 661 03d9 01       		.byte	0x1
 662 03da 4A       		.byte	0x4a
 663 03db 72000000 		.4byte	0x72
 664 03df E0000000 		.4byte	.LLST5
 665 03e3 11       		.uleb128 0x11
 666 03e4 00000000 		.4byte	.LASF43
 667 03e8 01       		.byte	0x1
 668 03e9 4A       		.byte	0x4a
 669 03ea 72000000 		.4byte	0x72
 670 03ee 01010000 		.4byte	.LLST6
 671 03f2 12       		.uleb128 0x12
 672 03f3 736800   		.ascii	"sh\000"
 673 03f6 01       		.byte	0x1
 674 03f7 4B       		.byte	0x4b
 675 03f8 28000000 		.4byte	0x28
 676 03fc 22010000 		.4byte	.LLST7
 677 0400 00       		.byte	0
 678 0401 00       		.byte	0
 679              		.section	.debug_abbrev,"",%progbits
 680              	.Ldebug_abbrev0:
 681 0000 01       		.uleb128 0x1
 682 0001 11       		.uleb128 0x11
ARM GAS  /tmp/cc2un8mD.s 			page 13


 683 0002 01       		.byte	0x1
 684 0003 25       		.uleb128 0x25
 685 0004 0E       		.uleb128 0xe
 686 0005 13       		.uleb128 0x13
 687 0006 0B       		.uleb128 0xb
 688 0007 03       		.uleb128 0x3
 689 0008 0E       		.uleb128 0xe
 690 0009 55       		.uleb128 0x55
 691 000a 17       		.uleb128 0x17
 692 000b 11       		.uleb128 0x11
 693 000c 01       		.uleb128 0x1
 694 000d 10       		.uleb128 0x10
 695 000e 17       		.uleb128 0x17
 696 000f 00       		.byte	0
 697 0010 00       		.byte	0
 698 0011 02       		.uleb128 0x2
 699 0012 24       		.uleb128 0x24
 700 0013 00       		.byte	0
 701 0014 0B       		.uleb128 0xb
 702 0015 0B       		.uleb128 0xb
 703 0016 3E       		.uleb128 0x3e
 704 0017 0B       		.uleb128 0xb
 705 0018 03       		.uleb128 0x3
 706 0019 08       		.uleb128 0x8
 707 001a 00       		.byte	0
 708 001b 00       		.byte	0
 709 001c 03       		.uleb128 0x3
 710 001d 24       		.uleb128 0x24
 711 001e 00       		.byte	0
 712 001f 0B       		.uleb128 0xb
 713 0020 0B       		.uleb128 0xb
 714 0021 3E       		.uleb128 0x3e
 715 0022 0B       		.uleb128 0xb
 716 0023 03       		.uleb128 0x3
 717 0024 0E       		.uleb128 0xe
 718 0025 00       		.byte	0
 719 0026 00       		.byte	0
 720 0027 04       		.uleb128 0x4
 721 0028 16       		.uleb128 0x16
 722 0029 00       		.byte	0
 723 002a 03       		.uleb128 0x3
 724 002b 0E       		.uleb128 0xe
 725 002c 3A       		.uleb128 0x3a
 726 002d 0B       		.uleb128 0xb
 727 002e 3B       		.uleb128 0x3b
 728 002f 0B       		.uleb128 0xb
 729 0030 49       		.uleb128 0x49
 730 0031 13       		.uleb128 0x13
 731 0032 00       		.byte	0
 732 0033 00       		.byte	0
 733 0034 05       		.uleb128 0x5
 734 0035 35       		.uleb128 0x35
 735 0036 00       		.byte	0
 736 0037 49       		.uleb128 0x49
 737 0038 13       		.uleb128 0x13
 738 0039 00       		.byte	0
 739 003a 00       		.byte	0
ARM GAS  /tmp/cc2un8mD.s 			page 14


 740 003b 06       		.uleb128 0x6
 741 003c 13       		.uleb128 0x13
 742 003d 01       		.byte	0x1
 743 003e 0B       		.uleb128 0xb
 744 003f 05       		.uleb128 0x5
 745 0040 3A       		.uleb128 0x3a
 746 0041 0B       		.uleb128 0xb
 747 0042 3B       		.uleb128 0x3b
 748 0043 0B       		.uleb128 0xb
 749 0044 01       		.uleb128 0x1
 750 0045 13       		.uleb128 0x13
 751 0046 00       		.byte	0
 752 0047 00       		.byte	0
 753 0048 07       		.uleb128 0x7
 754 0049 0D       		.uleb128 0xd
 755 004a 00       		.byte	0
 756 004b 03       		.uleb128 0x3
 757 004c 0E       		.uleb128 0xe
 758 004d 3A       		.uleb128 0x3a
 759 004e 0B       		.uleb128 0xb
 760 004f 3B       		.uleb128 0x3b
 761 0050 0B       		.uleb128 0xb
 762 0051 49       		.uleb128 0x49
 763 0052 13       		.uleb128 0x13
 764 0053 38       		.uleb128 0x38
 765 0054 0B       		.uleb128 0xb
 766 0055 00       		.byte	0
 767 0056 00       		.byte	0
 768 0057 08       		.uleb128 0x8
 769 0058 0D       		.uleb128 0xd
 770 0059 00       		.byte	0
 771 005a 03       		.uleb128 0x3
 772 005b 0E       		.uleb128 0xe
 773 005c 3A       		.uleb128 0x3a
 774 005d 0B       		.uleb128 0xb
 775 005e 3B       		.uleb128 0x3b
 776 005f 0B       		.uleb128 0xb
 777 0060 49       		.uleb128 0x49
 778 0061 13       		.uleb128 0x13
 779 0062 38       		.uleb128 0x38
 780 0063 05       		.uleb128 0x5
 781 0064 00       		.byte	0
 782 0065 00       		.byte	0
 783 0066 09       		.uleb128 0x9
 784 0067 0D       		.uleb128 0xd
 785 0068 00       		.byte	0
 786 0069 03       		.uleb128 0x3
 787 006a 08       		.uleb128 0x8
 788 006b 3A       		.uleb128 0x3a
 789 006c 0B       		.uleb128 0xb
 790 006d 3B       		.uleb128 0x3b
 791 006e 0B       		.uleb128 0xb
 792 006f 49       		.uleb128 0x49
 793 0070 13       		.uleb128 0x13
 794 0071 38       		.uleb128 0x38
 795 0072 05       		.uleb128 0x5
 796 0073 00       		.byte	0
ARM GAS  /tmp/cc2un8mD.s 			page 15


 797 0074 00       		.byte	0
 798 0075 0A       		.uleb128 0xa
 799 0076 01       		.uleb128 0x1
 800 0077 01       		.byte	0x1
 801 0078 49       		.uleb128 0x49
 802 0079 13       		.uleb128 0x13
 803 007a 01       		.uleb128 0x1
 804 007b 13       		.uleb128 0x13
 805 007c 00       		.byte	0
 806 007d 00       		.byte	0
 807 007e 0B       		.uleb128 0xb
 808 007f 21       		.uleb128 0x21
 809 0080 00       		.byte	0
 810 0081 49       		.uleb128 0x49
 811 0082 13       		.uleb128 0x13
 812 0083 2F       		.uleb128 0x2f
 813 0084 0B       		.uleb128 0xb
 814 0085 00       		.byte	0
 815 0086 00       		.byte	0
 816 0087 0C       		.uleb128 0xc
 817 0088 21       		.uleb128 0x21
 818 0089 00       		.byte	0
 819 008a 49       		.uleb128 0x49
 820 008b 13       		.uleb128 0x13
 821 008c 2F       		.uleb128 0x2f
 822 008d 05       		.uleb128 0x5
 823 008e 00       		.byte	0
 824 008f 00       		.byte	0
 825 0090 0D       		.uleb128 0xd
 826 0091 13       		.uleb128 0x13
 827 0092 01       		.byte	0x1
 828 0093 0B       		.uleb128 0xb
 829 0094 0B       		.uleb128 0xb
 830 0095 3A       		.uleb128 0x3a
 831 0096 0B       		.uleb128 0xb
 832 0097 3B       		.uleb128 0x3b
 833 0098 0B       		.uleb128 0xb
 834 0099 01       		.uleb128 0x1
 835 009a 13       		.uleb128 0x13
 836 009b 00       		.byte	0
 837 009c 00       		.byte	0
 838 009d 0E       		.uleb128 0xe
 839 009e 0D       		.uleb128 0xd
 840 009f 00       		.byte	0
 841 00a0 03       		.uleb128 0x3
 842 00a1 08       		.uleb128 0x8
 843 00a2 3A       		.uleb128 0x3a
 844 00a3 0B       		.uleb128 0xb
 845 00a4 3B       		.uleb128 0x3b
 846 00a5 0B       		.uleb128 0xb
 847 00a6 49       		.uleb128 0x49
 848 00a7 13       		.uleb128 0x13
 849 00a8 38       		.uleb128 0x38
 850 00a9 0B       		.uleb128 0xb
 851 00aa 00       		.byte	0
 852 00ab 00       		.byte	0
 853 00ac 0F       		.uleb128 0xf
ARM GAS  /tmp/cc2un8mD.s 			page 16


 854 00ad 2E       		.uleb128 0x2e
 855 00ae 01       		.byte	0x1
 856 00af 3F       		.uleb128 0x3f
 857 00b0 19       		.uleb128 0x19
 858 00b1 03       		.uleb128 0x3
 859 00b2 0E       		.uleb128 0xe
 860 00b3 3A       		.uleb128 0x3a
 861 00b4 0B       		.uleb128 0xb
 862 00b5 3B       		.uleb128 0x3b
 863 00b6 0B       		.uleb128 0xb
 864 00b7 27       		.uleb128 0x27
 865 00b8 19       		.uleb128 0x19
 866 00b9 11       		.uleb128 0x11
 867 00ba 01       		.uleb128 0x1
 868 00bb 12       		.uleb128 0x12
 869 00bc 06       		.uleb128 0x6
 870 00bd 40       		.uleb128 0x40
 871 00be 18       		.uleb128 0x18
 872 00bf 9742     		.uleb128 0x2117
 873 00c1 19       		.uleb128 0x19
 874 00c2 01       		.uleb128 0x1
 875 00c3 13       		.uleb128 0x13
 876 00c4 00       		.byte	0
 877 00c5 00       		.byte	0
 878 00c6 10       		.uleb128 0x10
 879 00c7 05       		.uleb128 0x5
 880 00c8 00       		.byte	0
 881 00c9 03       		.uleb128 0x3
 882 00ca 08       		.uleb128 0x8
 883 00cb 3A       		.uleb128 0x3a
 884 00cc 0B       		.uleb128 0xb
 885 00cd 3B       		.uleb128 0x3b
 886 00ce 0B       		.uleb128 0xb
 887 00cf 49       		.uleb128 0x49
 888 00d0 13       		.uleb128 0x13
 889 00d1 02       		.uleb128 0x2
 890 00d2 17       		.uleb128 0x17
 891 00d3 00       		.byte	0
 892 00d4 00       		.byte	0
 893 00d5 11       		.uleb128 0x11
 894 00d6 05       		.uleb128 0x5
 895 00d7 00       		.byte	0
 896 00d8 03       		.uleb128 0x3
 897 00d9 0E       		.uleb128 0xe
 898 00da 3A       		.uleb128 0x3a
 899 00db 0B       		.uleb128 0xb
 900 00dc 3B       		.uleb128 0x3b
 901 00dd 0B       		.uleb128 0xb
 902 00de 49       		.uleb128 0x49
 903 00df 13       		.uleb128 0x13
 904 00e0 02       		.uleb128 0x2
 905 00e1 17       		.uleb128 0x17
 906 00e2 00       		.byte	0
 907 00e3 00       		.byte	0
 908 00e4 12       		.uleb128 0x12
 909 00e5 34       		.uleb128 0x34
 910 00e6 00       		.byte	0
ARM GAS  /tmp/cc2un8mD.s 			page 17


 911 00e7 03       		.uleb128 0x3
 912 00e8 08       		.uleb128 0x8
 913 00e9 3A       		.uleb128 0x3a
 914 00ea 0B       		.uleb128 0xb
 915 00eb 3B       		.uleb128 0x3b
 916 00ec 0B       		.uleb128 0xb
 917 00ed 49       		.uleb128 0x49
 918 00ee 13       		.uleb128 0x13
 919 00ef 02       		.uleb128 0x2
 920 00f0 17       		.uleb128 0x17
 921 00f1 00       		.byte	0
 922 00f2 00       		.byte	0
 923 00f3 13       		.uleb128 0x13
 924 00f4 2E       		.uleb128 0x2e
 925 00f5 01       		.byte	0x1
 926 00f6 3F       		.uleb128 0x3f
 927 00f7 19       		.uleb128 0x19
 928 00f8 03       		.uleb128 0x3
 929 00f9 0E       		.uleb128 0xe
 930 00fa 3A       		.uleb128 0x3a
 931 00fb 0B       		.uleb128 0xb
 932 00fc 3B       		.uleb128 0x3b
 933 00fd 0B       		.uleb128 0xb
 934 00fe 27       		.uleb128 0x27
 935 00ff 19       		.uleb128 0x19
 936 0100 11       		.uleb128 0x11
 937 0101 01       		.uleb128 0x1
 938 0102 12       		.uleb128 0x12
 939 0103 06       		.uleb128 0x6
 940 0104 40       		.uleb128 0x40
 941 0105 18       		.uleb128 0x18
 942 0106 9742     		.uleb128 0x2117
 943 0108 19       		.uleb128 0x19
 944 0109 00       		.byte	0
 945 010a 00       		.byte	0
 946 010b 00       		.byte	0
 947              		.section	.debug_loc,"",%progbits
 948              	.Ldebug_loc0:
 949              	.LLST0:
 950 0000 00000000 		.4byte	.LVL0
 951 0004 34000000 		.4byte	.LVL4
 952 0008 0100     		.2byte	0x1
 953 000a 50       		.byte	0x50
 954 000b 34000000 		.4byte	.LVL4
 955 000f 48000000 		.4byte	.LFE7
 956 0013 0400     		.2byte	0x4
 957 0015 F3       		.byte	0xf3
 958 0016 01       		.uleb128 0x1
 959 0017 50       		.byte	0x50
 960 0018 9F       		.byte	0x9f
 961 0019 00000000 		.4byte	0
 962 001d 00000000 		.4byte	0
 963              	.LLST1:
 964 0021 00000000 		.4byte	.LVL0
 965 0025 26000000 		.4byte	.LVL2
 966 0029 0100     		.2byte	0x1
 967 002b 51       		.byte	0x51
ARM GAS  /tmp/cc2un8mD.s 			page 18


 968 002c 26000000 		.4byte	.LVL2
 969 0030 48000000 		.4byte	.LFE7
 970 0034 0400     		.2byte	0x4
 971 0036 F3       		.byte	0xf3
 972 0037 01       		.uleb128 0x1
 973 0038 51       		.byte	0x51
 974 0039 9F       		.byte	0x9f
 975 003a 00000000 		.4byte	0
 976 003e 00000000 		.4byte	0
 977              	.LLST2:
 978 0042 00000000 		.4byte	.LVL0
 979 0046 1A000000 		.4byte	.LVL1
 980 004a 0700     		.2byte	0x7
 981 004c 70       		.byte	0x70
 982 004d 00       		.sleb128 0
 983 004e 33       		.byte	0x33
 984 004f 1A       		.byte	0x1a
 985 0050 33       		.byte	0x33
 986 0051 24       		.byte	0x24
 987 0052 9F       		.byte	0x9f
 988 0053 1A000000 		.4byte	.LVL1
 989 0057 30000000 		.4byte	.LVL3
 990 005b 0100     		.2byte	0x1
 991 005d 54       		.byte	0x54
 992 005e 30000000 		.4byte	.LVL3
 993 0062 34000000 		.4byte	.LVL4
 994 0066 0700     		.2byte	0x7
 995 0068 70       		.byte	0x70
 996 0069 00       		.sleb128 0
 997 006a 33       		.byte	0x33
 998 006b 1A       		.byte	0x1a
 999 006c 33       		.byte	0x33
 1000 006d 24       		.byte	0x24
 1001 006e 9F       		.byte	0x9f
 1002 006f 34000000 		.4byte	.LVL4
 1003 0073 48000000 		.4byte	.LFE7
 1004 0077 0800     		.2byte	0x8
 1005 0079 F3       		.byte	0xf3
 1006 007a 01       		.uleb128 0x1
 1007 007b 50       		.byte	0x50
 1008 007c 33       		.byte	0x33
 1009 007d 1A       		.byte	0x1a
 1010 007e 33       		.byte	0x33
 1011 007f 24       		.byte	0x24
 1012 0080 9F       		.byte	0x9f
 1013 0081 00000000 		.4byte	0
 1014 0085 00000000 		.4byte	0
 1015              	.LLST3:
 1016 0089 00000000 		.4byte	.LVL5
 1017 008d 24000000 		.4byte	.LVL6
 1018 0091 0100     		.2byte	0x1
 1019 0093 50       		.byte	0x50
 1020 0094 24000000 		.4byte	.LVL6
 1021 0098 40000000 		.4byte	.LFE8
 1022 009c 0400     		.2byte	0x4
 1023 009e F3       		.byte	0xf3
 1024 009f 01       		.uleb128 0x1
ARM GAS  /tmp/cc2un8mD.s 			page 19


 1025 00a0 50       		.byte	0x50
 1026 00a1 9F       		.byte	0x9f
 1027 00a2 00000000 		.4byte	0
 1028 00a6 00000000 		.4byte	0
 1029              	.LLST4:
 1030 00aa 00000000 		.4byte	.LVL5
 1031 00ae 24000000 		.4byte	.LVL6
 1032 00b2 0700     		.2byte	0x7
 1033 00b4 70       		.byte	0x70
 1034 00b5 00       		.sleb128 0
 1035 00b6 33       		.byte	0x33
 1036 00b7 1A       		.byte	0x1a
 1037 00b8 33       		.byte	0x33
 1038 00b9 24       		.byte	0x24
 1039 00ba 9F       		.byte	0x9f
 1040 00bb 24000000 		.4byte	.LVL6
 1041 00bf 2A000000 		.4byte	.LVL7
 1042 00c3 0800     		.2byte	0x8
 1043 00c5 F3       		.byte	0xf3
 1044 00c6 01       		.uleb128 0x1
 1045 00c7 50       		.byte	0x50
 1046 00c8 33       		.byte	0x33
 1047 00c9 1A       		.byte	0x1a
 1048 00ca 33       		.byte	0x33
 1049 00cb 24       		.byte	0x24
 1050 00cc 9F       		.byte	0x9f
 1051 00cd 2A000000 		.4byte	.LVL7
 1052 00d1 40000000 		.4byte	.LFE8
 1053 00d5 0100     		.2byte	0x1
 1054 00d7 50       		.byte	0x50
 1055 00d8 00000000 		.4byte	0
 1056 00dc 00000000 		.4byte	0
 1057              	.LLST5:
 1058 00e0 00000000 		.4byte	.LVL8
 1059 00e4 10000000 		.4byte	.LVL9
 1060 00e8 0100     		.2byte	0x1
 1061 00ea 50       		.byte	0x50
 1062 00eb 10000000 		.4byte	.LVL9
 1063 00ef 2A000000 		.4byte	.LFE9
 1064 00f3 0400     		.2byte	0x4
 1065 00f5 F3       		.byte	0xf3
 1066 00f6 01       		.uleb128 0x1
 1067 00f7 50       		.byte	0x50
 1068 00f8 9F       		.byte	0x9f
 1069 00f9 00000000 		.4byte	0
 1070 00fd 00000000 		.4byte	0
 1071              	.LLST6:
 1072 0101 00000000 		.4byte	.LVL8
 1073 0105 20000000 		.4byte	.LVL11
 1074 0109 0100     		.2byte	0x1
 1075 010b 51       		.byte	0x51
 1076 010c 20000000 		.4byte	.LVL11
 1077 0110 2A000000 		.4byte	.LFE9
 1078 0114 0400     		.2byte	0x4
 1079 0116 F3       		.byte	0xf3
 1080 0117 01       		.uleb128 0x1
 1081 0118 51       		.byte	0x51
ARM GAS  /tmp/cc2un8mD.s 			page 20


 1082 0119 9F       		.byte	0x9f
 1083 011a 00000000 		.4byte	0
 1084 011e 00000000 		.4byte	0
 1085              	.LLST7:
 1086 0122 00000000 		.4byte	.LVL8
 1087 0126 10000000 		.4byte	.LVL9
 1088 012a 0700     		.2byte	0x7
 1089 012c 70       		.byte	0x70
 1090 012d 00       		.sleb128 0
 1091 012e 33       		.byte	0x33
 1092 012f 1A       		.byte	0x1a
 1093 0130 33       		.byte	0x33
 1094 0131 24       		.byte	0x24
 1095 0132 9F       		.byte	0x9f
 1096 0133 10000000 		.4byte	.LVL9
 1097 0137 14000000 		.4byte	.LVL10
 1098 013b 0800     		.2byte	0x8
 1099 013d F3       		.byte	0xf3
 1100 013e 01       		.uleb128 0x1
 1101 013f 50       		.byte	0x50
 1102 0140 33       		.byte	0x33
 1103 0141 1A       		.byte	0x1a
 1104 0142 33       		.byte	0x33
 1105 0143 24       		.byte	0x24
 1106 0144 9F       		.byte	0x9f
 1107 0145 14000000 		.4byte	.LVL10
 1108 0149 2A000000 		.4byte	.LFE9
 1109 014d 0100     		.2byte	0x1
 1110 014f 50       		.byte	0x50
 1111 0150 00000000 		.4byte	0
 1112 0154 00000000 		.4byte	0
 1113              		.section	.debug_aranges,"",%progbits
 1114 0000 2C000000 		.4byte	0x2c
 1115 0004 0200     		.2byte	0x2
 1116 0006 00000000 		.4byte	.Ldebug_info0
 1117 000a 04       		.byte	0x4
 1118 000b 00       		.byte	0
 1119 000c 0000     		.2byte	0
 1120 000e 0000     		.2byte	0
 1121 0010 00000000 		.4byte	.LFB7
 1122 0014 48000000 		.4byte	.LFE7-.LFB7
 1123 0018 00000000 		.4byte	.LFB8
 1124 001c 40000000 		.4byte	.LFE8-.LFB8
 1125 0020 00000000 		.4byte	.LFB9
 1126 0024 2A000000 		.4byte	.LFE9-.LFB9
 1127 0028 00000000 		.4byte	0
 1128 002c 00000000 		.4byte	0
 1129              		.section	.debug_ranges,"",%progbits
 1130              	.Ldebug_ranges0:
 1131 0000 00000000 		.4byte	.LFB7
 1132 0004 48000000 		.4byte	.LFE7
 1133 0008 00000000 		.4byte	.LFB8
 1134 000c 40000000 		.4byte	.LFE8
 1135 0010 00000000 		.4byte	.LFB9
 1136 0014 2A000000 		.4byte	.LFE9
 1137 0018 00000000 		.4byte	0
 1138 001c 00000000 		.4byte	0
ARM GAS  /tmp/cc2un8mD.s 			page 21


 1139              		.section	.debug_line,"",%progbits
 1140              	.Ldebug_line0:
 1141 0000 23010000 		.section	.debug_str,"MS",%progbits,1
 1141      0200D300 
 1141      00000201 
 1141      FB0E0D00 
 1141      01010101 
 1142              	.LASF43:
 1143 0000 7072696F 		.ascii	"prio\000"
 1143      00
 1144              	.LASF19:
 1145 0005 49435052 		.ascii	"ICPR\000"
 1145      00
 1146              	.LASF47:
 1147 000a 474E5520 		.ascii	"GNU C 4.9.3 20141119 (release) [ARM/embedded-4_9-br"
 1147      4320342E 
 1147      392E3320 
 1147      32303134 
 1147      31313139 
 1148 003d 616E6368 		.ascii	"anch revision 218278] -mcpu=cortex-m4 -mno-thumb-in"
 1148      20726576 
 1148      6973696F 
 1148      6E203231 
 1148      38323738 
 1149 0070 74657277 		.ascii	"terwork -mthumb -ggdb -O2 -fomit-frame-pointer -fal"
 1149      6F726B20 
 1149      2D6D7468 
 1149      756D6220 
 1149      2D676764 
 1150 00a3 69676E2D 		.ascii	"ign-functions=16 -ffunction-sections -fdata-section"
 1150      66756E63 
 1150      74696F6E 
 1150      733D3136 
 1150      202D6666 
 1151 00d6 73202D66 		.ascii	"s -fno-common\000"
 1151      6E6F2D63 
 1151      6F6D6D6F 
 1151      6E00
 1152              	.LASF39:
 1153 00e4 4D4D4652 		.ascii	"MMFR\000"
 1153      00
 1154              	.LASF11:
 1155 00e9 5F426F6F 		.ascii	"_Bool\000"
 1155      6C00
 1156              	.LASF45:
 1157 00ef 6E766963 		.ascii	"nvicDisableVector\000"
 1157      44697361 
 1157      626C6556 
 1157      6563746F 
 1157      7200
 1158              	.LASF26:
 1159 0101 434D785F 		.ascii	"CMx_NVIC\000"
 1159      4E564943 
 1159      00
 1160              	.LASF29:
 1161 010a 56544F52 		.ascii	"VTOR\000"
 1161      00
ARM GAS  /tmp/cc2un8mD.s 			page 22


 1162              	.LASF3:
 1163 010f 73686F72 		.ascii	"short int\000"
 1163      7420696E 
 1163      7400
 1164              	.LASF15:
 1165 0119 49434552 		.ascii	"ICER\000"
 1165      00
 1166              	.LASF12:
 1167 011e 494F5245 		.ascii	"IOREG32\000"
 1167      47333200 
 1168              	.LASF2:
 1169 0126 756E7369 		.ascii	"unsigned char\000"
 1169      676E6564 
 1169      20636861 
 1169      7200
 1170              	.LASF14:
 1171 0134 756E7573 		.ascii	"unused1\000"
 1171      65643100 
 1172              	.LASF16:
 1173 013c 756E7573 		.ascii	"unused2\000"
 1173      65643200 
 1174              	.LASF18:
 1175 0144 756E7573 		.ascii	"unused3\000"
 1175      65643300 
 1176              	.LASF20:
 1177 014c 756E7573 		.ascii	"unused4\000"
 1177      65643400 
 1178              	.LASF22:
 1179 0154 756E7573 		.ascii	"unused5\000"
 1179      65643500 
 1180              	.LASF23:
 1181 015c 756E7573 		.ascii	"unused6\000"
 1181      65643600 
 1182              	.LASF4:
 1183 0164 73686F72 		.ascii	"short unsigned int\000"
 1183      7420756E 
 1183      7369676E 
 1183      65642069 
 1183      6E7400
 1184              	.LASF33:
 1185 0177 43465352 		.ascii	"CFSR\000"
 1185      00
 1186              	.LASF34:
 1187 017c 48465352 		.ascii	"HFSR\000"
 1187      00
 1188              	.LASF6:
 1189 0181 6C6F6E67 		.ascii	"long unsigned int\000"
 1189      20756E73 
 1189      69676E65 
 1189      6420696E 
 1189      7400
 1190              	.LASF40:
 1191 0193 43504143 		.ascii	"CPACR\000"
 1191      5200
 1192              	.LASF24:
 1193 0199 53544952 		.ascii	"STIR\000"
 1193      00
ARM GAS  /tmp/cc2un8mD.s 			page 23


 1194              	.LASF9:
 1195 019e 5F5F7569 		.ascii	"__uint32_t\000"
 1195      6E743332 
 1195      5F7400
 1196              	.LASF0:
 1197 01a9 756E7369 		.ascii	"unsigned int\000"
 1197      676E6564 
 1197      20696E74 
 1197      00
 1198              	.LASF17:
 1199 01b6 49535052 		.ascii	"ISPR\000"
 1199      00
 1200              	.LASF35:
 1201 01bb 44465352 		.ascii	"DFSR\000"
 1201      00
 1202              	.LASF8:
 1203 01c0 6C6F6E67 		.ascii	"long long unsigned int\000"
 1203      206C6F6E 
 1203      6720756E 
 1203      7369676E 
 1203      65642069 
 1204              	.LASF28:
 1205 01d7 49435352 		.ascii	"ICSR\000"
 1205      00
 1206              	.LASF48:
 1207 01dc 2F686F6D 		.ascii	"/home/austin/git/personal/school/motor_control/chib"
 1207      652F6175 
 1207      7374696E 
 1207      2F676974 
 1207      2F706572 
 1208 020f 696F732F 		.ascii	"ios/os/ports/common/ARMCMx/nvic.c\000"
 1208      6F732F70 
 1208      6F727473 
 1208      2F636F6D 
 1208      6D6F6E2F 
 1209              	.LASF41:
 1210 0231 434D785F 		.ascii	"CMx_SCB\000"
 1210      53434200 
 1211              	.LASF30:
 1212 0239 41495243 		.ascii	"AIRCR\000"
 1212      5200
 1213              	.LASF37:
 1214 023f 42464152 		.ascii	"BFAR\000"
 1214      00
 1215              	.LASF46:
 1216 0244 68616E64 		.ascii	"handler\000"
 1216      6C657200 
 1217              	.LASF25:
 1218 024c 73697A65 		.ascii	"sizetype\000"
 1218      74797065 
 1218      00
 1219              	.LASF7:
 1220 0255 6C6F6E67 		.ascii	"long long int\000"
 1220      206C6F6E 
 1220      6720696E 
 1220      7400
 1221              	.LASF27:
ARM GAS  /tmp/cc2un8mD.s 			page 24


 1222 0263 43505549 		.ascii	"CPUID\000"
 1222      4400
 1223              	.LASF42:
 1224 0269 63686172 		.ascii	"char\000"
 1224      00
 1225              	.LASF13:
 1226 026e 49534552 		.ascii	"ISER\000"
 1226      00
 1227              	.LASF38:
 1228 0273 41465352 		.ascii	"AFSR\000"
 1228      00
 1229              	.LASF36:
 1230 0278 4D4D4641 		.ascii	"MMFAR\000"
 1230      5200
 1231              	.LASF32:
 1232 027e 53484353 		.ascii	"SHCSR\000"
 1232      5200
 1233              	.LASF10:
 1234 0284 75696E74 		.ascii	"uint32_t\000"
 1234      33325F74 
 1234      00
 1235              	.LASF5:
 1236 028d 6C6F6E67 		.ascii	"long int\000"
 1236      20696E74 
 1236      00
 1237              	.LASF31:
 1238 0296 53485052 		.ascii	"SHPR\000"
 1238      00
 1239              	.LASF1:
 1240 029b 7369676E 		.ascii	"signed char\000"
 1240      65642063 
 1240      68617200 
 1241              	.LASF49:
 1242 02a7 6E766963 		.ascii	"nvicSetSystemHandlerPriority\000"
 1242      53657453 
 1242      79737465 
 1242      6D48616E 
 1242      646C6572 
 1243              	.LASF21:
 1244 02c4 49414252 		.ascii	"IABR\000"
 1244      00
 1245              	.LASF44:
 1246 02c9 6E766963 		.ascii	"nvicEnableVector\000"
 1246      456E6162 
 1246      6C655665 
 1246      63746F72 
 1246      00
 1247              		.ident	"GCC: (GNU Tools for ARM Embedded Processors) 4.9.3 20141119 (release) [ARM/embedded-4_9-br
ARM GAS  /tmp/cc2un8mD.s 			page 25


DEFINED SYMBOLS
                            *ABS*:0000000000000000 nvic.c
     /tmp/cc2un8mD.s:19     .text.nvicEnableVector:0000000000000000 $t
     /tmp/cc2un8mD.s:25     .text.nvicEnableVector:0000000000000000 nvicEnableVector
     /tmp/cc2un8mD.s:85     .text.nvicDisableVector:0000000000000000 $t
     /tmp/cc2un8mD.s:91     .text.nvicDisableVector:0000000000000000 nvicDisableVector
     /tmp/cc2un8mD.s:138    .text.nvicDisableVector:000000000000003c $d
     /tmp/cc2un8mD.s:143    .text.nvicSetSystemHandlerPriority:0000000000000000 $t
     /tmp/cc2un8mD.s:149    .text.nvicSetSystemHandlerPriority:0000000000000000 nvicSetSystemHandlerPriority
                     .debug_frame:0000000000000010 $d

NO UNDEFINED SYMBOLS
