ARM GAS  /tmp/ccKwKKuB.s 			page 1


   1              		.syntax unified
   2              		.cpu cortex-m4
   3              		.fpu softvfp
   4              		.eabi_attribute 20, 1
   5              		.eabi_attribute 21, 1
   6              		.eabi_attribute 23, 3
   7              		.eabi_attribute 24, 1
   8              		.eabi_attribute 25, 1
   9              		.eabi_attribute 26, 1
  10              		.eabi_attribute 30, 2
  11              		.eabi_attribute 34, 1
  12              		.eabi_attribute 18, 4
  13              		.thumb
  14              		.file	"pal.c"
  15              		.text
  16              	.Ltext0:
  17              		.cfi_sections	.debug_frame
  18              		.section	.text.palReadBus,"ax",%progbits
  19              		.align	2
  20              		.p2align 4,,15
  21              		.global	palReadBus
  22              		.thumb
  23              		.thumb_func
  24              		.type	palReadBus, %function
  25              	palReadBus:
  26              	.LFB118:
  27              		.file 1 "/home/austin/git/personal/school/motor_control/chibios/os/hal/src/pal.c"
  28              		.loc 1 77 0
  29              		.cfi_startproc
  30              		@ args = 0, pretend = 0, frame = 0
  31              		@ frame_needed = 0, uses_anonymous_args = 0
  32              		@ link register save eliminated.
  33              	.LVL0:
  34              		.loc 1 82 0
  35 0000 0368     		ldr	r3, [r0]
  36 0002 8168     		ldr	r1, [r0, #8]
  37 0004 1B69     		ldr	r3, [r3, #16]
  38 0006 4268     		ldr	r2, [r0, #4]
  39 0008 23FA01F0 		lsr	r0, r3, r1
  40              	.LVL1:
  41              		.loc 1 83 0
  42 000c 1040     		ands	r0, r0, r2
  43 000e 7047     		bx	lr
  44              		.cfi_endproc
  45              	.LFE118:
  46              		.size	palReadBus, .-palReadBus
  47              		.section	.text.palWriteBus,"ax",%progbits
  48              		.align	2
  49              		.p2align 4,,15
  50              		.global	palWriteBus
  51              		.thumb
  52              		.thumb_func
  53              		.type	palWriteBus, %function
  54              	palWriteBus:
  55              	.LFB119:
  56              		.loc 1 103 0
  57              		.cfi_startproc
ARM GAS  /tmp/ccKwKKuB.s 			page 2


  58              		@ args = 0, pretend = 0, frame = 0
  59              		@ frame_needed = 0, uses_anonymous_args = 0
  60              		@ link register save eliminated.
  61              	.LVL2:
  62 0000 30B4     		push	{r4, r5}
  63              		.cfi_def_cfa_offset 8
  64              		.cfi_offset 4, -8
  65              		.cfi_offset 5, -4
  66              		.loc 1 108 0
  67 0002 19C8     		ldmia	r0, {r0, r3, r4}
  68              	.LVL3:
  69 0004 23EA0102 		bic	r2, r3, r1
  70 0008 04F11005 		add	r5, r4, #16
  71 000c 0B40     		ands	r3, r3, r1
  72 000e 03FA04F1 		lsl	r1, r3, r4
  73              	.LVL4:
  74 0012 02FA05F3 		lsl	r3, r2, r5
  75 0016 0B43     		orrs	r3, r3, r1
  76 0018 8361     		str	r3, [r0, #24]
  77              		.loc 1 109 0
  78 001a 30BC     		pop	{r4, r5}
  79              		.cfi_restore 5
  80              		.cfi_restore 4
  81              		.cfi_def_cfa_offset 0
  82 001c 7047     		bx	lr
  83              		.cfi_endproc
  84              	.LFE119:
  85              		.size	palWriteBus, .-palWriteBus
  86 001e 00BF     		.section	.text.palSetBusMode,"ax",%progbits
  87              		.align	2
  88              		.p2align 4,,15
  89              		.global	palSetBusMode
  90              		.thumb
  91              		.thumb_func
  92              		.type	palSetBusMode, %function
  93              	palSetBusMode:
  94              	.LFB120:
  95              		.loc 1 127 0
  96              		.cfi_startproc
  97              		@ args = 0, pretend = 0, frame = 0
  98              		@ frame_needed = 0, uses_anonymous_args = 0
  99              		@ link register save eliminated.
 100              	.LVL5:
 101              		.loc 1 127 0
 102 0000 0A46     		mov	r2, r1
 103              		.loc 1 132 0
 104 0002 0BC8     		ldmia	r0, {r0, r1, r3}
 105              	.LVL6:
 106 0004 9940     		lsls	r1, r1, r3
 107 0006 FFF7FEBF 		b	_pal_lld_setgroupmode
 108              	.LVL7:
 109              		.cfi_endproc
 110              	.LFE120:
 111              		.size	palSetBusMode, .-palSetBusMode
 112 000a 00BFAFF3 		.text
 112      0080
 113              	.Letext0:
ARM GAS  /tmp/ccKwKKuB.s 			page 3


 114              		.file 2 "/usr/arm-none-eabi/include/machine/_default_types.h"
 115              		.file 3 "/usr/arm-none-eabi/include/stdint.h"
 116              		.file 4 "/home/austin/git/personal/school/motor_control/chibios/os/hal/platforms/STM32/GPIOv2/pal_
 117              		.file 5 "/home/austin/git/personal/school/motor_control/chibios/os/hal/include/pal.h"
 118              		.file 6 "/home/austin/git/personal/school/motor_control/chibios/os/ports/common/ARMCMx/CMSIS/inclu
 119              		.section	.debug_info,"",%progbits
 120              	.Ldebug_info0:
 121 0000 C8020000 		.4byte	0x2c8
 122 0004 0400     		.2byte	0x4
 123 0006 00000000 		.4byte	.Ldebug_abbrev0
 124 000a 04       		.byte	0x4
 125 000b 01       		.uleb128 0x1
 126 000c 05000000 		.4byte	.LASF40
 127 0010 01       		.byte	0x1
 128 0011 AF010000 		.4byte	.LASF41
 129 0015 00000000 		.4byte	.Ldebug_ranges0+0
 130 0019 00000000 		.4byte	0
 131 001d 00000000 		.4byte	.Ldebug_line0
 132 0021 02       		.uleb128 0x2
 133 0022 04       		.byte	0x4
 134 0023 05       		.byte	0x5
 135 0024 696E7400 		.ascii	"int\000"
 136 0028 03       		.uleb128 0x3
 137 0029 04       		.byte	0x4
 138 002a 07       		.byte	0x7
 139 002b 20020000 		.4byte	.LASF0
 140 002f 03       		.uleb128 0x3
 141 0030 01       		.byte	0x1
 142 0031 06       		.byte	0x6
 143 0032 A0020000 		.4byte	.LASF1
 144 0036 03       		.uleb128 0x3
 145 0037 01       		.byte	0x1
 146 0038 08       		.byte	0x8
 147 0039 5A010000 		.4byte	.LASF2
 148 003d 03       		.uleb128 0x3
 149 003e 02       		.byte	0x2
 150 003f 05       		.byte	0x5
 151 0040 1E010000 		.4byte	.LASF3
 152 0044 04       		.uleb128 0x4
 153 0045 A4010000 		.4byte	.LASF5
 154 0049 02       		.byte	0x2
 155 004a 2B       		.byte	0x2b
 156 004b 4F000000 		.4byte	0x4f
 157 004f 03       		.uleb128 0x3
 158 0050 02       		.byte	0x2
 159 0051 07       		.byte	0x7
 160 0052 7F010000 		.4byte	.LASF4
 161 0056 04       		.uleb128 0x4
 162 0057 F6000000 		.4byte	.LASF6
 163 005b 02       		.byte	0x2
 164 005c 3F       		.byte	0x3f
 165 005d 61000000 		.4byte	0x61
 166 0061 03       		.uleb128 0x3
 167 0062 04       		.byte	0x4
 168 0063 05       		.byte	0x5
 169 0064 97020000 		.4byte	.LASF7
 170 0068 04       		.uleb128 0x4
ARM GAS  /tmp/ccKwKKuB.s 			page 4


 171 0069 F7010000 		.4byte	.LASF8
 172 006d 02       		.byte	0x2
 173 006e 41       		.byte	0x41
 174 006f 73000000 		.4byte	0x73
 175 0073 03       		.uleb128 0x3
 176 0074 04       		.byte	0x4
 177 0075 07       		.byte	0x7
 178 0076 6D010000 		.4byte	.LASF9
 179 007a 03       		.uleb128 0x3
 180 007b 08       		.byte	0x8
 181 007c 05       		.byte	0x5
 182 007d 5B020000 		.4byte	.LASF10
 183 0081 03       		.uleb128 0x3
 184 0082 08       		.byte	0x8
 185 0083 07       		.byte	0x7
 186 0084 B2020000 		.4byte	.LASF11
 187 0088 04       		.uleb128 0x4
 188 0089 85020000 		.4byte	.LASF12
 189 008d 03       		.byte	0x3
 190 008e 21       		.byte	0x21
 191 008f 44000000 		.4byte	0x44
 192 0093 04       		.uleb128 0x4
 193 0094 44020000 		.4byte	.LASF13
 194 0098 03       		.byte	0x3
 195 0099 2C       		.byte	0x2c
 196 009a 56000000 		.4byte	0x56
 197 009e 04       		.uleb128 0x4
 198 009f 8E020000 		.4byte	.LASF14
 199 00a3 03       		.byte	0x3
 200 00a4 2D       		.byte	0x2d
 201 00a5 68000000 		.4byte	0x68
 202 00a9 04       		.uleb128 0x4
 203 00aa 00010000 		.4byte	.LASF15
 204 00ae 03       		.byte	0x3
 205 00af 4B       		.byte	0x4b
 206 00b0 28000000 		.4byte	0x28
 207 00b4 03       		.uleb128 0x3
 208 00b5 01       		.byte	0x1
 209 00b6 02       		.byte	0x2
 210 00b7 AC020000 		.4byte	.LASF16
 211 00bb 05       		.uleb128 0x5
 212 00bc 9E000000 		.4byte	0x9e
 213 00c0 03       		.uleb128 0x3
 214 00c1 04       		.byte	0x4
 215 00c2 07       		.byte	0x7
 216 00c3 4C020000 		.4byte	.LASF17
 217 00c7 03       		.uleb128 0x3
 218 00c8 01       		.byte	0x1
 219 00c9 08       		.byte	0x8
 220 00ca 3A020000 		.4byte	.LASF18
 221 00ce 05       		.uleb128 0x5
 222 00cf 93000000 		.4byte	0x93
 223 00d3 06       		.uleb128 0x6
 224 00d4 04       		.byte	0x4
 225 00d5 04       		.byte	0x4
 226 00d6 96       		.byte	0x96
 227 00d7 F4000000 		.4byte	0xf4
ARM GAS  /tmp/ccKwKKuB.s 			page 5


 228 00db 07       		.uleb128 0x7
 229 00dc 73657400 		.ascii	"set\000"
 230 00e0 04       		.byte	0x4
 231 00e1 97       		.byte	0x97
 232 00e2 88000000 		.4byte	0x88
 233 00e6 00       		.byte	0
 234 00e7 08       		.uleb128 0x8
 235 00e8 DF000000 		.4byte	.LASF19
 236 00ec 04       		.byte	0x4
 237 00ed 98       		.byte	0x98
 238 00ee 88000000 		.4byte	0x88
 239 00f2 02       		.byte	0x2
 240 00f3 00       		.byte	0
 241 00f4 09       		.uleb128 0x9
 242 00f5 04       		.byte	0x4
 243 00f6 04       		.byte	0x4
 244 00f7 94       		.byte	0x94
 245 00f8 0F010000 		.4byte	0x10f
 246 00fc 0A       		.uleb128 0xa
 247 00fd 5700     		.ascii	"W\000"
 248 00ff 04       		.byte	0x4
 249 0100 95       		.byte	0x95
 250 0101 9E000000 		.4byte	0x9e
 251 0105 0A       		.uleb128 0xa
 252 0106 4800     		.ascii	"H\000"
 253 0108 04       		.byte	0x4
 254 0109 99       		.byte	0x99
 255 010a D3000000 		.4byte	0xd3
 256 010e 00       		.byte	0
 257 010f 06       		.uleb128 0x6
 258 0110 28       		.byte	0x28
 259 0111 04       		.byte	0x4
 260 0112 8C       		.byte	0x8c
 261 0113 90010000 		.4byte	0x190
 262 0117 08       		.uleb128 0x8
 263 0118 E5000000 		.4byte	.LASF20
 264 011c 04       		.byte	0x4
 265 011d 8E       		.byte	0x8e
 266 011e BB000000 		.4byte	0xbb
 267 0122 00       		.byte	0
 268 0123 08       		.uleb128 0x8
 269 0124 4A010000 		.4byte	.LASF21
 270 0128 04       		.byte	0x4
 271 0129 8F       		.byte	0x8f
 272 012a BB000000 		.4byte	0xbb
 273 012e 04       		.byte	0x4
 274 012f 08       		.uleb128 0x8
 275 0130 02020000 		.4byte	.LASF22
 276 0134 04       		.byte	0x4
 277 0135 90       		.byte	0x90
 278 0136 BB000000 		.4byte	0xbb
 279 013a 08       		.byte	0x8
 280 013b 08       		.uleb128 0x8
 281 013c 55020000 		.4byte	.LASF23
 282 0140 04       		.byte	0x4
 283 0141 91       		.byte	0x91
 284 0142 BB000000 		.4byte	0xbb
ARM GAS  /tmp/ccKwKKuB.s 			page 6


 285 0146 0C       		.byte	0xc
 286 0147 07       		.uleb128 0x7
 287 0148 49445200 		.ascii	"IDR\000"
 288 014c 04       		.byte	0x4
 289 014d 92       		.byte	0x92
 290 014e BB000000 		.4byte	0xbb
 291 0152 10       		.byte	0x10
 292 0153 07       		.uleb128 0x7
 293 0154 4F445200 		.ascii	"ODR\000"
 294 0158 04       		.byte	0x4
 295 0159 93       		.byte	0x93
 296 015a BB000000 		.4byte	0xbb
 297 015e 14       		.byte	0x14
 298 015f 08       		.uleb128 0x8
 299 0160 0D010000 		.4byte	.LASF24
 300 0164 04       		.byte	0x4
 301 0165 9A       		.byte	0x9a
 302 0166 90010000 		.4byte	0x190
 303 016a 18       		.byte	0x18
 304 016b 08       		.uleb128 0x8
 305 016c 00000000 		.4byte	.LASF25
 306 0170 04       		.byte	0x4
 307 0171 9B       		.byte	0x9b
 308 0172 BB000000 		.4byte	0xbb
 309 0176 1C       		.byte	0x1c
 310 0177 08       		.uleb128 0x8
 311 0178 92010000 		.4byte	.LASF26
 312 017c 04       		.byte	0x4
 313 017d 9C       		.byte	0x9c
 314 017e BB000000 		.4byte	0xbb
 315 0182 20       		.byte	0x20
 316 0183 08       		.uleb128 0x8
 317 0184 68010000 		.4byte	.LASF27
 318 0188 04       		.byte	0x4
 319 0189 9D       		.byte	0x9d
 320 018a BB000000 		.4byte	0xbb
 321 018e 24       		.byte	0x24
 322 018f 00       		.byte	0
 323 0190 05       		.uleb128 0x5
 324 0191 F4000000 		.4byte	0xf4
 325 0195 04       		.uleb128 0x4
 326 0196 2D020000 		.4byte	.LASF28
 327 019a 04       		.byte	0x4
 328 019b 9E       		.byte	0x9e
 329 019c 0F010000 		.4byte	0x10f
 330 01a0 04       		.uleb128 0x4
 331 01a1 3D010000 		.4byte	.LASF29
 332 01a5 04       		.byte	0x4
 333 01a6 F0       		.byte	0xf0
 334 01a7 9E000000 		.4byte	0x9e
 335 01ab 04       		.uleb128 0x4
 336 01ac 51010000 		.4byte	.LASF30
 337 01b0 04       		.byte	0x4
 338 01b1 F5       		.byte	0xf5
 339 01b2 9E000000 		.4byte	0x9e
 340 01b6 04       		.uleb128 0x4
 341 01b7 7A020000 		.4byte	.LASF31
ARM GAS  /tmp/ccKwKKuB.s 			page 7


 342 01bb 04       		.byte	0x4
 343 01bc FD       		.byte	0xfd
 344 01bd C1010000 		.4byte	0x1c1
 345 01c1 0B       		.uleb128 0xb
 346 01c2 04       		.byte	0x4
 347 01c3 95010000 		.4byte	0x195
 348 01c7 06       		.uleb128 0x6
 349 01c8 0C       		.byte	0xc
 350 01c9 05       		.byte	0x5
 351 01ca 85       		.byte	0x85
 352 01cb F4010000 		.4byte	0x1f4
 353 01cf 08       		.uleb128 0x8
 354 01d0 36010000 		.4byte	.LASF32
 355 01d4 05       		.byte	0x5
 356 01d5 89       		.byte	0x89
 357 01d6 B6010000 		.4byte	0x1b6
 358 01da 00       		.byte	0
 359 01db 08       		.uleb128 0x8
 360 01dc 69020000 		.4byte	.LASF33
 361 01e0 05       		.byte	0x5
 362 01e1 8F       		.byte	0x8f
 363 01e2 A0010000 		.4byte	0x1a0
 364 01e6 04       		.byte	0x4
 365 01e7 08       		.uleb128 0x8
 366 01e8 73020000 		.4byte	.LASF34
 367 01ec 05       		.byte	0x5
 368 01ed 93       		.byte	0x93
 369 01ee A9000000 		.4byte	0xa9
 370 01f2 08       		.byte	0x8
 371 01f3 00       		.byte	0
 372 01f4 04       		.uleb128 0x4
 373 01f5 C9020000 		.4byte	.LASF35
 374 01f9 05       		.byte	0x5
 375 01fa 94       		.byte	0x94
 376 01fb C7010000 		.4byte	0x1c7
 377 01ff 0C       		.uleb128 0xc
 378 0200 EB000000 		.4byte	.LASF42
 379 0204 01       		.byte	0x1
 380 0205 4D       		.byte	0x4d
 381 0206 A0010000 		.4byte	0x1a0
 382 020a 00000000 		.4byte	.LFB118
 383 020e 10000000 		.4byte	.LFE118-.LFB118
 384 0212 01       		.uleb128 0x1
 385 0213 9C       		.byte	0x9c
 386 0214 28020000 		.4byte	0x228
 387 0218 0D       		.uleb128 0xd
 388 0219 62757300 		.ascii	"bus\000"
 389 021d 01       		.byte	0x1
 390 021e 4D       		.byte	0x4d
 391 021f 28020000 		.4byte	0x228
 392 0223 00000000 		.4byte	.LLST0
 393 0227 00       		.byte	0
 394 0228 0B       		.uleb128 0xb
 395 0229 04       		.byte	0x4
 396 022a F4010000 		.4byte	0x1f4
 397 022e 0E       		.uleb128 0xe
 398 022f 12010000 		.4byte	.LASF37
ARM GAS  /tmp/ccKwKKuB.s 			page 8


 399 0233 01       		.byte	0x1
 400 0234 67       		.byte	0x67
 401 0235 00000000 		.4byte	.LFB119
 402 0239 1E000000 		.4byte	.LFE119-.LFB119
 403 023d 01       		.uleb128 0x1
 404 023e 9C       		.byte	0x9c
 405 023f 62020000 		.4byte	0x262
 406 0243 0D       		.uleb128 0xd
 407 0244 62757300 		.ascii	"bus\000"
 408 0248 01       		.byte	0x1
 409 0249 67       		.byte	0x67
 410 024a 28020000 		.4byte	0x228
 411 024e 21000000 		.4byte	.LLST1
 412 0252 0F       		.uleb128 0xf
 413 0253 6E020000 		.4byte	.LASF36
 414 0257 01       		.byte	0x1
 415 0258 67       		.byte	0x67
 416 0259 A0010000 		.4byte	0x1a0
 417 025d 42000000 		.4byte	.LLST2
 418 0261 00       		.byte	0
 419 0262 0E       		.uleb128 0xe
 420 0263 28010000 		.4byte	.LASF38
 421 0267 01       		.byte	0x1
 422 0268 7F       		.byte	0x7f
 423 0269 00000000 		.4byte	.LFB120
 424 026d 0A000000 		.4byte	.LFE120-.LFB120
 425 0271 01       		.uleb128 0x1
 426 0272 9C       		.byte	0x9c
 427 0273 A7020000 		.4byte	0x2a7
 428 0277 0D       		.uleb128 0xd
 429 0278 62757300 		.ascii	"bus\000"
 430 027c 01       		.byte	0x1
 431 027d 7F       		.byte	0x7f
 432 027e 28020000 		.4byte	0x228
 433 0282 63000000 		.4byte	.LLST3
 434 0286 0F       		.uleb128 0xf
 435 0287 3F020000 		.4byte	.LASF39
 436 028b 01       		.byte	0x1
 437 028c 7F       		.byte	0x7f
 438 028d AB010000 		.4byte	0x1ab
 439 0291 84000000 		.4byte	.LLST4
 440 0295 10       		.uleb128 0x10
 441 0296 0A000000 		.4byte	.LVL7
 442 029a B3020000 		.4byte	0x2b3
 443 029e 11       		.uleb128 0x11
 444 029f 01       		.uleb128 0x1
 445 02a0 52       		.byte	0x52
 446 02a1 03       		.uleb128 0x3
 447 02a2 F3       		.byte	0xf3
 448 02a3 01       		.uleb128 0x1
 449 02a4 51       		.byte	0x51
 450 02a5 00       		.byte	0
 451 02a6 00       		.byte	0
 452 02a7 12       		.uleb128 0x12
 453 02a8 97010000 		.4byte	.LASF43
 454 02ac 06       		.byte	0x6
 455 02ad 9806     		.2byte	0x698
ARM GAS  /tmp/ccKwKKuB.s 			page 9


 456 02af CE000000 		.4byte	0xce
 457 02b3 13       		.uleb128 0x13
 458 02b4 0A020000 		.4byte	.LASF44
 459 02b8 04       		.byte	0x4
 460 02b9 C201     		.2byte	0x1c2
 461 02bb 14       		.uleb128 0x14
 462 02bc B6010000 		.4byte	0x1b6
 463 02c0 14       		.uleb128 0x14
 464 02c1 A0010000 		.4byte	0x1a0
 465 02c5 14       		.uleb128 0x14
 466 02c6 AB010000 		.4byte	0x1ab
 467 02ca 00       		.byte	0
 468 02cb 00       		.byte	0
 469              		.section	.debug_abbrev,"",%progbits
 470              	.Ldebug_abbrev0:
 471 0000 01       		.uleb128 0x1
 472 0001 11       		.uleb128 0x11
 473 0002 01       		.byte	0x1
 474 0003 25       		.uleb128 0x25
 475 0004 0E       		.uleb128 0xe
 476 0005 13       		.uleb128 0x13
 477 0006 0B       		.uleb128 0xb
 478 0007 03       		.uleb128 0x3
 479 0008 0E       		.uleb128 0xe
 480 0009 55       		.uleb128 0x55
 481 000a 17       		.uleb128 0x17
 482 000b 11       		.uleb128 0x11
 483 000c 01       		.uleb128 0x1
 484 000d 10       		.uleb128 0x10
 485 000e 17       		.uleb128 0x17
 486 000f 00       		.byte	0
 487 0010 00       		.byte	0
 488 0011 02       		.uleb128 0x2
 489 0012 24       		.uleb128 0x24
 490 0013 00       		.byte	0
 491 0014 0B       		.uleb128 0xb
 492 0015 0B       		.uleb128 0xb
 493 0016 3E       		.uleb128 0x3e
 494 0017 0B       		.uleb128 0xb
 495 0018 03       		.uleb128 0x3
 496 0019 08       		.uleb128 0x8
 497 001a 00       		.byte	0
 498 001b 00       		.byte	0
 499 001c 03       		.uleb128 0x3
 500 001d 24       		.uleb128 0x24
 501 001e 00       		.byte	0
 502 001f 0B       		.uleb128 0xb
 503 0020 0B       		.uleb128 0xb
 504 0021 3E       		.uleb128 0x3e
 505 0022 0B       		.uleb128 0xb
 506 0023 03       		.uleb128 0x3
 507 0024 0E       		.uleb128 0xe
 508 0025 00       		.byte	0
 509 0026 00       		.byte	0
 510 0027 04       		.uleb128 0x4
 511 0028 16       		.uleb128 0x16
 512 0029 00       		.byte	0
ARM GAS  /tmp/ccKwKKuB.s 			page 10


 513 002a 03       		.uleb128 0x3
 514 002b 0E       		.uleb128 0xe
 515 002c 3A       		.uleb128 0x3a
 516 002d 0B       		.uleb128 0xb
 517 002e 3B       		.uleb128 0x3b
 518 002f 0B       		.uleb128 0xb
 519 0030 49       		.uleb128 0x49
 520 0031 13       		.uleb128 0x13
 521 0032 00       		.byte	0
 522 0033 00       		.byte	0
 523 0034 05       		.uleb128 0x5
 524 0035 35       		.uleb128 0x35
 525 0036 00       		.byte	0
 526 0037 49       		.uleb128 0x49
 527 0038 13       		.uleb128 0x13
 528 0039 00       		.byte	0
 529 003a 00       		.byte	0
 530 003b 06       		.uleb128 0x6
 531 003c 13       		.uleb128 0x13
 532 003d 01       		.byte	0x1
 533 003e 0B       		.uleb128 0xb
 534 003f 0B       		.uleb128 0xb
 535 0040 3A       		.uleb128 0x3a
 536 0041 0B       		.uleb128 0xb
 537 0042 3B       		.uleb128 0x3b
 538 0043 0B       		.uleb128 0xb
 539 0044 01       		.uleb128 0x1
 540 0045 13       		.uleb128 0x13
 541 0046 00       		.byte	0
 542 0047 00       		.byte	0
 543 0048 07       		.uleb128 0x7
 544 0049 0D       		.uleb128 0xd
 545 004a 00       		.byte	0
 546 004b 03       		.uleb128 0x3
 547 004c 08       		.uleb128 0x8
 548 004d 3A       		.uleb128 0x3a
 549 004e 0B       		.uleb128 0xb
 550 004f 3B       		.uleb128 0x3b
 551 0050 0B       		.uleb128 0xb
 552 0051 49       		.uleb128 0x49
 553 0052 13       		.uleb128 0x13
 554 0053 38       		.uleb128 0x38
 555 0054 0B       		.uleb128 0xb
 556 0055 00       		.byte	0
 557 0056 00       		.byte	0
 558 0057 08       		.uleb128 0x8
 559 0058 0D       		.uleb128 0xd
 560 0059 00       		.byte	0
 561 005a 03       		.uleb128 0x3
 562 005b 0E       		.uleb128 0xe
 563 005c 3A       		.uleb128 0x3a
 564 005d 0B       		.uleb128 0xb
 565 005e 3B       		.uleb128 0x3b
 566 005f 0B       		.uleb128 0xb
 567 0060 49       		.uleb128 0x49
 568 0061 13       		.uleb128 0x13
 569 0062 38       		.uleb128 0x38
ARM GAS  /tmp/ccKwKKuB.s 			page 11


 570 0063 0B       		.uleb128 0xb
 571 0064 00       		.byte	0
 572 0065 00       		.byte	0
 573 0066 09       		.uleb128 0x9
 574 0067 17       		.uleb128 0x17
 575 0068 01       		.byte	0x1
 576 0069 0B       		.uleb128 0xb
 577 006a 0B       		.uleb128 0xb
 578 006b 3A       		.uleb128 0x3a
 579 006c 0B       		.uleb128 0xb
 580 006d 3B       		.uleb128 0x3b
 581 006e 0B       		.uleb128 0xb
 582 006f 01       		.uleb128 0x1
 583 0070 13       		.uleb128 0x13
 584 0071 00       		.byte	0
 585 0072 00       		.byte	0
 586 0073 0A       		.uleb128 0xa
 587 0074 0D       		.uleb128 0xd
 588 0075 00       		.byte	0
 589 0076 03       		.uleb128 0x3
 590 0077 08       		.uleb128 0x8
 591 0078 3A       		.uleb128 0x3a
 592 0079 0B       		.uleb128 0xb
 593 007a 3B       		.uleb128 0x3b
 594 007b 0B       		.uleb128 0xb
 595 007c 49       		.uleb128 0x49
 596 007d 13       		.uleb128 0x13
 597 007e 00       		.byte	0
 598 007f 00       		.byte	0
 599 0080 0B       		.uleb128 0xb
 600 0081 0F       		.uleb128 0xf
 601 0082 00       		.byte	0
 602 0083 0B       		.uleb128 0xb
 603 0084 0B       		.uleb128 0xb
 604 0085 49       		.uleb128 0x49
 605 0086 13       		.uleb128 0x13
 606 0087 00       		.byte	0
 607 0088 00       		.byte	0
 608 0089 0C       		.uleb128 0xc
 609 008a 2E       		.uleb128 0x2e
 610 008b 01       		.byte	0x1
 611 008c 3F       		.uleb128 0x3f
 612 008d 19       		.uleb128 0x19
 613 008e 03       		.uleb128 0x3
 614 008f 0E       		.uleb128 0xe
 615 0090 3A       		.uleb128 0x3a
 616 0091 0B       		.uleb128 0xb
 617 0092 3B       		.uleb128 0x3b
 618 0093 0B       		.uleb128 0xb
 619 0094 27       		.uleb128 0x27
 620 0095 19       		.uleb128 0x19
 621 0096 49       		.uleb128 0x49
 622 0097 13       		.uleb128 0x13
 623 0098 11       		.uleb128 0x11
 624 0099 01       		.uleb128 0x1
 625 009a 12       		.uleb128 0x12
 626 009b 06       		.uleb128 0x6
ARM GAS  /tmp/ccKwKKuB.s 			page 12


 627 009c 40       		.uleb128 0x40
 628 009d 18       		.uleb128 0x18
 629 009e 9742     		.uleb128 0x2117
 630 00a0 19       		.uleb128 0x19
 631 00a1 01       		.uleb128 0x1
 632 00a2 13       		.uleb128 0x13
 633 00a3 00       		.byte	0
 634 00a4 00       		.byte	0
 635 00a5 0D       		.uleb128 0xd
 636 00a6 05       		.uleb128 0x5
 637 00a7 00       		.byte	0
 638 00a8 03       		.uleb128 0x3
 639 00a9 08       		.uleb128 0x8
 640 00aa 3A       		.uleb128 0x3a
 641 00ab 0B       		.uleb128 0xb
 642 00ac 3B       		.uleb128 0x3b
 643 00ad 0B       		.uleb128 0xb
 644 00ae 49       		.uleb128 0x49
 645 00af 13       		.uleb128 0x13
 646 00b0 02       		.uleb128 0x2
 647 00b1 17       		.uleb128 0x17
 648 00b2 00       		.byte	0
 649 00b3 00       		.byte	0
 650 00b4 0E       		.uleb128 0xe
 651 00b5 2E       		.uleb128 0x2e
 652 00b6 01       		.byte	0x1
 653 00b7 3F       		.uleb128 0x3f
 654 00b8 19       		.uleb128 0x19
 655 00b9 03       		.uleb128 0x3
 656 00ba 0E       		.uleb128 0xe
 657 00bb 3A       		.uleb128 0x3a
 658 00bc 0B       		.uleb128 0xb
 659 00bd 3B       		.uleb128 0x3b
 660 00be 0B       		.uleb128 0xb
 661 00bf 27       		.uleb128 0x27
 662 00c0 19       		.uleb128 0x19
 663 00c1 11       		.uleb128 0x11
 664 00c2 01       		.uleb128 0x1
 665 00c3 12       		.uleb128 0x12
 666 00c4 06       		.uleb128 0x6
 667 00c5 40       		.uleb128 0x40
 668 00c6 18       		.uleb128 0x18
 669 00c7 9742     		.uleb128 0x2117
 670 00c9 19       		.uleb128 0x19
 671 00ca 01       		.uleb128 0x1
 672 00cb 13       		.uleb128 0x13
 673 00cc 00       		.byte	0
 674 00cd 00       		.byte	0
 675 00ce 0F       		.uleb128 0xf
 676 00cf 05       		.uleb128 0x5
 677 00d0 00       		.byte	0
 678 00d1 03       		.uleb128 0x3
 679 00d2 0E       		.uleb128 0xe
 680 00d3 3A       		.uleb128 0x3a
 681 00d4 0B       		.uleb128 0xb
 682 00d5 3B       		.uleb128 0x3b
 683 00d6 0B       		.uleb128 0xb
ARM GAS  /tmp/ccKwKKuB.s 			page 13


 684 00d7 49       		.uleb128 0x49
 685 00d8 13       		.uleb128 0x13
 686 00d9 02       		.uleb128 0x2
 687 00da 17       		.uleb128 0x17
 688 00db 00       		.byte	0
 689 00dc 00       		.byte	0
 690 00dd 10       		.uleb128 0x10
 691 00de 898201   		.uleb128 0x4109
 692 00e1 01       		.byte	0x1
 693 00e2 11       		.uleb128 0x11
 694 00e3 01       		.uleb128 0x1
 695 00e4 9542     		.uleb128 0x2115
 696 00e6 19       		.uleb128 0x19
 697 00e7 31       		.uleb128 0x31
 698 00e8 13       		.uleb128 0x13
 699 00e9 00       		.byte	0
 700 00ea 00       		.byte	0
 701 00eb 11       		.uleb128 0x11
 702 00ec 8A8201   		.uleb128 0x410a
 703 00ef 00       		.byte	0
 704 00f0 02       		.uleb128 0x2
 705 00f1 18       		.uleb128 0x18
 706 00f2 9142     		.uleb128 0x2111
 707 00f4 18       		.uleb128 0x18
 708 00f5 00       		.byte	0
 709 00f6 00       		.byte	0
 710 00f7 12       		.uleb128 0x12
 711 00f8 34       		.uleb128 0x34
 712 00f9 00       		.byte	0
 713 00fa 03       		.uleb128 0x3
 714 00fb 0E       		.uleb128 0xe
 715 00fc 3A       		.uleb128 0x3a
 716 00fd 0B       		.uleb128 0xb
 717 00fe 3B       		.uleb128 0x3b
 718 00ff 05       		.uleb128 0x5
 719 0100 49       		.uleb128 0x49
 720 0101 13       		.uleb128 0x13
 721 0102 3F       		.uleb128 0x3f
 722 0103 19       		.uleb128 0x19
 723 0104 3C       		.uleb128 0x3c
 724 0105 19       		.uleb128 0x19
 725 0106 00       		.byte	0
 726 0107 00       		.byte	0
 727 0108 13       		.uleb128 0x13
 728 0109 2E       		.uleb128 0x2e
 729 010a 01       		.byte	0x1
 730 010b 3F       		.uleb128 0x3f
 731 010c 19       		.uleb128 0x19
 732 010d 03       		.uleb128 0x3
 733 010e 0E       		.uleb128 0xe
 734 010f 3A       		.uleb128 0x3a
 735 0110 0B       		.uleb128 0xb
 736 0111 3B       		.uleb128 0x3b
 737 0112 05       		.uleb128 0x5
 738 0113 27       		.uleb128 0x27
 739 0114 19       		.uleb128 0x19
 740 0115 3C       		.uleb128 0x3c
ARM GAS  /tmp/ccKwKKuB.s 			page 14


 741 0116 19       		.uleb128 0x19
 742 0117 00       		.byte	0
 743 0118 00       		.byte	0
 744 0119 14       		.uleb128 0x14
 745 011a 05       		.uleb128 0x5
 746 011b 00       		.byte	0
 747 011c 49       		.uleb128 0x49
 748 011d 13       		.uleb128 0x13
 749 011e 00       		.byte	0
 750 011f 00       		.byte	0
 751 0120 00       		.byte	0
 752              		.section	.debug_loc,"",%progbits
 753              	.Ldebug_loc0:
 754              	.LLST0:
 755 0000 00000000 		.4byte	.LVL0
 756 0004 0C000000 		.4byte	.LVL1
 757 0008 0100     		.2byte	0x1
 758 000a 50       		.byte	0x50
 759 000b 0C000000 		.4byte	.LVL1
 760 000f 10000000 		.4byte	.LFE118
 761 0013 0400     		.2byte	0x4
 762 0015 F3       		.byte	0xf3
 763 0016 01       		.uleb128 0x1
 764 0017 50       		.byte	0x50
 765 0018 9F       		.byte	0x9f
 766 0019 00000000 		.4byte	0
 767 001d 00000000 		.4byte	0
 768              	.LLST1:
 769 0021 00000000 		.4byte	.LVL2
 770 0025 04000000 		.4byte	.LVL3
 771 0029 0100     		.2byte	0x1
 772 002b 50       		.byte	0x50
 773 002c 04000000 		.4byte	.LVL3
 774 0030 1E000000 		.4byte	.LFE119
 775 0034 0400     		.2byte	0x4
 776 0036 F3       		.byte	0xf3
 777 0037 01       		.uleb128 0x1
 778 0038 50       		.byte	0x50
 779 0039 9F       		.byte	0x9f
 780 003a 00000000 		.4byte	0
 781 003e 00000000 		.4byte	0
 782              	.LLST2:
 783 0042 00000000 		.4byte	.LVL2
 784 0046 12000000 		.4byte	.LVL4
 785 004a 0100     		.2byte	0x1
 786 004c 51       		.byte	0x51
 787 004d 12000000 		.4byte	.LVL4
 788 0051 1E000000 		.4byte	.LFE119
 789 0055 0400     		.2byte	0x4
 790 0057 F3       		.byte	0xf3
 791 0058 01       		.uleb128 0x1
 792 0059 51       		.byte	0x51
 793 005a 9F       		.byte	0x9f
 794 005b 00000000 		.4byte	0
 795 005f 00000000 		.4byte	0
 796              	.LLST3:
 797 0063 00000000 		.4byte	.LVL5
ARM GAS  /tmp/ccKwKKuB.s 			page 15


 798 0067 04000000 		.4byte	.LVL6
 799 006b 0100     		.2byte	0x1
 800 006d 50       		.byte	0x50
 801 006e 04000000 		.4byte	.LVL6
 802 0072 0A000000 		.4byte	.LFE120
 803 0076 0400     		.2byte	0x4
 804 0078 F3       		.byte	0xf3
 805 0079 01       		.uleb128 0x1
 806 007a 50       		.byte	0x50
 807 007b 9F       		.byte	0x9f
 808 007c 00000000 		.4byte	0
 809 0080 00000000 		.4byte	0
 810              	.LLST4:
 811 0084 00000000 		.4byte	.LVL5
 812 0088 04000000 		.4byte	.LVL6
 813 008c 0100     		.2byte	0x1
 814 008e 51       		.byte	0x51
 815 008f 04000000 		.4byte	.LVL6
 816 0093 09000000 		.4byte	.LVL7-1
 817 0097 0100     		.2byte	0x1
 818 0099 52       		.byte	0x52
 819 009a 09000000 		.4byte	.LVL7-1
 820 009e 0A000000 		.4byte	.LFE120
 821 00a2 0400     		.2byte	0x4
 822 00a4 F3       		.byte	0xf3
 823 00a5 01       		.uleb128 0x1
 824 00a6 51       		.byte	0x51
 825 00a7 9F       		.byte	0x9f
 826 00a8 00000000 		.4byte	0
 827 00ac 00000000 		.4byte	0
 828              		.section	.debug_aranges,"",%progbits
 829 0000 2C000000 		.4byte	0x2c
 830 0004 0200     		.2byte	0x2
 831 0006 00000000 		.4byte	.Ldebug_info0
 832 000a 04       		.byte	0x4
 833 000b 00       		.byte	0
 834 000c 0000     		.2byte	0
 835 000e 0000     		.2byte	0
 836 0010 00000000 		.4byte	.LFB118
 837 0014 10000000 		.4byte	.LFE118-.LFB118
 838 0018 00000000 		.4byte	.LFB119
 839 001c 1E000000 		.4byte	.LFE119-.LFB119
 840 0020 00000000 		.4byte	.LFB120
 841 0024 0A000000 		.4byte	.LFE120-.LFB120
 842 0028 00000000 		.4byte	0
 843 002c 00000000 		.4byte	0
 844              		.section	.debug_ranges,"",%progbits
 845              	.Ldebug_ranges0:
 846 0000 00000000 		.4byte	.LFB118
 847 0004 10000000 		.4byte	.LFE118
 848 0008 00000000 		.4byte	.LFB119
 849 000c 1E000000 		.4byte	.LFE119
 850 0010 00000000 		.4byte	.LFB120
 851 0014 0A000000 		.4byte	.LFE120
 852 0018 00000000 		.4byte	0
 853 001c 00000000 		.4byte	0
 854              		.section	.debug_line,"",%progbits
ARM GAS  /tmp/ccKwKKuB.s 			page 16


 855              	.Ldebug_line0:
 856 0000 13020000 		.section	.debug_str,"MS",%progbits,1
 856      0200D701 
 856      00000201 
 856      FB0E0D00 
 856      01010101 
 857              	.LASF25:
 858 0000 4C434B52 		.ascii	"LCKR\000"
 858      00
 859              	.LASF40:
 860 0005 474E5520 		.ascii	"GNU C 4.9.3 20141119 (release) [ARM/embedded-4_9-br"
 860      4320342E 
 860      392E3320 
 860      32303134 
 860      31313139 
 861 0038 616E6368 		.ascii	"anch revision 218278] -mcpu=cortex-m4 -mno-thumb-in"
 861      20726576 
 861      6973696F 
 861      6E203231 
 861      38323738 
 862 006b 74657277 		.ascii	"terwork -mthumb -ggdb -O2 -fomit-frame-pointer -fal"
 862      6F726B20 
 862      2D6D7468 
 862      756D6220 
 862      2D676764 
 863 009e 69676E2D 		.ascii	"ign-functions=16 -ffunction-sections -fdata-section"
 863      66756E63 
 863      74696F6E 
 863      733D3136 
 863      202D6666 
 864 00d1 73202D66 		.ascii	"s -fno-common\000"
 864      6E6F2D63 
 864      6F6D6D6F 
 864      6E00
 865              	.LASF19:
 866 00df 636C6561 		.ascii	"clear\000"
 866      7200
 867              	.LASF20:
 868 00e5 4D4F4445 		.ascii	"MODER\000"
 868      5200
 869              	.LASF42:
 870 00eb 70616C52 		.ascii	"palReadBus\000"
 870      65616442 
 870      757300
 871              	.LASF6:
 872 00f6 5F5F696E 		.ascii	"__int32_t\000"
 872      7433325F 
 872      7400
 873              	.LASF15:
 874 0100 75696E74 		.ascii	"uint_fast8_t\000"
 874      5F666173 
 874      74385F74 
 874      00
 875              	.LASF24:
 876 010d 42535252 		.ascii	"BSRR\000"
 876      00
 877              	.LASF37:
ARM GAS  /tmp/ccKwKKuB.s 			page 17


 878 0112 70616C57 		.ascii	"palWriteBus\000"
 878      72697465 
 878      42757300 
 879              	.LASF3:
 880 011e 73686F72 		.ascii	"short int\000"
 880      7420696E 
 880      7400
 881              	.LASF38:
 882 0128 70616C53 		.ascii	"palSetBusMode\000"
 882      65744275 
 882      734D6F64 
 882      6500
 883              	.LASF32:
 884 0136 706F7274 		.ascii	"portid\000"
 884      696400
 885              	.LASF29:
 886 013d 696F706F 		.ascii	"ioportmask_t\000"
 886      72746D61 
 886      736B5F74 
 886      00
 887              	.LASF21:
 888 014a 4F545950 		.ascii	"OTYPER\000"
 888      455200
 889              	.LASF30:
 890 0151 696F6D6F 		.ascii	"iomode_t\000"
 890      64655F74 
 890      00
 891              	.LASF2:
 892 015a 756E7369 		.ascii	"unsigned char\000"
 892      676E6564 
 892      20636861 
 892      7200
 893              	.LASF27:
 894 0168 41465248 		.ascii	"AFRH\000"
 894      00
 895              	.LASF9:
 896 016d 6C6F6E67 		.ascii	"long unsigned int\000"
 896      20756E73 
 896      69676E65 
 896      6420696E 
 896      7400
 897              	.LASF4:
 898 017f 73686F72 		.ascii	"short unsigned int\000"
 898      7420756E 
 898      7369676E 
 898      65642069 
 898      6E7400
 899              	.LASF26:
 900 0192 4146524C 		.ascii	"AFRL\000"
 900      00
 901              	.LASF43:
 902 0197 49544D5F 		.ascii	"ITM_RxBuffer\000"
 902      52784275 
 902      66666572 
 902      00
 903              	.LASF5:
 904 01a4 5F5F7569 		.ascii	"__uint16_t\000"
ARM GAS  /tmp/ccKwKKuB.s 			page 18


 904      6E743136 
 904      5F7400
 905              	.LASF41:
 906 01af 2F686F6D 		.ascii	"/home/austin/git/personal/school/motor_control/chib"
 906      652F6175 
 906      7374696E 
 906      2F676974 
 906      2F706572 
 907 01e2 696F732F 		.ascii	"ios/os/hal/src/pal.c\000"
 907      6F732F68 
 907      616C2F73 
 907      72632F70 
 907      616C2E63 
 908              	.LASF8:
 909 01f7 5F5F7569 		.ascii	"__uint32_t\000"
 909      6E743332 
 909      5F7400
 910              	.LASF22:
 911 0202 4F535045 		.ascii	"OSPEEDR\000"
 911      45445200 
 912              	.LASF44:
 913 020a 5F70616C 		.ascii	"_pal_lld_setgroupmode\000"
 913      5F6C6C64 
 913      5F736574 
 913      67726F75 
 913      706D6F64 
 914              	.LASF0:
 915 0220 756E7369 		.ascii	"unsigned int\000"
 915      676E6564 
 915      20696E74 
 915      00
 916              	.LASF28:
 917 022d 4750494F 		.ascii	"GPIO_TypeDef\000"
 917      5F547970 
 917      65446566 
 917      00
 918              	.LASF18:
 919 023a 63686172 		.ascii	"char\000"
 919      00
 920              	.LASF39:
 921 023f 6D6F6465 		.ascii	"mode\000"
 921      00
 922              	.LASF13:
 923 0244 696E7433 		.ascii	"int32_t\000"
 923      325F7400 
 924              	.LASF17:
 925 024c 73697A65 		.ascii	"sizetype\000"
 925      74797065 
 925      00
 926              	.LASF23:
 927 0255 50555044 		.ascii	"PUPDR\000"
 927      5200
 928              	.LASF10:
 929 025b 6C6F6E67 		.ascii	"long long int\000"
 929      206C6F6E 
 929      6720696E 
 929      7400
ARM GAS  /tmp/ccKwKKuB.s 			page 19


 930              	.LASF33:
 931 0269 6D61736B 		.ascii	"mask\000"
 931      00
 932              	.LASF36:
 933 026e 62697473 		.ascii	"bits\000"
 933      00
 934              	.LASF34:
 935 0273 6F666673 		.ascii	"offset\000"
 935      657400
 936              	.LASF31:
 937 027a 696F706F 		.ascii	"ioportid_t\000"
 937      72746964 
 937      5F7400
 938              	.LASF12:
 939 0285 75696E74 		.ascii	"uint16_t\000"
 939      31365F74 
 939      00
 940              	.LASF14:
 941 028e 75696E74 		.ascii	"uint32_t\000"
 941      33325F74 
 941      00
 942              	.LASF7:
 943 0297 6C6F6E67 		.ascii	"long int\000"
 943      20696E74 
 943      00
 944              	.LASF1:
 945 02a0 7369676E 		.ascii	"signed char\000"
 945      65642063 
 945      68617200 
 946              	.LASF16:
 947 02ac 5F426F6F 		.ascii	"_Bool\000"
 947      6C00
 948              	.LASF11:
 949 02b2 6C6F6E67 		.ascii	"long long unsigned int\000"
 949      206C6F6E 
 949      6720756E 
 949      7369676E 
 949      65642069 
 950              	.LASF35:
 951 02c9 494F4275 		.ascii	"IOBus\000"
 951      7300
 952              		.ident	"GCC: (GNU Tools for ARM Embedded Processors) 4.9.3 20141119 (release) [ARM/embedded-4_9-br
ARM GAS  /tmp/ccKwKKuB.s 			page 20


DEFINED SYMBOLS
                            *ABS*:0000000000000000 pal.c
     /tmp/ccKwKKuB.s:19     .text.palReadBus:0000000000000000 $t
     /tmp/ccKwKKuB.s:25     .text.palReadBus:0000000000000000 palReadBus
     /tmp/ccKwKKuB.s:48     .text.palWriteBus:0000000000000000 $t
     /tmp/ccKwKKuB.s:54     .text.palWriteBus:0000000000000000 palWriteBus
     /tmp/ccKwKKuB.s:87     .text.palSetBusMode:0000000000000000 $t
     /tmp/ccKwKKuB.s:93     .text.palSetBusMode:0000000000000000 palSetBusMode
                     .debug_frame:0000000000000010 $d

UNDEFINED SYMBOLS
_pal_lld_setgroupmode
