ARM GAS  /tmp/ccrO1v6H.s 			page 1


   1              		.syntax unified
   2              		.cpu cortex-m4
   3              		.fpu softvfp
   4              		.eabi_attribute 20, 1
   5              		.eabi_attribute 21, 1
   6              		.eabi_attribute 23, 3
   7              		.eabi_attribute 24, 1
   8              		.eabi_attribute 25, 1
   9              		.eabi_attribute 26, 1
  10              		.eabi_attribute 30, 2
  11              		.eabi_attribute 34, 1
  12              		.eabi_attribute 18, 4
  13              		.thumb
  14              		.file	"pal_lld.c"
  15              		.text
  16              	.Ltext0:
  17              		.cfi_sections	.debug_frame
  18              		.section	.text._pal_lld_init,"ax",%progbits
  19              		.align	2
  20              		.p2align 4,,15
  21              		.global	_pal_lld_init
  22              		.thumb
  23              		.thumb_func
  24              		.type	_pal_lld_init, %function
  25              	_pal_lld_init:
  26              	.LFB119:
  27              		.file 1 "/home/austin/git/personal/school/motor_control/chibios/os/hal/platforms/STM32/GPIOv2/pal_
  28              		.loc 1 119 0
  29              		.cfi_startproc
  30              		@ args = 0, pretend = 0, frame = 0
  31              		@ frame_needed = 0, uses_anonymous_args = 0
  32              		@ link register save eliminated.
  33              	.LVL0:
  34 0000 F0B4     		push	{r4, r5, r6, r7}
  35              		.cfi_def_cfa_offset 16
  36              		.cfi_offset 4, -16
  37              		.cfi_offset 5, -12
  38              		.cfi_offset 6, -8
  39              		.cfi_offset 7, -4
  40              		.loc 1 130 0
  41 0002 364F     		ldr	r7, .L3
  42              	.LBB14:
  43              	.LBB15:
  44              		.loc 1 94 0
  45 0004 364D     		ldr	r5, .L3+4
  46              	.LBE15:
  47              	.LBE14:
  48              		.loc 1 130 0
  49 0006 7E69     		ldr	r6, [r7, #20]
  50              	.LBB17:
  51              	.LBB18:
  52              		.loc 1 94 0
  53 0008 364C     		ldr	r4, .L3+8
  54              	.LBE18:
  55              	.LBE17:
  56              	.LBB20:
  57              	.LBB21:
ARM GAS  /tmp/ccrO1v6H.s 			page 2


  58 000a 3749     		ldr	r1, .L3+12
  59              	.LBE21:
  60              	.LBE20:
  61              	.LBB23:
  62              	.LBB24:
  63 000c 374A     		ldr	r2, .L3+16
  64              	.LBE24:
  65              	.LBE23:
  66              	.LBB26:
  67              	.LBB27:
  68 000e 384B     		ldr	r3, .L3+20
  69              	.LBE27:
  70              	.LBE26:
  71              		.loc 1 130 0
  72 0010 46F4FC06 		orr	r6, r6, #8257536
  73 0014 7E61     		str	r6, [r7, #20]
  74              	.LVL1:
  75              	.LBB29:
  76              	.LBB30:
  77              		.loc 1 94 0
  78 0016 4FF09046 		mov	r6, #1207959552
  79 001a 4768     		ldr	r7, [r0, #4]
  80 001c 7760     		str	r7, [r6, #4]
  81              		.loc 1 95 0
  82 001e 8768     		ldr	r7, [r0, #8]
  83 0020 B760     		str	r7, [r6, #8]
  84              		.loc 1 96 0
  85 0022 C768     		ldr	r7, [r0, #12]
  86 0024 F760     		str	r7, [r6, #12]
  87              		.loc 1 97 0
  88 0026 0769     		ldr	r7, [r0, #16]
  89 0028 7761     		str	r7, [r6, #20]
  90              		.loc 1 98 0
  91 002a 4769     		ldr	r7, [r0, #20]
  92 002c 3762     		str	r7, [r6, #32]
  93              		.loc 1 99 0
  94 002e 8769     		ldr	r7, [r0, #24]
  95 0030 7762     		str	r7, [r6, #36]
  96              		.loc 1 100 0
  97 0032 0768     		ldr	r7, [r0]
  98 0034 3760     		str	r7, [r6]
  99              	.LVL2:
 100              	.LBE30:
 101              	.LBE29:
 102              	.LBB31:
 103              	.LBB16:
 104              		.loc 1 94 0
 105 0036 066A     		ldr	r6, [r0, #32]
 106 0038 6E60     		str	r6, [r5, #4]
 107              		.loc 1 95 0
 108 003a 466A     		ldr	r6, [r0, #36]
 109 003c AE60     		str	r6, [r5, #8]
 110              		.loc 1 96 0
 111 003e 866A     		ldr	r6, [r0, #40]
 112 0040 EE60     		str	r6, [r5, #12]
 113              		.loc 1 97 0
 114 0042 C66A     		ldr	r6, [r0, #44]
ARM GAS  /tmp/ccrO1v6H.s 			page 3


 115 0044 6E61     		str	r6, [r5, #20]
 116              		.loc 1 98 0
 117 0046 066B     		ldr	r6, [r0, #48]
 118 0048 2E62     		str	r6, [r5, #32]
 119              		.loc 1 99 0
 120 004a 466B     		ldr	r6, [r0, #52]
 121 004c 6E62     		str	r6, [r5, #36]
 122              		.loc 1 100 0
 123 004e C669     		ldr	r6, [r0, #28]
 124 0050 2E60     		str	r6, [r5]
 125              	.LVL3:
 126              	.LBE16:
 127              	.LBE31:
 128              	.LBB32:
 129              	.LBB19:
 130              		.loc 1 94 0
 131 0052 C56B     		ldr	r5, [r0, #60]
 132 0054 6560     		str	r5, [r4, #4]
 133              		.loc 1 95 0
 134 0056 056C     		ldr	r5, [r0, #64]
 135 0058 A560     		str	r5, [r4, #8]
 136              		.loc 1 96 0
 137 005a 456C     		ldr	r5, [r0, #68]
 138 005c E560     		str	r5, [r4, #12]
 139              		.loc 1 97 0
 140 005e 856C     		ldr	r5, [r0, #72]
 141 0060 6561     		str	r5, [r4, #20]
 142              		.loc 1 98 0
 143 0062 C56C     		ldr	r5, [r0, #76]
 144 0064 2562     		str	r5, [r4, #32]
 145              		.loc 1 99 0
 146 0066 056D     		ldr	r5, [r0, #80]
 147 0068 6562     		str	r5, [r4, #36]
 148              		.loc 1 100 0
 149 006a 856B     		ldr	r5, [r0, #56]
 150 006c 2560     		str	r5, [r4]
 151              	.LVL4:
 152              	.LBE19:
 153              	.LBE32:
 154              	.LBB33:
 155              	.LBB22:
 156              		.loc 1 94 0
 157 006e 846D     		ldr	r4, [r0, #88]
 158 0070 4C60     		str	r4, [r1, #4]
 159              		.loc 1 95 0
 160 0072 C46D     		ldr	r4, [r0, #92]
 161 0074 8C60     		str	r4, [r1, #8]
 162              		.loc 1 96 0
 163 0076 046E     		ldr	r4, [r0, #96]
 164 0078 CC60     		str	r4, [r1, #12]
 165              		.loc 1 97 0
 166 007a 446E     		ldr	r4, [r0, #100]
 167 007c 4C61     		str	r4, [r1, #20]
 168              		.loc 1 98 0
 169 007e 846E     		ldr	r4, [r0, #104]
 170 0080 0C62     		str	r4, [r1, #32]
 171              		.loc 1 99 0
ARM GAS  /tmp/ccrO1v6H.s 			page 4


 172 0082 C46E     		ldr	r4, [r0, #108]
 173 0084 4C62     		str	r4, [r1, #36]
 174              		.loc 1 100 0
 175 0086 446D     		ldr	r4, [r0, #84]
 176 0088 0C60     		str	r4, [r1]
 177              	.LVL5:
 178              	.LBE22:
 179              	.LBE33:
 180              	.LBB34:
 181              	.LBB25:
 182              		.loc 1 94 0
 183 008a 416F     		ldr	r1, [r0, #116]
 184 008c 5160     		str	r1, [r2, #4]
 185              		.loc 1 95 0
 186 008e 816F     		ldr	r1, [r0, #120]
 187 0090 9160     		str	r1, [r2, #8]
 188              		.loc 1 96 0
 189 0092 C16F     		ldr	r1, [r0, #124]
 190 0094 D160     		str	r1, [r2, #12]
 191              		.loc 1 97 0
 192 0096 D0F88010 		ldr	r1, [r0, #128]
 193 009a 5161     		str	r1, [r2, #20]
 194              		.loc 1 98 0
 195 009c D0F88410 		ldr	r1, [r0, #132]
 196 00a0 1162     		str	r1, [r2, #32]
 197              		.loc 1 99 0
 198 00a2 D0F88810 		ldr	r1, [r0, #136]
 199 00a6 5162     		str	r1, [r2, #36]
 200              		.loc 1 100 0
 201 00a8 016F     		ldr	r1, [r0, #112]
 202 00aa 1160     		str	r1, [r2]
 203              	.LVL6:
 204              	.LBE25:
 205              	.LBE34:
 206              	.LBB35:
 207              	.LBB28:
 208              		.loc 1 94 0
 209 00ac D0F89020 		ldr	r2, [r0, #144]
 210 00b0 5A60     		str	r2, [r3, #4]
 211              		.loc 1 95 0
 212 00b2 D0F89420 		ldr	r2, [r0, #148]
 213 00b6 9A60     		str	r2, [r3, #8]
 214              		.loc 1 96 0
 215 00b8 D0F89820 		ldr	r2, [r0, #152]
 216 00bc DA60     		str	r2, [r3, #12]
 217              		.loc 1 97 0
 218 00be D0F89C20 		ldr	r2, [r0, #156]
 219 00c2 5A61     		str	r2, [r3, #20]
 220              		.loc 1 98 0
 221 00c4 D0F8A020 		ldr	r2, [r0, #160]
 222 00c8 1A62     		str	r2, [r3, #32]
 223              		.loc 1 99 0
 224 00ca D0F8A420 		ldr	r2, [r0, #164]
 225 00ce 5A62     		str	r2, [r3, #36]
 226              		.loc 1 100 0
 227 00d0 D0F88C20 		ldr	r2, [r0, #140]
 228 00d4 1A60     		str	r2, [r3]
ARM GAS  /tmp/ccrO1v6H.s 			page 5


 229              	.LBE28:
 230              	.LBE35:
 231              		.loc 1 166 0
 232 00d6 F0BC     		pop	{r4, r5, r6, r7}
 233              		.cfi_restore 7
 234              		.cfi_restore 6
 235              		.cfi_restore 5
 236              		.cfi_restore 4
 237              		.cfi_def_cfa_offset 0
 238 00d8 7047     		bx	lr
 239              	.L4:
 240 00da 00BF     		.align	2
 241              	.L3:
 242 00dc 00100240 		.word	1073876992
 243 00e0 00040048 		.word	1207960576
 244 00e4 00080048 		.word	1207961600
 245 00e8 000C0048 		.word	1207962624
 246 00ec 00100048 		.word	1207963648
 247 00f0 00140048 		.word	1207964672
 248              		.cfi_endproc
 249              	.LFE119:
 250              		.size	_pal_lld_init, .-_pal_lld_init
 251 00f4 AFF30080 		.section	.text._pal_lld_setgroupmode,"ax",%progbits
 251      AFF30080 
 251      AFF30080 
 252              		.align	2
 253              		.p2align 4,,15
 254              		.global	_pal_lld_setgroupmode
 255              		.thumb
 256              		.thumb_func
 257              		.type	_pal_lld_setgroupmode, %function
 258              	_pal_lld_setgroupmode:
 259              	.LFB120:
 260              		.loc 1 184 0
 261              		.cfi_startproc
 262              		@ args = 0, pretend = 0, frame = 0
 263              		@ frame_needed = 0, uses_anonymous_args = 0
 264              	.LVL7:
 265 0000 2DE9F04F 		push	{r4, r5, r6, r7, r8, r9, r10, fp, lr}
 266              		.cfi_def_cfa_offset 36
 267              		.cfi_offset 4, -36
 268              		.cfi_offset 5, -32
 269              		.cfi_offset 6, -28
 270              		.cfi_offset 7, -24
 271              		.cfi_offset 8, -20
 272              		.cfi_offset 9, -16
 273              		.cfi_offset 10, -12
 274              		.cfi_offset 11, -8
 275              		.cfi_offset 14, -4
 276              	.LBB36:
 277              		.loc 1 197 0
 278 0004 4FF00F0C 		mov	ip, #15
 279              	.LBE36:
 280              		.loc 1 186 0
 281 0008 02F0030E 		and	lr, r2, #3
 282              	.LVL8:
 283              		.loc 1 187 0
ARM GAS  /tmp/ccrO1v6H.s 			page 6


 284 000c C2F38007 		ubfx	r7, r2, #2, #1
 285              	.LVL9:
 286              		.loc 1 188 0
 287 0010 C2F3C106 		ubfx	r6, r2, #3, #2
 288              	.LVL10:
 289              		.loc 1 189 0
 290 0014 C2F34115 		ubfx	r5, r2, #5, #2
 291              	.LVL11:
 292              		.loc 1 191 0
 293 0018 0024     		movs	r4, #0
 294              		.loc 1 190 0
 295 001a C2F3C312 		ubfx	r2, r2, #7, #4
 296              	.LVL12:
 297              	.LBB37:
 298              		.loc 1 202 0
 299 001e 4FF00109 		mov	r9, #1
 300              		.loc 1 204 0
 301 0022 4FF00308 		mov	r8, #3
 302 0026 2BE0     		b	.L10
 303              	.LVL13:
 304              	.L16:
 305              		.loc 1 199 0
 306 0028 D0F820B0 		ldr	fp, [r0, #32]
 307 002c 2BEA0303 		bic	r3, fp, r3
 308              	.LVL14:
 309 0030 43EA0A03 		orr	r3, r3, r10
 310 0034 0362     		str	r3, [r0, #32]
 311              	.L8:
 312              	.LVL15:
 313              		.loc 1 203 0
 314 0036 4368     		ldr	r3, [r0, #4]
 315              		.loc 1 202 0
 316 0038 09FA04FA 		lsl	r10, r9, r4
 317              	.LVL16:
 318              		.loc 1 203 0
 319 003c 23EA0A03 		bic	r3, r3, r10
 320 0040 3B43     		orrs	r3, r3, r7
 321 0042 4360     		str	r3, [r0, #4]
 322              	.LVL17:
 323 0044 4FEA440A 		lsl	r10, r4, #1
 324              		.loc 1 205 0
 325 0048 8368     		ldr	r3, [r0, #8]
 326              		.loc 1 204 0
 327 004a 08FA0AFA 		lsl	r10, r8, r10
 328              		.loc 1 205 0
 329 004e 6FEA0A0A 		mvn	r10, r10
 330 0052 0AEA0303 		and	r3, r10, r3
 331 0056 3343     		orrs	r3, r3, r6
 332 0058 8360     		str	r3, [r0, #8]
 333              		.loc 1 206 0
 334 005a C368     		ldr	r3, [r0, #12]
 335 005c 0AEA0303 		and	r3, r10, r3
 336 0060 2B43     		orrs	r3, r3, r5
 337 0062 C360     		str	r3, [r0, #12]
 338              		.loc 1 207 0
 339 0064 0368     		ldr	r3, [r0]
 340 0066 0AEA0303 		and	r3, r10, r3
ARM GAS  /tmp/ccrO1v6H.s 			page 7


 341 006a 43EA0E03 		orr	r3, r3, lr
 342 006e 0360     		str	r3, [r0]
 343              	.LVL18:
 344              	.L6:
 345              	.LBE37:
 346              		.loc 1 210 0
 347 0070 4908     		lsrs	r1, r1, #1
 348              	.LVL19:
 349 0072 19D0     		beq	.L5
 350              		.loc 1 212 0
 351 0074 7F00     		lsls	r7, r7, #1
 352              	.LVL20:
 353              		.loc 1 213 0
 354 0076 B600     		lsls	r6, r6, #2
 355              	.LVL21:
 356              		.loc 1 214 0
 357 0078 AD00     		lsls	r5, r5, #2
 358              	.LVL22:
 359              		.loc 1 215 0
 360 007a 4FEA8E0E 		lsl	lr, lr, #2
 361              	.LVL23:
 362              		.loc 1 216 0
 363 007e 0134     		adds	r4, r4, #1
 364              	.LVL24:
 365              	.L10:
 366              	.LBB38:
 367              		.loc 1 196 0
 368 0080 04F00703 		and	r3, r4, #7
 369 0084 9B00     		lsls	r3, r3, #2
 370              	.LBE38:
 371              		.loc 1 193 0
 372 0086 11F0010F 		tst	r1, #1
 373              	.LBB39:
 374              		.loc 1 196 0
 375 008a 02FA03FA 		lsl	r10, r2, r3
 376              	.LVL25:
 377              		.loc 1 197 0
 378 008e 0CFA03F3 		lsl	r3, ip, r3
 379              	.LVL26:
 380              	.LBE39:
 381              		.loc 1 193 0
 382 0092 EDD0     		beq	.L6
 383              	.LBB40:
 384              		.loc 1 198 0
 385 0094 072C     		cmp	r4, #7
 386 0096 C7D9     		bls	.L16
 387              		.loc 1 201 0
 388 0098 D0F824B0 		ldr	fp, [r0, #36]
 389 009c 2BEA0303 		bic	r3, fp, r3
 390              	.LVL27:
 391 00a0 43EA0A03 		orr	r3, r3, r10
 392 00a4 4362     		str	r3, [r0, #36]
 393 00a6 C6E7     		b	.L8
 394              	.LVL28:
 395              	.L5:
 396 00a8 BDE8F08F 		pop	{r4, r5, r6, r7, r8, r9, r10, fp, pc}
 397              	.LBE40:
ARM GAS  /tmp/ccrO1v6H.s 			page 8


 398              		.cfi_endproc
 399              	.LFE120:
 400              		.size	_pal_lld_setgroupmode, .-_pal_lld_setgroupmode
 401 00ac AFF30080 		.text
 402              	.Letext0:
 403              		.file 2 "/usr/arm-none-eabi/include/machine/_default_types.h"
 404              		.file 3 "/usr/arm-none-eabi/include/stdint.h"
 405              		.file 4 "/home/austin/git/personal/school/motor_control/chibios/os/hal/platforms/STM32F30x/stm32f3
 406              		.file 5 "/home/austin/git/personal/school/motor_control/chibios/os/hal/platforms/STM32/GPIOv2/pal_
 407              		.file 6 "/home/austin/git/personal/school/motor_control/chibios/os/ports/common/ARMCMx/CMSIS/inclu
 408              		.section	.debug_info,"",%progbits
 409              	.Ldebug_info0:
 410 0000 54050000 		.4byte	0x554
 411 0004 0400     		.2byte	0x4
 412 0006 00000000 		.4byte	.Ldebug_abbrev0
 413 000a 04       		.byte	0x4
 414 000b 01       		.uleb128 0x1
 415 000c DA010000 		.4byte	.LASF65
 416 0010 01       		.byte	0x1
 417 0011 14000000 		.4byte	.LASF66
 418 0015 A8000000 		.4byte	.Ldebug_ranges0+0xa8
 419 0019 00000000 		.4byte	0
 420 001d 00000000 		.4byte	.Ldebug_line0
 421 0021 02       		.uleb128 0x2
 422 0022 04       		.byte	0x4
 423 0023 05       		.byte	0x5
 424 0024 696E7400 		.ascii	"int\000"
 425 0028 03       		.uleb128 0x3
 426 0029 04       		.byte	0x4
 427 002a 07       		.byte	0x7
 428 002b 75030000 		.4byte	.LASF0
 429 002f 03       		.uleb128 0x3
 430 0030 01       		.byte	0x1
 431 0031 06       		.byte	0x6
 432 0032 AE010000 		.4byte	.LASF1
 433 0036 03       		.uleb128 0x3
 434 0037 01       		.byte	0x1
 435 0038 08       		.byte	0x8
 436 0039 98010000 		.4byte	.LASF2
 437 003d 03       		.uleb128 0x3
 438 003e 02       		.byte	0x2
 439 003f 05       		.byte	0x5
 440 0040 BA000000 		.4byte	.LASF3
 441 0044 04       		.uleb128 0x4
 442 0045 EC000000 		.4byte	.LASF5
 443 0049 02       		.byte	0x2
 444 004a 2B       		.byte	0x2b
 445 004b 4F000000 		.4byte	0x4f
 446 004f 03       		.uleb128 0x3
 447 0050 02       		.byte	0x2
 448 0051 07       		.byte	0x7
 449 0052 D1020000 		.4byte	.LASF4
 450 0056 04       		.uleb128 0x4
 451 0057 FA020000 		.4byte	.LASF6
 452 005b 02       		.byte	0x2
 453 005c 3F       		.byte	0x3f
 454 005d 61000000 		.4byte	0x61
ARM GAS  /tmp/ccrO1v6H.s 			page 9


 455 0061 03       		.uleb128 0x3
 456 0062 04       		.byte	0x4
 457 0063 05       		.byte	0x5
 458 0064 55010000 		.4byte	.LASF7
 459 0068 04       		.uleb128 0x4
 460 0069 E1000000 		.4byte	.LASF8
 461 006d 02       		.byte	0x2
 462 006e 41       		.byte	0x41
 463 006f 73000000 		.4byte	0x73
 464 0073 03       		.uleb128 0x3
 465 0074 04       		.byte	0x4
 466 0075 07       		.byte	0x7
 467 0076 32030000 		.4byte	.LASF9
 468 007a 03       		.uleb128 0x3
 469 007b 08       		.byte	0x8
 470 007c 05       		.byte	0x5
 471 007d 39010000 		.4byte	.LASF10
 472 0081 03       		.uleb128 0x3
 473 0082 08       		.byte	0x8
 474 0083 07       		.byte	0x7
 475 0084 BA010000 		.4byte	.LASF11
 476 0088 04       		.uleb128 0x4
 477 0089 E9020000 		.4byte	.LASF12
 478 008d 03       		.byte	0x3
 479 008e 21       		.byte	0x21
 480 008f 44000000 		.4byte	0x44
 481 0093 04       		.uleb128 0x4
 482 0094 F2020000 		.4byte	.LASF13
 483 0098 03       		.byte	0x3
 484 0099 2C       		.byte	0x2c
 485 009a 56000000 		.4byte	0x56
 486 009e 04       		.uleb128 0x4
 487 009f D1010000 		.4byte	.LASF14
 488 00a3 03       		.byte	0x3
 489 00a4 2D       		.byte	0x2d
 490 00a5 68000000 		.4byte	0x68
 491 00a9 03       		.uleb128 0x3
 492 00aa 01       		.byte	0x1
 493 00ab 02       		.byte	0x2
 494 00ac 0E030000 		.4byte	.LASF15
 495 00b0 05       		.uleb128 0x5
 496 00b1 9E000000 		.4byte	0x9e
 497 00b5 03       		.uleb128 0x3
 498 00b6 04       		.byte	0x4
 499 00b7 07       		.byte	0x7
 500 00b8 CD000000 		.4byte	.LASF16
 501 00bc 03       		.uleb128 0x3
 502 00bd 01       		.byte	0x1
 503 00be 08       		.byte	0x8
 504 00bf E4020000 		.4byte	.LASF17
 505 00c3 05       		.uleb128 0x5
 506 00c4 93000000 		.4byte	0x93
 507 00c8 06       		.uleb128 0x6
 508 00c9 34       		.byte	0x34
 509 00ca 04       		.byte	0x4
 510 00cb 8502     		.2byte	0x285
 511 00cd 7A010000 		.4byte	0x17a
ARM GAS  /tmp/ccrO1v6H.s 			page 10


 512 00d1 07       		.uleb128 0x7
 513 00d2 435200   		.ascii	"CR\000"
 514 00d5 04       		.byte	0x4
 515 00d6 8702     		.2byte	0x287
 516 00d8 B0000000 		.4byte	0xb0
 517 00dc 00       		.byte	0
 518 00dd 08       		.uleb128 0x8
 519 00de 82030000 		.4byte	.LASF18
 520 00e2 04       		.byte	0x4
 521 00e3 8802     		.2byte	0x288
 522 00e5 B0000000 		.4byte	0xb0
 523 00e9 04       		.byte	0x4
 524 00ea 07       		.uleb128 0x7
 525 00eb 43495200 		.ascii	"CIR\000"
 526 00ef 04       		.byte	0x4
 527 00f0 8902     		.2byte	0x289
 528 00f2 B0000000 		.4byte	0xb0
 529 00f6 08       		.byte	0x8
 530 00f7 08       		.uleb128 0x8
 531 00f8 7E010000 		.4byte	.LASF19
 532 00fc 04       		.byte	0x4
 533 00fd 8A02     		.2byte	0x28a
 534 00ff B0000000 		.4byte	0xb0
 535 0103 0C       		.byte	0xc
 536 0104 08       		.uleb128 0x8
 537 0105 89000000 		.4byte	.LASF20
 538 0109 04       		.byte	0x4
 539 010a 8B02     		.2byte	0x28b
 540 010c B0000000 		.4byte	0xb0
 541 0110 10       		.byte	0x10
 542 0111 08       		.uleb128 0x8
 543 0112 71010000 		.4byte	.LASF21
 544 0116 04       		.byte	0x4
 545 0117 8C02     		.2byte	0x28c
 546 0119 B0000000 		.4byte	0xb0
 547 011d 14       		.byte	0x14
 548 011e 08       		.uleb128 0x8
 549 011f A6010000 		.4byte	.LASF22
 550 0123 04       		.byte	0x4
 551 0124 8D02     		.2byte	0x28d
 552 0126 B0000000 		.4byte	0xb0
 553 012a 18       		.byte	0x18
 554 012b 08       		.uleb128 0x8
 555 012c 0E010000 		.4byte	.LASF23
 556 0130 04       		.byte	0x4
 557 0131 8E02     		.2byte	0x28e
 558 0133 B0000000 		.4byte	0xb0
 559 0137 1C       		.byte	0x1c
 560 0138 08       		.uleb128 0x8
 561 0139 D6000000 		.4byte	.LASF24
 562 013d 04       		.byte	0x4
 563 013e 8F02     		.2byte	0x28f
 564 0140 B0000000 		.4byte	0xb0
 565 0144 20       		.byte	0x20
 566 0145 07       		.uleb128 0x7
 567 0146 43535200 		.ascii	"CSR\000"
 568 014a 04       		.byte	0x4
ARM GAS  /tmp/ccrO1v6H.s 			page 11


 569 014b 9002     		.2byte	0x290
 570 014d B0000000 		.4byte	0xb0
 571 0151 24       		.byte	0x24
 572 0152 08       		.uleb128 0x8
 573 0153 31010000 		.4byte	.LASF25
 574 0157 04       		.byte	0x4
 575 0158 9102     		.2byte	0x291
 576 015a B0000000 		.4byte	0xb0
 577 015e 28       		.byte	0x28
 578 015f 08       		.uleb128 0x8
 579 0160 BB020000 		.4byte	.LASF26
 580 0164 04       		.byte	0x4
 581 0165 9202     		.2byte	0x292
 582 0167 B0000000 		.4byte	0xb0
 583 016b 2C       		.byte	0x2c
 584 016c 08       		.uleb128 0x8
 585 016d C1020000 		.4byte	.LASF27
 586 0171 04       		.byte	0x4
 587 0172 9302     		.2byte	0x293
 588 0174 B0000000 		.4byte	0xb0
 589 0178 30       		.byte	0x30
 590 0179 00       		.byte	0
 591 017a 09       		.uleb128 0x9
 592 017b 65010000 		.4byte	.LASF28
 593 017f 04       		.byte	0x4
 594 0180 9402     		.2byte	0x294
 595 0182 C8000000 		.4byte	0xc8
 596 0186 0A       		.uleb128 0xa
 597 0187 04       		.byte	0x4
 598 0188 05       		.byte	0x5
 599 0189 96       		.byte	0x96
 600 018a A7010000 		.4byte	0x1a7
 601 018e 0B       		.uleb128 0xb
 602 018f 73657400 		.ascii	"set\000"
 603 0193 05       		.byte	0x5
 604 0194 97       		.byte	0x97
 605 0195 88000000 		.4byte	0x88
 606 0199 00       		.byte	0
 607 019a 0C       		.uleb128 0xc
 608 019b 87010000 		.4byte	.LASF29
 609 019f 05       		.byte	0x5
 610 01a0 98       		.byte	0x98
 611 01a1 88000000 		.4byte	0x88
 612 01a5 02       		.byte	0x2
 613 01a6 00       		.byte	0
 614 01a7 0D       		.uleb128 0xd
 615 01a8 04       		.byte	0x4
 616 01a9 05       		.byte	0x5
 617 01aa 94       		.byte	0x94
 618 01ab C2010000 		.4byte	0x1c2
 619 01af 0E       		.uleb128 0xe
 620 01b0 5700     		.ascii	"W\000"
 621 01b2 05       		.byte	0x5
 622 01b3 95       		.byte	0x95
 623 01b4 9E000000 		.4byte	0x9e
 624 01b8 0E       		.uleb128 0xe
 625 01b9 4800     		.ascii	"H\000"
ARM GAS  /tmp/ccrO1v6H.s 			page 12


 626 01bb 05       		.byte	0x5
 627 01bc 99       		.byte	0x99
 628 01bd 86010000 		.4byte	0x186
 629 01c1 00       		.byte	0
 630 01c2 0A       		.uleb128 0xa
 631 01c3 28       		.byte	0x28
 632 01c4 05       		.byte	0x5
 633 01c5 8C       		.byte	0x8c
 634 01c6 43020000 		.4byte	0x243
 635 01ca 0C       		.uleb128 0xc
 636 01cb 78010000 		.4byte	.LASF30
 637 01cf 05       		.byte	0x5
 638 01d0 8E       		.byte	0x8e
 639 01d1 B0000000 		.4byte	0xb0
 640 01d5 00       		.byte	0
 641 01d6 0C       		.uleb128 0xc
 642 01d7 23010000 		.4byte	.LASF31
 643 01db 05       		.byte	0x5
 644 01dc 8F       		.byte	0x8f
 645 01dd B0000000 		.4byte	0xb0
 646 01e1 04       		.byte	0x4
 647 01e2 0C       		.uleb128 0xc
 648 01e3 2A030000 		.4byte	.LASF32
 649 01e7 05       		.byte	0x5
 650 01e8 90       		.byte	0x90
 651 01e9 B0000000 		.4byte	0xb0
 652 01ed 08       		.byte	0x8
 653 01ee 0C       		.uleb128 0xc
 654 01ef 47010000 		.4byte	.LASF33
 655 01f3 05       		.byte	0x5
 656 01f4 91       		.byte	0x91
 657 01f5 B0000000 		.4byte	0xb0
 658 01f9 0C       		.byte	0xc
 659 01fa 0B       		.uleb128 0xb
 660 01fb 49445200 		.ascii	"IDR\000"
 661 01ff 05       		.byte	0x5
 662 0200 92       		.byte	0x92
 663 0201 B0000000 		.4byte	0xb0
 664 0205 10       		.byte	0x10
 665 0206 0B       		.uleb128 0xb
 666 0207 4F445200 		.ascii	"ODR\000"
 667 020b 05       		.byte	0x5
 668 020c 93       		.byte	0x93
 669 020d B0000000 		.4byte	0xb0
 670 0211 14       		.byte	0x14
 671 0212 0C       		.uleb128 0xc
 672 0213 8C030000 		.4byte	.LASF34
 673 0217 05       		.byte	0x5
 674 0218 9A       		.byte	0x9a
 675 0219 43020000 		.4byte	0x243
 676 021d 18       		.byte	0x18
 677 021e 0C       		.uleb128 0xc
 678 021f 87030000 		.4byte	.LASF35
 679 0223 05       		.byte	0x5
 680 0224 9B       		.byte	0x9b
 681 0225 B0000000 		.4byte	0xb0
 682 0229 1C       		.byte	0x1c
ARM GAS  /tmp/ccrO1v6H.s 			page 13


 683 022a 0C       		.uleb128 0xc
 684 022b CC020000 		.4byte	.LASF36
 685 022f 05       		.byte	0x5
 686 0230 9C       		.byte	0x9c
 687 0231 B0000000 		.4byte	0xb0
 688 0235 20       		.byte	0x20
 689 0236 0C       		.uleb128 0xc
 690 0237 C7020000 		.4byte	.LASF37
 691 023b 05       		.byte	0x5
 692 023c 9D       		.byte	0x9d
 693 023d B0000000 		.4byte	0xb0
 694 0241 24       		.byte	0x24
 695 0242 00       		.byte	0
 696 0243 05       		.uleb128 0x5
 697 0244 A7010000 		.4byte	0x1a7
 698 0248 04       		.uleb128 0x4
 699 0249 00000000 		.4byte	.LASF38
 700 024d 05       		.byte	0x5
 701 024e 9E       		.byte	0x9e
 702 024f C2010000 		.4byte	0x1c2
 703 0253 0A       		.uleb128 0xa
 704 0254 1C       		.byte	0x1c
 705 0255 05       		.byte	0x5
 706 0256 A3       		.byte	0xa3
 707 0257 B0020000 		.4byte	0x2b0
 708 025b 0C       		.uleb128 0xc
 709 025c 59030000 		.4byte	.LASF39
 710 0260 05       		.byte	0x5
 711 0261 A5       		.byte	0xa5
 712 0262 9E000000 		.4byte	0x9e
 713 0266 00       		.byte	0
 714 0267 0C       		.uleb128 0xc
 715 0268 B4020000 		.4byte	.LASF40
 716 026c 05       		.byte	0x5
 717 026d A7       		.byte	0xa7
 718 026e 9E000000 		.4byte	0x9e
 719 0272 04       		.byte	0x4
 720 0273 0C       		.uleb128 0xc
 721 0274 4D010000 		.4byte	.LASF41
 722 0278 05       		.byte	0x5
 723 0279 A9       		.byte	0xa9
 724 027a 9E000000 		.4byte	0x9e
 725 027e 08       		.byte	0x8
 726 027f 0C       		.uleb128 0xc
 727 0280 49030000 		.4byte	.LASF42
 728 0284 05       		.byte	0x5
 729 0285 AB       		.byte	0xab
 730 0286 9E000000 		.4byte	0x9e
 731 028a 0C       		.byte	0xc
 732 028b 0B       		.uleb128 0xb
 733 028c 6F647200 		.ascii	"odr\000"
 734 0290 05       		.byte	0x5
 735 0291 AD       		.byte	0xad
 736 0292 9E000000 		.4byte	0x9e
 737 0296 10       		.byte	0x10
 738 0297 0C       		.uleb128 0xc
 739 0298 54030000 		.4byte	.LASF43
ARM GAS  /tmp/ccrO1v6H.s 			page 14


 740 029c 05       		.byte	0x5
 741 029d AF       		.byte	0xaf
 742 029e 9E000000 		.4byte	0x9e
 743 02a2 14       		.byte	0x14
 744 02a3 0C       		.uleb128 0xc
 745 02a4 4F030000 		.4byte	.LASF44
 746 02a8 05       		.byte	0x5
 747 02a9 B1       		.byte	0xb1
 748 02aa 9E000000 		.4byte	0x9e
 749 02ae 18       		.byte	0x18
 750 02af 00       		.byte	0
 751 02b0 04       		.uleb128 0x4
 752 02b1 A0000000 		.4byte	.LASF45
 753 02b5 05       		.byte	0x5
 754 02b6 B2       		.byte	0xb2
 755 02b7 53020000 		.4byte	0x253
 756 02bb 0A       		.uleb128 0xa
 757 02bc A8       		.byte	0xa8
 758 02bd 05       		.byte	0x5
 759 02be BB       		.byte	0xbb
 760 02bf 0C030000 		.4byte	0x30c
 761 02c3 0C       		.uleb128 0xc
 762 02c4 2A010000 		.4byte	.LASF46
 763 02c8 05       		.byte	0x5
 764 02c9 BE       		.byte	0xbe
 765 02ca B0020000 		.4byte	0x2b0
 766 02ce 00       		.byte	0
 767 02cf 0C       		.uleb128 0xc
 768 02d0 F7000000 		.4byte	.LASF47
 769 02d4 05       		.byte	0x5
 770 02d5 C2       		.byte	0xc2
 771 02d6 B0020000 		.4byte	0x2b0
 772 02da 1C       		.byte	0x1c
 773 02db 0C       		.uleb128 0xc
 774 02dc 0D000000 		.4byte	.LASF48
 775 02e0 05       		.byte	0x5
 776 02e1 C6       		.byte	0xc6
 777 02e2 B0020000 		.4byte	0x2b0
 778 02e6 38       		.byte	0x38
 779 02e7 0C       		.uleb128 0xc
 780 02e8 5E010000 		.4byte	.LASF49
 781 02ec 05       		.byte	0x5
 782 02ed CA       		.byte	0xca
 783 02ee B0020000 		.4byte	0x2b0
 784 02f2 54       		.byte	0x54
 785 02f3 0C       		.uleb128 0xc
 786 02f4 1E030000 		.4byte	.LASF50
 787 02f8 05       		.byte	0x5
 788 02f9 CE       		.byte	0xce
 789 02fa B0020000 		.4byte	0x2b0
 790 02fe 70       		.byte	0x70
 791 02ff 0C       		.uleb128 0xc
 792 0300 B3000000 		.4byte	.LASF51
 793 0304 05       		.byte	0x5
 794 0305 D2       		.byte	0xd2
 795 0306 B0020000 		.4byte	0x2b0
 796 030a 8C       		.byte	0x8c
ARM GAS  /tmp/ccrO1v6H.s 			page 15


 797 030b 00       		.byte	0
 798 030c 04       		.uleb128 0x4
 799 030d 04030000 		.4byte	.LASF52
 800 0311 05       		.byte	0x5
 801 0312 E0       		.byte	0xe0
 802 0313 BB020000 		.4byte	0x2bb
 803 0317 04       		.uleb128 0x4
 804 0318 16010000 		.4byte	.LASF53
 805 031c 05       		.byte	0x5
 806 031d F0       		.byte	0xf0
 807 031e 9E000000 		.4byte	0x9e
 808 0322 04       		.uleb128 0x4
 809 0323 05010000 		.4byte	.LASF54
 810 0327 05       		.byte	0x5
 811 0328 F5       		.byte	0xf5
 812 0329 9E000000 		.4byte	0x9e
 813 032d 04       		.uleb128 0x4
 814 032e 8D010000 		.4byte	.LASF55
 815 0332 05       		.byte	0x5
 816 0333 FD       		.byte	0xfd
 817 0334 38030000 		.4byte	0x338
 818 0338 0F       		.uleb128 0xf
 819 0339 04       		.byte	0x4
 820 033a 48020000 		.4byte	0x248
 821 033e 10       		.uleb128 0x10
 822 033f C4000000 		.4byte	.LASF67
 823 0343 01       		.byte	0x1
 824 0344 5C       		.byte	0x5c
 825 0345 01       		.byte	0x1
 826 0346 61030000 		.4byte	0x361
 827 034a 11       		.uleb128 0x11
 828 034b DB000000 		.4byte	.LASF56
 829 034f 01       		.byte	0x1
 830 0350 5C       		.byte	0x5c
 831 0351 38030000 		.4byte	0x338
 832 0355 11       		.uleb128 0x11
 833 0356 FE000000 		.4byte	.LASF57
 834 035a 01       		.byte	0x1
 835 035b 5C       		.byte	0x5c
 836 035c 61030000 		.4byte	0x361
 837 0360 00       		.byte	0
 838 0361 0F       		.uleb128 0xf
 839 0362 04       		.byte	0x4
 840 0363 67030000 		.4byte	0x367
 841 0367 12       		.uleb128 0x12
 842 0368 B0020000 		.4byte	0x2b0
 843 036c 13       		.uleb128 0x13
 844 036d 92000000 		.4byte	.LASF58
 845 0371 01       		.byte	0x1
 846 0372 77       		.byte	0x77
 847 0373 00000000 		.4byte	.LFB119
 848 0377 F4000000 		.4byte	.LFE119-.LFB119
 849 037b 01       		.uleb128 0x1
 850 037c 9C       		.byte	0x9c
 851 037d 70040000 		.4byte	0x470
 852 0381 14       		.uleb128 0x14
 853 0382 FE000000 		.4byte	.LASF57
ARM GAS  /tmp/ccrO1v6H.s 			page 16


 854 0386 01       		.byte	0x1
 855 0387 77       		.byte	0x77
 856 0388 70040000 		.4byte	0x470
 857 038c 01       		.uleb128 0x1
 858 038d 50       		.byte	0x50
 859 038e 15       		.uleb128 0x15
 860 038f 3E030000 		.4byte	0x33e
 861 0393 04000000 		.4byte	.LBB14
 862 0397 00000000 		.4byte	.Ldebug_ranges0+0
 863 039b 01       		.byte	0x1
 864 039c 8F       		.byte	0x8f
 865 039d B4030000 		.4byte	0x3b4
 866 03a1 16       		.uleb128 0x16
 867 03a2 55030000 		.4byte	0x355
 868 03a6 03       		.uleb128 0x3
 869 03a7 70       		.byte	0x70
 870 03a8 1C       		.sleb128 28
 871 03a9 9F       		.byte	0x9f
 872 03aa 17       		.uleb128 0x17
 873 03ab 4A030000 		.4byte	0x34a
 874 03af 00040048 		.4byte	0x48000400
 875 03b3 00       		.byte	0
 876 03b4 15       		.uleb128 0x15
 877 03b5 3E030000 		.4byte	0x33e
 878 03b9 08000000 		.4byte	.LBB17
 879 03bd 18000000 		.4byte	.Ldebug_ranges0+0x18
 880 03c1 01       		.byte	0x1
 881 03c2 92       		.byte	0x92
 882 03c3 DA030000 		.4byte	0x3da
 883 03c7 16       		.uleb128 0x16
 884 03c8 55030000 		.4byte	0x355
 885 03cc 03       		.uleb128 0x3
 886 03cd 70       		.byte	0x70
 887 03ce 38       		.sleb128 56
 888 03cf 9F       		.byte	0x9f
 889 03d0 17       		.uleb128 0x17
 890 03d1 4A030000 		.4byte	0x34a
 891 03d5 00080048 		.4byte	0x48000800
 892 03d9 00       		.byte	0
 893 03da 15       		.uleb128 0x15
 894 03db 3E030000 		.4byte	0x33e
 895 03df 0A000000 		.4byte	.LBB20
 896 03e3 30000000 		.4byte	.Ldebug_ranges0+0x30
 897 03e7 01       		.byte	0x1
 898 03e8 95       		.byte	0x95
 899 03e9 01040000 		.4byte	0x401
 900 03ed 16       		.uleb128 0x16
 901 03ee 55030000 		.4byte	0x355
 902 03f2 04       		.uleb128 0x4
 903 03f3 70       		.byte	0x70
 904 03f4 D400     		.sleb128 84
 905 03f6 9F       		.byte	0x9f
 906 03f7 17       		.uleb128 0x17
 907 03f8 4A030000 		.4byte	0x34a
 908 03fc 000C0048 		.4byte	0x48000c00
 909 0400 00       		.byte	0
 910 0401 15       		.uleb128 0x15
ARM GAS  /tmp/ccrO1v6H.s 			page 17


 911 0402 3E030000 		.4byte	0x33e
 912 0406 0C000000 		.4byte	.LBB23
 913 040a 48000000 		.4byte	.Ldebug_ranges0+0x48
 914 040e 01       		.byte	0x1
 915 040f 98       		.byte	0x98
 916 0410 28040000 		.4byte	0x428
 917 0414 16       		.uleb128 0x16
 918 0415 55030000 		.4byte	0x355
 919 0419 04       		.uleb128 0x4
 920 041a 70       		.byte	0x70
 921 041b F000     		.sleb128 112
 922 041d 9F       		.byte	0x9f
 923 041e 17       		.uleb128 0x17
 924 041f 4A030000 		.4byte	0x34a
 925 0423 00100048 		.4byte	0x48001000
 926 0427 00       		.byte	0
 927 0428 15       		.uleb128 0x15
 928 0429 3E030000 		.4byte	0x33e
 929 042d 0E000000 		.4byte	.LBB26
 930 0431 60000000 		.4byte	.Ldebug_ranges0+0x60
 931 0435 01       		.byte	0x1
 932 0436 9B       		.byte	0x9b
 933 0437 4F040000 		.4byte	0x44f
 934 043b 16       		.uleb128 0x16
 935 043c 55030000 		.4byte	0x355
 936 0440 04       		.uleb128 0x4
 937 0441 70       		.byte	0x70
 938 0442 8C01     		.sleb128 140
 939 0444 9F       		.byte	0x9f
 940 0445 17       		.uleb128 0x17
 941 0446 4A030000 		.4byte	0x34a
 942 044a 00140048 		.4byte	0x48001400
 943 044e 00       		.byte	0
 944 044f 18       		.uleb128 0x18
 945 0450 3E030000 		.4byte	0x33e
 946 0454 16000000 		.4byte	.LBB29
 947 0458 20000000 		.4byte	.LBE29-.LBB29
 948 045c 01       		.byte	0x1
 949 045d 8C       		.byte	0x8c
 950 045e 16       		.uleb128 0x16
 951 045f 55030000 		.4byte	0x355
 952 0463 01       		.uleb128 0x1
 953 0464 50       		.byte	0x50
 954 0465 17       		.uleb128 0x17
 955 0466 4A030000 		.4byte	0x34a
 956 046a 00000048 		.4byte	0x48000000
 957 046e 00       		.byte	0
 958 046f 00       		.byte	0
 959 0470 0F       		.uleb128 0xf
 960 0471 04       		.byte	0x4
 961 0472 76040000 		.4byte	0x476
 962 0476 12       		.uleb128 0x12
 963 0477 0C030000 		.4byte	0x30c
 964 047b 13       		.uleb128 0x13
 965 047c 73000000 		.4byte	.LASF59
 966 0480 01       		.byte	0x1
 967 0481 B6       		.byte	0xb6
ARM GAS  /tmp/ccrO1v6H.s 			page 18


 968 0482 00000000 		.4byte	.LFB120
 969 0486 AC000000 		.4byte	.LFE120-.LFB120
 970 048a 01       		.uleb128 0x1
 971 048b 9C       		.byte	0x9c
 972 048c 4B050000 		.4byte	0x54b
 973 0490 14       		.uleb128 0x14
 974 0491 19030000 		.4byte	.LASF60
 975 0495 01       		.byte	0x1
 976 0496 B6       		.byte	0xb6
 977 0497 2D030000 		.4byte	0x32d
 978 049b 01       		.uleb128 0x1
 979 049c 50       		.byte	0x50
 980 049d 19       		.uleb128 0x19
 981 049e 44030000 		.4byte	.LASF61
 982 04a2 01       		.byte	0x1
 983 04a3 B7       		.byte	0xb7
 984 04a4 17030000 		.4byte	0x317
 985 04a8 00000000 		.4byte	.LLST0
 986 04ac 19       		.uleb128 0x19
 987 04ad 14030000 		.4byte	.LASF62
 988 04b1 01       		.byte	0x1
 989 04b2 B8       		.byte	0xb8
 990 04b3 22030000 		.4byte	0x322
 991 04b7 2D000000 		.4byte	.LLST1
 992 04bb 1A       		.uleb128 0x1a
 993 04bc 59030000 		.4byte	.LASF39
 994 04c0 01       		.byte	0x1
 995 04c1 BA       		.byte	0xba
 996 04c2 9E000000 		.4byte	0x9e
 997 04c6 01       		.uleb128 0x1
 998 04c7 5E       		.byte	0x5e
 999 04c8 1A       		.uleb128 0x1a
 1000 04c9 B4020000 		.4byte	.LASF40
 1001 04cd 01       		.byte	0x1
 1002 04ce BB       		.byte	0xbb
 1003 04cf 9E000000 		.4byte	0x9e
 1004 04d3 01       		.uleb128 0x1
 1005 04d4 57       		.byte	0x57
 1006 04d5 1A       		.uleb128 0x1a
 1007 04d6 4D010000 		.4byte	.LASF41
 1008 04da 01       		.byte	0x1
 1009 04db BC       		.byte	0xbc
 1010 04dc 9E000000 		.4byte	0x9e
 1011 04e0 01       		.uleb128 0x1
 1012 04e1 56       		.byte	0x56
 1013 04e2 1A       		.uleb128 0x1a
 1014 04e3 49030000 		.4byte	.LASF42
 1015 04e7 01       		.byte	0x1
 1016 04e8 BD       		.byte	0xbd
 1017 04e9 9E000000 		.4byte	0x9e
 1018 04ed 01       		.uleb128 0x1
 1019 04ee 55       		.byte	0x55
 1020 04ef 1A       		.uleb128 0x1a
 1021 04f0 25030000 		.4byte	.LASF63
 1022 04f4 01       		.byte	0x1
 1023 04f5 BE       		.byte	0xbe
 1024 04f6 9E000000 		.4byte	0x9e
ARM GAS  /tmp/ccrO1v6H.s 			page 19


 1025 04fa 01       		.uleb128 0x1
 1026 04fb 52       		.byte	0x52
 1027 04fc 1B       		.uleb128 0x1b
 1028 04fd 62697400 		.ascii	"bit\000"
 1029 0501 01       		.byte	0x1
 1030 0502 BF       		.byte	0xbf
 1031 0503 9E000000 		.4byte	0x9e
 1032 0507 4E000000 		.4byte	.LLST2
 1033 050b 1C       		.uleb128 0x1c
 1034 050c 78000000 		.4byte	.Ldebug_ranges0+0x78
 1035 0510 1D       		.uleb128 0x1d
 1036 0511 6C030000 		.4byte	.LASF64
 1037 0515 01       		.byte	0x1
 1038 0516 C2       		.byte	0xc2
 1039 0517 9E000000 		.4byte	0x9e
 1040 051b 6D000000 		.4byte	.LLST3
 1041 051f 1B       		.uleb128 0x1b
 1042 0520 6D3100   		.ascii	"m1\000"
 1043 0523 01       		.byte	0x1
 1044 0524 C2       		.byte	0xc2
 1045 0525 9E000000 		.4byte	0x9e
 1046 0529 B3000000 		.4byte	.LLST4
 1047 052d 1B       		.uleb128 0x1b
 1048 052e 6D3200   		.ascii	"m2\000"
 1049 0531 01       		.byte	0x1
 1050 0532 C2       		.byte	0xc2
 1051 0533 9E000000 		.4byte	0x9e
 1052 0537 CA000000 		.4byte	.LLST5
 1053 053b 1B       		.uleb128 0x1b
 1054 053c 6D3400   		.ascii	"m4\000"
 1055 053f 01       		.byte	0x1
 1056 0540 C2       		.byte	0xc2
 1057 0541 9E000000 		.4byte	0x9e
 1058 0545 E3000000 		.4byte	.LLST6
 1059 0549 00       		.byte	0
 1060 054a 00       		.byte	0
 1061 054b 1E       		.uleb128 0x1e
 1062 054c 5F030000 		.4byte	.LASF68
 1063 0550 06       		.byte	0x6
 1064 0551 9806     		.2byte	0x698
 1065 0553 C3000000 		.4byte	0xc3
 1066 0557 00       		.byte	0
 1067              		.section	.debug_abbrev,"",%progbits
 1068              	.Ldebug_abbrev0:
 1069 0000 01       		.uleb128 0x1
 1070 0001 11       		.uleb128 0x11
 1071 0002 01       		.byte	0x1
 1072 0003 25       		.uleb128 0x25
 1073 0004 0E       		.uleb128 0xe
 1074 0005 13       		.uleb128 0x13
 1075 0006 0B       		.uleb128 0xb
 1076 0007 03       		.uleb128 0x3
 1077 0008 0E       		.uleb128 0xe
 1078 0009 55       		.uleb128 0x55
 1079 000a 17       		.uleb128 0x17
 1080 000b 11       		.uleb128 0x11
 1081 000c 01       		.uleb128 0x1
ARM GAS  /tmp/ccrO1v6H.s 			page 20


 1082 000d 10       		.uleb128 0x10
 1083 000e 17       		.uleb128 0x17
 1084 000f 00       		.byte	0
 1085 0010 00       		.byte	0
 1086 0011 02       		.uleb128 0x2
 1087 0012 24       		.uleb128 0x24
 1088 0013 00       		.byte	0
 1089 0014 0B       		.uleb128 0xb
 1090 0015 0B       		.uleb128 0xb
 1091 0016 3E       		.uleb128 0x3e
 1092 0017 0B       		.uleb128 0xb
 1093 0018 03       		.uleb128 0x3
 1094 0019 08       		.uleb128 0x8
 1095 001a 00       		.byte	0
 1096 001b 00       		.byte	0
 1097 001c 03       		.uleb128 0x3
 1098 001d 24       		.uleb128 0x24
 1099 001e 00       		.byte	0
 1100 001f 0B       		.uleb128 0xb
 1101 0020 0B       		.uleb128 0xb
 1102 0021 3E       		.uleb128 0x3e
 1103 0022 0B       		.uleb128 0xb
 1104 0023 03       		.uleb128 0x3
 1105 0024 0E       		.uleb128 0xe
 1106 0025 00       		.byte	0
 1107 0026 00       		.byte	0
 1108 0027 04       		.uleb128 0x4
 1109 0028 16       		.uleb128 0x16
 1110 0029 00       		.byte	0
 1111 002a 03       		.uleb128 0x3
 1112 002b 0E       		.uleb128 0xe
 1113 002c 3A       		.uleb128 0x3a
 1114 002d 0B       		.uleb128 0xb
 1115 002e 3B       		.uleb128 0x3b
 1116 002f 0B       		.uleb128 0xb
 1117 0030 49       		.uleb128 0x49
 1118 0031 13       		.uleb128 0x13
 1119 0032 00       		.byte	0
 1120 0033 00       		.byte	0
 1121 0034 05       		.uleb128 0x5
 1122 0035 35       		.uleb128 0x35
 1123 0036 00       		.byte	0
 1124 0037 49       		.uleb128 0x49
 1125 0038 13       		.uleb128 0x13
 1126 0039 00       		.byte	0
 1127 003a 00       		.byte	0
 1128 003b 06       		.uleb128 0x6
 1129 003c 13       		.uleb128 0x13
 1130 003d 01       		.byte	0x1
 1131 003e 0B       		.uleb128 0xb
 1132 003f 0B       		.uleb128 0xb
 1133 0040 3A       		.uleb128 0x3a
 1134 0041 0B       		.uleb128 0xb
 1135 0042 3B       		.uleb128 0x3b
 1136 0043 05       		.uleb128 0x5
 1137 0044 01       		.uleb128 0x1
 1138 0045 13       		.uleb128 0x13
ARM GAS  /tmp/ccrO1v6H.s 			page 21


 1139 0046 00       		.byte	0
 1140 0047 00       		.byte	0
 1141 0048 07       		.uleb128 0x7
 1142 0049 0D       		.uleb128 0xd
 1143 004a 00       		.byte	0
 1144 004b 03       		.uleb128 0x3
 1145 004c 08       		.uleb128 0x8
 1146 004d 3A       		.uleb128 0x3a
 1147 004e 0B       		.uleb128 0xb
 1148 004f 3B       		.uleb128 0x3b
 1149 0050 05       		.uleb128 0x5
 1150 0051 49       		.uleb128 0x49
 1151 0052 13       		.uleb128 0x13
 1152 0053 38       		.uleb128 0x38
 1153 0054 0B       		.uleb128 0xb
 1154 0055 00       		.byte	0
 1155 0056 00       		.byte	0
 1156 0057 08       		.uleb128 0x8
 1157 0058 0D       		.uleb128 0xd
 1158 0059 00       		.byte	0
 1159 005a 03       		.uleb128 0x3
 1160 005b 0E       		.uleb128 0xe
 1161 005c 3A       		.uleb128 0x3a
 1162 005d 0B       		.uleb128 0xb
 1163 005e 3B       		.uleb128 0x3b
 1164 005f 05       		.uleb128 0x5
 1165 0060 49       		.uleb128 0x49
 1166 0061 13       		.uleb128 0x13
 1167 0062 38       		.uleb128 0x38
 1168 0063 0B       		.uleb128 0xb
 1169 0064 00       		.byte	0
 1170 0065 00       		.byte	0
 1171 0066 09       		.uleb128 0x9
 1172 0067 16       		.uleb128 0x16
 1173 0068 00       		.byte	0
 1174 0069 03       		.uleb128 0x3
 1175 006a 0E       		.uleb128 0xe
 1176 006b 3A       		.uleb128 0x3a
 1177 006c 0B       		.uleb128 0xb
 1178 006d 3B       		.uleb128 0x3b
 1179 006e 05       		.uleb128 0x5
 1180 006f 49       		.uleb128 0x49
 1181 0070 13       		.uleb128 0x13
 1182 0071 00       		.byte	0
 1183 0072 00       		.byte	0
 1184 0073 0A       		.uleb128 0xa
 1185 0074 13       		.uleb128 0x13
 1186 0075 01       		.byte	0x1
 1187 0076 0B       		.uleb128 0xb
 1188 0077 0B       		.uleb128 0xb
 1189 0078 3A       		.uleb128 0x3a
 1190 0079 0B       		.uleb128 0xb
 1191 007a 3B       		.uleb128 0x3b
 1192 007b 0B       		.uleb128 0xb
 1193 007c 01       		.uleb128 0x1
 1194 007d 13       		.uleb128 0x13
 1195 007e 00       		.byte	0
ARM GAS  /tmp/ccrO1v6H.s 			page 22


 1196 007f 00       		.byte	0
 1197 0080 0B       		.uleb128 0xb
 1198 0081 0D       		.uleb128 0xd
 1199 0082 00       		.byte	0
 1200 0083 03       		.uleb128 0x3
 1201 0084 08       		.uleb128 0x8
 1202 0085 3A       		.uleb128 0x3a
 1203 0086 0B       		.uleb128 0xb
 1204 0087 3B       		.uleb128 0x3b
 1205 0088 0B       		.uleb128 0xb
 1206 0089 49       		.uleb128 0x49
 1207 008a 13       		.uleb128 0x13
 1208 008b 38       		.uleb128 0x38
 1209 008c 0B       		.uleb128 0xb
 1210 008d 00       		.byte	0
 1211 008e 00       		.byte	0
 1212 008f 0C       		.uleb128 0xc
 1213 0090 0D       		.uleb128 0xd
 1214 0091 00       		.byte	0
 1215 0092 03       		.uleb128 0x3
 1216 0093 0E       		.uleb128 0xe
 1217 0094 3A       		.uleb128 0x3a
 1218 0095 0B       		.uleb128 0xb
 1219 0096 3B       		.uleb128 0x3b
 1220 0097 0B       		.uleb128 0xb
 1221 0098 49       		.uleb128 0x49
 1222 0099 13       		.uleb128 0x13
 1223 009a 38       		.uleb128 0x38
 1224 009b 0B       		.uleb128 0xb
 1225 009c 00       		.byte	0
 1226 009d 00       		.byte	0
 1227 009e 0D       		.uleb128 0xd
 1228 009f 17       		.uleb128 0x17
 1229 00a0 01       		.byte	0x1
 1230 00a1 0B       		.uleb128 0xb
 1231 00a2 0B       		.uleb128 0xb
 1232 00a3 3A       		.uleb128 0x3a
 1233 00a4 0B       		.uleb128 0xb
 1234 00a5 3B       		.uleb128 0x3b
 1235 00a6 0B       		.uleb128 0xb
 1236 00a7 01       		.uleb128 0x1
 1237 00a8 13       		.uleb128 0x13
 1238 00a9 00       		.byte	0
 1239 00aa 00       		.byte	0
 1240 00ab 0E       		.uleb128 0xe
 1241 00ac 0D       		.uleb128 0xd
 1242 00ad 00       		.byte	0
 1243 00ae 03       		.uleb128 0x3
 1244 00af 08       		.uleb128 0x8
 1245 00b0 3A       		.uleb128 0x3a
 1246 00b1 0B       		.uleb128 0xb
 1247 00b2 3B       		.uleb128 0x3b
 1248 00b3 0B       		.uleb128 0xb
 1249 00b4 49       		.uleb128 0x49
 1250 00b5 13       		.uleb128 0x13
 1251 00b6 00       		.byte	0
 1252 00b7 00       		.byte	0
ARM GAS  /tmp/ccrO1v6H.s 			page 23


 1253 00b8 0F       		.uleb128 0xf
 1254 00b9 0F       		.uleb128 0xf
 1255 00ba 00       		.byte	0
 1256 00bb 0B       		.uleb128 0xb
 1257 00bc 0B       		.uleb128 0xb
 1258 00bd 49       		.uleb128 0x49
 1259 00be 13       		.uleb128 0x13
 1260 00bf 00       		.byte	0
 1261 00c0 00       		.byte	0
 1262 00c1 10       		.uleb128 0x10
 1263 00c2 2E       		.uleb128 0x2e
 1264 00c3 01       		.byte	0x1
 1265 00c4 03       		.uleb128 0x3
 1266 00c5 0E       		.uleb128 0xe
 1267 00c6 3A       		.uleb128 0x3a
 1268 00c7 0B       		.uleb128 0xb
 1269 00c8 3B       		.uleb128 0x3b
 1270 00c9 0B       		.uleb128 0xb
 1271 00ca 27       		.uleb128 0x27
 1272 00cb 19       		.uleb128 0x19
 1273 00cc 20       		.uleb128 0x20
 1274 00cd 0B       		.uleb128 0xb
 1275 00ce 01       		.uleb128 0x1
 1276 00cf 13       		.uleb128 0x13
 1277 00d0 00       		.byte	0
 1278 00d1 00       		.byte	0
 1279 00d2 11       		.uleb128 0x11
 1280 00d3 05       		.uleb128 0x5
 1281 00d4 00       		.byte	0
 1282 00d5 03       		.uleb128 0x3
 1283 00d6 0E       		.uleb128 0xe
 1284 00d7 3A       		.uleb128 0x3a
 1285 00d8 0B       		.uleb128 0xb
 1286 00d9 3B       		.uleb128 0x3b
 1287 00da 0B       		.uleb128 0xb
 1288 00db 49       		.uleb128 0x49
 1289 00dc 13       		.uleb128 0x13
 1290 00dd 00       		.byte	0
 1291 00de 00       		.byte	0
 1292 00df 12       		.uleb128 0x12
 1293 00e0 26       		.uleb128 0x26
 1294 00e1 00       		.byte	0
 1295 00e2 49       		.uleb128 0x49
 1296 00e3 13       		.uleb128 0x13
 1297 00e4 00       		.byte	0
 1298 00e5 00       		.byte	0
 1299 00e6 13       		.uleb128 0x13
 1300 00e7 2E       		.uleb128 0x2e
 1301 00e8 01       		.byte	0x1
 1302 00e9 3F       		.uleb128 0x3f
 1303 00ea 19       		.uleb128 0x19
 1304 00eb 03       		.uleb128 0x3
 1305 00ec 0E       		.uleb128 0xe
 1306 00ed 3A       		.uleb128 0x3a
 1307 00ee 0B       		.uleb128 0xb
 1308 00ef 3B       		.uleb128 0x3b
 1309 00f0 0B       		.uleb128 0xb
ARM GAS  /tmp/ccrO1v6H.s 			page 24


 1310 00f1 27       		.uleb128 0x27
 1311 00f2 19       		.uleb128 0x19
 1312 00f3 11       		.uleb128 0x11
 1313 00f4 01       		.uleb128 0x1
 1314 00f5 12       		.uleb128 0x12
 1315 00f6 06       		.uleb128 0x6
 1316 00f7 40       		.uleb128 0x40
 1317 00f8 18       		.uleb128 0x18
 1318 00f9 9742     		.uleb128 0x2117
 1319 00fb 19       		.uleb128 0x19
 1320 00fc 01       		.uleb128 0x1
 1321 00fd 13       		.uleb128 0x13
 1322 00fe 00       		.byte	0
 1323 00ff 00       		.byte	0
 1324 0100 14       		.uleb128 0x14
 1325 0101 05       		.uleb128 0x5
 1326 0102 00       		.byte	0
 1327 0103 03       		.uleb128 0x3
 1328 0104 0E       		.uleb128 0xe
 1329 0105 3A       		.uleb128 0x3a
 1330 0106 0B       		.uleb128 0xb
 1331 0107 3B       		.uleb128 0x3b
 1332 0108 0B       		.uleb128 0xb
 1333 0109 49       		.uleb128 0x49
 1334 010a 13       		.uleb128 0x13
 1335 010b 02       		.uleb128 0x2
 1336 010c 18       		.uleb128 0x18
 1337 010d 00       		.byte	0
 1338 010e 00       		.byte	0
 1339 010f 15       		.uleb128 0x15
 1340 0110 1D       		.uleb128 0x1d
 1341 0111 01       		.byte	0x1
 1342 0112 31       		.uleb128 0x31
 1343 0113 13       		.uleb128 0x13
 1344 0114 52       		.uleb128 0x52
 1345 0115 01       		.uleb128 0x1
 1346 0116 55       		.uleb128 0x55
 1347 0117 17       		.uleb128 0x17
 1348 0118 58       		.uleb128 0x58
 1349 0119 0B       		.uleb128 0xb
 1350 011a 59       		.uleb128 0x59
 1351 011b 0B       		.uleb128 0xb
 1352 011c 01       		.uleb128 0x1
 1353 011d 13       		.uleb128 0x13
 1354 011e 00       		.byte	0
 1355 011f 00       		.byte	0
 1356 0120 16       		.uleb128 0x16
 1357 0121 05       		.uleb128 0x5
 1358 0122 00       		.byte	0
 1359 0123 31       		.uleb128 0x31
 1360 0124 13       		.uleb128 0x13
 1361 0125 02       		.uleb128 0x2
 1362 0126 18       		.uleb128 0x18
 1363 0127 00       		.byte	0
 1364 0128 00       		.byte	0
 1365 0129 17       		.uleb128 0x17
 1366 012a 05       		.uleb128 0x5
ARM GAS  /tmp/ccrO1v6H.s 			page 25


 1367 012b 00       		.byte	0
 1368 012c 31       		.uleb128 0x31
 1369 012d 13       		.uleb128 0x13
 1370 012e 1C       		.uleb128 0x1c
 1371 012f 06       		.uleb128 0x6
 1372 0130 00       		.byte	0
 1373 0131 00       		.byte	0
 1374 0132 18       		.uleb128 0x18
 1375 0133 1D       		.uleb128 0x1d
 1376 0134 01       		.byte	0x1
 1377 0135 31       		.uleb128 0x31
 1378 0136 13       		.uleb128 0x13
 1379 0137 11       		.uleb128 0x11
 1380 0138 01       		.uleb128 0x1
 1381 0139 12       		.uleb128 0x12
 1382 013a 06       		.uleb128 0x6
 1383 013b 58       		.uleb128 0x58
 1384 013c 0B       		.uleb128 0xb
 1385 013d 59       		.uleb128 0x59
 1386 013e 0B       		.uleb128 0xb
 1387 013f 00       		.byte	0
 1388 0140 00       		.byte	0
 1389 0141 19       		.uleb128 0x19
 1390 0142 05       		.uleb128 0x5
 1391 0143 00       		.byte	0
 1392 0144 03       		.uleb128 0x3
 1393 0145 0E       		.uleb128 0xe
 1394 0146 3A       		.uleb128 0x3a
 1395 0147 0B       		.uleb128 0xb
 1396 0148 3B       		.uleb128 0x3b
 1397 0149 0B       		.uleb128 0xb
 1398 014a 49       		.uleb128 0x49
 1399 014b 13       		.uleb128 0x13
 1400 014c 02       		.uleb128 0x2
 1401 014d 17       		.uleb128 0x17
 1402 014e 00       		.byte	0
 1403 014f 00       		.byte	0
 1404 0150 1A       		.uleb128 0x1a
 1405 0151 34       		.uleb128 0x34
 1406 0152 00       		.byte	0
 1407 0153 03       		.uleb128 0x3
 1408 0154 0E       		.uleb128 0xe
 1409 0155 3A       		.uleb128 0x3a
 1410 0156 0B       		.uleb128 0xb
 1411 0157 3B       		.uleb128 0x3b
 1412 0158 0B       		.uleb128 0xb
 1413 0159 49       		.uleb128 0x49
 1414 015a 13       		.uleb128 0x13
 1415 015b 02       		.uleb128 0x2
 1416 015c 18       		.uleb128 0x18
 1417 015d 00       		.byte	0
 1418 015e 00       		.byte	0
 1419 015f 1B       		.uleb128 0x1b
 1420 0160 34       		.uleb128 0x34
 1421 0161 00       		.byte	0
 1422 0162 03       		.uleb128 0x3
 1423 0163 08       		.uleb128 0x8
ARM GAS  /tmp/ccrO1v6H.s 			page 26


 1424 0164 3A       		.uleb128 0x3a
 1425 0165 0B       		.uleb128 0xb
 1426 0166 3B       		.uleb128 0x3b
 1427 0167 0B       		.uleb128 0xb
 1428 0168 49       		.uleb128 0x49
 1429 0169 13       		.uleb128 0x13
 1430 016a 02       		.uleb128 0x2
 1431 016b 17       		.uleb128 0x17
 1432 016c 00       		.byte	0
 1433 016d 00       		.byte	0
 1434 016e 1C       		.uleb128 0x1c
 1435 016f 0B       		.uleb128 0xb
 1436 0170 01       		.byte	0x1
 1437 0171 55       		.uleb128 0x55
 1438 0172 17       		.uleb128 0x17
 1439 0173 00       		.byte	0
 1440 0174 00       		.byte	0
 1441 0175 1D       		.uleb128 0x1d
 1442 0176 34       		.uleb128 0x34
 1443 0177 00       		.byte	0
 1444 0178 03       		.uleb128 0x3
 1445 0179 0E       		.uleb128 0xe
 1446 017a 3A       		.uleb128 0x3a
 1447 017b 0B       		.uleb128 0xb
 1448 017c 3B       		.uleb128 0x3b
 1449 017d 0B       		.uleb128 0xb
 1450 017e 49       		.uleb128 0x49
 1451 017f 13       		.uleb128 0x13
 1452 0180 02       		.uleb128 0x2
 1453 0181 17       		.uleb128 0x17
 1454 0182 00       		.byte	0
 1455 0183 00       		.byte	0
 1456 0184 1E       		.uleb128 0x1e
 1457 0185 34       		.uleb128 0x34
 1458 0186 00       		.byte	0
 1459 0187 03       		.uleb128 0x3
 1460 0188 0E       		.uleb128 0xe
 1461 0189 3A       		.uleb128 0x3a
 1462 018a 0B       		.uleb128 0xb
 1463 018b 3B       		.uleb128 0x3b
 1464 018c 05       		.uleb128 0x5
 1465 018d 49       		.uleb128 0x49
 1466 018e 13       		.uleb128 0x13
 1467 018f 3F       		.uleb128 0x3f
 1468 0190 19       		.uleb128 0x19
 1469 0191 3C       		.uleb128 0x3c
 1470 0192 19       		.uleb128 0x19
 1471 0193 00       		.byte	0
 1472 0194 00       		.byte	0
 1473 0195 00       		.byte	0
 1474              		.section	.debug_loc,"",%progbits
 1475              	.Ldebug_loc0:
 1476              	.LLST0:
 1477 0000 00000000 		.4byte	.LVL7
 1478 0004 70000000 		.4byte	.LVL18
 1479 0008 0100     		.2byte	0x1
 1480 000a 51       		.byte	0x51
ARM GAS  /tmp/ccrO1v6H.s 			page 27


 1481 000b 70000000 		.4byte	.LVL18
 1482 000f 72000000 		.4byte	.LVL19
 1483 0013 0500     		.2byte	0x5
 1484 0015 71       		.byte	0x71
 1485 0016 00       		.sleb128 0
 1486 0017 31       		.byte	0x31
 1487 0018 25       		.byte	0x25
 1488 0019 9F       		.byte	0x9f
 1489 001a 72000000 		.4byte	.LVL19
 1490 001e AC000000 		.4byte	.LFE120
 1491 0022 0100     		.2byte	0x1
 1492 0024 51       		.byte	0x51
 1493 0025 00000000 		.4byte	0
 1494 0029 00000000 		.4byte	0
 1495              	.LLST1:
 1496 002d 00000000 		.4byte	.LVL7
 1497 0031 1E000000 		.4byte	.LVL12
 1498 0035 0100     		.2byte	0x1
 1499 0037 52       		.byte	0x52
 1500 0038 1E000000 		.4byte	.LVL12
 1501 003c AC000000 		.4byte	.LFE120
 1502 0040 0400     		.2byte	0x4
 1503 0042 F3       		.byte	0xf3
 1504 0043 01       		.uleb128 0x1
 1505 0044 52       		.byte	0x52
 1506 0045 9F       		.byte	0x9f
 1507 0046 00000000 		.4byte	0
 1508 004a 00000000 		.4byte	0
 1509              	.LLST2:
 1510 004e 1E000000 		.4byte	.LVL12
 1511 0052 28000000 		.4byte	.LVL13
 1512 0056 0200     		.2byte	0x2
 1513 0058 30       		.byte	0x30
 1514 0059 9F       		.byte	0x9f
 1515 005a 28000000 		.4byte	.LVL13
 1516 005e AC000000 		.4byte	.LFE120
 1517 0062 0100     		.2byte	0x1
 1518 0064 54       		.byte	0x54
 1519 0065 00000000 		.4byte	0
 1520 0069 00000000 		.4byte	0
 1521              	.LLST3:
 1522 006d 28000000 		.4byte	.LVL13
 1523 0071 3C000000 		.4byte	.LVL16
 1524 0075 0100     		.2byte	0x1
 1525 0077 5A       		.byte	0x5a
 1526 0078 3C000000 		.4byte	.LVL16
 1527 007c 80000000 		.4byte	.LVL24
 1528 0080 0A00     		.2byte	0xa
 1529 0082 72       		.byte	0x72
 1530 0083 00       		.sleb128 0
 1531 0084 74       		.byte	0x74
 1532 0085 00       		.sleb128 0
 1533 0086 37       		.byte	0x37
 1534 0087 1A       		.byte	0x1a
 1535 0088 32       		.byte	0x32
 1536 0089 24       		.byte	0x24
 1537 008a 24       		.byte	0x24
ARM GAS  /tmp/ccrO1v6H.s 			page 28


 1538 008b 9F       		.byte	0x9f
 1539 008c 8E000000 		.4byte	.LVL25
 1540 0090 A8000000 		.4byte	.LVL28
 1541 0094 0100     		.2byte	0x1
 1542 0096 5A       		.byte	0x5a
 1543 0097 A8000000 		.4byte	.LVL28
 1544 009b AC000000 		.4byte	.LFE120
 1545 009f 0A00     		.2byte	0xa
 1546 00a1 72       		.byte	0x72
 1547 00a2 00       		.sleb128 0
 1548 00a3 74       		.byte	0x74
 1549 00a4 00       		.sleb128 0
 1550 00a5 37       		.byte	0x37
 1551 00a6 1A       		.byte	0x1a
 1552 00a7 32       		.byte	0x32
 1553 00a8 24       		.byte	0x24
 1554 00a9 24       		.byte	0x24
 1555 00aa 9F       		.byte	0x9f
 1556 00ab 00000000 		.4byte	0
 1557 00af 00000000 		.4byte	0
 1558              	.LLST4:
 1559 00b3 36000000 		.4byte	.LVL15
 1560 00b7 70000000 		.4byte	.LVL18
 1561 00bb 0500     		.2byte	0x5
 1562 00bd 31       		.byte	0x31
 1563 00be 74       		.byte	0x74
 1564 00bf 00       		.sleb128 0
 1565 00c0 24       		.byte	0x24
 1566 00c1 9F       		.byte	0x9f
 1567 00c2 00000000 		.4byte	0
 1568 00c6 00000000 		.4byte	0
 1569              	.LLST5:
 1570 00ca 44000000 		.4byte	.LVL17
 1571 00ce 70000000 		.4byte	.LVL18
 1572 00d2 0700     		.2byte	0x7
 1573 00d4 33       		.byte	0x33
 1574 00d5 74       		.byte	0x74
 1575 00d6 00       		.sleb128 0
 1576 00d7 31       		.byte	0x31
 1577 00d8 24       		.byte	0x24
 1578 00d9 24       		.byte	0x24
 1579 00da 9F       		.byte	0x9f
 1580 00db 00000000 		.4byte	0
 1581 00df 00000000 		.4byte	0
 1582              	.LLST6:
 1583 00e3 28000000 		.4byte	.LVL13
 1584 00e7 30000000 		.4byte	.LVL14
 1585 00eb 0100     		.2byte	0x1
 1586 00ed 53       		.byte	0x53
 1587 00ee 30000000 		.4byte	.LVL14
 1588 00f2 80000000 		.4byte	.LVL24
 1589 00f6 0A00     		.2byte	0xa
 1590 00f8 7C       		.byte	0x7c
 1591 00f9 00       		.sleb128 0
 1592 00fa 74       		.byte	0x74
 1593 00fb 00       		.sleb128 0
 1594 00fc 37       		.byte	0x37
ARM GAS  /tmp/ccrO1v6H.s 			page 29


 1595 00fd 1A       		.byte	0x1a
 1596 00fe 32       		.byte	0x32
 1597 00ff 24       		.byte	0x24
 1598 0100 24       		.byte	0x24
 1599 0101 9F       		.byte	0x9f
 1600 0102 92000000 		.4byte	.LVL26
 1601 0106 A0000000 		.4byte	.LVL27
 1602 010a 0100     		.2byte	0x1
 1603 010c 53       		.byte	0x53
 1604 010d A0000000 		.4byte	.LVL27
 1605 0111 AC000000 		.4byte	.LFE120
 1606 0115 0A00     		.2byte	0xa
 1607 0117 7C       		.byte	0x7c
 1608 0118 00       		.sleb128 0
 1609 0119 74       		.byte	0x74
 1610 011a 00       		.sleb128 0
 1611 011b 37       		.byte	0x37
 1612 011c 1A       		.byte	0x1a
 1613 011d 32       		.byte	0x32
 1614 011e 24       		.byte	0x24
 1615 011f 24       		.byte	0x24
 1616 0120 9F       		.byte	0x9f
 1617 0121 00000000 		.4byte	0
 1618 0125 00000000 		.4byte	0
 1619              		.section	.debug_aranges,"",%progbits
 1620 0000 24000000 		.4byte	0x24
 1621 0004 0200     		.2byte	0x2
 1622 0006 00000000 		.4byte	.Ldebug_info0
 1623 000a 04       		.byte	0x4
 1624 000b 00       		.byte	0
 1625 000c 0000     		.2byte	0
 1626 000e 0000     		.2byte	0
 1627 0010 00000000 		.4byte	.LFB119
 1628 0014 F4000000 		.4byte	.LFE119-.LFB119
 1629 0018 00000000 		.4byte	.LFB120
 1630 001c AC000000 		.4byte	.LFE120-.LFB120
 1631 0020 00000000 		.4byte	0
 1632 0024 00000000 		.4byte	0
 1633              		.section	.debug_ranges,"",%progbits
 1634              	.Ldebug_ranges0:
 1635 0000 04000000 		.4byte	.LBB14
 1636 0004 06000000 		.4byte	.LBE14
 1637 0008 36000000 		.4byte	.LBB31
 1638 000c 52000000 		.4byte	.LBE31
 1639 0010 00000000 		.4byte	0
 1640 0014 00000000 		.4byte	0
 1641 0018 08000000 		.4byte	.LBB17
 1642 001c 0A000000 		.4byte	.LBE17
 1643 0020 52000000 		.4byte	.LBB32
 1644 0024 6E000000 		.4byte	.LBE32
 1645 0028 00000000 		.4byte	0
 1646 002c 00000000 		.4byte	0
 1647 0030 0A000000 		.4byte	.LBB20
 1648 0034 0C000000 		.4byte	.LBE20
 1649 0038 6E000000 		.4byte	.LBB33
 1650 003c 8A000000 		.4byte	.LBE33
 1651 0040 00000000 		.4byte	0
ARM GAS  /tmp/ccrO1v6H.s 			page 30


 1652 0044 00000000 		.4byte	0
 1653 0048 0C000000 		.4byte	.LBB23
 1654 004c 0E000000 		.4byte	.LBE23
 1655 0050 8A000000 		.4byte	.LBB34
 1656 0054 AC000000 		.4byte	.LBE34
 1657 0058 00000000 		.4byte	0
 1658 005c 00000000 		.4byte	0
 1659 0060 0E000000 		.4byte	.LBB26
 1660 0064 10000000 		.4byte	.LBE26
 1661 0068 AC000000 		.4byte	.LBB35
 1662 006c D6000000 		.4byte	.LBE35
 1663 0070 00000000 		.4byte	0
 1664 0074 00000000 		.4byte	0
 1665 0078 04000000 		.4byte	.LBB36
 1666 007c 08000000 		.4byte	.LBE36
 1667 0080 1E000000 		.4byte	.LBB37
 1668 0084 70000000 		.4byte	.LBE37
 1669 0088 80000000 		.4byte	.LBB38
 1670 008c 86000000 		.4byte	.LBE38
 1671 0090 8A000000 		.4byte	.LBB39
 1672 0094 92000000 		.4byte	.LBE39
 1673 0098 94000000 		.4byte	.LBB40
 1674 009c AC000000 		.4byte	.LBE40
 1675 00a0 00000000 		.4byte	0
 1676 00a4 00000000 		.4byte	0
 1677 00a8 00000000 		.4byte	.LFB119
 1678 00ac F4000000 		.4byte	.LFE119
 1679 00b0 00000000 		.4byte	.LFB120
 1680 00b4 AC000000 		.4byte	.LFE120
 1681 00b8 00000000 		.4byte	0
 1682 00bc 00000000 		.4byte	0
 1683              		.section	.debug_line,"",%progbits
 1684              	.Ldebug_line0:
 1685 0000 41020000 		.section	.debug_str,"MS",%progbits,1
 1685      0200AB01 
 1685      00000201 
 1685      FB0E0D00 
 1685      01010101 
 1686              	.LASF38:
 1687 0000 4750494F 		.ascii	"GPIO_TypeDef\000"
 1687      5F547970 
 1687      65446566 
 1687      00
 1688              	.LASF48:
 1689 000d 50434461 		.ascii	"PCData\000"
 1689      746100
 1690              	.LASF66:
 1691 0014 2F686F6D 		.ascii	"/home/austin/git/personal/school/motor_control/chib"
 1691      652F6175 
 1691      7374696E 
 1691      2F676974 
 1691      2F706572 
 1692 0047 696F732F 		.ascii	"ios/os/hal/platforms/STM32/GPIOv2/pal_lld.c\000"
 1692      6F732F68 
 1692      616C2F70 
 1692      6C617466 
 1692      6F726D73 
ARM GAS  /tmp/ccrO1v6H.s 			page 31


 1693              	.LASF59:
 1694 0073 5F70616C 		.ascii	"_pal_lld_setgroupmode\000"
 1694      5F6C6C64 
 1694      5F736574 
 1694      67726F75 
 1694      706D6F64 
 1695              	.LASF20:
 1696 0089 41504231 		.ascii	"APB1RSTR\000"
 1696      52535452 
 1696      00
 1697              	.LASF58:
 1698 0092 5F70616C 		.ascii	"_pal_lld_init\000"
 1698      5F6C6C64 
 1698      5F696E69 
 1698      7400
 1699              	.LASF45:
 1700 00a0 73746D33 		.ascii	"stm32_gpio_setup_t\000"
 1700      325F6770 
 1700      696F5F73 
 1700      65747570 
 1700      5F7400
 1701              	.LASF51:
 1702 00b3 50464461 		.ascii	"PFData\000"
 1702      746100
 1703              	.LASF3:
 1704 00ba 73686F72 		.ascii	"short int\000"
 1704      7420696E 
 1704      7400
 1705              	.LASF67:
 1706 00c4 696E6974 		.ascii	"initgpio\000"
 1706      6770696F 
 1706      00
 1707              	.LASF16:
 1708 00cd 73697A65 		.ascii	"sizetype\000"
 1708      74797065 
 1708      00
 1709              	.LASF24:
 1710 00d6 42444352 		.ascii	"BDCR\000"
 1710      00
 1711              	.LASF56:
 1712 00db 6770696F 		.ascii	"gpiop\000"
 1712      7000
 1713              	.LASF8:
 1714 00e1 5F5F7569 		.ascii	"__uint32_t\000"
 1714      6E743332 
 1714      5F7400
 1715              	.LASF5:
 1716 00ec 5F5F7569 		.ascii	"__uint16_t\000"
 1716      6E743136 
 1716      5F7400
 1717              	.LASF47:
 1718 00f7 50424461 		.ascii	"PBData\000"
 1718      746100
 1719              	.LASF57:
 1720 00fe 636F6E66 		.ascii	"config\000"
 1720      696700
 1721              	.LASF54:
ARM GAS  /tmp/ccrO1v6H.s 			page 32


 1722 0105 696F6D6F 		.ascii	"iomode_t\000"
 1722      64655F74 
 1722      00
 1723              	.LASF23:
 1724 010e 41504231 		.ascii	"APB1ENR\000"
 1724      454E5200 
 1725              	.LASF53:
 1726 0116 696F706F 		.ascii	"ioportmask_t\000"
 1726      72746D61 
 1726      736B5F74 
 1726      00
 1727              	.LASF31:
 1728 0123 4F545950 		.ascii	"OTYPER\000"
 1728      455200
 1729              	.LASF46:
 1730 012a 50414461 		.ascii	"PAData\000"
 1730      746100
 1731              	.LASF25:
 1732 0131 41484252 		.ascii	"AHBRSTR\000"
 1732      53545200 
 1733              	.LASF10:
 1734 0139 6C6F6E67 		.ascii	"long long int\000"
 1734      206C6F6E 
 1734      6720696E 
 1734      7400
 1735              	.LASF33:
 1736 0147 50555044 		.ascii	"PUPDR\000"
 1736      5200
 1737              	.LASF41:
 1738 014d 6F737065 		.ascii	"ospeedr\000"
 1738      65647200 
 1739              	.LASF7:
 1740 0155 6C6F6E67 		.ascii	"long int\000"
 1740      20696E74 
 1740      00
 1741              	.LASF49:
 1742 015e 50444461 		.ascii	"PDData\000"
 1742      746100
 1743              	.LASF28:
 1744 0165 5243435F 		.ascii	"RCC_TypeDef\000"
 1744      54797065 
 1744      44656600 
 1745              	.LASF21:
 1746 0171 41484245 		.ascii	"AHBENR\000"
 1746      4E5200
 1747              	.LASF30:
 1748 0178 4D4F4445 		.ascii	"MODER\000"
 1748      5200
 1749              	.LASF19:
 1750 017e 41504232 		.ascii	"APB2RSTR\000"
 1750      52535452 
 1750      00
 1751              	.LASF29:
 1752 0187 636C6561 		.ascii	"clear\000"
 1752      7200
 1753              	.LASF55:
 1754 018d 696F706F 		.ascii	"ioportid_t\000"
ARM GAS  /tmp/ccrO1v6H.s 			page 33


 1754      72746964 
 1754      5F7400
 1755              	.LASF2:
 1756 0198 756E7369 		.ascii	"unsigned char\000"
 1756      676E6564 
 1756      20636861 
 1756      7200
 1757              	.LASF22:
 1758 01a6 41504232 		.ascii	"APB2ENR\000"
 1758      454E5200 
 1759              	.LASF1:
 1760 01ae 7369676E 		.ascii	"signed char\000"
 1760      65642063 
 1760      68617200 
 1761              	.LASF11:
 1762 01ba 6C6F6E67 		.ascii	"long long unsigned int\000"
 1762      206C6F6E 
 1762      6720756E 
 1762      7369676E 
 1762      65642069 
 1763              	.LASF14:
 1764 01d1 75696E74 		.ascii	"uint32_t\000"
 1764      33325F74 
 1764      00
 1765              	.LASF65:
 1766 01da 474E5520 		.ascii	"GNU C 4.9.3 20141119 (release) [ARM/embedded-4_9-br"
 1766      4320342E 
 1766      392E3320 
 1766      32303134 
 1766      31313139 
 1767 020d 616E6368 		.ascii	"anch revision 218278] -mcpu=cortex-m4 -mno-thumb-in"
 1767      20726576 
 1767      6973696F 
 1767      6E203231 
 1767      38323738 
 1768 0240 74657277 		.ascii	"terwork -mthumb -ggdb -O2 -fomit-frame-pointer -fal"
 1768      6F726B20 
 1768      2D6D7468 
 1768      756D6220 
 1768      2D676764 
 1769 0273 69676E2D 		.ascii	"ign-functions=16 -ffunction-sections -fdata-section"
 1769      66756E63 
 1769      74696F6E 
 1769      733D3136 
 1769      202D6666 
 1770 02a6 73202D66 		.ascii	"s -fno-common\000"
 1770      6E6F2D63 
 1770      6F6D6D6F 
 1770      6E00
 1771              	.LASF40:
 1772 02b4 6F747970 		.ascii	"otyper\000"
 1772      657200
 1773              	.LASF26:
 1774 02bb 43464752 		.ascii	"CFGR2\000"
 1774      3200
 1775              	.LASF27:
 1776 02c1 43464752 		.ascii	"CFGR3\000"
ARM GAS  /tmp/ccrO1v6H.s 			page 34


 1776      3300
 1777              	.LASF37:
 1778 02c7 41465248 		.ascii	"AFRH\000"
 1778      00
 1779              	.LASF36:
 1780 02cc 4146524C 		.ascii	"AFRL\000"
 1780      00
 1781              	.LASF4:
 1782 02d1 73686F72 		.ascii	"short unsigned int\000"
 1782      7420756E 
 1782      7369676E 
 1782      65642069 
 1782      6E7400
 1783              	.LASF17:
 1784 02e4 63686172 		.ascii	"char\000"
 1784      00
 1785              	.LASF12:
 1786 02e9 75696E74 		.ascii	"uint16_t\000"
 1786      31365F74 
 1786      00
 1787              	.LASF13:
 1788 02f2 696E7433 		.ascii	"int32_t\000"
 1788      325F7400 
 1789              	.LASF6:
 1790 02fa 5F5F696E 		.ascii	"__int32_t\000"
 1790      7433325F 
 1790      7400
 1791              	.LASF52:
 1792 0304 50414C43 		.ascii	"PALConfig\000"
 1792      6F6E6669 
 1792      6700
 1793              	.LASF15:
 1794 030e 5F426F6F 		.ascii	"_Bool\000"
 1794      6C00
 1795              	.LASF62:
 1796 0314 6D6F6465 		.ascii	"mode\000"
 1796      00
 1797              	.LASF60:
 1798 0319 706F7274 		.ascii	"port\000"
 1798      00
 1799              	.LASF50:
 1800 031e 50454461 		.ascii	"PEData\000"
 1800      746100
 1801              	.LASF63:
 1802 0325 616C7472 		.ascii	"altr\000"
 1802      00
 1803              	.LASF32:
 1804 032a 4F535045 		.ascii	"OSPEEDR\000"
 1804      45445200 
 1805              	.LASF9:
 1806 0332 6C6F6E67 		.ascii	"long unsigned int\000"
 1806      20756E73 
 1806      69676E65 
 1806      6420696E 
 1806      7400
 1807              	.LASF61:
 1808 0344 6D61736B 		.ascii	"mask\000"
ARM GAS  /tmp/ccrO1v6H.s 			page 35


 1808      00
 1809              	.LASF42:
 1810 0349 70757064 		.ascii	"pupdr\000"
 1810      7200
 1811              	.LASF44:
 1812 034f 61667268 		.ascii	"afrh\000"
 1812      00
 1813              	.LASF43:
 1814 0354 6166726C 		.ascii	"afrl\000"
 1814      00
 1815              	.LASF39:
 1816 0359 6D6F6465 		.ascii	"moder\000"
 1816      7200
 1817              	.LASF68:
 1818 035f 49544D5F 		.ascii	"ITM_RxBuffer\000"
 1818      52784275 
 1818      66666572 
 1818      00
 1819              	.LASF64:
 1820 036c 616C7472 		.ascii	"altrmask\000"
 1820      6D61736B 
 1820      00
 1821              	.LASF0:
 1822 0375 756E7369 		.ascii	"unsigned int\000"
 1822      676E6564 
 1822      20696E74 
 1822      00
 1823              	.LASF18:
 1824 0382 43464752 		.ascii	"CFGR\000"
 1824      00
 1825              	.LASF35:
 1826 0387 4C434B52 		.ascii	"LCKR\000"
 1826      00
 1827              	.LASF34:
 1828 038c 42535252 		.ascii	"BSRR\000"
 1828      00
 1829              		.ident	"GCC: (GNU Tools for ARM Embedded Processors) 4.9.3 20141119 (release) [ARM/embedded-4_9-br
ARM GAS  /tmp/ccrO1v6H.s 			page 36


DEFINED SYMBOLS
                            *ABS*:0000000000000000 pal_lld.c
     /tmp/ccrO1v6H.s:19     .text._pal_lld_init:0000000000000000 $t
     /tmp/ccrO1v6H.s:25     .text._pal_lld_init:0000000000000000 _pal_lld_init
     /tmp/ccrO1v6H.s:242    .text._pal_lld_init:00000000000000dc $d
     /tmp/ccrO1v6H.s:252    .text._pal_lld_setgroupmode:0000000000000000 $t
     /tmp/ccrO1v6H.s:258    .text._pal_lld_setgroupmode:0000000000000000 _pal_lld_setgroupmode
                     .debug_frame:0000000000000010 $d
     /tmp/ccrO1v6H.s:251    .text._pal_lld_init:00000000000000f4 $t

NO UNDEFINED SYMBOLS
